[2024-04-18T12:50:29.699+0000] {processor.py:161} INFO - Started process (PID=35) to work on /home/airflow/.local/lib/python3.12/site-packages/airflow/example_dags/example_display_name.py
[2024-04-18T12:50:29.700+0000] {processor.py:830} INFO - Processing file /home/airflow/.local/lib/python3.12/site-packages/airflow/example_dags/example_display_name.py for tasks to queue
[2024-04-18T12:50:29.703+0000] {logging_mixin.py:188} INFO - [2024-04-18T12:50:29.703+0000] {dagbag.py:540} INFO - Filling up the DagBag from /home/airflow/.local/lib/python3.12/site-packages/airflow/example_dags/example_display_name.py
[2024-04-18T12:50:29.843+0000] {processor.py:840} INFO - DAG(s) 'example_display_name' retrieved from /home/airflow/.local/lib/python3.12/site-packages/airflow/example_dags/example_display_name.py
[2024-04-18T12:50:30.876+0000] {logging_mixin.py:188} INFO - [2024-04-18T12:50:30.876+0000] {dag.py:3096} INFO - Sync 1 DAGs
[2024-04-18T12:50:30.900+0000] {logging_mixin.py:188} INFO - [2024-04-18T12:50:30.900+0000] {dag.py:3954} INFO - Setting next_dagrun for example_display_name to None, run_after=None
[2024-04-18T12:50:31.527+0000] {processor.py:183} INFO - Processing /home/airflow/.local/lib/python3.12/site-packages/airflow/example_dags/example_display_name.py took 1.838 seconds
[2024-04-18T12:51:02.373+0000] {processor.py:161} INFO - Started process (PID=93) to work on /home/airflow/.local/lib/python3.12/site-packages/airflow/example_dags/example_display_name.py
[2024-04-18T12:51:02.397+0000] {processor.py:830} INFO - Processing file /home/airflow/.local/lib/python3.12/site-packages/airflow/example_dags/example_display_name.py for tasks to queue
[2024-04-18T12:51:02.400+0000] {logging_mixin.py:188} INFO - [2024-04-18T12:51:02.399+0000] {dagbag.py:540} INFO - Filling up the DagBag from /home/airflow/.local/lib/python3.12/site-packages/airflow/example_dags/example_display_name.py
[2024-04-18T12:51:02.408+0000] {processor.py:840} INFO - DAG(s) 'example_display_name' retrieved from /home/airflow/.local/lib/python3.12/site-packages/airflow/example_dags/example_display_name.py
[2024-04-18T12:51:02.437+0000] {logging_mixin.py:188} INFO - [2024-04-18T12:51:02.436+0000] {dag.py:3096} INFO - Sync 1 DAGs
[2024-04-18T12:51:02.458+0000] {logging_mixin.py:188} INFO - [2024-04-18T12:51:02.457+0000] {dag.py:3954} INFO - Setting next_dagrun for example_display_name to None, run_after=None
[2024-04-18T12:51:02.492+0000] {processor.py:183} INFO - Processing /home/airflow/.local/lib/python3.12/site-packages/airflow/example_dags/example_display_name.py took 0.129 seconds
[2024-04-18T12:51:33.146+0000] {processor.py:161} INFO - Started process (PID=151) to work on /home/airflow/.local/lib/python3.12/site-packages/airflow/example_dags/example_display_name.py
[2024-04-18T12:51:33.148+0000] {processor.py:830} INFO - Processing file /home/airflow/.local/lib/python3.12/site-packages/airflow/example_dags/example_display_name.py for tasks to queue
[2024-04-18T12:51:33.151+0000] {logging_mixin.py:188} INFO - [2024-04-18T12:51:33.150+0000] {dagbag.py:540} INFO - Filling up the DagBag from /home/airflow/.local/lib/python3.12/site-packages/airflow/example_dags/example_display_name.py
[2024-04-18T12:51:33.161+0000] {processor.py:840} INFO - DAG(s) 'example_display_name' retrieved from /home/airflow/.local/lib/python3.12/site-packages/airflow/example_dags/example_display_name.py
[2024-04-18T12:51:33.192+0000] {logging_mixin.py:188} INFO - [2024-04-18T12:51:33.192+0000] {dag.py:3096} INFO - Sync 1 DAGs
[2024-04-18T12:51:33.216+0000] {logging_mixin.py:188} INFO - [2024-04-18T12:51:33.215+0000] {dag.py:3954} INFO - Setting next_dagrun for example_display_name to None, run_after=None
[2024-04-18T12:51:33.291+0000] {processor.py:183} INFO - Processing /home/airflow/.local/lib/python3.12/site-packages/airflow/example_dags/example_display_name.py took 0.156 seconds
[2024-04-18T12:52:03.444+0000] {processor.py:161} INFO - Started process (PID=209) to work on /home/airflow/.local/lib/python3.12/site-packages/airflow/example_dags/example_display_name.py
[2024-04-18T12:52:03.718+0000] {processor.py:830} INFO - Processing file /home/airflow/.local/lib/python3.12/site-packages/airflow/example_dags/example_display_name.py for tasks to queue
[2024-04-18T12:52:03.721+0000] {logging_mixin.py:188} INFO - [2024-04-18T12:52:03.720+0000] {dagbag.py:540} INFO - Filling up the DagBag from /home/airflow/.local/lib/python3.12/site-packages/airflow/example_dags/example_display_name.py
[2024-04-18T12:52:03.729+0000] {processor.py:840} INFO - DAG(s) 'example_display_name' retrieved from /home/airflow/.local/lib/python3.12/site-packages/airflow/example_dags/example_display_name.py
[2024-04-18T12:52:03.753+0000] {logging_mixin.py:188} INFO - [2024-04-18T12:52:03.752+0000] {dag.py:3096} INFO - Sync 1 DAGs
[2024-04-18T12:52:03.776+0000] {logging_mixin.py:188} INFO - [2024-04-18T12:52:03.775+0000] {dag.py:3954} INFO - Setting next_dagrun for example_display_name to None, run_after=None
[2024-04-18T12:52:04.023+0000] {processor.py:183} INFO - Processing /home/airflow/.local/lib/python3.12/site-packages/airflow/example_dags/example_display_name.py took 0.589 seconds
[2024-04-18T12:52:34.535+0000] {processor.py:161} INFO - Started process (PID=266) to work on /home/airflow/.local/lib/python3.12/site-packages/airflow/example_dags/example_display_name.py
[2024-04-18T12:52:34.550+0000] {processor.py:830} INFO - Processing file /home/airflow/.local/lib/python3.12/site-packages/airflow/example_dags/example_display_name.py for tasks to queue
[2024-04-18T12:52:34.552+0000] {logging_mixin.py:188} INFO - [2024-04-18T12:52:34.552+0000] {dagbag.py:540} INFO - Filling up the DagBag from /home/airflow/.local/lib/python3.12/site-packages/airflow/example_dags/example_display_name.py
[2024-04-18T12:52:34.561+0000] {processor.py:840} INFO - DAG(s) 'example_display_name' retrieved from /home/airflow/.local/lib/python3.12/site-packages/airflow/example_dags/example_display_name.py
[2024-04-18T12:52:34.741+0000] {logging_mixin.py:188} INFO - [2024-04-18T12:52:34.740+0000] {dag.py:3096} INFO - Sync 1 DAGs
[2024-04-18T12:52:34.761+0000] {logging_mixin.py:188} INFO - [2024-04-18T12:52:34.761+0000] {dag.py:3954} INFO - Setting next_dagrun for example_display_name to None, run_after=None
[2024-04-18T12:52:34.840+0000] {processor.py:183} INFO - Processing /home/airflow/.local/lib/python3.12/site-packages/airflow/example_dags/example_display_name.py took 0.316 seconds
[2024-04-18T12:53:05.521+0000] {processor.py:161} INFO - Started process (PID=324) to work on /home/airflow/.local/lib/python3.12/site-packages/airflow/example_dags/example_display_name.py
[2024-04-18T12:53:05.539+0000] {processor.py:830} INFO - Processing file /home/airflow/.local/lib/python3.12/site-packages/airflow/example_dags/example_display_name.py for tasks to queue
[2024-04-18T12:53:05.541+0000] {logging_mixin.py:188} INFO - [2024-04-18T12:53:05.541+0000] {dagbag.py:540} INFO - Filling up the DagBag from /home/airflow/.local/lib/python3.12/site-packages/airflow/example_dags/example_display_name.py
[2024-04-18T12:53:05.549+0000] {processor.py:840} INFO - DAG(s) 'example_display_name' retrieved from /home/airflow/.local/lib/python3.12/site-packages/airflow/example_dags/example_display_name.py
[2024-04-18T12:53:05.585+0000] {logging_mixin.py:188} INFO - [2024-04-18T12:53:05.585+0000] {dag.py:3096} INFO - Sync 1 DAGs
[2024-04-18T12:53:05.612+0000] {logging_mixin.py:188} INFO - [2024-04-18T12:53:05.611+0000] {dag.py:3954} INFO - Setting next_dagrun for example_display_name to None, run_after=None
[2024-04-18T12:53:05.685+0000] {processor.py:183} INFO - Processing /home/airflow/.local/lib/python3.12/site-packages/airflow/example_dags/example_display_name.py took 0.176 seconds
[2024-04-18T12:53:35.749+0000] {processor.py:161} INFO - Started process (PID=381) to work on /home/airflow/.local/lib/python3.12/site-packages/airflow/example_dags/example_display_name.py
[2024-04-18T12:53:35.761+0000] {processor.py:830} INFO - Processing file /home/airflow/.local/lib/python3.12/site-packages/airflow/example_dags/example_display_name.py for tasks to queue
[2024-04-18T12:53:35.765+0000] {logging_mixin.py:188} INFO - [2024-04-18T12:53:35.764+0000] {dagbag.py:540} INFO - Filling up the DagBag from /home/airflow/.local/lib/python3.12/site-packages/airflow/example_dags/example_display_name.py
[2024-04-18T12:53:35.773+0000] {processor.py:840} INFO - DAG(s) 'example_display_name' retrieved from /home/airflow/.local/lib/python3.12/site-packages/airflow/example_dags/example_display_name.py
[2024-04-18T12:53:35.803+0000] {logging_mixin.py:188} INFO - [2024-04-18T12:53:35.803+0000] {dag.py:3096} INFO - Sync 1 DAGs
[2024-04-18T12:53:35.825+0000] {logging_mixin.py:188} INFO - [2024-04-18T12:53:35.825+0000] {dag.py:3954} INFO - Setting next_dagrun for example_display_name to None, run_after=None
[2024-04-18T12:53:35.875+0000] {processor.py:183} INFO - Processing /home/airflow/.local/lib/python3.12/site-packages/airflow/example_dags/example_display_name.py took 0.137 seconds
[2024-04-18T12:54:06.206+0000] {processor.py:161} INFO - Started process (PID=438) to work on /home/airflow/.local/lib/python3.12/site-packages/airflow/example_dags/example_display_name.py
[2024-04-18T12:54:06.221+0000] {processor.py:830} INFO - Processing file /home/airflow/.local/lib/python3.12/site-packages/airflow/example_dags/example_display_name.py for tasks to queue
[2024-04-18T12:54:06.225+0000] {logging_mixin.py:188} INFO - [2024-04-18T12:54:06.224+0000] {dagbag.py:540} INFO - Filling up the DagBag from /home/airflow/.local/lib/python3.12/site-packages/airflow/example_dags/example_display_name.py
[2024-04-18T12:54:06.232+0000] {processor.py:840} INFO - DAG(s) 'example_display_name' retrieved from /home/airflow/.local/lib/python3.12/site-packages/airflow/example_dags/example_display_name.py
[2024-04-18T12:54:06.261+0000] {logging_mixin.py:188} INFO - [2024-04-18T12:54:06.261+0000] {dag.py:3096} INFO - Sync 1 DAGs
[2024-04-18T12:54:06.283+0000] {logging_mixin.py:188} INFO - [2024-04-18T12:54:06.282+0000] {dag.py:3954} INFO - Setting next_dagrun for example_display_name to None, run_after=None
[2024-04-18T12:54:06.478+0000] {processor.py:183} INFO - Processing /home/airflow/.local/lib/python3.12/site-packages/airflow/example_dags/example_display_name.py took 0.283 seconds
[2024-04-18T12:54:36.923+0000] {processor.py:161} INFO - Started process (PID=496) to work on /home/airflow/.local/lib/python3.12/site-packages/airflow/example_dags/example_display_name.py
[2024-04-18T12:54:36.935+0000] {processor.py:830} INFO - Processing file /home/airflow/.local/lib/python3.12/site-packages/airflow/example_dags/example_display_name.py for tasks to queue
[2024-04-18T12:54:36.938+0000] {logging_mixin.py:188} INFO - [2024-04-18T12:54:36.938+0000] {dagbag.py:540} INFO - Filling up the DagBag from /home/airflow/.local/lib/python3.12/site-packages/airflow/example_dags/example_display_name.py
[2024-04-18T12:54:36.946+0000] {processor.py:840} INFO - DAG(s) 'example_display_name' retrieved from /home/airflow/.local/lib/python3.12/site-packages/airflow/example_dags/example_display_name.py
[2024-04-18T12:54:36.975+0000] {logging_mixin.py:188} INFO - [2024-04-18T12:54:36.975+0000] {dag.py:3096} INFO - Sync 1 DAGs
[2024-04-18T12:54:36.997+0000] {logging_mixin.py:188} INFO - [2024-04-18T12:54:36.996+0000] {dag.py:3954} INFO - Setting next_dagrun for example_display_name to None, run_after=None
[2024-04-18T12:54:37.037+0000] {processor.py:183} INFO - Processing /home/airflow/.local/lib/python3.12/site-packages/airflow/example_dags/example_display_name.py took 0.125 seconds
[2024-04-18T12:55:07.079+0000] {processor.py:161} INFO - Started process (PID=554) to work on /home/airflow/.local/lib/python3.12/site-packages/airflow/example_dags/example_display_name.py
[2024-04-18T12:55:07.080+0000] {processor.py:830} INFO - Processing file /home/airflow/.local/lib/python3.12/site-packages/airflow/example_dags/example_display_name.py for tasks to queue
[2024-04-18T12:55:07.082+0000] {logging_mixin.py:188} INFO - [2024-04-18T12:55:07.082+0000] {dagbag.py:540} INFO - Filling up the DagBag from /home/airflow/.local/lib/python3.12/site-packages/airflow/example_dags/example_display_name.py
[2024-04-18T12:55:07.091+0000] {processor.py:840} INFO - DAG(s) 'example_display_name' retrieved from /home/airflow/.local/lib/python3.12/site-packages/airflow/example_dags/example_display_name.py
[2024-04-18T12:55:07.119+0000] {logging_mixin.py:188} INFO - [2024-04-18T12:55:07.118+0000] {dag.py:3096} INFO - Sync 1 DAGs
[2024-04-18T12:55:07.140+0000] {logging_mixin.py:188} INFO - [2024-04-18T12:55:07.139+0000] {dag.py:3954} INFO - Setting next_dagrun for example_display_name to None, run_after=None
[2024-04-18T12:55:07.273+0000] {processor.py:183} INFO - Processing /home/airflow/.local/lib/python3.12/site-packages/airflow/example_dags/example_display_name.py took 0.203 seconds
[2024-04-18T12:55:37.349+0000] {processor.py:161} INFO - Started process (PID=612) to work on /home/airflow/.local/lib/python3.12/site-packages/airflow/example_dags/example_display_name.py
[2024-04-18T12:55:37.351+0000] {processor.py:830} INFO - Processing file /home/airflow/.local/lib/python3.12/site-packages/airflow/example_dags/example_display_name.py for tasks to queue
[2024-04-18T12:55:37.353+0000] {logging_mixin.py:188} INFO - [2024-04-18T12:55:37.353+0000] {dagbag.py:540} INFO - Filling up the DagBag from /home/airflow/.local/lib/python3.12/site-packages/airflow/example_dags/example_display_name.py
[2024-04-18T12:55:37.362+0000] {processor.py:840} INFO - DAG(s) 'example_display_name' retrieved from /home/airflow/.local/lib/python3.12/site-packages/airflow/example_dags/example_display_name.py
[2024-04-18T12:55:37.391+0000] {logging_mixin.py:188} INFO - [2024-04-18T12:55:37.390+0000] {dag.py:3096} INFO - Sync 1 DAGs
[2024-04-18T12:55:37.412+0000] {logging_mixin.py:188} INFO - [2024-04-18T12:55:37.412+0000] {dag.py:3954} INFO - Setting next_dagrun for example_display_name to None, run_after=None
[2024-04-18T12:55:37.459+0000] {processor.py:183} INFO - Processing /home/airflow/.local/lib/python3.12/site-packages/airflow/example_dags/example_display_name.py took 0.120 seconds
[2024-04-18T12:56:07.771+0000] {processor.py:161} INFO - Started process (PID=669) to work on /home/airflow/.local/lib/python3.12/site-packages/airflow/example_dags/example_display_name.py
[2024-04-18T12:56:07.786+0000] {processor.py:830} INFO - Processing file /home/airflow/.local/lib/python3.12/site-packages/airflow/example_dags/example_display_name.py for tasks to queue
[2024-04-18T12:56:07.789+0000] {logging_mixin.py:188} INFO - [2024-04-18T12:56:07.788+0000] {dagbag.py:540} INFO - Filling up the DagBag from /home/airflow/.local/lib/python3.12/site-packages/airflow/example_dags/example_display_name.py
[2024-04-18T12:56:07.797+0000] {processor.py:840} INFO - DAG(s) 'example_display_name' retrieved from /home/airflow/.local/lib/python3.12/site-packages/airflow/example_dags/example_display_name.py
[2024-04-18T12:56:07.825+0000] {logging_mixin.py:188} INFO - [2024-04-18T12:56:07.825+0000] {dag.py:3096} INFO - Sync 1 DAGs
[2024-04-18T12:56:07.847+0000] {logging_mixin.py:188} INFO - [2024-04-18T12:56:07.846+0000] {dag.py:3954} INFO - Setting next_dagrun for example_display_name to None, run_after=None
[2024-04-18T12:56:07.890+0000] {processor.py:183} INFO - Processing /home/airflow/.local/lib/python3.12/site-packages/airflow/example_dags/example_display_name.py took 0.128 seconds
[2024-04-18T12:56:38.249+0000] {processor.py:161} INFO - Started process (PID=727) to work on /home/airflow/.local/lib/python3.12/site-packages/airflow/example_dags/example_display_name.py
[2024-04-18T12:56:38.250+0000] {processor.py:830} INFO - Processing file /home/airflow/.local/lib/python3.12/site-packages/airflow/example_dags/example_display_name.py for tasks to queue
[2024-04-18T12:56:38.253+0000] {logging_mixin.py:188} INFO - [2024-04-18T12:56:38.252+0000] {dagbag.py:540} INFO - Filling up the DagBag from /home/airflow/.local/lib/python3.12/site-packages/airflow/example_dags/example_display_name.py
[2024-04-18T12:56:38.261+0000] {processor.py:840} INFO - DAG(s) 'example_display_name' retrieved from /home/airflow/.local/lib/python3.12/site-packages/airflow/example_dags/example_display_name.py
[2024-04-18T12:56:38.290+0000] {logging_mixin.py:188} INFO - [2024-04-18T12:56:38.289+0000] {dag.py:3096} INFO - Sync 1 DAGs
[2024-04-18T12:56:38.311+0000] {logging_mixin.py:188} INFO - [2024-04-18T12:56:38.311+0000] {dag.py:3954} INFO - Setting next_dagrun for example_display_name to None, run_after=None
[2024-04-18T12:56:38.353+0000] {processor.py:183} INFO - Processing /home/airflow/.local/lib/python3.12/site-packages/airflow/example_dags/example_display_name.py took 0.113 seconds
[2024-04-18T12:57:09.066+0000] {processor.py:161} INFO - Started process (PID=785) to work on /home/airflow/.local/lib/python3.12/site-packages/airflow/example_dags/example_display_name.py
[2024-04-18T12:57:09.068+0000] {processor.py:830} INFO - Processing file /home/airflow/.local/lib/python3.12/site-packages/airflow/example_dags/example_display_name.py for tasks to queue
[2024-04-18T12:57:09.070+0000] {logging_mixin.py:188} INFO - [2024-04-18T12:57:09.070+0000] {dagbag.py:540} INFO - Filling up the DagBag from /home/airflow/.local/lib/python3.12/site-packages/airflow/example_dags/example_display_name.py
[2024-04-18T12:57:09.078+0000] {processor.py:840} INFO - DAG(s) 'example_display_name' retrieved from /home/airflow/.local/lib/python3.12/site-packages/airflow/example_dags/example_display_name.py
[2024-04-18T12:57:09.109+0000] {logging_mixin.py:188} INFO - [2024-04-18T12:57:09.109+0000] {dag.py:3096} INFO - Sync 1 DAGs
[2024-04-18T12:57:09.131+0000] {logging_mixin.py:188} INFO - [2024-04-18T12:57:09.131+0000] {dag.py:3954} INFO - Setting next_dagrun for example_display_name to None, run_after=None
[2024-04-18T12:57:09.167+0000] {processor.py:183} INFO - Processing /home/airflow/.local/lib/python3.12/site-packages/airflow/example_dags/example_display_name.py took 0.110 seconds
