[2024-04-18T12:50:35.783+0000] {processor.py:161} INFO - Started process (PID=45) to work on /home/airflow/.local/lib/python3.12/site-packages/airflow/example_dags/example_short_circuit_operator.py
[2024-04-18T12:50:35.784+0000] {processor.py:830} INFO - Processing file /home/airflow/.local/lib/python3.12/site-packages/airflow/example_dags/example_short_circuit_operator.py for tasks to queue
[2024-04-18T12:50:35.787+0000] {logging_mixin.py:188} INFO - [2024-04-18T12:50:35.787+0000] {dagbag.py:540} INFO - Filling up the DagBag from /home/airflow/.local/lib/python3.12/site-packages/airflow/example_dags/example_short_circuit_operator.py
[2024-04-18T12:50:35.851+0000] {processor.py:840} INFO - DAG(s) 'example_short_circuit_operator' retrieved from /home/airflow/.local/lib/python3.12/site-packages/airflow/example_dags/example_short_circuit_operator.py
[2024-04-18T12:50:36.048+0000] {logging_mixin.py:188} INFO - [2024-04-18T12:50:36.047+0000] {dag.py:3096} INFO - Sync 1 DAGs
[2024-04-18T12:50:36.080+0000] {logging_mixin.py:188} INFO - [2024-04-18T12:50:36.080+0000] {dag.py:3954} INFO - Setting next_dagrun for example_short_circuit_operator to 2024-04-17 00:00:00+00:00, run_after=2024-04-18 00:00:00+00:00
[2024-04-18T12:50:36.666+0000] {processor.py:183} INFO - Processing /home/airflow/.local/lib/python3.12/site-packages/airflow/example_dags/example_short_circuit_operator.py took 0.895 seconds
[2024-04-18T12:51:06.706+0000] {processor.py:161} INFO - Started process (PID=103) to work on /home/airflow/.local/lib/python3.12/site-packages/airflow/example_dags/example_short_circuit_operator.py
[2024-04-18T12:51:06.707+0000] {processor.py:830} INFO - Processing file /home/airflow/.local/lib/python3.12/site-packages/airflow/example_dags/example_short_circuit_operator.py for tasks to queue
[2024-04-18T12:51:06.709+0000] {logging_mixin.py:188} INFO - [2024-04-18T12:51:06.709+0000] {dagbag.py:540} INFO - Filling up the DagBag from /home/airflow/.local/lib/python3.12/site-packages/airflow/example_dags/example_short_circuit_operator.py
[2024-04-18T12:51:06.721+0000] {processor.py:840} INFO - DAG(s) 'example_short_circuit_operator' retrieved from /home/airflow/.local/lib/python3.12/site-packages/airflow/example_dags/example_short_circuit_operator.py
[2024-04-18T12:51:06.757+0000] {logging_mixin.py:188} INFO - [2024-04-18T12:51:06.757+0000] {dag.py:3096} INFO - Sync 1 DAGs
[2024-04-18T12:51:06.794+0000] {logging_mixin.py:188} INFO - [2024-04-18T12:51:06.794+0000] {dag.py:3954} INFO - Setting next_dagrun for example_short_circuit_operator to 2024-04-17 00:00:00+00:00, run_after=2024-04-18 00:00:00+00:00
[2024-04-18T12:51:07.107+0000] {processor.py:183} INFO - Processing /home/airflow/.local/lib/python3.12/site-packages/airflow/example_dags/example_short_circuit_operator.py took 0.411 seconds
[2024-04-18T12:51:37.639+0000] {processor.py:161} INFO - Started process (PID=161) to work on /home/airflow/.local/lib/python3.12/site-packages/airflow/example_dags/example_short_circuit_operator.py
[2024-04-18T12:51:37.648+0000] {processor.py:830} INFO - Processing file /home/airflow/.local/lib/python3.12/site-packages/airflow/example_dags/example_short_circuit_operator.py for tasks to queue
[2024-04-18T12:51:37.651+0000] {logging_mixin.py:188} INFO - [2024-04-18T12:51:37.650+0000] {dagbag.py:540} INFO - Filling up the DagBag from /home/airflow/.local/lib/python3.12/site-packages/airflow/example_dags/example_short_circuit_operator.py
[2024-04-18T12:51:37.662+0000] {processor.py:840} INFO - DAG(s) 'example_short_circuit_operator' retrieved from /home/airflow/.local/lib/python3.12/site-packages/airflow/example_dags/example_short_circuit_operator.py
[2024-04-18T12:51:37.700+0000] {logging_mixin.py:188} INFO - [2024-04-18T12:51:37.699+0000] {dag.py:3096} INFO - Sync 1 DAGs
[2024-04-18T12:51:37.737+0000] {logging_mixin.py:188} INFO - [2024-04-18T12:51:37.737+0000] {dag.py:3954} INFO - Setting next_dagrun for example_short_circuit_operator to 2024-04-17 00:00:00+00:00, run_after=2024-04-18 00:00:00+00:00
[2024-04-18T12:51:37.793+0000] {processor.py:183} INFO - Processing /home/airflow/.local/lib/python3.12/site-packages/airflow/example_dags/example_short_circuit_operator.py took 0.163 seconds
[2024-04-18T12:52:08.761+0000] {processor.py:161} INFO - Started process (PID=219) to work on /home/airflow/.local/lib/python3.12/site-packages/airflow/example_dags/example_short_circuit_operator.py
[2024-04-18T12:52:08.762+0000] {processor.py:830} INFO - Processing file /home/airflow/.local/lib/python3.12/site-packages/airflow/example_dags/example_short_circuit_operator.py for tasks to queue
[2024-04-18T12:52:08.765+0000] {logging_mixin.py:188} INFO - [2024-04-18T12:52:08.764+0000] {dagbag.py:540} INFO - Filling up the DagBag from /home/airflow/.local/lib/python3.12/site-packages/airflow/example_dags/example_short_circuit_operator.py
[2024-04-18T12:52:08.777+0000] {processor.py:840} INFO - DAG(s) 'example_short_circuit_operator' retrieved from /home/airflow/.local/lib/python3.12/site-packages/airflow/example_dags/example_short_circuit_operator.py
[2024-04-18T12:52:08.990+0000] {logging_mixin.py:188} INFO - [2024-04-18T12:52:08.990+0000] {dag.py:3096} INFO - Sync 1 DAGs
[2024-04-18T12:52:09.028+0000] {logging_mixin.py:188} INFO - [2024-04-18T12:52:09.027+0000] {dag.py:3954} INFO - Setting next_dagrun for example_short_circuit_operator to 2024-04-17 00:00:00+00:00, run_after=2024-04-18 00:00:00+00:00
[2024-04-18T12:52:09.114+0000] {processor.py:183} INFO - Processing /home/airflow/.local/lib/python3.12/site-packages/airflow/example_dags/example_short_circuit_operator.py took 0.363 seconds
[2024-04-18T12:52:39.345+0000] {processor.py:161} INFO - Started process (PID=276) to work on /home/airflow/.local/lib/python3.12/site-packages/airflow/example_dags/example_short_circuit_operator.py
[2024-04-18T12:52:39.347+0000] {processor.py:830} INFO - Processing file /home/airflow/.local/lib/python3.12/site-packages/airflow/example_dags/example_short_circuit_operator.py for tasks to queue
[2024-04-18T12:52:39.349+0000] {logging_mixin.py:188} INFO - [2024-04-18T12:52:39.349+0000] {dagbag.py:540} INFO - Filling up the DagBag from /home/airflow/.local/lib/python3.12/site-packages/airflow/example_dags/example_short_circuit_operator.py
[2024-04-18T12:52:39.361+0000] {processor.py:840} INFO - DAG(s) 'example_short_circuit_operator' retrieved from /home/airflow/.local/lib/python3.12/site-packages/airflow/example_dags/example_short_circuit_operator.py
[2024-04-18T12:52:39.398+0000] {logging_mixin.py:188} INFO - [2024-04-18T12:52:39.397+0000] {dag.py:3096} INFO - Sync 1 DAGs
[2024-04-18T12:52:39.434+0000] {logging_mixin.py:188} INFO - [2024-04-18T12:52:39.434+0000] {dag.py:3954} INFO - Setting next_dagrun for example_short_circuit_operator to 2024-04-17 00:00:00+00:00, run_after=2024-04-18 00:00:00+00:00
[2024-04-18T12:52:39.479+0000] {processor.py:183} INFO - Processing /home/airflow/.local/lib/python3.12/site-packages/airflow/example_dags/example_short_circuit_operator.py took 0.143 seconds
[2024-04-18T12:53:09.638+0000] {processor.py:161} INFO - Started process (PID=334) to work on /home/airflow/.local/lib/python3.12/site-packages/airflow/example_dags/example_short_circuit_operator.py
[2024-04-18T12:53:09.723+0000] {processor.py:830} INFO - Processing file /home/airflow/.local/lib/python3.12/site-packages/airflow/example_dags/example_short_circuit_operator.py for tasks to queue
[2024-04-18T12:53:09.725+0000] {logging_mixin.py:188} INFO - [2024-04-18T12:53:09.725+0000] {dagbag.py:540} INFO - Filling up the DagBag from /home/airflow/.local/lib/python3.12/site-packages/airflow/example_dags/example_short_circuit_operator.py
[2024-04-18T12:53:09.750+0000] {processor.py:840} INFO - DAG(s) 'example_short_circuit_operator' retrieved from /home/airflow/.local/lib/python3.12/site-packages/airflow/example_dags/example_short_circuit_operator.py
[2024-04-18T12:53:09.803+0000] {logging_mixin.py:188} INFO - [2024-04-18T12:53:09.802+0000] {dag.py:3096} INFO - Sync 1 DAGs
[2024-04-18T12:53:09.840+0000] {logging_mixin.py:188} INFO - [2024-04-18T12:53:09.840+0000] {dag.py:3954} INFO - Setting next_dagrun for example_short_circuit_operator to 2024-04-17 00:00:00+00:00, run_after=2024-04-18 00:00:00+00:00
[2024-04-18T12:53:09.895+0000] {processor.py:183} INFO - Processing /home/airflow/.local/lib/python3.12/site-packages/airflow/example_dags/example_short_circuit_operator.py took 0.267 seconds
[2024-04-18T12:53:40.137+0000] {processor.py:161} INFO - Started process (PID=390) to work on /home/airflow/.local/lib/python3.12/site-packages/airflow/example_dags/example_short_circuit_operator.py
[2024-04-18T12:53:40.269+0000] {processor.py:830} INFO - Processing file /home/airflow/.local/lib/python3.12/site-packages/airflow/example_dags/example_short_circuit_operator.py for tasks to queue
[2024-04-18T12:53:40.272+0000] {logging_mixin.py:188} INFO - [2024-04-18T12:53:40.272+0000] {dagbag.py:540} INFO - Filling up the DagBag from /home/airflow/.local/lib/python3.12/site-packages/airflow/example_dags/example_short_circuit_operator.py
[2024-04-18T12:53:40.286+0000] {processor.py:840} INFO - DAG(s) 'example_short_circuit_operator' retrieved from /home/airflow/.local/lib/python3.12/site-packages/airflow/example_dags/example_short_circuit_operator.py
[2024-04-18T12:53:40.332+0000] {logging_mixin.py:188} INFO - [2024-04-18T12:53:40.331+0000] {dag.py:3096} INFO - Sync 1 DAGs
[2024-04-18T12:53:40.375+0000] {logging_mixin.py:188} INFO - [2024-04-18T12:53:40.375+0000] {dag.py:3954} INFO - Setting next_dagrun for example_short_circuit_operator to 2024-04-17 00:00:00+00:00, run_after=2024-04-18 00:00:00+00:00
[2024-04-18T12:53:40.503+0000] {processor.py:183} INFO - Processing /home/airflow/.local/lib/python3.12/site-packages/airflow/example_dags/example_short_circuit_operator.py took 0.376 seconds
[2024-04-18T12:54:11.168+0000] {processor.py:161} INFO - Started process (PID=447) to work on /home/airflow/.local/lib/python3.12/site-packages/airflow/example_dags/example_short_circuit_operator.py
[2024-04-18T12:54:11.227+0000] {processor.py:830} INFO - Processing file /home/airflow/.local/lib/python3.12/site-packages/airflow/example_dags/example_short_circuit_operator.py for tasks to queue
[2024-04-18T12:54:11.230+0000] {logging_mixin.py:188} INFO - [2024-04-18T12:54:11.230+0000] {dagbag.py:540} INFO - Filling up the DagBag from /home/airflow/.local/lib/python3.12/site-packages/airflow/example_dags/example_short_circuit_operator.py
[2024-04-18T12:54:11.242+0000] {processor.py:840} INFO - DAG(s) 'example_short_circuit_operator' retrieved from /home/airflow/.local/lib/python3.12/site-packages/airflow/example_dags/example_short_circuit_operator.py
[2024-04-18T12:54:11.280+0000] {logging_mixin.py:188} INFO - [2024-04-18T12:54:11.280+0000] {dag.py:3096} INFO - Sync 1 DAGs
[2024-04-18T12:54:11.318+0000] {logging_mixin.py:188} INFO - [2024-04-18T12:54:11.318+0000] {dag.py:3954} INFO - Setting next_dagrun for example_short_circuit_operator to 2024-04-17 00:00:00+00:00, run_after=2024-04-18 00:00:00+00:00
[2024-04-18T12:54:11.441+0000] {processor.py:183} INFO - Processing /home/airflow/.local/lib/python3.12/site-packages/airflow/example_dags/example_short_circuit_operator.py took 0.282 seconds
[2024-04-18T12:54:41.590+0000] {processor.py:161} INFO - Started process (PID=506) to work on /home/airflow/.local/lib/python3.12/site-packages/airflow/example_dags/example_short_circuit_operator.py
[2024-04-18T12:54:41.597+0000] {processor.py:830} INFO - Processing file /home/airflow/.local/lib/python3.12/site-packages/airflow/example_dags/example_short_circuit_operator.py for tasks to queue
[2024-04-18T12:54:41.606+0000] {logging_mixin.py:188} INFO - [2024-04-18T12:54:41.605+0000] {dagbag.py:540} INFO - Filling up the DagBag from /home/airflow/.local/lib/python3.12/site-packages/airflow/example_dags/example_short_circuit_operator.py
[2024-04-18T12:54:41.618+0000] {processor.py:840} INFO - DAG(s) 'example_short_circuit_operator' retrieved from /home/airflow/.local/lib/python3.12/site-packages/airflow/example_dags/example_short_circuit_operator.py
[2024-04-18T12:54:41.658+0000] {logging_mixin.py:188} INFO - [2024-04-18T12:54:41.657+0000] {dag.py:3096} INFO - Sync 1 DAGs
[2024-04-18T12:54:41.695+0000] {logging_mixin.py:188} INFO - [2024-04-18T12:54:41.695+0000] {dag.py:3954} INFO - Setting next_dagrun for example_short_circuit_operator to 2024-04-17 00:00:00+00:00, run_after=2024-04-18 00:00:00+00:00
[2024-04-18T12:54:41.731+0000] {processor.py:183} INFO - Processing /home/airflow/.local/lib/python3.12/site-packages/airflow/example_dags/example_short_circuit_operator.py took 0.150 seconds
[2024-04-18T12:55:11.830+0000] {processor.py:161} INFO - Started process (PID=563) to work on /home/airflow/.local/lib/python3.12/site-packages/airflow/example_dags/example_short_circuit_operator.py
[2024-04-18T12:55:11.832+0000] {processor.py:830} INFO - Processing file /home/airflow/.local/lib/python3.12/site-packages/airflow/example_dags/example_short_circuit_operator.py for tasks to queue
[2024-04-18T12:55:11.834+0000] {logging_mixin.py:188} INFO - [2024-04-18T12:55:11.834+0000] {dagbag.py:540} INFO - Filling up the DagBag from /home/airflow/.local/lib/python3.12/site-packages/airflow/example_dags/example_short_circuit_operator.py
[2024-04-18T12:55:11.847+0000] {processor.py:840} INFO - DAG(s) 'example_short_circuit_operator' retrieved from /home/airflow/.local/lib/python3.12/site-packages/airflow/example_dags/example_short_circuit_operator.py
[2024-04-18T12:55:11.884+0000] {logging_mixin.py:188} INFO - [2024-04-18T12:55:11.883+0000] {dag.py:3096} INFO - Sync 1 DAGs
[2024-04-18T12:55:11.920+0000] {logging_mixin.py:188} INFO - [2024-04-18T12:55:11.920+0000] {dag.py:3954} INFO - Setting next_dagrun for example_short_circuit_operator to 2024-04-17 00:00:00+00:00, run_after=2024-04-18 00:00:00+00:00
[2024-04-18T12:55:11.951+0000] {processor.py:183} INFO - Processing /home/airflow/.local/lib/python3.12/site-packages/airflow/example_dags/example_short_circuit_operator.py took 0.131 seconds
[2024-04-18T12:55:42.071+0000] {processor.py:161} INFO - Started process (PID=621) to work on /home/airflow/.local/lib/python3.12/site-packages/airflow/example_dags/example_short_circuit_operator.py
[2024-04-18T12:55:42.080+0000] {processor.py:830} INFO - Processing file /home/airflow/.local/lib/python3.12/site-packages/airflow/example_dags/example_short_circuit_operator.py for tasks to queue
[2024-04-18T12:55:42.083+0000] {logging_mixin.py:188} INFO - [2024-04-18T12:55:42.083+0000] {dagbag.py:540} INFO - Filling up the DagBag from /home/airflow/.local/lib/python3.12/site-packages/airflow/example_dags/example_short_circuit_operator.py
[2024-04-18T12:55:42.095+0000] {processor.py:840} INFO - DAG(s) 'example_short_circuit_operator' retrieved from /home/airflow/.local/lib/python3.12/site-packages/airflow/example_dags/example_short_circuit_operator.py
[2024-04-18T12:55:42.133+0000] {logging_mixin.py:188} INFO - [2024-04-18T12:55:42.132+0000] {dag.py:3096} INFO - Sync 1 DAGs
[2024-04-18T12:55:42.169+0000] {logging_mixin.py:188} INFO - [2024-04-18T12:55:42.169+0000] {dag.py:3954} INFO - Setting next_dagrun for example_short_circuit_operator to 2024-04-17 00:00:00+00:00, run_after=2024-04-18 00:00:00+00:00
[2024-04-18T12:55:42.207+0000] {processor.py:183} INFO - Processing /home/airflow/.local/lib/python3.12/site-packages/airflow/example_dags/example_short_circuit_operator.py took 0.145 seconds
[2024-04-18T12:56:12.500+0000] {processor.py:161} INFO - Started process (PID=678) to work on /home/airflow/.local/lib/python3.12/site-packages/airflow/example_dags/example_short_circuit_operator.py
[2024-04-18T12:56:12.501+0000] {processor.py:830} INFO - Processing file /home/airflow/.local/lib/python3.12/site-packages/airflow/example_dags/example_short_circuit_operator.py for tasks to queue
[2024-04-18T12:56:12.504+0000] {logging_mixin.py:188} INFO - [2024-04-18T12:56:12.503+0000] {dagbag.py:540} INFO - Filling up the DagBag from /home/airflow/.local/lib/python3.12/site-packages/airflow/example_dags/example_short_circuit_operator.py
[2024-04-18T12:56:12.515+0000] {processor.py:840} INFO - DAG(s) 'example_short_circuit_operator' retrieved from /home/airflow/.local/lib/python3.12/site-packages/airflow/example_dags/example_short_circuit_operator.py
[2024-04-18T12:56:12.553+0000] {logging_mixin.py:188} INFO - [2024-04-18T12:56:12.552+0000] {dag.py:3096} INFO - Sync 1 DAGs
[2024-04-18T12:56:12.589+0000] {logging_mixin.py:188} INFO - [2024-04-18T12:56:12.589+0000] {dag.py:3954} INFO - Setting next_dagrun for example_short_circuit_operator to 2024-04-17 00:00:00+00:00, run_after=2024-04-18 00:00:00+00:00
[2024-04-18T12:56:12.630+0000] {processor.py:183} INFO - Processing /home/airflow/.local/lib/python3.12/site-packages/airflow/example_dags/example_short_circuit_operator.py took 0.138 seconds
[2024-04-18T12:56:43.147+0000] {processor.py:161} INFO - Started process (PID=736) to work on /home/airflow/.local/lib/python3.12/site-packages/airflow/example_dags/example_short_circuit_operator.py
[2024-04-18T12:56:43.149+0000] {processor.py:830} INFO - Processing file /home/airflow/.local/lib/python3.12/site-packages/airflow/example_dags/example_short_circuit_operator.py for tasks to queue
[2024-04-18T12:56:43.152+0000] {logging_mixin.py:188} INFO - [2024-04-18T12:56:43.151+0000] {dagbag.py:540} INFO - Filling up the DagBag from /home/airflow/.local/lib/python3.12/site-packages/airflow/example_dags/example_short_circuit_operator.py
[2024-04-18T12:56:43.165+0000] {processor.py:840} INFO - DAG(s) 'example_short_circuit_operator' retrieved from /home/airflow/.local/lib/python3.12/site-packages/airflow/example_dags/example_short_circuit_operator.py
[2024-04-18T12:56:43.203+0000] {logging_mixin.py:188} INFO - [2024-04-18T12:56:43.203+0000] {dag.py:3096} INFO - Sync 1 DAGs
[2024-04-18T12:56:43.240+0000] {logging_mixin.py:188} INFO - [2024-04-18T12:56:43.239+0000] {dag.py:3954} INFO - Setting next_dagrun for example_short_circuit_operator to 2024-04-17 00:00:00+00:00, run_after=2024-04-18 00:00:00+00:00
[2024-04-18T12:56:43.269+0000] {processor.py:183} INFO - Processing /home/airflow/.local/lib/python3.12/site-packages/airflow/example_dags/example_short_circuit_operator.py took 0.134 seconds
[2024-04-18T12:57:13.904+0000] {processor.py:161} INFO - Started process (PID=794) to work on /home/airflow/.local/lib/python3.12/site-packages/airflow/example_dags/example_short_circuit_operator.py
[2024-04-18T12:57:13.939+0000] {processor.py:830} INFO - Processing file /home/airflow/.local/lib/python3.12/site-packages/airflow/example_dags/example_short_circuit_operator.py for tasks to queue
[2024-04-18T12:57:13.942+0000] {logging_mixin.py:188} INFO - [2024-04-18T12:57:13.942+0000] {dagbag.py:540} INFO - Filling up the DagBag from /home/airflow/.local/lib/python3.12/site-packages/airflow/example_dags/example_short_circuit_operator.py
[2024-04-18T12:57:13.958+0000] {processor.py:840} INFO - DAG(s) 'example_short_circuit_operator' retrieved from /home/airflow/.local/lib/python3.12/site-packages/airflow/example_dags/example_short_circuit_operator.py
[2024-04-18T12:57:14.005+0000] {logging_mixin.py:188} INFO - [2024-04-18T12:57:14.005+0000] {dag.py:3096} INFO - Sync 1 DAGs
[2024-04-18T12:57:14.045+0000] {logging_mixin.py:188} INFO - [2024-04-18T12:57:14.045+0000] {dag.py:3954} INFO - Setting next_dagrun for example_short_circuit_operator to 2024-04-17 00:00:00+00:00, run_after=2024-04-18 00:00:00+00:00
[2024-04-18T12:57:14.083+0000] {processor.py:183} INFO - Processing /home/airflow/.local/lib/python3.12/site-packages/airflow/example_dags/example_short_circuit_operator.py took 0.191 seconds
