[2024-04-18T12:50:39.821+0000] {processor.py:161} INFO - Started process (PID=53) to work on /home/airflow/.local/lib/python3.12/site-packages/airflow/example_dags/example_complex.py
[2024-04-18T12:50:39.822+0000] {processor.py:830} INFO - Processing file /home/airflow/.local/lib/python3.12/site-packages/airflow/example_dags/example_complex.py for tasks to queue
[2024-04-18T12:50:39.824+0000] {logging_mixin.py:188} INFO - [2024-04-18T12:50:39.824+0000] {dagbag.py:540} INFO - Filling up the DagBag from /home/airflow/.local/lib/python3.12/site-packages/airflow/example_dags/example_complex.py
[2024-04-18T12:50:39.849+0000] {processor.py:840} INFO - DAG(s) 'example_complex' retrieved from /home/airflow/.local/lib/python3.12/site-packages/airflow/example_dags/example_complex.py
[2024-04-18T12:50:40.060+0000] {logging_mixin.py:188} INFO - [2024-04-18T12:50:40.060+0000] {dag.py:3096} INFO - Sync 1 DAGs
[2024-04-18T12:50:40.080+0000] {logging_mixin.py:188} INFO - [2024-04-18T12:50:40.079+0000] {dag.py:3954} INFO - Setting next_dagrun for example_complex to None, run_after=None
[2024-04-18T12:50:40.633+0000] {processor.py:183} INFO - Processing /home/airflow/.local/lib/python3.12/site-packages/airflow/example_dags/example_complex.py took 0.821 seconds
[2024-04-18T12:51:10.982+0000] {processor.py:161} INFO - Started process (PID=111) to work on /home/airflow/.local/lib/python3.12/site-packages/airflow/example_dags/example_complex.py
[2024-04-18T12:51:11.006+0000] {processor.py:830} INFO - Processing file /home/airflow/.local/lib/python3.12/site-packages/airflow/example_dags/example_complex.py for tasks to queue
[2024-04-18T12:51:11.009+0000] {logging_mixin.py:188} INFO - [2024-04-18T12:51:11.008+0000] {dagbag.py:540} INFO - Filling up the DagBag from /home/airflow/.local/lib/python3.12/site-packages/airflow/example_dags/example_complex.py
[2024-04-18T12:51:11.031+0000] {processor.py:840} INFO - DAG(s) 'example_complex' retrieved from /home/airflow/.local/lib/python3.12/site-packages/airflow/example_dags/example_complex.py
[2024-04-18T12:51:11.089+0000] {logging_mixin.py:188} INFO - [2024-04-18T12:51:11.088+0000] {dag.py:3096} INFO - Sync 1 DAGs
[2024-04-18T12:51:11.111+0000] {logging_mixin.py:188} INFO - [2024-04-18T12:51:11.110+0000] {dag.py:3954} INFO - Setting next_dagrun for example_complex to None, run_after=None
[2024-04-18T12:51:11.185+0000] {processor.py:183} INFO - Processing /home/airflow/.local/lib/python3.12/site-packages/airflow/example_dags/example_complex.py took 0.214 seconds
[2024-04-18T12:51:41.749+0000] {processor.py:161} INFO - Started process (PID=169) to work on /home/airflow/.local/lib/python3.12/site-packages/airflow/example_dags/example_complex.py
[2024-04-18T12:51:41.761+0000] {processor.py:830} INFO - Processing file /home/airflow/.local/lib/python3.12/site-packages/airflow/example_dags/example_complex.py for tasks to queue
[2024-04-18T12:51:41.764+0000] {logging_mixin.py:188} INFO - [2024-04-18T12:51:41.763+0000] {dagbag.py:540} INFO - Filling up the DagBag from /home/airflow/.local/lib/python3.12/site-packages/airflow/example_dags/example_complex.py
[2024-04-18T12:51:41.783+0000] {processor.py:840} INFO - DAG(s) 'example_complex' retrieved from /home/airflow/.local/lib/python3.12/site-packages/airflow/example_dags/example_complex.py
[2024-04-18T12:51:41.801+0000] {logging_mixin.py:188} INFO - [2024-04-18T12:51:41.800+0000] {dag.py:3096} INFO - Sync 1 DAGs
[2024-04-18T12:51:41.824+0000] {logging_mixin.py:188} INFO - [2024-04-18T12:51:41.823+0000] {dag.py:3954} INFO - Setting next_dagrun for example_complex to None, run_after=None
[2024-04-18T12:51:41.858+0000] {processor.py:183} INFO - Processing /home/airflow/.local/lib/python3.12/site-packages/airflow/example_dags/example_complex.py took 0.118 seconds
[2024-04-18T12:52:12.488+0000] {processor.py:161} INFO - Started process (PID=227) to work on /home/airflow/.local/lib/python3.12/site-packages/airflow/example_dags/example_complex.py
[2024-04-18T12:52:12.509+0000] {processor.py:830} INFO - Processing file /home/airflow/.local/lib/python3.12/site-packages/airflow/example_dags/example_complex.py for tasks to queue
[2024-04-18T12:52:12.512+0000] {logging_mixin.py:188} INFO - [2024-04-18T12:52:12.512+0000] {dagbag.py:540} INFO - Filling up the DagBag from /home/airflow/.local/lib/python3.12/site-packages/airflow/example_dags/example_complex.py
[2024-04-18T12:52:12.530+0000] {processor.py:840} INFO - DAG(s) 'example_complex' retrieved from /home/airflow/.local/lib/python3.12/site-packages/airflow/example_dags/example_complex.py
[2024-04-18T12:52:12.735+0000] {logging_mixin.py:188} INFO - [2024-04-18T12:52:12.735+0000] {dag.py:3096} INFO - Sync 1 DAGs
[2024-04-18T12:52:12.755+0000] {logging_mixin.py:188} INFO - [2024-04-18T12:52:12.754+0000] {dag.py:3954} INFO - Setting next_dagrun for example_complex to None, run_after=None
[2024-04-18T12:52:12.804+0000] {processor.py:183} INFO - Processing /home/airflow/.local/lib/python3.12/site-packages/airflow/example_dags/example_complex.py took 0.325 seconds
[2024-04-18T12:52:43.431+0000] {processor.py:161} INFO - Started process (PID=284) to work on /home/airflow/.local/lib/python3.12/site-packages/airflow/example_dags/example_complex.py
[2024-04-18T12:52:43.433+0000] {processor.py:830} INFO - Processing file /home/airflow/.local/lib/python3.12/site-packages/airflow/example_dags/example_complex.py for tasks to queue
[2024-04-18T12:52:43.435+0000] {logging_mixin.py:188} INFO - [2024-04-18T12:52:43.435+0000] {dagbag.py:540} INFO - Filling up the DagBag from /home/airflow/.local/lib/python3.12/site-packages/airflow/example_dags/example_complex.py
[2024-04-18T12:52:43.454+0000] {processor.py:840} INFO - DAG(s) 'example_complex' retrieved from /home/airflow/.local/lib/python3.12/site-packages/airflow/example_dags/example_complex.py
[2024-04-18T12:52:43.512+0000] {logging_mixin.py:188} INFO - [2024-04-18T12:52:43.511+0000] {dag.py:3096} INFO - Sync 1 DAGs
[2024-04-18T12:52:43.533+0000] {logging_mixin.py:188} INFO - [2024-04-18T12:52:43.533+0000] {dag.py:3954} INFO - Setting next_dagrun for example_complex to None, run_after=None
[2024-04-18T12:52:43.602+0000] {processor.py:183} INFO - Processing /home/airflow/.local/lib/python3.12/site-packages/airflow/example_dags/example_complex.py took 0.180 seconds
[2024-04-18T12:53:13.999+0000] {processor.py:161} INFO - Started process (PID=342) to work on /home/airflow/.local/lib/python3.12/site-packages/airflow/example_dags/example_complex.py
[2024-04-18T12:53:14.000+0000] {processor.py:830} INFO - Processing file /home/airflow/.local/lib/python3.12/site-packages/airflow/example_dags/example_complex.py for tasks to queue
[2024-04-18T12:53:14.002+0000] {logging_mixin.py:188} INFO - [2024-04-18T12:53:14.002+0000] {dagbag.py:540} INFO - Filling up the DagBag from /home/airflow/.local/lib/python3.12/site-packages/airflow/example_dags/example_complex.py
[2024-04-18T12:53:14.021+0000] {processor.py:840} INFO - DAG(s) 'example_complex' retrieved from /home/airflow/.local/lib/python3.12/site-packages/airflow/example_dags/example_complex.py
[2024-04-18T12:53:14.087+0000] {logging_mixin.py:188} INFO - [2024-04-18T12:53:14.086+0000] {dag.py:3096} INFO - Sync 1 DAGs
[2024-04-18T12:53:14.109+0000] {logging_mixin.py:188} INFO - [2024-04-18T12:53:14.109+0000] {dag.py:3954} INFO - Setting next_dagrun for example_complex to None, run_after=None
[2024-04-18T12:53:14.151+0000] {processor.py:183} INFO - Processing /home/airflow/.local/lib/python3.12/site-packages/airflow/example_dags/example_complex.py took 0.162 seconds
[2024-04-18T12:53:45.000+0000] {processor.py:161} INFO - Started process (PID=399) to work on /home/airflow/.local/lib/python3.12/site-packages/airflow/example_dags/example_complex.py
[2024-04-18T12:53:45.001+0000] {processor.py:830} INFO - Processing file /home/airflow/.local/lib/python3.12/site-packages/airflow/example_dags/example_complex.py for tasks to queue
[2024-04-18T12:53:45.004+0000] {logging_mixin.py:188} INFO - [2024-04-18T12:53:45.003+0000] {dagbag.py:540} INFO - Filling up the DagBag from /home/airflow/.local/lib/python3.12/site-packages/airflow/example_dags/example_complex.py
[2024-04-18T12:53:45.023+0000] {processor.py:840} INFO - DAG(s) 'example_complex' retrieved from /home/airflow/.local/lib/python3.12/site-packages/airflow/example_dags/example_complex.py
[2024-04-18T12:53:45.085+0000] {logging_mixin.py:188} INFO - [2024-04-18T12:53:45.085+0000] {dag.py:3096} INFO - Sync 1 DAGs
[2024-04-18T12:53:45.172+0000] {logging_mixin.py:188} INFO - [2024-04-18T12:53:45.172+0000] {dag.py:3954} INFO - Setting next_dagrun for example_complex to None, run_after=None
[2024-04-18T12:53:45.403+0000] {processor.py:183} INFO - Processing /home/airflow/.local/lib/python3.12/site-packages/airflow/example_dags/example_complex.py took 0.416 seconds
[2024-04-18T12:54:15.558+0000] {processor.py:161} INFO - Started process (PID=456) to work on /home/airflow/.local/lib/python3.12/site-packages/airflow/example_dags/example_complex.py
[2024-04-18T12:54:15.560+0000] {processor.py:830} INFO - Processing file /home/airflow/.local/lib/python3.12/site-packages/airflow/example_dags/example_complex.py for tasks to queue
[2024-04-18T12:54:15.562+0000] {logging_mixin.py:188} INFO - [2024-04-18T12:54:15.562+0000] {dagbag.py:540} INFO - Filling up the DagBag from /home/airflow/.local/lib/python3.12/site-packages/airflow/example_dags/example_complex.py
[2024-04-18T12:54:15.580+0000] {processor.py:840} INFO - DAG(s) 'example_complex' retrieved from /home/airflow/.local/lib/python3.12/site-packages/airflow/example_dags/example_complex.py
[2024-04-18T12:54:15.639+0000] {logging_mixin.py:188} INFO - [2024-04-18T12:54:15.639+0000] {dag.py:3096} INFO - Sync 1 DAGs
[2024-04-18T12:54:15.660+0000] {logging_mixin.py:188} INFO - [2024-04-18T12:54:15.660+0000] {dag.py:3954} INFO - Setting next_dagrun for example_complex to None, run_after=None
[2024-04-18T12:54:15.699+0000] {processor.py:183} INFO - Processing /home/airflow/.local/lib/python3.12/site-packages/airflow/example_dags/example_complex.py took 0.150 seconds
[2024-04-18T12:54:46.321+0000] {processor.py:161} INFO - Started process (PID=514) to work on /home/airflow/.local/lib/python3.12/site-packages/airflow/example_dags/example_complex.py
[2024-04-18T12:54:46.323+0000] {processor.py:830} INFO - Processing file /home/airflow/.local/lib/python3.12/site-packages/airflow/example_dags/example_complex.py for tasks to queue
[2024-04-18T12:54:46.325+0000] {logging_mixin.py:188} INFO - [2024-04-18T12:54:46.325+0000] {dagbag.py:540} INFO - Filling up the DagBag from /home/airflow/.local/lib/python3.12/site-packages/airflow/example_dags/example_complex.py
[2024-04-18T12:54:46.344+0000] {processor.py:840} INFO - DAG(s) 'example_complex' retrieved from /home/airflow/.local/lib/python3.12/site-packages/airflow/example_dags/example_complex.py
[2024-04-18T12:54:46.410+0000] {logging_mixin.py:188} INFO - [2024-04-18T12:54:46.410+0000] {dag.py:3096} INFO - Sync 1 DAGs
[2024-04-18T12:54:46.433+0000] {logging_mixin.py:188} INFO - [2024-04-18T12:54:46.433+0000] {dag.py:3954} INFO - Setting next_dagrun for example_complex to None, run_after=None
[2024-04-18T12:54:46.469+0000] {processor.py:183} INFO - Processing /home/airflow/.local/lib/python3.12/site-packages/airflow/example_dags/example_complex.py took 0.173 seconds
[2024-04-18T12:55:16.745+0000] {processor.py:161} INFO - Started process (PID=572) to work on /home/airflow/.local/lib/python3.12/site-packages/airflow/example_dags/example_complex.py
[2024-04-18T12:55:16.746+0000] {processor.py:830} INFO - Processing file /home/airflow/.local/lib/python3.12/site-packages/airflow/example_dags/example_complex.py for tasks to queue
[2024-04-18T12:55:16.748+0000] {logging_mixin.py:188} INFO - [2024-04-18T12:55:16.748+0000] {dagbag.py:540} INFO - Filling up the DagBag from /home/airflow/.local/lib/python3.12/site-packages/airflow/example_dags/example_complex.py
[2024-04-18T12:55:16.766+0000] {processor.py:840} INFO - DAG(s) 'example_complex' retrieved from /home/airflow/.local/lib/python3.12/site-packages/airflow/example_dags/example_complex.py
[2024-04-18T12:55:16.823+0000] {logging_mixin.py:188} INFO - [2024-04-18T12:55:16.822+0000] {dag.py:3096} INFO - Sync 1 DAGs
[2024-04-18T12:55:16.845+0000] {logging_mixin.py:188} INFO - [2024-04-18T12:55:16.844+0000] {dag.py:3954} INFO - Setting next_dagrun for example_complex to None, run_after=None
[2024-04-18T12:55:16.883+0000] {processor.py:183} INFO - Processing /home/airflow/.local/lib/python3.12/site-packages/airflow/example_dags/example_complex.py took 0.148 seconds
[2024-04-18T12:55:47.195+0000] {processor.py:161} INFO - Started process (PID=630) to work on /home/airflow/.local/lib/python3.12/site-packages/airflow/example_dags/example_complex.py
[2024-04-18T12:55:47.196+0000] {processor.py:830} INFO - Processing file /home/airflow/.local/lib/python3.12/site-packages/airflow/example_dags/example_complex.py for tasks to queue
[2024-04-18T12:55:47.199+0000] {logging_mixin.py:188} INFO - [2024-04-18T12:55:47.198+0000] {dagbag.py:540} INFO - Filling up the DagBag from /home/airflow/.local/lib/python3.12/site-packages/airflow/example_dags/example_complex.py
[2024-04-18T12:55:47.217+0000] {processor.py:840} INFO - DAG(s) 'example_complex' retrieved from /home/airflow/.local/lib/python3.12/site-packages/airflow/example_dags/example_complex.py
[2024-04-18T12:55:47.273+0000] {logging_mixin.py:188} INFO - [2024-04-18T12:55:47.273+0000] {dag.py:3096} INFO - Sync 1 DAGs
[2024-04-18T12:55:47.294+0000] {logging_mixin.py:188} INFO - [2024-04-18T12:55:47.294+0000] {dag.py:3954} INFO - Setting next_dagrun for example_complex to None, run_after=None
[2024-04-18T12:55:47.331+0000] {processor.py:183} INFO - Processing /home/airflow/.local/lib/python3.12/site-packages/airflow/example_dags/example_complex.py took 0.146 seconds
[2024-04-18T12:56:17.942+0000] {processor.py:161} INFO - Started process (PID=687) to work on /home/airflow/.local/lib/python3.12/site-packages/airflow/example_dags/example_complex.py
[2024-04-18T12:56:17.944+0000] {processor.py:830} INFO - Processing file /home/airflow/.local/lib/python3.12/site-packages/airflow/example_dags/example_complex.py for tasks to queue
[2024-04-18T12:56:17.946+0000] {logging_mixin.py:188} INFO - [2024-04-18T12:56:17.946+0000] {dagbag.py:540} INFO - Filling up the DagBag from /home/airflow/.local/lib/python3.12/site-packages/airflow/example_dags/example_complex.py
[2024-04-18T12:56:17.966+0000] {processor.py:840} INFO - DAG(s) 'example_complex' retrieved from /home/airflow/.local/lib/python3.12/site-packages/airflow/example_dags/example_complex.py
[2024-04-18T12:56:18.023+0000] {logging_mixin.py:188} INFO - [2024-04-18T12:56:18.023+0000] {dag.py:3096} INFO - Sync 1 DAGs
[2024-04-18T12:56:18.044+0000] {logging_mixin.py:188} INFO - [2024-04-18T12:56:18.043+0000] {dag.py:3954} INFO - Setting next_dagrun for example_complex to None, run_after=None
[2024-04-18T12:56:18.138+0000] {processor.py:183} INFO - Processing /home/airflow/.local/lib/python3.12/site-packages/airflow/example_dags/example_complex.py took 0.206 seconds
[2024-04-18T12:56:48.413+0000] {processor.py:161} INFO - Started process (PID=745) to work on /home/airflow/.local/lib/python3.12/site-packages/airflow/example_dags/example_complex.py
[2024-04-18T12:56:48.415+0000] {processor.py:830} INFO - Processing file /home/airflow/.local/lib/python3.12/site-packages/airflow/example_dags/example_complex.py for tasks to queue
[2024-04-18T12:56:48.417+0000] {logging_mixin.py:188} INFO - [2024-04-18T12:56:48.417+0000] {dagbag.py:540} INFO - Filling up the DagBag from /home/airflow/.local/lib/python3.12/site-packages/airflow/example_dags/example_complex.py
[2024-04-18T12:56:48.435+0000] {processor.py:840} INFO - DAG(s) 'example_complex' retrieved from /home/airflow/.local/lib/python3.12/site-packages/airflow/example_dags/example_complex.py
[2024-04-18T12:56:48.492+0000] {logging_mixin.py:188} INFO - [2024-04-18T12:56:48.492+0000] {dag.py:3096} INFO - Sync 1 DAGs
[2024-04-18T12:56:48.514+0000] {logging_mixin.py:188} INFO - [2024-04-18T12:56:48.514+0000] {dag.py:3954} INFO - Setting next_dagrun for example_complex to None, run_after=None
[2024-04-18T12:56:48.632+0000] {processor.py:183} INFO - Processing /home/airflow/.local/lib/python3.12/site-packages/airflow/example_dags/example_complex.py took 0.229 seconds
[2024-04-18T12:57:19.073+0000] {processor.py:161} INFO - Started process (PID=803) to work on /home/airflow/.local/lib/python3.12/site-packages/airflow/example_dags/example_complex.py
[2024-04-18T12:57:19.074+0000] {processor.py:830} INFO - Processing file /home/airflow/.local/lib/python3.12/site-packages/airflow/example_dags/example_complex.py for tasks to queue
[2024-04-18T12:57:19.076+0000] {logging_mixin.py:188} INFO - [2024-04-18T12:57:19.076+0000] {dagbag.py:540} INFO - Filling up the DagBag from /home/airflow/.local/lib/python3.12/site-packages/airflow/example_dags/example_complex.py
[2024-04-18T12:57:19.095+0000] {processor.py:840} INFO - DAG(s) 'example_complex' retrieved from /home/airflow/.local/lib/python3.12/site-packages/airflow/example_dags/example_complex.py
[2024-04-18T12:57:19.152+0000] {logging_mixin.py:188} INFO - [2024-04-18T12:57:19.152+0000] {dag.py:3096} INFO - Sync 1 DAGs
[2024-04-18T12:57:19.178+0000] {logging_mixin.py:188} INFO - [2024-04-18T12:57:19.177+0000] {dag.py:3954} INFO - Setting next_dagrun for example_complex to None, run_after=None
[2024-04-18T12:57:19.320+0000] {processor.py:183} INFO - Processing /home/airflow/.local/lib/python3.12/site-packages/airflow/example_dags/example_complex.py took 0.257 seconds
