[2024-04-18T12:50:47.513+0000] {processor.py:161} INFO - Started process (PID=77) to work on /home/airflow/.local/lib/python3.12/site-packages/airflow/example_dags/example_datasets.py
[2024-04-18T12:50:47.514+0000] {processor.py:830} INFO - Processing file /home/airflow/.local/lib/python3.12/site-packages/airflow/example_dags/example_datasets.py for tasks to queue
[2024-04-18T12:50:47.516+0000] {logging_mixin.py:188} INFO - [2024-04-18T12:50:47.516+0000] {dagbag.py:540} INFO - Filling up the DagBag from /home/airflow/.local/lib/python3.12/site-packages/airflow/example_dags/example_datasets.py
[2024-04-18T12:50:47.545+0000] {processor.py:840} INFO - DAG(s) 'dataset_consumes_unknown_never_scheduled', 'dataset_consumes_1', 'dataset_consumes_1_never_scheduled', 'dataset_consumes_1_and_2', 'dataset_produces_1', 'consume_1_and_2_with_dataset_expressions', 'consume_1_or_2_with_dataset_expressions', 'consume_1_or_both_2_and_3_with_dataset_expressions', 'dataset_produces_2', 'conditional_dataset_and_time_based_timetable' retrieved from /home/airflow/.local/lib/python3.12/site-packages/airflow/example_dags/example_datasets.py
[2024-04-18T12:50:47.898+0000] {logging_mixin.py:188} INFO - [2024-04-18T12:50:47.898+0000] {dag.py:3096} INFO - Sync 10 DAGs
[2024-04-18T12:50:47.941+0000] {logging_mixin.py:188} INFO - [2024-04-18T12:50:47.941+0000] {dag.py:3954} INFO - Setting next_dagrun for conditional_dataset_and_time_based_timetable to 2024-04-17 01:00:00+00:00, run_after=2024-04-17 01:00:00+00:00
[2024-04-18T12:50:47.946+0000] {logging_mixin.py:188} INFO - [2024-04-18T12:50:47.946+0000] {dag.py:3954} INFO - Setting next_dagrun for consume_1_and_2_with_dataset_expressions to None, run_after=None
[2024-04-18T12:50:47.948+0000] {logging_mixin.py:188} INFO - [2024-04-18T12:50:47.948+0000] {dag.py:3954} INFO - Setting next_dagrun for consume_1_or_2_with_dataset_expressions to None, run_after=None
[2024-04-18T12:50:47.950+0000] {logging_mixin.py:188} INFO - [2024-04-18T12:50:47.950+0000] {dag.py:3954} INFO - Setting next_dagrun for consume_1_or_both_2_and_3_with_dataset_expressions to None, run_after=None
[2024-04-18T12:50:47.952+0000] {logging_mixin.py:188} INFO - [2024-04-18T12:50:47.952+0000] {dag.py:3954} INFO - Setting next_dagrun for dataset_consumes_1 to None, run_after=None
[2024-04-18T12:50:47.954+0000] {logging_mixin.py:188} INFO - [2024-04-18T12:50:47.954+0000] {dag.py:3954} INFO - Setting next_dagrun for dataset_consumes_1_and_2 to None, run_after=None
[2024-04-18T12:50:47.956+0000] {logging_mixin.py:188} INFO - [2024-04-18T12:50:47.956+0000] {dag.py:3954} INFO - Setting next_dagrun for dataset_consumes_1_never_scheduled to None, run_after=None
[2024-04-18T12:50:47.958+0000] {logging_mixin.py:188} INFO - [2024-04-18T12:50:47.958+0000] {dag.py:3954} INFO - Setting next_dagrun for dataset_consumes_unknown_never_scheduled to None, run_after=None
[2024-04-18T12:50:47.963+0000] {logging_mixin.py:188} INFO - [2024-04-18T12:50:47.962+0000] {dag.py:3954} INFO - Setting next_dagrun for dataset_produces_1 to 2024-04-17 00:00:00+00:00, run_after=2024-04-18 00:00:00+00:00
[2024-04-18T12:50:47.965+0000] {logging_mixin.py:188} INFO - [2024-04-18T12:50:47.964+0000] {dag.py:3954} INFO - Setting next_dagrun for dataset_produces_2 to None, run_after=None
[2024-04-18T12:50:48.036+0000] {processor.py:183} INFO - Processing /home/airflow/.local/lib/python3.12/site-packages/airflow/example_dags/example_datasets.py took 0.532 seconds
[2024-04-18T12:51:18.625+0000] {processor.py:161} INFO - Started process (PID=136) to work on /home/airflow/.local/lib/python3.12/site-packages/airflow/example_dags/example_datasets.py
[2024-04-18T12:51:18.627+0000] {processor.py:830} INFO - Processing file /home/airflow/.local/lib/python3.12/site-packages/airflow/example_dags/example_datasets.py for tasks to queue
[2024-04-18T12:51:18.630+0000] {logging_mixin.py:188} INFO - [2024-04-18T12:51:18.629+0000] {dagbag.py:540} INFO - Filling up the DagBag from /home/airflow/.local/lib/python3.12/site-packages/airflow/example_dags/example_datasets.py
[2024-04-18T12:51:18.655+0000] {processor.py:840} INFO - DAG(s) 'dataset_produces_2', 'consume_1_or_both_2_and_3_with_dataset_expressions', 'consume_1_and_2_with_dataset_expressions', 'dataset_produces_1', 'consume_1_or_2_with_dataset_expressions', 'conditional_dataset_and_time_based_timetable', 'dataset_consumes_1', 'dataset_consumes_1_never_scheduled', 'dataset_consumes_unknown_never_scheduled', 'dataset_consumes_1_and_2' retrieved from /home/airflow/.local/lib/python3.12/site-packages/airflow/example_dags/example_datasets.py
[2024-04-18T12:51:18.734+0000] {logging_mixin.py:188} INFO - [2024-04-18T12:51:18.734+0000] {dag.py:3096} INFO - Sync 10 DAGs
[2024-04-18T12:51:18.779+0000] {logging_mixin.py:188} INFO - [2024-04-18T12:51:18.779+0000] {dag.py:3954} INFO - Setting next_dagrun for conditional_dataset_and_time_based_timetable to 2024-04-17 01:00:00+00:00, run_after=2024-04-17 01:00:00+00:00
[2024-04-18T12:51:18.786+0000] {logging_mixin.py:188} INFO - [2024-04-18T12:51:18.786+0000] {dag.py:3954} INFO - Setting next_dagrun for consume_1_and_2_with_dataset_expressions to None, run_after=None
[2024-04-18T12:51:18.788+0000] {logging_mixin.py:188} INFO - [2024-04-18T12:51:18.788+0000] {dag.py:3954} INFO - Setting next_dagrun for consume_1_or_2_with_dataset_expressions to None, run_after=None
[2024-04-18T12:51:18.790+0000] {logging_mixin.py:188} INFO - [2024-04-18T12:51:18.790+0000] {dag.py:3954} INFO - Setting next_dagrun for consume_1_or_both_2_and_3_with_dataset_expressions to None, run_after=None
[2024-04-18T12:51:18.792+0000] {logging_mixin.py:188} INFO - [2024-04-18T12:51:18.792+0000] {dag.py:3954} INFO - Setting next_dagrun for dataset_consumes_1 to None, run_after=None
[2024-04-18T12:51:18.794+0000] {logging_mixin.py:188} INFO - [2024-04-18T12:51:18.793+0000] {dag.py:3954} INFO - Setting next_dagrun for dataset_consumes_1_and_2 to None, run_after=None
[2024-04-18T12:51:18.796+0000] {logging_mixin.py:188} INFO - [2024-04-18T12:51:18.795+0000] {dag.py:3954} INFO - Setting next_dagrun for dataset_consumes_1_never_scheduled to None, run_after=None
[2024-04-18T12:51:18.798+0000] {logging_mixin.py:188} INFO - [2024-04-18T12:51:18.797+0000] {dag.py:3954} INFO - Setting next_dagrun for dataset_consumes_unknown_never_scheduled to None, run_after=None
[2024-04-18T12:51:18.802+0000] {logging_mixin.py:188} INFO - [2024-04-18T12:51:18.802+0000] {dag.py:3954} INFO - Setting next_dagrun for dataset_produces_1 to 2024-04-17 00:00:00+00:00, run_after=2024-04-18 00:00:00+00:00
[2024-04-18T12:51:18.804+0000] {logging_mixin.py:188} INFO - [2024-04-18T12:51:18.804+0000] {dag.py:3954} INFO - Setting next_dagrun for dataset_produces_2 to None, run_after=None
[2024-04-18T12:51:18.890+0000] {processor.py:183} INFO - Processing /home/airflow/.local/lib/python3.12/site-packages/airflow/example_dags/example_datasets.py took 0.277 seconds
[2024-04-18T12:51:49.543+0000] {processor.py:161} INFO - Started process (PID=193) to work on /home/airflow/.local/lib/python3.12/site-packages/airflow/example_dags/example_datasets.py
[2024-04-18T12:51:49.571+0000] {processor.py:830} INFO - Processing file /home/airflow/.local/lib/python3.12/site-packages/airflow/example_dags/example_datasets.py for tasks to queue
[2024-04-18T12:51:49.574+0000] {logging_mixin.py:188} INFO - [2024-04-18T12:51:49.573+0000] {dagbag.py:540} INFO - Filling up the DagBag from /home/airflow/.local/lib/python3.12/site-packages/airflow/example_dags/example_datasets.py
[2024-04-18T12:51:49.627+0000] {processor.py:840} INFO - DAG(s) 'dataset_produces_2', 'dataset_consumes_1_never_scheduled', 'consume_1_or_both_2_and_3_with_dataset_expressions', 'conditional_dataset_and_time_based_timetable', 'dataset_consumes_1', 'dataset_consumes_unknown_never_scheduled', 'dataset_produces_1', 'dataset_consumes_1_and_2', 'consume_1_and_2_with_dataset_expressions', 'consume_1_or_2_with_dataset_expressions' retrieved from /home/airflow/.local/lib/python3.12/site-packages/airflow/example_dags/example_datasets.py
[2024-04-18T12:51:49.655+0000] {logging_mixin.py:188} INFO - [2024-04-18T12:51:49.654+0000] {dag.py:3096} INFO - Sync 10 DAGs
[2024-04-18T12:51:49.700+0000] {logging_mixin.py:188} INFO - [2024-04-18T12:51:49.700+0000] {dag.py:3954} INFO - Setting next_dagrun for conditional_dataset_and_time_based_timetable to 2024-04-17 01:00:00+00:00, run_after=2024-04-17 01:00:00+00:00
[2024-04-18T12:51:49.706+0000] {logging_mixin.py:188} INFO - [2024-04-18T12:51:49.706+0000] {dag.py:3954} INFO - Setting next_dagrun for consume_1_and_2_with_dataset_expressions to None, run_after=None
[2024-04-18T12:51:49.709+0000] {logging_mixin.py:188} INFO - [2024-04-18T12:51:49.708+0000] {dag.py:3954} INFO - Setting next_dagrun for consume_1_or_2_with_dataset_expressions to None, run_after=None
[2024-04-18T12:51:49.711+0000] {logging_mixin.py:188} INFO - [2024-04-18T12:51:49.710+0000] {dag.py:3954} INFO - Setting next_dagrun for consume_1_or_both_2_and_3_with_dataset_expressions to None, run_after=None
[2024-04-18T12:51:49.713+0000] {logging_mixin.py:188} INFO - [2024-04-18T12:51:49.712+0000] {dag.py:3954} INFO - Setting next_dagrun for dataset_consumes_1 to None, run_after=None
[2024-04-18T12:51:49.715+0000] {logging_mixin.py:188} INFO - [2024-04-18T12:51:49.714+0000] {dag.py:3954} INFO - Setting next_dagrun for dataset_consumes_1_and_2 to None, run_after=None
[2024-04-18T12:51:49.717+0000] {logging_mixin.py:188} INFO - [2024-04-18T12:51:49.716+0000] {dag.py:3954} INFO - Setting next_dagrun for dataset_consumes_1_never_scheduled to None, run_after=None
[2024-04-18T12:51:49.719+0000] {logging_mixin.py:188} INFO - [2024-04-18T12:51:49.718+0000] {dag.py:3954} INFO - Setting next_dagrun for dataset_consumes_unknown_never_scheduled to None, run_after=None
[2024-04-18T12:51:49.723+0000] {logging_mixin.py:188} INFO - [2024-04-18T12:51:49.723+0000] {dag.py:3954} INFO - Setting next_dagrun for dataset_produces_1 to 2024-04-17 00:00:00+00:00, run_after=2024-04-18 00:00:00+00:00
[2024-04-18T12:51:49.725+0000] {logging_mixin.py:188} INFO - [2024-04-18T12:51:49.725+0000] {dag.py:3954} INFO - Setting next_dagrun for dataset_produces_2 to None, run_after=None
[2024-04-18T12:51:49.926+0000] {processor.py:183} INFO - Processing /home/airflow/.local/lib/python3.12/site-packages/airflow/example_dags/example_datasets.py took 0.392 seconds
[2024-04-18T12:52:20.462+0000] {processor.py:161} INFO - Started process (PID=251) to work on /home/airflow/.local/lib/python3.12/site-packages/airflow/example_dags/example_datasets.py
[2024-04-18T12:52:20.463+0000] {processor.py:830} INFO - Processing file /home/airflow/.local/lib/python3.12/site-packages/airflow/example_dags/example_datasets.py for tasks to queue
[2024-04-18T12:52:20.466+0000] {logging_mixin.py:188} INFO - [2024-04-18T12:52:20.465+0000] {dagbag.py:540} INFO - Filling up the DagBag from /home/airflow/.local/lib/python3.12/site-packages/airflow/example_dags/example_datasets.py
[2024-04-18T12:52:20.491+0000] {processor.py:840} INFO - DAG(s) 'dataset_consumes_1', 'consume_1_or_2_with_dataset_expressions', 'dataset_produces_2', 'dataset_consumes_1_never_scheduled', 'conditional_dataset_and_time_based_timetable', 'consume_1_or_both_2_and_3_with_dataset_expressions', 'consume_1_and_2_with_dataset_expressions', 'dataset_consumes_unknown_never_scheduled', 'dataset_consumes_1_and_2', 'dataset_produces_1' retrieved from /home/airflow/.local/lib/python3.12/site-packages/airflow/example_dags/example_datasets.py
[2024-04-18T12:52:20.939+0000] {logging_mixin.py:188} INFO - [2024-04-18T12:52:20.939+0000] {dag.py:3096} INFO - Sync 10 DAGs
[2024-04-18T12:52:20.989+0000] {logging_mixin.py:188} INFO - [2024-04-18T12:52:20.989+0000] {dag.py:3954} INFO - Setting next_dagrun for conditional_dataset_and_time_based_timetable to 2024-04-17 01:00:00+00:00, run_after=2024-04-17 01:00:00+00:00
[2024-04-18T12:52:20.995+0000] {logging_mixin.py:188} INFO - [2024-04-18T12:52:20.994+0000] {dag.py:3954} INFO - Setting next_dagrun for consume_1_and_2_with_dataset_expressions to None, run_after=None
[2024-04-18T12:52:20.997+0000] {logging_mixin.py:188} INFO - [2024-04-18T12:52:20.996+0000] {dag.py:3954} INFO - Setting next_dagrun for consume_1_or_2_with_dataset_expressions to None, run_after=None
[2024-04-18T12:52:20.999+0000] {logging_mixin.py:188} INFO - [2024-04-18T12:52:20.998+0000] {dag.py:3954} INFO - Setting next_dagrun for consume_1_or_both_2_and_3_with_dataset_expressions to None, run_after=None
[2024-04-18T12:52:21.001+0000] {logging_mixin.py:188} INFO - [2024-04-18T12:52:21.000+0000] {dag.py:3954} INFO - Setting next_dagrun for dataset_consumes_1 to None, run_after=None
[2024-04-18T12:52:21.003+0000] {logging_mixin.py:188} INFO - [2024-04-18T12:52:21.002+0000] {dag.py:3954} INFO - Setting next_dagrun for dataset_consumes_1_and_2 to None, run_after=None
[2024-04-18T12:52:21.004+0000] {logging_mixin.py:188} INFO - [2024-04-18T12:52:21.004+0000] {dag.py:3954} INFO - Setting next_dagrun for dataset_consumes_1_never_scheduled to None, run_after=None
[2024-04-18T12:52:21.006+0000] {logging_mixin.py:188} INFO - [2024-04-18T12:52:21.006+0000] {dag.py:3954} INFO - Setting next_dagrun for dataset_consumes_unknown_never_scheduled to None, run_after=None
[2024-04-18T12:52:21.011+0000] {logging_mixin.py:188} INFO - [2024-04-18T12:52:21.011+0000] {dag.py:3954} INFO - Setting next_dagrun for dataset_produces_1 to 2024-04-17 00:00:00+00:00, run_after=2024-04-18 00:00:00+00:00
[2024-04-18T12:52:21.013+0000] {logging_mixin.py:188} INFO - [2024-04-18T12:52:21.013+0000] {dag.py:3954} INFO - Setting next_dagrun for dataset_produces_2 to None, run_after=None
[2024-04-18T12:52:21.092+0000] {processor.py:183} INFO - Processing /home/airflow/.local/lib/python3.12/site-packages/airflow/example_dags/example_datasets.py took 0.640 seconds
[2024-04-18T12:52:51.685+0000] {processor.py:161} INFO - Started process (PID=308) to work on /home/airflow/.local/lib/python3.12/site-packages/airflow/example_dags/example_datasets.py
[2024-04-18T12:52:51.742+0000] {processor.py:830} INFO - Processing file /home/airflow/.local/lib/python3.12/site-packages/airflow/example_dags/example_datasets.py for tasks to queue
[2024-04-18T12:52:51.744+0000] {logging_mixin.py:188} INFO - [2024-04-18T12:52:51.744+0000] {dagbag.py:540} INFO - Filling up the DagBag from /home/airflow/.local/lib/python3.12/site-packages/airflow/example_dags/example_datasets.py
[2024-04-18T12:52:51.769+0000] {processor.py:840} INFO - DAG(s) 'consume_1_and_2_with_dataset_expressions', 'dataset_consumes_1_and_2', 'conditional_dataset_and_time_based_timetable', 'dataset_produces_1', 'dataset_consumes_1_never_scheduled', 'consume_1_or_2_with_dataset_expressions', 'consume_1_or_both_2_and_3_with_dataset_expressions', 'dataset_consumes_unknown_never_scheduled', 'dataset_produces_2', 'dataset_consumes_1' retrieved from /home/airflow/.local/lib/python3.12/site-packages/airflow/example_dags/example_datasets.py
[2024-04-18T12:52:51.849+0000] {logging_mixin.py:188} INFO - [2024-04-18T12:52:51.848+0000] {dag.py:3096} INFO - Sync 10 DAGs
[2024-04-18T12:52:51.893+0000] {logging_mixin.py:188} INFO - [2024-04-18T12:52:51.892+0000] {dag.py:3954} INFO - Setting next_dagrun for conditional_dataset_and_time_based_timetable to 2024-04-17 01:00:00+00:00, run_after=2024-04-17 01:00:00+00:00
[2024-04-18T12:52:51.899+0000] {logging_mixin.py:188} INFO - [2024-04-18T12:52:51.899+0000] {dag.py:3954} INFO - Setting next_dagrun for consume_1_and_2_with_dataset_expressions to None, run_after=None
[2024-04-18T12:52:51.902+0000] {logging_mixin.py:188} INFO - [2024-04-18T12:52:51.901+0000] {dag.py:3954} INFO - Setting next_dagrun for consume_1_or_2_with_dataset_expressions to None, run_after=None
[2024-04-18T12:52:51.904+0000] {logging_mixin.py:188} INFO - [2024-04-18T12:52:51.903+0000] {dag.py:3954} INFO - Setting next_dagrun for consume_1_or_both_2_and_3_with_dataset_expressions to None, run_after=None
[2024-04-18T12:52:51.906+0000] {logging_mixin.py:188} INFO - [2024-04-18T12:52:51.906+0000] {dag.py:3954} INFO - Setting next_dagrun for dataset_consumes_1 to None, run_after=None
[2024-04-18T12:52:51.908+0000] {logging_mixin.py:188} INFO - [2024-04-18T12:52:51.908+0000] {dag.py:3954} INFO - Setting next_dagrun for dataset_consumes_1_and_2 to None, run_after=None
[2024-04-18T12:52:51.910+0000] {logging_mixin.py:188} INFO - [2024-04-18T12:52:51.910+0000] {dag.py:3954} INFO - Setting next_dagrun for dataset_consumes_1_never_scheduled to None, run_after=None
[2024-04-18T12:52:51.912+0000] {logging_mixin.py:188} INFO - [2024-04-18T12:52:51.912+0000] {dag.py:3954} INFO - Setting next_dagrun for dataset_consumes_unknown_never_scheduled to None, run_after=None
[2024-04-18T12:52:51.917+0000] {logging_mixin.py:188} INFO - [2024-04-18T12:52:51.916+0000] {dag.py:3954} INFO - Setting next_dagrun for dataset_produces_1 to 2024-04-17 00:00:00+00:00, run_after=2024-04-18 00:00:00+00:00
[2024-04-18T12:52:51.920+0000] {logging_mixin.py:188} INFO - [2024-04-18T12:52:51.919+0000] {dag.py:3954} INFO - Setting next_dagrun for dataset_produces_2 to None, run_after=None
[2024-04-18T12:52:52.011+0000] {processor.py:183} INFO - Processing /home/airflow/.local/lib/python3.12/site-packages/airflow/example_dags/example_datasets.py took 0.335 seconds
[2024-04-18T12:53:22.147+0000] {processor.py:161} INFO - Started process (PID=366) to work on /home/airflow/.local/lib/python3.12/site-packages/airflow/example_dags/example_datasets.py
[2024-04-18T12:53:22.162+0000] {processor.py:830} INFO - Processing file /home/airflow/.local/lib/python3.12/site-packages/airflow/example_dags/example_datasets.py for tasks to queue
[2024-04-18T12:53:22.165+0000] {logging_mixin.py:188} INFO - [2024-04-18T12:53:22.164+0000] {dagbag.py:540} INFO - Filling up the DagBag from /home/airflow/.local/lib/python3.12/site-packages/airflow/example_dags/example_datasets.py
[2024-04-18T12:53:22.188+0000] {processor.py:840} INFO - DAG(s) 'dataset_consumes_1_never_scheduled', 'dataset_produces_1', 'dataset_consumes_unknown_never_scheduled', 'dataset_consumes_1_and_2', 'consume_1_and_2_with_dataset_expressions', 'consume_1_or_both_2_and_3_with_dataset_expressions', 'conditional_dataset_and_time_based_timetable', 'dataset_consumes_1', 'consume_1_or_2_with_dataset_expressions', 'dataset_produces_2' retrieved from /home/airflow/.local/lib/python3.12/site-packages/airflow/example_dags/example_datasets.py
[2024-04-18T12:53:22.266+0000] {logging_mixin.py:188} INFO - [2024-04-18T12:53:22.265+0000] {dag.py:3096} INFO - Sync 10 DAGs
[2024-04-18T12:53:22.309+0000] {logging_mixin.py:188} INFO - [2024-04-18T12:53:22.309+0000] {dag.py:3954} INFO - Setting next_dagrun for conditional_dataset_and_time_based_timetable to 2024-04-17 01:00:00+00:00, run_after=2024-04-17 01:00:00+00:00
[2024-04-18T12:53:22.317+0000] {logging_mixin.py:188} INFO - [2024-04-18T12:53:22.317+0000] {dag.py:3954} INFO - Setting next_dagrun for consume_1_and_2_with_dataset_expressions to None, run_after=None
[2024-04-18T12:53:22.320+0000] {logging_mixin.py:188} INFO - [2024-04-18T12:53:22.319+0000] {dag.py:3954} INFO - Setting next_dagrun for consume_1_or_2_with_dataset_expressions to None, run_after=None
[2024-04-18T12:53:22.322+0000] {logging_mixin.py:188} INFO - [2024-04-18T12:53:22.321+0000] {dag.py:3954} INFO - Setting next_dagrun for consume_1_or_both_2_and_3_with_dataset_expressions to None, run_after=None
[2024-04-18T12:53:22.324+0000] {logging_mixin.py:188} INFO - [2024-04-18T12:53:22.323+0000] {dag.py:3954} INFO - Setting next_dagrun for dataset_consumes_1 to None, run_after=None
[2024-04-18T12:53:22.326+0000] {logging_mixin.py:188} INFO - [2024-04-18T12:53:22.325+0000] {dag.py:3954} INFO - Setting next_dagrun for dataset_consumes_1_and_2 to None, run_after=None
[2024-04-18T12:53:22.328+0000] {logging_mixin.py:188} INFO - [2024-04-18T12:53:22.328+0000] {dag.py:3954} INFO - Setting next_dagrun for dataset_consumes_1_never_scheduled to None, run_after=None
[2024-04-18T12:53:22.330+0000] {logging_mixin.py:188} INFO - [2024-04-18T12:53:22.330+0000] {dag.py:3954} INFO - Setting next_dagrun for dataset_consumes_unknown_never_scheduled to None, run_after=None
[2024-04-18T12:53:22.335+0000] {logging_mixin.py:188} INFO - [2024-04-18T12:53:22.334+0000] {dag.py:3954} INFO - Setting next_dagrun for dataset_produces_1 to 2024-04-17 00:00:00+00:00, run_after=2024-04-18 00:00:00+00:00
[2024-04-18T12:53:22.337+0000] {logging_mixin.py:188} INFO - [2024-04-18T12:53:22.336+0000] {dag.py:3954} INFO - Setting next_dagrun for dataset_produces_2 to None, run_after=None
[2024-04-18T12:53:22.393+0000] {processor.py:183} INFO - Processing /home/airflow/.local/lib/python3.12/site-packages/airflow/example_dags/example_datasets.py took 0.256 seconds
[2024-04-18T12:53:52.574+0000] {processor.py:161} INFO - Started process (PID=423) to work on /home/airflow/.local/lib/python3.12/site-packages/airflow/example_dags/example_datasets.py
[2024-04-18T12:53:52.575+0000] {processor.py:830} INFO - Processing file /home/airflow/.local/lib/python3.12/site-packages/airflow/example_dags/example_datasets.py for tasks to queue
[2024-04-18T12:53:52.578+0000] {logging_mixin.py:188} INFO - [2024-04-18T12:53:52.578+0000] {dagbag.py:540} INFO - Filling up the DagBag from /home/airflow/.local/lib/python3.12/site-packages/airflow/example_dags/example_datasets.py
[2024-04-18T12:53:52.605+0000] {processor.py:840} INFO - DAG(s) 'dataset_consumes_1_never_scheduled', 'consume_1_or_2_with_dataset_expressions', 'consume_1_and_2_with_dataset_expressions', 'dataset_produces_2', 'dataset_consumes_unknown_never_scheduled', 'dataset_consumes_1', 'consume_1_or_both_2_and_3_with_dataset_expressions', 'conditional_dataset_and_time_based_timetable', 'dataset_consumes_1_and_2', 'dataset_produces_1' retrieved from /home/airflow/.local/lib/python3.12/site-packages/airflow/example_dags/example_datasets.py
[2024-04-18T12:53:52.682+0000] {logging_mixin.py:188} INFO - [2024-04-18T12:53:52.682+0000] {dag.py:3096} INFO - Sync 10 DAGs
[2024-04-18T12:53:52.725+0000] {logging_mixin.py:188} INFO - [2024-04-18T12:53:52.724+0000] {dag.py:3954} INFO - Setting next_dagrun for conditional_dataset_and_time_based_timetable to 2024-04-17 01:00:00+00:00, run_after=2024-04-17 01:00:00+00:00
[2024-04-18T12:53:52.732+0000] {logging_mixin.py:188} INFO - [2024-04-18T12:53:52.731+0000] {dag.py:3954} INFO - Setting next_dagrun for consume_1_and_2_with_dataset_expressions to None, run_after=None
[2024-04-18T12:53:52.734+0000] {logging_mixin.py:188} INFO - [2024-04-18T12:53:52.733+0000] {dag.py:3954} INFO - Setting next_dagrun for consume_1_or_2_with_dataset_expressions to None, run_after=None
[2024-04-18T12:53:52.736+0000] {logging_mixin.py:188} INFO - [2024-04-18T12:53:52.735+0000] {dag.py:3954} INFO - Setting next_dagrun for consume_1_or_both_2_and_3_with_dataset_expressions to None, run_after=None
[2024-04-18T12:53:52.737+0000] {logging_mixin.py:188} INFO - [2024-04-18T12:53:52.737+0000] {dag.py:3954} INFO - Setting next_dagrun for dataset_consumes_1 to None, run_after=None
[2024-04-18T12:53:52.739+0000] {logging_mixin.py:188} INFO - [2024-04-18T12:53:52.739+0000] {dag.py:3954} INFO - Setting next_dagrun for dataset_consumes_1_and_2 to None, run_after=None
[2024-04-18T12:53:52.741+0000] {logging_mixin.py:188} INFO - [2024-04-18T12:53:52.741+0000] {dag.py:3954} INFO - Setting next_dagrun for dataset_consumes_1_never_scheduled to None, run_after=None
[2024-04-18T12:53:52.743+0000] {logging_mixin.py:188} INFO - [2024-04-18T12:53:52.743+0000] {dag.py:3954} INFO - Setting next_dagrun for dataset_consumes_unknown_never_scheduled to None, run_after=None
[2024-04-18T12:53:52.748+0000] {logging_mixin.py:188} INFO - [2024-04-18T12:53:52.748+0000] {dag.py:3954} INFO - Setting next_dagrun for dataset_produces_1 to 2024-04-17 00:00:00+00:00, run_after=2024-04-18 00:00:00+00:00
[2024-04-18T12:53:52.750+0000] {logging_mixin.py:188} INFO - [2024-04-18T12:53:52.750+0000] {dag.py:3954} INFO - Setting next_dagrun for dataset_produces_2 to None, run_after=None
[2024-04-18T12:53:52.824+0000] {processor.py:183} INFO - Processing /home/airflow/.local/lib/python3.12/site-packages/airflow/example_dags/example_datasets.py took 0.262 seconds
[2024-04-18T12:54:23.305+0000] {processor.py:161} INFO - Started process (PID=480) to work on /home/airflow/.local/lib/python3.12/site-packages/airflow/example_dags/example_datasets.py
[2024-04-18T12:54:23.307+0000] {processor.py:830} INFO - Processing file /home/airflow/.local/lib/python3.12/site-packages/airflow/example_dags/example_datasets.py for tasks to queue
[2024-04-18T12:54:23.309+0000] {logging_mixin.py:188} INFO - [2024-04-18T12:54:23.309+0000] {dagbag.py:540} INFO - Filling up the DagBag from /home/airflow/.local/lib/python3.12/site-packages/airflow/example_dags/example_datasets.py
[2024-04-18T12:54:23.335+0000] {processor.py:840} INFO - DAG(s) 'consume_1_and_2_with_dataset_expressions', 'dataset_consumes_1_never_scheduled', 'dataset_consumes_1_and_2', 'consume_1_or_2_with_dataset_expressions', 'conditional_dataset_and_time_based_timetable', 'dataset_produces_1', 'dataset_consumes_unknown_never_scheduled', 'dataset_consumes_1', 'consume_1_or_both_2_and_3_with_dataset_expressions', 'dataset_produces_2' retrieved from /home/airflow/.local/lib/python3.12/site-packages/airflow/example_dags/example_datasets.py
[2024-04-18T12:54:23.418+0000] {logging_mixin.py:188} INFO - [2024-04-18T12:54:23.418+0000] {dag.py:3096} INFO - Sync 10 DAGs
[2024-04-18T12:54:23.464+0000] {logging_mixin.py:188} INFO - [2024-04-18T12:54:23.463+0000] {dag.py:3954} INFO - Setting next_dagrun for conditional_dataset_and_time_based_timetable to 2024-04-17 01:00:00+00:00, run_after=2024-04-17 01:00:00+00:00
[2024-04-18T12:54:23.471+0000] {logging_mixin.py:188} INFO - [2024-04-18T12:54:23.471+0000] {dag.py:3954} INFO - Setting next_dagrun for consume_1_and_2_with_dataset_expressions to None, run_after=None
[2024-04-18T12:54:23.473+0000] {logging_mixin.py:188} INFO - [2024-04-18T12:54:23.473+0000] {dag.py:3954} INFO - Setting next_dagrun for consume_1_or_2_with_dataset_expressions to None, run_after=None
[2024-04-18T12:54:23.475+0000] {logging_mixin.py:188} INFO - [2024-04-18T12:54:23.475+0000] {dag.py:3954} INFO - Setting next_dagrun for consume_1_or_both_2_and_3_with_dataset_expressions to None, run_after=None
[2024-04-18T12:54:23.477+0000] {logging_mixin.py:188} INFO - [2024-04-18T12:54:23.477+0000] {dag.py:3954} INFO - Setting next_dagrun for dataset_consumes_1 to None, run_after=None
[2024-04-18T12:54:23.479+0000] {logging_mixin.py:188} INFO - [2024-04-18T12:54:23.479+0000] {dag.py:3954} INFO - Setting next_dagrun for dataset_consumes_1_and_2 to None, run_after=None
[2024-04-18T12:54:23.481+0000] {logging_mixin.py:188} INFO - [2024-04-18T12:54:23.481+0000] {dag.py:3954} INFO - Setting next_dagrun for dataset_consumes_1_never_scheduled to None, run_after=None
[2024-04-18T12:54:23.483+0000] {logging_mixin.py:188} INFO - [2024-04-18T12:54:23.483+0000] {dag.py:3954} INFO - Setting next_dagrun for dataset_consumes_unknown_never_scheduled to None, run_after=None
[2024-04-18T12:54:23.488+0000] {logging_mixin.py:188} INFO - [2024-04-18T12:54:23.487+0000] {dag.py:3954} INFO - Setting next_dagrun for dataset_produces_1 to 2024-04-17 00:00:00+00:00, run_after=2024-04-18 00:00:00+00:00
[2024-04-18T12:54:23.490+0000] {logging_mixin.py:188} INFO - [2024-04-18T12:54:23.489+0000] {dag.py:3954} INFO - Setting next_dagrun for dataset_produces_2 to None, run_after=None
[2024-04-18T12:54:23.555+0000] {processor.py:183} INFO - Processing /home/airflow/.local/lib/python3.12/site-packages/airflow/example_dags/example_datasets.py took 0.260 seconds
[2024-04-18T12:54:53.734+0000] {processor.py:161} INFO - Started process (PID=538) to work on /home/airflow/.local/lib/python3.12/site-packages/airflow/example_dags/example_datasets.py
[2024-04-18T12:54:53.735+0000] {processor.py:830} INFO - Processing file /home/airflow/.local/lib/python3.12/site-packages/airflow/example_dags/example_datasets.py for tasks to queue
[2024-04-18T12:54:53.738+0000] {logging_mixin.py:188} INFO - [2024-04-18T12:54:53.738+0000] {dagbag.py:540} INFO - Filling up the DagBag from /home/airflow/.local/lib/python3.12/site-packages/airflow/example_dags/example_datasets.py
[2024-04-18T12:54:53.764+0000] {processor.py:840} INFO - DAG(s) 'dataset_consumes_1_and_2', 'dataset_produces_1', 'conditional_dataset_and_time_based_timetable', 'consume_1_or_2_with_dataset_expressions', 'dataset_produces_2', 'dataset_consumes_1', 'dataset_consumes_unknown_never_scheduled', 'dataset_consumes_1_never_scheduled', 'consume_1_or_both_2_and_3_with_dataset_expressions', 'consume_1_and_2_with_dataset_expressions' retrieved from /home/airflow/.local/lib/python3.12/site-packages/airflow/example_dags/example_datasets.py
[2024-04-18T12:54:53.843+0000] {logging_mixin.py:188} INFO - [2024-04-18T12:54:53.842+0000] {dag.py:3096} INFO - Sync 10 DAGs
[2024-04-18T12:54:53.885+0000] {logging_mixin.py:188} INFO - [2024-04-18T12:54:53.885+0000] {dag.py:3954} INFO - Setting next_dagrun for conditional_dataset_and_time_based_timetable to 2024-04-17 01:00:00+00:00, run_after=2024-04-17 01:00:00+00:00
[2024-04-18T12:54:53.893+0000] {logging_mixin.py:188} INFO - [2024-04-18T12:54:53.892+0000] {dag.py:3954} INFO - Setting next_dagrun for consume_1_and_2_with_dataset_expressions to None, run_after=None
[2024-04-18T12:54:53.895+0000] {logging_mixin.py:188} INFO - [2024-04-18T12:54:53.894+0000] {dag.py:3954} INFO - Setting next_dagrun for consume_1_or_2_with_dataset_expressions to None, run_after=None
[2024-04-18T12:54:53.897+0000] {logging_mixin.py:188} INFO - [2024-04-18T12:54:53.896+0000] {dag.py:3954} INFO - Setting next_dagrun for consume_1_or_both_2_and_3_with_dataset_expressions to None, run_after=None
[2024-04-18T12:54:53.899+0000] {logging_mixin.py:188} INFO - [2024-04-18T12:54:53.898+0000] {dag.py:3954} INFO - Setting next_dagrun for dataset_consumes_1 to None, run_after=None
[2024-04-18T12:54:53.901+0000] {logging_mixin.py:188} INFO - [2024-04-18T12:54:53.900+0000] {dag.py:3954} INFO - Setting next_dagrun for dataset_consumes_1_and_2 to None, run_after=None
[2024-04-18T12:54:53.903+0000] {logging_mixin.py:188} INFO - [2024-04-18T12:54:53.902+0000] {dag.py:3954} INFO - Setting next_dagrun for dataset_consumes_1_never_scheduled to None, run_after=None
[2024-04-18T12:54:53.905+0000] {logging_mixin.py:188} INFO - [2024-04-18T12:54:53.904+0000] {dag.py:3954} INFO - Setting next_dagrun for dataset_consumes_unknown_never_scheduled to None, run_after=None
[2024-04-18T12:54:53.909+0000] {logging_mixin.py:188} INFO - [2024-04-18T12:54:53.909+0000] {dag.py:3954} INFO - Setting next_dagrun for dataset_produces_1 to 2024-04-17 00:00:00+00:00, run_after=2024-04-18 00:00:00+00:00
[2024-04-18T12:54:53.911+0000] {logging_mixin.py:188} INFO - [2024-04-18T12:54:53.911+0000] {dag.py:3954} INFO - Setting next_dagrun for dataset_produces_2 to None, run_after=None
[2024-04-18T12:54:53.968+0000] {processor.py:183} INFO - Processing /home/airflow/.local/lib/python3.12/site-packages/airflow/example_dags/example_datasets.py took 0.246 seconds
[2024-04-18T12:55:24.347+0000] {processor.py:161} INFO - Started process (PID=596) to work on /home/airflow/.local/lib/python3.12/site-packages/airflow/example_dags/example_datasets.py
[2024-04-18T12:55:24.348+0000] {processor.py:830} INFO - Processing file /home/airflow/.local/lib/python3.12/site-packages/airflow/example_dags/example_datasets.py for tasks to queue
[2024-04-18T12:55:24.351+0000] {logging_mixin.py:188} INFO - [2024-04-18T12:55:24.350+0000] {dagbag.py:540} INFO - Filling up the DagBag from /home/airflow/.local/lib/python3.12/site-packages/airflow/example_dags/example_datasets.py
[2024-04-18T12:55:24.393+0000] {processor.py:840} INFO - DAG(s) 'dataset_produces_2', 'consume_1_and_2_with_dataset_expressions', 'dataset_consumes_1_never_scheduled', 'dataset_consumes_1_and_2', 'dataset_produces_1', 'conditional_dataset_and_time_based_timetable', 'consume_1_or_both_2_and_3_with_dataset_expressions', 'consume_1_or_2_with_dataset_expressions', 'dataset_consumes_unknown_never_scheduled', 'dataset_consumes_1' retrieved from /home/airflow/.local/lib/python3.12/site-packages/airflow/example_dags/example_datasets.py
[2024-04-18T12:55:24.576+0000] {logging_mixin.py:188} INFO - [2024-04-18T12:55:24.576+0000] {dag.py:3096} INFO - Sync 10 DAGs
[2024-04-18T12:55:24.626+0000] {logging_mixin.py:188} INFO - [2024-04-18T12:55:24.625+0000] {dag.py:3954} INFO - Setting next_dagrun for conditional_dataset_and_time_based_timetable to 2024-04-17 01:00:00+00:00, run_after=2024-04-17 01:00:00+00:00
[2024-04-18T12:55:24.633+0000] {logging_mixin.py:188} INFO - [2024-04-18T12:55:24.632+0000] {dag.py:3954} INFO - Setting next_dagrun for consume_1_and_2_with_dataset_expressions to None, run_after=None
[2024-04-18T12:55:24.636+0000] {logging_mixin.py:188} INFO - [2024-04-18T12:55:24.635+0000] {dag.py:3954} INFO - Setting next_dagrun for consume_1_or_2_with_dataset_expressions to None, run_after=None
[2024-04-18T12:55:24.640+0000] {logging_mixin.py:188} INFO - [2024-04-18T12:55:24.640+0000] {dag.py:3954} INFO - Setting next_dagrun for consume_1_or_both_2_and_3_with_dataset_expressions to None, run_after=None
[2024-04-18T12:55:24.642+0000] {logging_mixin.py:188} INFO - [2024-04-18T12:55:24.642+0000] {dag.py:3954} INFO - Setting next_dagrun for dataset_consumes_1 to None, run_after=None
[2024-04-18T12:55:24.644+0000] {logging_mixin.py:188} INFO - [2024-04-18T12:55:24.644+0000] {dag.py:3954} INFO - Setting next_dagrun for dataset_consumes_1_and_2 to None, run_after=None
[2024-04-18T12:55:24.646+0000] {logging_mixin.py:188} INFO - [2024-04-18T12:55:24.646+0000] {dag.py:3954} INFO - Setting next_dagrun for dataset_consumes_1_never_scheduled to None, run_after=None
[2024-04-18T12:55:24.648+0000] {logging_mixin.py:188} INFO - [2024-04-18T12:55:24.648+0000] {dag.py:3954} INFO - Setting next_dagrun for dataset_consumes_unknown_never_scheduled to None, run_after=None
[2024-04-18T12:55:24.652+0000] {logging_mixin.py:188} INFO - [2024-04-18T12:55:24.652+0000] {dag.py:3954} INFO - Setting next_dagrun for dataset_produces_1 to 2024-04-17 00:00:00+00:00, run_after=2024-04-18 00:00:00+00:00
[2024-04-18T12:55:24.697+0000] {logging_mixin.py:188} INFO - [2024-04-18T12:55:24.696+0000] {dag.py:3954} INFO - Setting next_dagrun for dataset_produces_2 to None, run_after=None
[2024-04-18T12:55:24.900+0000] {processor.py:183} INFO - Processing /home/airflow/.local/lib/python3.12/site-packages/airflow/example_dags/example_datasets.py took 0.564 seconds
[2024-04-18T12:55:54.967+0000] {processor.py:161} INFO - Started process (PID=654) to work on /home/airflow/.local/lib/python3.12/site-packages/airflow/example_dags/example_datasets.py
[2024-04-18T12:55:54.972+0000] {processor.py:830} INFO - Processing file /home/airflow/.local/lib/python3.12/site-packages/airflow/example_dags/example_datasets.py for tasks to queue
[2024-04-18T12:55:54.975+0000] {logging_mixin.py:188} INFO - [2024-04-18T12:55:54.975+0000] {dagbag.py:540} INFO - Filling up the DagBag from /home/airflow/.local/lib/python3.12/site-packages/airflow/example_dags/example_datasets.py
[2024-04-18T12:55:54.999+0000] {processor.py:840} INFO - DAG(s) 'dataset_produces_2', 'dataset_consumes_1_and_2', 'dataset_consumes_1', 'consume_1_or_both_2_and_3_with_dataset_expressions', 'dataset_produces_1', 'dataset_consumes_1_never_scheduled', 'dataset_consumes_unknown_never_scheduled', 'consume_1_or_2_with_dataset_expressions', 'conditional_dataset_and_time_based_timetable', 'consume_1_and_2_with_dataset_expressions' retrieved from /home/airflow/.local/lib/python3.12/site-packages/airflow/example_dags/example_datasets.py
[2024-04-18T12:55:55.080+0000] {logging_mixin.py:188} INFO - [2024-04-18T12:55:55.079+0000] {dag.py:3096} INFO - Sync 10 DAGs
[2024-04-18T12:55:55.127+0000] {logging_mixin.py:188} INFO - [2024-04-18T12:55:55.126+0000] {dag.py:3954} INFO - Setting next_dagrun for conditional_dataset_and_time_based_timetable to 2024-04-17 01:00:00+00:00, run_after=2024-04-17 01:00:00+00:00
[2024-04-18T12:55:55.134+0000] {logging_mixin.py:188} INFO - [2024-04-18T12:55:55.134+0000] {dag.py:3954} INFO - Setting next_dagrun for consume_1_and_2_with_dataset_expressions to None, run_after=None
[2024-04-18T12:55:55.136+0000] {logging_mixin.py:188} INFO - [2024-04-18T12:55:55.136+0000] {dag.py:3954} INFO - Setting next_dagrun for consume_1_or_2_with_dataset_expressions to None, run_after=None
[2024-04-18T12:55:55.138+0000] {logging_mixin.py:188} INFO - [2024-04-18T12:55:55.138+0000] {dag.py:3954} INFO - Setting next_dagrun for consume_1_or_both_2_and_3_with_dataset_expressions to None, run_after=None
[2024-04-18T12:55:55.141+0000] {logging_mixin.py:188} INFO - [2024-04-18T12:55:55.140+0000] {dag.py:3954} INFO - Setting next_dagrun for dataset_consumes_1 to None, run_after=None
[2024-04-18T12:55:55.143+0000] {logging_mixin.py:188} INFO - [2024-04-18T12:55:55.142+0000] {dag.py:3954} INFO - Setting next_dagrun for dataset_consumes_1_and_2 to None, run_after=None
[2024-04-18T12:55:55.145+0000] {logging_mixin.py:188} INFO - [2024-04-18T12:55:55.144+0000] {dag.py:3954} INFO - Setting next_dagrun for dataset_consumes_1_never_scheduled to None, run_after=None
[2024-04-18T12:55:55.147+0000] {logging_mixin.py:188} INFO - [2024-04-18T12:55:55.146+0000] {dag.py:3954} INFO - Setting next_dagrun for dataset_consumes_unknown_never_scheduled to None, run_after=None
[2024-04-18T12:55:55.153+0000] {logging_mixin.py:188} INFO - [2024-04-18T12:55:55.152+0000] {dag.py:3954} INFO - Setting next_dagrun for dataset_produces_1 to 2024-04-17 00:00:00+00:00, run_after=2024-04-18 00:00:00+00:00
[2024-04-18T12:55:55.154+0000] {logging_mixin.py:188} INFO - [2024-04-18T12:55:55.154+0000] {dag.py:3954} INFO - Setting next_dagrun for dataset_produces_2 to None, run_after=None
[2024-04-18T12:55:55.235+0000] {processor.py:183} INFO - Processing /home/airflow/.local/lib/python3.12/site-packages/airflow/example_dags/example_datasets.py took 0.277 seconds
[2024-04-18T12:56:25.397+0000] {processor.py:161} INFO - Started process (PID=711) to work on /home/airflow/.local/lib/python3.12/site-packages/airflow/example_dags/example_datasets.py
[2024-04-18T12:56:25.398+0000] {processor.py:830} INFO - Processing file /home/airflow/.local/lib/python3.12/site-packages/airflow/example_dags/example_datasets.py for tasks to queue
[2024-04-18T12:56:25.401+0000] {logging_mixin.py:188} INFO - [2024-04-18T12:56:25.400+0000] {dagbag.py:540} INFO - Filling up the DagBag from /home/airflow/.local/lib/python3.12/site-packages/airflow/example_dags/example_datasets.py
[2024-04-18T12:56:25.425+0000] {processor.py:840} INFO - DAG(s) 'dataset_consumes_1', 'dataset_consumes_1_and_2', 'dataset_consumes_unknown_never_scheduled', 'consume_1_and_2_with_dataset_expressions', 'conditional_dataset_and_time_based_timetable', 'dataset_consumes_1_never_scheduled', 'dataset_produces_2', 'consume_1_or_2_with_dataset_expressions', 'consume_1_or_both_2_and_3_with_dataset_expressions', 'dataset_produces_1' retrieved from /home/airflow/.local/lib/python3.12/site-packages/airflow/example_dags/example_datasets.py
[2024-04-18T12:56:25.502+0000] {logging_mixin.py:188} INFO - [2024-04-18T12:56:25.502+0000] {dag.py:3096} INFO - Sync 10 DAGs
[2024-04-18T12:56:25.559+0000] {logging_mixin.py:188} INFO - [2024-04-18T12:56:25.559+0000] {dag.py:3954} INFO - Setting next_dagrun for conditional_dataset_and_time_based_timetable to 2024-04-17 01:00:00+00:00, run_after=2024-04-17 01:00:00+00:00
[2024-04-18T12:56:25.567+0000] {logging_mixin.py:188} INFO - [2024-04-18T12:56:25.567+0000] {dag.py:3954} INFO - Setting next_dagrun for consume_1_and_2_with_dataset_expressions to None, run_after=None
[2024-04-18T12:56:25.576+0000] {logging_mixin.py:188} INFO - [2024-04-18T12:56:25.575+0000] {dag.py:3954} INFO - Setting next_dagrun for consume_1_or_2_with_dataset_expressions to None, run_after=None
[2024-04-18T12:56:25.578+0000] {logging_mixin.py:188} INFO - [2024-04-18T12:56:25.577+0000] {dag.py:3954} INFO - Setting next_dagrun for consume_1_or_both_2_and_3_with_dataset_expressions to None, run_after=None
[2024-04-18T12:56:25.580+0000] {logging_mixin.py:188} INFO - [2024-04-18T12:56:25.579+0000] {dag.py:3954} INFO - Setting next_dagrun for dataset_consumes_1 to None, run_after=None
[2024-04-18T12:56:25.581+0000] {logging_mixin.py:188} INFO - [2024-04-18T12:56:25.581+0000] {dag.py:3954} INFO - Setting next_dagrun for dataset_consumes_1_and_2 to None, run_after=None
[2024-04-18T12:56:25.583+0000] {logging_mixin.py:188} INFO - [2024-04-18T12:56:25.583+0000] {dag.py:3954} INFO - Setting next_dagrun for dataset_consumes_1_never_scheduled to None, run_after=None
[2024-04-18T12:56:25.585+0000] {logging_mixin.py:188} INFO - [2024-04-18T12:56:25.585+0000] {dag.py:3954} INFO - Setting next_dagrun for dataset_consumes_unknown_never_scheduled to None, run_after=None
[2024-04-18T12:56:25.590+0000] {logging_mixin.py:188} INFO - [2024-04-18T12:56:25.589+0000] {dag.py:3954} INFO - Setting next_dagrun for dataset_produces_1 to 2024-04-17 00:00:00+00:00, run_after=2024-04-18 00:00:00+00:00
[2024-04-18T12:56:25.592+0000] {logging_mixin.py:188} INFO - [2024-04-18T12:56:25.591+0000] {dag.py:3954} INFO - Setting next_dagrun for dataset_produces_2 to None, run_after=None
[2024-04-18T12:56:25.731+0000] {processor.py:183} INFO - Processing /home/airflow/.local/lib/python3.12/site-packages/airflow/example_dags/example_datasets.py took 0.343 seconds
[2024-04-18T12:56:56.341+0000] {processor.py:161} INFO - Started process (PID=769) to work on /home/airflow/.local/lib/python3.12/site-packages/airflow/example_dags/example_datasets.py
[2024-04-18T12:56:56.342+0000] {processor.py:830} INFO - Processing file /home/airflow/.local/lib/python3.12/site-packages/airflow/example_dags/example_datasets.py for tasks to queue
[2024-04-18T12:56:56.345+0000] {logging_mixin.py:188} INFO - [2024-04-18T12:56:56.345+0000] {dagbag.py:540} INFO - Filling up the DagBag from /home/airflow/.local/lib/python3.12/site-packages/airflow/example_dags/example_datasets.py
[2024-04-18T12:56:56.372+0000] {processor.py:840} INFO - DAG(s) 'conditional_dataset_and_time_based_timetable', 'consume_1_or_2_with_dataset_expressions', 'dataset_produces_2', 'dataset_consumes_unknown_never_scheduled', 'dataset_produces_1', 'consume_1_or_both_2_and_3_with_dataset_expressions', 'dataset_consumes_1_never_scheduled', 'dataset_consumes_1', 'consume_1_and_2_with_dataset_expressions', 'dataset_consumes_1_and_2' retrieved from /home/airflow/.local/lib/python3.12/site-packages/airflow/example_dags/example_datasets.py
[2024-04-18T12:56:56.472+0000] {logging_mixin.py:188} INFO - [2024-04-18T12:56:56.472+0000] {dag.py:3096} INFO - Sync 10 DAGs
[2024-04-18T12:56:56.517+0000] {logging_mixin.py:188} INFO - [2024-04-18T12:56:56.516+0000] {dag.py:3954} INFO - Setting next_dagrun for conditional_dataset_and_time_based_timetable to 2024-04-17 01:00:00+00:00, run_after=2024-04-17 01:00:00+00:00
[2024-04-18T12:56:56.524+0000] {logging_mixin.py:188} INFO - [2024-04-18T12:56:56.523+0000] {dag.py:3954} INFO - Setting next_dagrun for consume_1_and_2_with_dataset_expressions to None, run_after=None
[2024-04-18T12:56:56.526+0000] {logging_mixin.py:188} INFO - [2024-04-18T12:56:56.525+0000] {dag.py:3954} INFO - Setting next_dagrun for consume_1_or_2_with_dataset_expressions to None, run_after=None
[2024-04-18T12:56:56.528+0000] {logging_mixin.py:188} INFO - [2024-04-18T12:56:56.527+0000] {dag.py:3954} INFO - Setting next_dagrun for consume_1_or_both_2_and_3_with_dataset_expressions to None, run_after=None
[2024-04-18T12:56:56.529+0000] {logging_mixin.py:188} INFO - [2024-04-18T12:56:56.529+0000] {dag.py:3954} INFO - Setting next_dagrun for dataset_consumes_1 to None, run_after=None
[2024-04-18T12:56:56.531+0000] {logging_mixin.py:188} INFO - [2024-04-18T12:56:56.531+0000] {dag.py:3954} INFO - Setting next_dagrun for dataset_consumes_1_and_2 to None, run_after=None
[2024-04-18T12:56:56.533+0000] {logging_mixin.py:188} INFO - [2024-04-18T12:56:56.533+0000] {dag.py:3954} INFO - Setting next_dagrun for dataset_consumes_1_never_scheduled to None, run_after=None
[2024-04-18T12:56:56.535+0000] {logging_mixin.py:188} INFO - [2024-04-18T12:56:56.535+0000] {dag.py:3954} INFO - Setting next_dagrun for dataset_consumes_unknown_never_scheduled to None, run_after=None
[2024-04-18T12:56:56.540+0000] {logging_mixin.py:188} INFO - [2024-04-18T12:56:56.539+0000] {dag.py:3954} INFO - Setting next_dagrun for dataset_produces_1 to 2024-04-17 00:00:00+00:00, run_after=2024-04-18 00:00:00+00:00
[2024-04-18T12:56:56.542+0000] {logging_mixin.py:188} INFO - [2024-04-18T12:56:56.541+0000] {dag.py:3954} INFO - Setting next_dagrun for dataset_produces_2 to None, run_after=None
[2024-04-18T12:56:56.685+0000] {processor.py:183} INFO - Processing /home/airflow/.local/lib/python3.12/site-packages/airflow/example_dags/example_datasets.py took 0.355 seconds
[2024-04-18T12:57:27.025+0000] {processor.py:161} INFO - Started process (PID=827) to work on /home/airflow/.local/lib/python3.12/site-packages/airflow/example_dags/example_datasets.py
[2024-04-18T12:57:27.066+0000] {processor.py:830} INFO - Processing file /home/airflow/.local/lib/python3.12/site-packages/airflow/example_dags/example_datasets.py for tasks to queue
[2024-04-18T12:57:27.070+0000] {logging_mixin.py:188} INFO - [2024-04-18T12:57:27.069+0000] {dagbag.py:540} INFO - Filling up the DagBag from /home/airflow/.local/lib/python3.12/site-packages/airflow/example_dags/example_datasets.py
[2024-04-18T12:57:27.098+0000] {processor.py:840} INFO - DAG(s) 'dataset_produces_2', 'dataset_consumes_1', 'dataset_consumes_1_and_2', 'consume_1_and_2_with_dataset_expressions', 'dataset_consumes_unknown_never_scheduled', 'dataset_consumes_1_never_scheduled', 'consume_1_or_2_with_dataset_expressions', 'conditional_dataset_and_time_based_timetable', 'dataset_produces_1', 'consume_1_or_both_2_and_3_with_dataset_expressions' retrieved from /home/airflow/.local/lib/python3.12/site-packages/airflow/example_dags/example_datasets.py
[2024-04-18T12:57:27.191+0000] {logging_mixin.py:188} INFO - [2024-04-18T12:57:27.191+0000] {dag.py:3096} INFO - Sync 10 DAGs
[2024-04-18T12:57:27.235+0000] {logging_mixin.py:188} INFO - [2024-04-18T12:57:27.235+0000] {dag.py:3954} INFO - Setting next_dagrun for conditional_dataset_and_time_based_timetable to 2024-04-17 01:00:00+00:00, run_after=2024-04-17 01:00:00+00:00
[2024-04-18T12:57:27.242+0000] {logging_mixin.py:188} INFO - [2024-04-18T12:57:27.241+0000] {dag.py:3954} INFO - Setting next_dagrun for consume_1_and_2_with_dataset_expressions to None, run_after=None
[2024-04-18T12:57:27.244+0000] {logging_mixin.py:188} INFO - [2024-04-18T12:57:27.244+0000] {dag.py:3954} INFO - Setting next_dagrun for consume_1_or_2_with_dataset_expressions to None, run_after=None
[2024-04-18T12:57:27.246+0000] {logging_mixin.py:188} INFO - [2024-04-18T12:57:27.246+0000] {dag.py:3954} INFO - Setting next_dagrun for consume_1_or_both_2_and_3_with_dataset_expressions to None, run_after=None
[2024-04-18T12:57:27.248+0000] {logging_mixin.py:188} INFO - [2024-04-18T12:57:27.248+0000] {dag.py:3954} INFO - Setting next_dagrun for dataset_consumes_1 to None, run_after=None
[2024-04-18T12:57:27.250+0000] {logging_mixin.py:188} INFO - [2024-04-18T12:57:27.250+0000] {dag.py:3954} INFO - Setting next_dagrun for dataset_consumes_1_and_2 to None, run_after=None
[2024-04-18T12:57:27.252+0000] {logging_mixin.py:188} INFO - [2024-04-18T12:57:27.252+0000] {dag.py:3954} INFO - Setting next_dagrun for dataset_consumes_1_never_scheduled to None, run_after=None
[2024-04-18T12:57:27.254+0000] {logging_mixin.py:188} INFO - [2024-04-18T12:57:27.253+0000] {dag.py:3954} INFO - Setting next_dagrun for dataset_consumes_unknown_never_scheduled to None, run_after=None
[2024-04-18T12:57:27.258+0000] {logging_mixin.py:188} INFO - [2024-04-18T12:57:27.258+0000] {dag.py:3954} INFO - Setting next_dagrun for dataset_produces_1 to 2024-04-17 00:00:00+00:00, run_after=2024-04-18 00:00:00+00:00
[2024-04-18T12:57:27.260+0000] {logging_mixin.py:188} INFO - [2024-04-18T12:57:27.260+0000] {dag.py:3954} INFO - Setting next_dagrun for dataset_produces_2 to None, run_after=None
[2024-04-18T12:57:27.554+0000] {processor.py:183} INFO - Processing /home/airflow/.local/lib/python3.12/site-packages/airflow/example_dags/example_datasets.py took 0.541 seconds
