[2024-04-18T12:50:40.671+0000] {processor.py:161} INFO - Started process (PID=55) to work on /home/airflow/.local/lib/python3.12/site-packages/airflow/example_dags/example_bash_decorator.py
[2024-04-18T12:50:40.672+0000] {processor.py:830} INFO - Processing file /home/airflow/.local/lib/python3.12/site-packages/airflow/example_dags/example_bash_decorator.py for tasks to queue
[2024-04-18T12:50:40.675+0000] {logging_mixin.py:188} INFO - [2024-04-18T12:50:40.674+0000] {dagbag.py:540} INFO - Filling up the DagBag from /home/airflow/.local/lib/python3.12/site-packages/airflow/example_dags/example_bash_decorator.py
[2024-04-18T12:50:40.702+0000] {processor.py:840} INFO - DAG(s) 'example_bash_decorator' retrieved from /home/airflow/.local/lib/python3.12/site-packages/airflow/example_dags/example_bash_decorator.py
[2024-04-18T12:50:40.890+0000] {logging_mixin.py:188} INFO - [2024-04-18T12:50:40.889+0000] {dag.py:3096} INFO - Sync 1 DAGs
[2024-04-18T12:50:40.907+0000] {logging_mixin.py:188} INFO - [2024-04-18T12:50:40.907+0000] {dag.py:3954} INFO - Setting next_dagrun for example_bash_decorator to None, run_after=None
[2024-04-18T12:50:41.638+0000] {processor.py:183} INFO - Processing /home/airflow/.local/lib/python3.12/site-packages/airflow/example_dags/example_bash_decorator.py took 0.976 seconds
[2024-04-18T12:51:12.276+0000] {processor.py:161} INFO - Started process (PID=113) to work on /home/airflow/.local/lib/python3.12/site-packages/airflow/example_dags/example_bash_decorator.py
[2024-04-18T12:51:12.278+0000] {processor.py:830} INFO - Processing file /home/airflow/.local/lib/python3.12/site-packages/airflow/example_dags/example_bash_decorator.py for tasks to queue
[2024-04-18T12:51:12.281+0000] {logging_mixin.py:188} INFO - [2024-04-18T12:51:12.281+0000] {dagbag.py:540} INFO - Filling up the DagBag from /home/airflow/.local/lib/python3.12/site-packages/airflow/example_dags/example_bash_decorator.py
[2024-04-18T12:51:12.310+0000] {processor.py:840} INFO - DAG(s) 'example_bash_decorator' retrieved from /home/airflow/.local/lib/python3.12/site-packages/airflow/example_dags/example_bash_decorator.py
[2024-04-18T12:51:12.354+0000] {logging_mixin.py:188} INFO - [2024-04-18T12:51:12.353+0000] {dag.py:3096} INFO - Sync 1 DAGs
[2024-04-18T12:51:12.379+0000] {logging_mixin.py:188} INFO - [2024-04-18T12:51:12.378+0000] {dag.py:3954} INFO - Setting next_dagrun for example_bash_decorator to None, run_after=None
[2024-04-18T12:51:12.586+0000] {processor.py:183} INFO - Processing /home/airflow/.local/lib/python3.12/site-packages/airflow/example_dags/example_bash_decorator.py took 0.321 seconds
[2024-04-18T12:51:42.905+0000] {processor.py:161} INFO - Started process (PID=171) to work on /home/airflow/.local/lib/python3.12/site-packages/airflow/example_dags/example_bash_decorator.py
[2024-04-18T12:51:42.906+0000] {processor.py:830} INFO - Processing file /home/airflow/.local/lib/python3.12/site-packages/airflow/example_dags/example_bash_decorator.py for tasks to queue
[2024-04-18T12:51:42.909+0000] {logging_mixin.py:188} INFO - [2024-04-18T12:51:42.909+0000] {dagbag.py:540} INFO - Filling up the DagBag from /home/airflow/.local/lib/python3.12/site-packages/airflow/example_dags/example_bash_decorator.py
[2024-04-18T12:51:42.931+0000] {processor.py:840} INFO - DAG(s) 'example_bash_decorator' retrieved from /home/airflow/.local/lib/python3.12/site-packages/airflow/example_dags/example_bash_decorator.py
[2024-04-18T12:51:42.948+0000] {logging_mixin.py:188} INFO - [2024-04-18T12:51:42.947+0000] {dag.py:3096} INFO - Sync 1 DAGs
[2024-04-18T12:51:42.970+0000] {logging_mixin.py:188} INFO - [2024-04-18T12:51:42.969+0000] {dag.py:3954} INFO - Setting next_dagrun for example_bash_decorator to None, run_after=None
[2024-04-18T12:51:43.116+0000] {processor.py:183} INFO - Processing /home/airflow/.local/lib/python3.12/site-packages/airflow/example_dags/example_bash_decorator.py took 0.220 seconds
[2024-04-18T12:52:13.861+0000] {processor.py:161} INFO - Started process (PID=229) to work on /home/airflow/.local/lib/python3.12/site-packages/airflow/example_dags/example_bash_decorator.py
[2024-04-18T12:52:13.992+0000] {processor.py:830} INFO - Processing file /home/airflow/.local/lib/python3.12/site-packages/airflow/example_dags/example_bash_decorator.py for tasks to queue
[2024-04-18T12:52:13.994+0000] {logging_mixin.py:188} INFO - [2024-04-18T12:52:13.994+0000] {dagbag.py:540} INFO - Filling up the DagBag from /home/airflow/.local/lib/python3.12/site-packages/airflow/example_dags/example_bash_decorator.py
[2024-04-18T12:52:14.016+0000] {processor.py:840} INFO - DAG(s) 'example_bash_decorator' retrieved from /home/airflow/.local/lib/python3.12/site-packages/airflow/example_dags/example_bash_decorator.py
[2024-04-18T12:52:14.209+0000] {logging_mixin.py:188} INFO - [2024-04-18T12:52:14.208+0000] {dag.py:3096} INFO - Sync 1 DAGs
[2024-04-18T12:52:14.231+0000] {logging_mixin.py:188} INFO - [2024-04-18T12:52:14.231+0000] {dag.py:3954} INFO - Setting next_dagrun for example_bash_decorator to None, run_after=None
[2024-04-18T12:52:14.322+0000] {processor.py:183} INFO - Processing /home/airflow/.local/lib/python3.12/site-packages/airflow/example_dags/example_bash_decorator.py took 0.471 seconds
[2024-04-18T12:52:44.645+0000] {processor.py:161} INFO - Started process (PID=286) to work on /home/airflow/.local/lib/python3.12/site-packages/airflow/example_dags/example_bash_decorator.py
[2024-04-18T12:52:44.647+0000] {processor.py:830} INFO - Processing file /home/airflow/.local/lib/python3.12/site-packages/airflow/example_dags/example_bash_decorator.py for tasks to queue
[2024-04-18T12:52:44.649+0000] {logging_mixin.py:188} INFO - [2024-04-18T12:52:44.649+0000] {dagbag.py:540} INFO - Filling up the DagBag from /home/airflow/.local/lib/python3.12/site-packages/airflow/example_dags/example_bash_decorator.py
[2024-04-18T12:52:44.671+0000] {processor.py:840} INFO - DAG(s) 'example_bash_decorator' retrieved from /home/airflow/.local/lib/python3.12/site-packages/airflow/example_dags/example_bash_decorator.py
[2024-04-18T12:52:44.709+0000] {logging_mixin.py:188} INFO - [2024-04-18T12:52:44.708+0000] {dag.py:3096} INFO - Sync 1 DAGs
[2024-04-18T12:52:44.730+0000] {logging_mixin.py:188} INFO - [2024-04-18T12:52:44.729+0000] {dag.py:3954} INFO - Setting next_dagrun for example_bash_decorator to None, run_after=None
[2024-04-18T12:52:44.775+0000] {processor.py:183} INFO - Processing /home/airflow/.local/lib/python3.12/site-packages/airflow/example_dags/example_bash_decorator.py took 0.139 seconds
[2024-04-18T12:53:15.199+0000] {processor.py:161} INFO - Started process (PID=344) to work on /home/airflow/.local/lib/python3.12/site-packages/airflow/example_dags/example_bash_decorator.py
[2024-04-18T12:53:15.245+0000] {processor.py:830} INFO - Processing file /home/airflow/.local/lib/python3.12/site-packages/airflow/example_dags/example_bash_decorator.py for tasks to queue
[2024-04-18T12:53:15.248+0000] {logging_mixin.py:188} INFO - [2024-04-18T12:53:15.247+0000] {dagbag.py:540} INFO - Filling up the DagBag from /home/airflow/.local/lib/python3.12/site-packages/airflow/example_dags/example_bash_decorator.py
[2024-04-18T12:53:15.273+0000] {processor.py:840} INFO - DAG(s) 'example_bash_decorator' retrieved from /home/airflow/.local/lib/python3.12/site-packages/airflow/example_dags/example_bash_decorator.py
[2024-04-18T12:53:15.311+0000] {logging_mixin.py:188} INFO - [2024-04-18T12:53:15.310+0000] {dag.py:3096} INFO - Sync 1 DAGs
[2024-04-18T12:53:15.332+0000] {logging_mixin.py:188} INFO - [2024-04-18T12:53:15.332+0000] {dag.py:3954} INFO - Setting next_dagrun for example_bash_decorator to None, run_after=None
[2024-04-18T12:53:15.410+0000] {processor.py:183} INFO - Processing /home/airflow/.local/lib/python3.12/site-packages/airflow/example_dags/example_bash_decorator.py took 0.220 seconds
[2024-04-18T12:53:45.797+0000] {processor.py:161} INFO - Started process (PID=402) to work on /home/airflow/.local/lib/python3.12/site-packages/airflow/example_dags/example_bash_decorator.py
[2024-04-18T12:53:45.798+0000] {processor.py:830} INFO - Processing file /home/airflow/.local/lib/python3.12/site-packages/airflow/example_dags/example_bash_decorator.py for tasks to queue
[2024-04-18T12:53:45.801+0000] {logging_mixin.py:188} INFO - [2024-04-18T12:53:45.800+0000] {dagbag.py:540} INFO - Filling up the DagBag from /home/airflow/.local/lib/python3.12/site-packages/airflow/example_dags/example_bash_decorator.py
[2024-04-18T12:53:45.823+0000] {processor.py:840} INFO - DAG(s) 'example_bash_decorator' retrieved from /home/airflow/.local/lib/python3.12/site-packages/airflow/example_dags/example_bash_decorator.py
[2024-04-18T12:53:45.863+0000] {logging_mixin.py:188} INFO - [2024-04-18T12:53:45.862+0000] {dag.py:3096} INFO - Sync 1 DAGs
[2024-04-18T12:53:45.885+0000] {logging_mixin.py:188} INFO - [2024-04-18T12:53:45.884+0000] {dag.py:3954} INFO - Setting next_dagrun for example_bash_decorator to None, run_after=None
[2024-04-18T12:53:45.994+0000] {processor.py:183} INFO - Processing /home/airflow/.local/lib/python3.12/site-packages/airflow/example_dags/example_bash_decorator.py took 0.206 seconds
[2024-04-18T12:54:16.585+0000] {processor.py:161} INFO - Started process (PID=458) to work on /home/airflow/.local/lib/python3.12/site-packages/airflow/example_dags/example_bash_decorator.py
[2024-04-18T12:54:16.586+0000] {processor.py:830} INFO - Processing file /home/airflow/.local/lib/python3.12/site-packages/airflow/example_dags/example_bash_decorator.py for tasks to queue
[2024-04-18T12:54:16.589+0000] {logging_mixin.py:188} INFO - [2024-04-18T12:54:16.588+0000] {dagbag.py:540} INFO - Filling up the DagBag from /home/airflow/.local/lib/python3.12/site-packages/airflow/example_dags/example_bash_decorator.py
[2024-04-18T12:54:16.612+0000] {processor.py:840} INFO - DAG(s) 'example_bash_decorator' retrieved from /home/airflow/.local/lib/python3.12/site-packages/airflow/example_dags/example_bash_decorator.py
[2024-04-18T12:54:16.652+0000] {logging_mixin.py:188} INFO - [2024-04-18T12:54:16.651+0000] {dag.py:3096} INFO - Sync 1 DAGs
[2024-04-18T12:54:16.675+0000] {logging_mixin.py:188} INFO - [2024-04-18T12:54:16.675+0000] {dag.py:3954} INFO - Setting next_dagrun for example_bash_decorator to None, run_after=None
[2024-04-18T12:54:16.742+0000] {processor.py:183} INFO - Processing /home/airflow/.local/lib/python3.12/site-packages/airflow/example_dags/example_bash_decorator.py took 0.167 seconds
[2024-04-18T12:54:47.344+0000] {processor.py:161} INFO - Started process (PID=516) to work on /home/airflow/.local/lib/python3.12/site-packages/airflow/example_dags/example_bash_decorator.py
[2024-04-18T12:54:47.346+0000] {processor.py:830} INFO - Processing file /home/airflow/.local/lib/python3.12/site-packages/airflow/example_dags/example_bash_decorator.py for tasks to queue
[2024-04-18T12:54:47.348+0000] {logging_mixin.py:188} INFO - [2024-04-18T12:54:47.348+0000] {dagbag.py:540} INFO - Filling up the DagBag from /home/airflow/.local/lib/python3.12/site-packages/airflow/example_dags/example_bash_decorator.py
[2024-04-18T12:54:47.370+0000] {processor.py:840} INFO - DAG(s) 'example_bash_decorator' retrieved from /home/airflow/.local/lib/python3.12/site-packages/airflow/example_dags/example_bash_decorator.py
[2024-04-18T12:54:47.408+0000] {logging_mixin.py:188} INFO - [2024-04-18T12:54:47.407+0000] {dag.py:3096} INFO - Sync 1 DAGs
[2024-04-18T12:54:47.433+0000] {logging_mixin.py:188} INFO - [2024-04-18T12:54:47.433+0000] {dag.py:3954} INFO - Setting next_dagrun for example_bash_decorator to None, run_after=None
[2024-04-18T12:54:47.471+0000] {processor.py:183} INFO - Processing /home/airflow/.local/lib/python3.12/site-packages/airflow/example_dags/example_bash_decorator.py took 0.136 seconds
[2024-04-18T12:55:17.772+0000] {processor.py:161} INFO - Started process (PID=574) to work on /home/airflow/.local/lib/python3.12/site-packages/airflow/example_dags/example_bash_decorator.py
[2024-04-18T12:55:17.773+0000] {processor.py:830} INFO - Processing file /home/airflow/.local/lib/python3.12/site-packages/airflow/example_dags/example_bash_decorator.py for tasks to queue
[2024-04-18T12:55:17.775+0000] {logging_mixin.py:188} INFO - [2024-04-18T12:55:17.775+0000] {dagbag.py:540} INFO - Filling up the DagBag from /home/airflow/.local/lib/python3.12/site-packages/airflow/example_dags/example_bash_decorator.py
[2024-04-18T12:55:17.797+0000] {processor.py:840} INFO - DAG(s) 'example_bash_decorator' retrieved from /home/airflow/.local/lib/python3.12/site-packages/airflow/example_dags/example_bash_decorator.py
[2024-04-18T12:55:17.835+0000] {logging_mixin.py:188} INFO - [2024-04-18T12:55:17.835+0000] {dag.py:3096} INFO - Sync 1 DAGs
[2024-04-18T12:55:17.857+0000] {logging_mixin.py:188} INFO - [2024-04-18T12:55:17.856+0000] {dag.py:3954} INFO - Setting next_dagrun for example_bash_decorator to None, run_after=None
[2024-04-18T12:55:17.892+0000] {processor.py:183} INFO - Processing /home/airflow/.local/lib/python3.12/site-packages/airflow/example_dags/example_bash_decorator.py took 0.129 seconds
[2024-04-18T12:55:48.266+0000] {processor.py:161} INFO - Started process (PID=632) to work on /home/airflow/.local/lib/python3.12/site-packages/airflow/example_dags/example_bash_decorator.py
[2024-04-18T12:55:48.322+0000] {processor.py:830} INFO - Processing file /home/airflow/.local/lib/python3.12/site-packages/airflow/example_dags/example_bash_decorator.py for tasks to queue
[2024-04-18T12:55:48.325+0000] {logging_mixin.py:188} INFO - [2024-04-18T12:55:48.324+0000] {dagbag.py:540} INFO - Filling up the DagBag from /home/airflow/.local/lib/python3.12/site-packages/airflow/example_dags/example_bash_decorator.py
[2024-04-18T12:55:48.347+0000] {processor.py:840} INFO - DAG(s) 'example_bash_decorator' retrieved from /home/airflow/.local/lib/python3.12/site-packages/airflow/example_dags/example_bash_decorator.py
[2024-04-18T12:55:48.385+0000] {logging_mixin.py:188} INFO - [2024-04-18T12:55:48.384+0000] {dag.py:3096} INFO - Sync 1 DAGs
[2024-04-18T12:55:48.405+0000] {logging_mixin.py:188} INFO - [2024-04-18T12:55:48.405+0000] {dag.py:3954} INFO - Setting next_dagrun for example_bash_decorator to None, run_after=None
[2024-04-18T12:55:48.448+0000] {processor.py:183} INFO - Processing /home/airflow/.local/lib/python3.12/site-packages/airflow/example_dags/example_bash_decorator.py took 0.191 seconds
[2024-04-18T12:56:18.972+0000] {processor.py:161} INFO - Started process (PID=689) to work on /home/airflow/.local/lib/python3.12/site-packages/airflow/example_dags/example_bash_decorator.py
[2024-04-18T12:56:18.987+0000] {processor.py:830} INFO - Processing file /home/airflow/.local/lib/python3.12/site-packages/airflow/example_dags/example_bash_decorator.py for tasks to queue
[2024-04-18T12:56:18.990+0000] {logging_mixin.py:188} INFO - [2024-04-18T12:56:18.989+0000] {dagbag.py:540} INFO - Filling up the DagBag from /home/airflow/.local/lib/python3.12/site-packages/airflow/example_dags/example_bash_decorator.py
[2024-04-18T12:56:19.015+0000] {processor.py:840} INFO - DAG(s) 'example_bash_decorator' retrieved from /home/airflow/.local/lib/python3.12/site-packages/airflow/example_dags/example_bash_decorator.py
[2024-04-18T12:56:19.056+0000] {logging_mixin.py:188} INFO - [2024-04-18T12:56:19.055+0000] {dag.py:3096} INFO - Sync 1 DAGs
[2024-04-18T12:56:19.077+0000] {logging_mixin.py:188} INFO - [2024-04-18T12:56:19.077+0000] {dag.py:3954} INFO - Setting next_dagrun for example_bash_decorator to None, run_after=None
[2024-04-18T12:56:19.113+0000] {processor.py:183} INFO - Processing /home/airflow/.local/lib/python3.12/site-packages/airflow/example_dags/example_bash_decorator.py took 0.153 seconds
[2024-04-18T12:56:49.493+0000] {processor.py:161} INFO - Started process (PID=747) to work on /home/airflow/.local/lib/python3.12/site-packages/airflow/example_dags/example_bash_decorator.py
[2024-04-18T12:56:49.501+0000] {processor.py:830} INFO - Processing file /home/airflow/.local/lib/python3.12/site-packages/airflow/example_dags/example_bash_decorator.py for tasks to queue
[2024-04-18T12:56:49.504+0000] {logging_mixin.py:188} INFO - [2024-04-18T12:56:49.503+0000] {dagbag.py:540} INFO - Filling up the DagBag from /home/airflow/.local/lib/python3.12/site-packages/airflow/example_dags/example_bash_decorator.py
[2024-04-18T12:56:49.530+0000] {processor.py:840} INFO - DAG(s) 'example_bash_decorator' retrieved from /home/airflow/.local/lib/python3.12/site-packages/airflow/example_dags/example_bash_decorator.py
[2024-04-18T12:56:49.570+0000] {logging_mixin.py:188} INFO - [2024-04-18T12:56:49.569+0000] {dag.py:3096} INFO - Sync 1 DAGs
[2024-04-18T12:56:49.591+0000] {logging_mixin.py:188} INFO - [2024-04-18T12:56:49.591+0000] {dag.py:3954} INFO - Setting next_dagrun for example_bash_decorator to None, run_after=None
[2024-04-18T12:56:49.627+0000] {processor.py:183} INFO - Processing /home/airflow/.local/lib/python3.12/site-packages/airflow/example_dags/example_bash_decorator.py took 0.146 seconds
[2024-04-18T12:57:20.217+0000] {processor.py:161} INFO - Started process (PID=805) to work on /home/airflow/.local/lib/python3.12/site-packages/airflow/example_dags/example_bash_decorator.py
[2024-04-18T12:57:20.223+0000] {processor.py:830} INFO - Processing file /home/airflow/.local/lib/python3.12/site-packages/airflow/example_dags/example_bash_decorator.py for tasks to queue
[2024-04-18T12:57:20.225+0000] {logging_mixin.py:188} INFO - [2024-04-18T12:57:20.225+0000] {dagbag.py:540} INFO - Filling up the DagBag from /home/airflow/.local/lib/python3.12/site-packages/airflow/example_dags/example_bash_decorator.py
[2024-04-18T12:57:20.247+0000] {processor.py:840} INFO - DAG(s) 'example_bash_decorator' retrieved from /home/airflow/.local/lib/python3.12/site-packages/airflow/example_dags/example_bash_decorator.py
[2024-04-18T12:57:20.284+0000] {logging_mixin.py:188} INFO - [2024-04-18T12:57:20.284+0000] {dag.py:3096} INFO - Sync 1 DAGs
[2024-04-18T12:57:20.305+0000] {logging_mixin.py:188} INFO - [2024-04-18T12:57:20.305+0000] {dag.py:3954} INFO - Setting next_dagrun for example_bash_decorator to None, run_after=None
[2024-04-18T12:57:20.351+0000] {processor.py:183} INFO - Processing /home/airflow/.local/lib/python3.12/site-packages/airflow/example_dags/example_bash_decorator.py took 0.143 seconds
