[2024-04-18T12:50:47.898+0000] {processor.py:161} INFO - Started process (PID=79) to work on /home/airflow/.local/lib/python3.12/site-packages/airflow/example_dags/example_skip_dag.py
[2024-04-18T12:50:47.899+0000] {processor.py:830} INFO - Processing file /home/airflow/.local/lib/python3.12/site-packages/airflow/example_dags/example_skip_dag.py for tasks to queue
[2024-04-18T12:50:47.902+0000] {logging_mixin.py:188} INFO - [2024-04-18T12:50:47.901+0000] {dagbag.py:540} INFO - Filling up the DagBag from /home/airflow/.local/lib/python3.12/site-packages/airflow/example_dags/example_skip_dag.py
[2024-04-18T12:50:47.914+0000] {processor.py:840} INFO - DAG(s) 'example_skip_dag' retrieved from /home/airflow/.local/lib/python3.12/site-packages/airflow/example_dags/example_skip_dag.py
[2024-04-18T12:50:48.101+0000] {logging_mixin.py:188} INFO - [2024-04-18T12:50:48.101+0000] {dag.py:3096} INFO - Sync 1 DAGs
[2024-04-18T12:50:48.135+0000] {logging_mixin.py:188} INFO - [2024-04-18T12:50:48.134+0000] {dag.py:3954} INFO - Setting next_dagrun for example_skip_dag to 2024-04-17 00:00:00+00:00, run_after=2024-04-18 00:00:00+00:00
[2024-04-18T12:50:48.193+0000] {processor.py:183} INFO - Processing /home/airflow/.local/lib/python3.12/site-packages/airflow/example_dags/example_skip_dag.py took 0.307 seconds
[2024-04-18T12:51:18.672+0000] {processor.py:161} INFO - Started process (PID=137) to work on /home/airflow/.local/lib/python3.12/site-packages/airflow/example_dags/example_skip_dag.py
[2024-04-18T12:51:18.673+0000] {processor.py:830} INFO - Processing file /home/airflow/.local/lib/python3.12/site-packages/airflow/example_dags/example_skip_dag.py for tasks to queue
[2024-04-18T12:51:18.676+0000] {logging_mixin.py:188} INFO - [2024-04-18T12:51:18.675+0000] {dagbag.py:540} INFO - Filling up the DagBag from /home/airflow/.local/lib/python3.12/site-packages/airflow/example_dags/example_skip_dag.py
[2024-04-18T12:51:18.687+0000] {processor.py:840} INFO - DAG(s) 'example_skip_dag' retrieved from /home/airflow/.local/lib/python3.12/site-packages/airflow/example_dags/example_skip_dag.py
[2024-04-18T12:51:18.723+0000] {logging_mixin.py:188} INFO - [2024-04-18T12:51:18.723+0000] {dag.py:3096} INFO - Sync 1 DAGs
[2024-04-18T12:51:18.761+0000] {logging_mixin.py:188} INFO - [2024-04-18T12:51:18.761+0000] {dag.py:3954} INFO - Setting next_dagrun for example_skip_dag to 2024-04-17 00:00:00+00:00, run_after=2024-04-18 00:00:00+00:00
[2024-04-18T12:51:18.857+0000] {processor.py:183} INFO - Processing /home/airflow/.local/lib/python3.12/site-packages/airflow/example_dags/example_skip_dag.py took 0.197 seconds
[2024-04-18T12:51:49.980+0000] {processor.py:161} INFO - Started process (PID=195) to work on /home/airflow/.local/lib/python3.12/site-packages/airflow/example_dags/example_skip_dag.py
[2024-04-18T12:51:49.982+0000] {processor.py:830} INFO - Processing file /home/airflow/.local/lib/python3.12/site-packages/airflow/example_dags/example_skip_dag.py for tasks to queue
[2024-04-18T12:51:49.984+0000] {logging_mixin.py:188} INFO - [2024-04-18T12:51:49.984+0000] {dagbag.py:540} INFO - Filling up the DagBag from /home/airflow/.local/lib/python3.12/site-packages/airflow/example_dags/example_skip_dag.py
[2024-04-18T12:51:49.994+0000] {processor.py:840} INFO - DAG(s) 'example_skip_dag' retrieved from /home/airflow/.local/lib/python3.12/site-packages/airflow/example_dags/example_skip_dag.py
[2024-04-18T12:51:50.011+0000] {logging_mixin.py:188} INFO - [2024-04-18T12:51:50.010+0000] {dag.py:3096} INFO - Sync 1 DAGs
[2024-04-18T12:51:50.064+0000] {logging_mixin.py:188} INFO - [2024-04-18T12:51:50.060+0000] {dag.py:3954} INFO - Setting next_dagrun for example_skip_dag to 2024-04-17 00:00:00+00:00, run_after=2024-04-18 00:00:00+00:00
[2024-04-18T12:51:50.175+0000] {processor.py:183} INFO - Processing /home/airflow/.local/lib/python3.12/site-packages/airflow/example_dags/example_skip_dag.py took 0.204 seconds
[2024-04-18T12:52:21.063+0000] {processor.py:161} INFO - Started process (PID=253) to work on /home/airflow/.local/lib/python3.12/site-packages/airflow/example_dags/example_skip_dag.py
[2024-04-18T12:52:21.064+0000] {processor.py:830} INFO - Processing file /home/airflow/.local/lib/python3.12/site-packages/airflow/example_dags/example_skip_dag.py for tasks to queue
[2024-04-18T12:52:21.069+0000] {logging_mixin.py:188} INFO - [2024-04-18T12:52:21.067+0000] {dagbag.py:540} INFO - Filling up the DagBag from /home/airflow/.local/lib/python3.12/site-packages/airflow/example_dags/example_skip_dag.py
[2024-04-18T12:52:21.080+0000] {processor.py:840} INFO - DAG(s) 'example_skip_dag' retrieved from /home/airflow/.local/lib/python3.12/site-packages/airflow/example_dags/example_skip_dag.py
[2024-04-18T12:52:21.288+0000] {logging_mixin.py:188} INFO - [2024-04-18T12:52:21.287+0000] {dag.py:3096} INFO - Sync 1 DAGs
[2024-04-18T12:52:21.331+0000] {logging_mixin.py:188} INFO - [2024-04-18T12:52:21.331+0000] {dag.py:3954} INFO - Setting next_dagrun for example_skip_dag to 2024-04-17 00:00:00+00:00, run_after=2024-04-18 00:00:00+00:00
[2024-04-18T12:52:21.388+0000] {processor.py:183} INFO - Processing /home/airflow/.local/lib/python3.12/site-packages/airflow/example_dags/example_skip_dag.py took 0.335 seconds
[2024-04-18T12:52:52.050+0000] {processor.py:161} INFO - Started process (PID=310) to work on /home/airflow/.local/lib/python3.12/site-packages/airflow/example_dags/example_skip_dag.py
[2024-04-18T12:52:52.051+0000] {processor.py:830} INFO - Processing file /home/airflow/.local/lib/python3.12/site-packages/airflow/example_dags/example_skip_dag.py for tasks to queue
[2024-04-18T12:52:52.054+0000] {logging_mixin.py:188} INFO - [2024-04-18T12:52:52.053+0000] {dagbag.py:540} INFO - Filling up the DagBag from /home/airflow/.local/lib/python3.12/site-packages/airflow/example_dags/example_skip_dag.py
[2024-04-18T12:52:52.064+0000] {processor.py:840} INFO - DAG(s) 'example_skip_dag' retrieved from /home/airflow/.local/lib/python3.12/site-packages/airflow/example_dags/example_skip_dag.py
[2024-04-18T12:52:52.098+0000] {logging_mixin.py:188} INFO - [2024-04-18T12:52:52.097+0000] {dag.py:3096} INFO - Sync 1 DAGs
[2024-04-18T12:52:52.135+0000] {logging_mixin.py:188} INFO - [2024-04-18T12:52:52.134+0000] {dag.py:3954} INFO - Setting next_dagrun for example_skip_dag to 2024-04-17 00:00:00+00:00, run_after=2024-04-18 00:00:00+00:00
[2024-04-18T12:52:52.253+0000] {processor.py:183} INFO - Processing /home/airflow/.local/lib/python3.12/site-packages/airflow/example_dags/example_skip_dag.py took 0.216 seconds
[2024-04-18T12:53:22.432+0000] {processor.py:161} INFO - Started process (PID=368) to work on /home/airflow/.local/lib/python3.12/site-packages/airflow/example_dags/example_skip_dag.py
[2024-04-18T12:53:22.433+0000] {processor.py:830} INFO - Processing file /home/airflow/.local/lib/python3.12/site-packages/airflow/example_dags/example_skip_dag.py for tasks to queue
[2024-04-18T12:53:22.435+0000] {logging_mixin.py:188} INFO - [2024-04-18T12:53:22.435+0000] {dagbag.py:540} INFO - Filling up the DagBag from /home/airflow/.local/lib/python3.12/site-packages/airflow/example_dags/example_skip_dag.py
[2024-04-18T12:53:22.445+0000] {processor.py:840} INFO - DAG(s) 'example_skip_dag' retrieved from /home/airflow/.local/lib/python3.12/site-packages/airflow/example_dags/example_skip_dag.py
[2024-04-18T12:53:22.482+0000] {logging_mixin.py:188} INFO - [2024-04-18T12:53:22.482+0000] {dag.py:3096} INFO - Sync 1 DAGs
[2024-04-18T12:53:22.522+0000] {logging_mixin.py:188} INFO - [2024-04-18T12:53:22.521+0000] {dag.py:3954} INFO - Setting next_dagrun for example_skip_dag to 2024-04-17 00:00:00+00:00, run_after=2024-04-18 00:00:00+00:00
[2024-04-18T12:53:22.568+0000] {processor.py:183} INFO - Processing /home/airflow/.local/lib/python3.12/site-packages/airflow/example_dags/example_skip_dag.py took 0.146 seconds
[2024-04-18T12:53:52.893+0000] {processor.py:161} INFO - Started process (PID=426) to work on /home/airflow/.local/lib/python3.12/site-packages/airflow/example_dags/example_skip_dag.py
[2024-04-18T12:53:52.894+0000] {processor.py:830} INFO - Processing file /home/airflow/.local/lib/python3.12/site-packages/airflow/example_dags/example_skip_dag.py for tasks to queue
[2024-04-18T12:53:52.897+0000] {logging_mixin.py:188} INFO - [2024-04-18T12:53:52.897+0000] {dagbag.py:540} INFO - Filling up the DagBag from /home/airflow/.local/lib/python3.12/site-packages/airflow/example_dags/example_skip_dag.py
[2024-04-18T12:53:52.908+0000] {processor.py:840} INFO - DAG(s) 'example_skip_dag' retrieved from /home/airflow/.local/lib/python3.12/site-packages/airflow/example_dags/example_skip_dag.py
[2024-04-18T12:53:52.942+0000] {logging_mixin.py:188} INFO - [2024-04-18T12:53:52.941+0000] {dag.py:3096} INFO - Sync 1 DAGs
[2024-04-18T12:53:52.980+0000] {logging_mixin.py:188} INFO - [2024-04-18T12:53:52.980+0000] {dag.py:3954} INFO - Setting next_dagrun for example_skip_dag to 2024-04-17 00:00:00+00:00, run_after=2024-04-18 00:00:00+00:00
[2024-04-18T12:53:53.016+0000] {processor.py:183} INFO - Processing /home/airflow/.local/lib/python3.12/site-packages/airflow/example_dags/example_skip_dag.py took 0.134 seconds
[2024-04-18T12:54:23.593+0000] {processor.py:161} INFO - Started process (PID=482) to work on /home/airflow/.local/lib/python3.12/site-packages/airflow/example_dags/example_skip_dag.py
[2024-04-18T12:54:23.595+0000] {processor.py:830} INFO - Processing file /home/airflow/.local/lib/python3.12/site-packages/airflow/example_dags/example_skip_dag.py for tasks to queue
[2024-04-18T12:54:23.597+0000] {logging_mixin.py:188} INFO - [2024-04-18T12:54:23.597+0000] {dagbag.py:540} INFO - Filling up the DagBag from /home/airflow/.local/lib/python3.12/site-packages/airflow/example_dags/example_skip_dag.py
[2024-04-18T12:54:23.607+0000] {processor.py:840} INFO - DAG(s) 'example_skip_dag' retrieved from /home/airflow/.local/lib/python3.12/site-packages/airflow/example_dags/example_skip_dag.py
[2024-04-18T12:54:23.639+0000] {logging_mixin.py:188} INFO - [2024-04-18T12:54:23.639+0000] {dag.py:3096} INFO - Sync 1 DAGs
[2024-04-18T12:54:23.678+0000] {logging_mixin.py:188} INFO - [2024-04-18T12:54:23.677+0000] {dag.py:3954} INFO - Setting next_dagrun for example_skip_dag to 2024-04-17 00:00:00+00:00, run_after=2024-04-18 00:00:00+00:00
[2024-04-18T12:54:23.722+0000] {processor.py:183} INFO - Processing /home/airflow/.local/lib/python3.12/site-packages/airflow/example_dags/example_skip_dag.py took 0.137 seconds
[2024-04-18T12:54:54.038+0000] {processor.py:161} INFO - Started process (PID=541) to work on /home/airflow/.local/lib/python3.12/site-packages/airflow/example_dags/example_skip_dag.py
[2024-04-18T12:54:54.039+0000] {processor.py:830} INFO - Processing file /home/airflow/.local/lib/python3.12/site-packages/airflow/example_dags/example_skip_dag.py for tasks to queue
[2024-04-18T12:54:54.042+0000] {logging_mixin.py:188} INFO - [2024-04-18T12:54:54.041+0000] {dagbag.py:540} INFO - Filling up the DagBag from /home/airflow/.local/lib/python3.12/site-packages/airflow/example_dags/example_skip_dag.py
[2024-04-18T12:54:54.052+0000] {processor.py:840} INFO - DAG(s) 'example_skip_dag' retrieved from /home/airflow/.local/lib/python3.12/site-packages/airflow/example_dags/example_skip_dag.py
[2024-04-18T12:54:54.085+0000] {logging_mixin.py:188} INFO - [2024-04-18T12:54:54.084+0000] {dag.py:3096} INFO - Sync 1 DAGs
[2024-04-18T12:54:54.122+0000] {logging_mixin.py:188} INFO - [2024-04-18T12:54:54.122+0000] {dag.py:3954} INFO - Setting next_dagrun for example_skip_dag to 2024-04-17 00:00:00+00:00, run_after=2024-04-18 00:00:00+00:00
[2024-04-18T12:54:54.169+0000] {processor.py:183} INFO - Processing /home/airflow/.local/lib/python3.12/site-packages/airflow/example_dags/example_skip_dag.py took 0.140 seconds
[2024-04-18T12:55:24.938+0000] {processor.py:161} INFO - Started process (PID=598) to work on /home/airflow/.local/lib/python3.12/site-packages/airflow/example_dags/example_skip_dag.py
[2024-04-18T12:55:24.939+0000] {processor.py:830} INFO - Processing file /home/airflow/.local/lib/python3.12/site-packages/airflow/example_dags/example_skip_dag.py for tasks to queue
[2024-04-18T12:55:24.942+0000] {logging_mixin.py:188} INFO - [2024-04-18T12:55:24.941+0000] {dagbag.py:540} INFO - Filling up the DagBag from /home/airflow/.local/lib/python3.12/site-packages/airflow/example_dags/example_skip_dag.py
[2024-04-18T12:55:24.952+0000] {processor.py:840} INFO - DAG(s) 'example_skip_dag' retrieved from /home/airflow/.local/lib/python3.12/site-packages/airflow/example_dags/example_skip_dag.py
[2024-04-18T12:55:24.988+0000] {logging_mixin.py:188} INFO - [2024-04-18T12:55:24.988+0000] {dag.py:3096} INFO - Sync 1 DAGs
[2024-04-18T12:55:25.029+0000] {logging_mixin.py:188} INFO - [2024-04-18T12:55:25.029+0000] {dag.py:3954} INFO - Setting next_dagrun for example_skip_dag to 2024-04-17 00:00:00+00:00, run_after=2024-04-18 00:00:00+00:00
[2024-04-18T12:55:25.082+0000] {processor.py:183} INFO - Processing /home/airflow/.local/lib/python3.12/site-packages/airflow/example_dags/example_skip_dag.py took 0.153 seconds
[2024-04-18T12:55:55.280+0000] {processor.py:161} INFO - Started process (PID=656) to work on /home/airflow/.local/lib/python3.12/site-packages/airflow/example_dags/example_skip_dag.py
[2024-04-18T12:55:55.281+0000] {processor.py:830} INFO - Processing file /home/airflow/.local/lib/python3.12/site-packages/airflow/example_dags/example_skip_dag.py for tasks to queue
[2024-04-18T12:55:55.284+0000] {logging_mixin.py:188} INFO - [2024-04-18T12:55:55.283+0000] {dagbag.py:540} INFO - Filling up the DagBag from /home/airflow/.local/lib/python3.12/site-packages/airflow/example_dags/example_skip_dag.py
[2024-04-18T12:55:55.306+0000] {processor.py:840} INFO - DAG(s) 'example_skip_dag' retrieved from /home/airflow/.local/lib/python3.12/site-packages/airflow/example_dags/example_skip_dag.py
[2024-04-18T12:55:55.356+0000] {logging_mixin.py:188} INFO - [2024-04-18T12:55:55.356+0000] {dag.py:3096} INFO - Sync 1 DAGs
[2024-04-18T12:55:55.404+0000] {logging_mixin.py:188} INFO - [2024-04-18T12:55:55.403+0000] {dag.py:3954} INFO - Setting next_dagrun for example_skip_dag to 2024-04-17 00:00:00+00:00, run_after=2024-04-18 00:00:00+00:00
[2024-04-18T12:55:55.524+0000] {processor.py:183} INFO - Processing /home/airflow/.local/lib/python3.12/site-packages/airflow/example_dags/example_skip_dag.py took 0.254 seconds
[2024-04-18T12:56:25.784+0000] {processor.py:161} INFO - Started process (PID=713) to work on /home/airflow/.local/lib/python3.12/site-packages/airflow/example_dags/example_skip_dag.py
[2024-04-18T12:56:25.789+0000] {processor.py:830} INFO - Processing file /home/airflow/.local/lib/python3.12/site-packages/airflow/example_dags/example_skip_dag.py for tasks to queue
[2024-04-18T12:56:25.791+0000] {logging_mixin.py:188} INFO - [2024-04-18T12:56:25.791+0000] {dagbag.py:540} INFO - Filling up the DagBag from /home/airflow/.local/lib/python3.12/site-packages/airflow/example_dags/example_skip_dag.py
[2024-04-18T12:56:25.812+0000] {processor.py:840} INFO - DAG(s) 'example_skip_dag' retrieved from /home/airflow/.local/lib/python3.12/site-packages/airflow/example_dags/example_skip_dag.py
[2024-04-18T12:56:25.848+0000] {logging_mixin.py:188} INFO - [2024-04-18T12:56:25.848+0000] {dag.py:3096} INFO - Sync 1 DAGs
[2024-04-18T12:56:25.889+0000] {logging_mixin.py:188} INFO - [2024-04-18T12:56:25.889+0000] {dag.py:3954} INFO - Setting next_dagrun for example_skip_dag to 2024-04-17 00:00:00+00:00, run_after=2024-04-18 00:00:00+00:00
[2024-04-18T12:56:25.937+0000] {processor.py:183} INFO - Processing /home/airflow/.local/lib/python3.12/site-packages/airflow/example_dags/example_skip_dag.py took 0.165 seconds
[2024-04-18T12:56:56.720+0000] {processor.py:161} INFO - Started process (PID=771) to work on /home/airflow/.local/lib/python3.12/site-packages/airflow/example_dags/example_skip_dag.py
[2024-04-18T12:56:56.722+0000] {processor.py:830} INFO - Processing file /home/airflow/.local/lib/python3.12/site-packages/airflow/example_dags/example_skip_dag.py for tasks to queue
[2024-04-18T12:56:56.725+0000] {logging_mixin.py:188} INFO - [2024-04-18T12:56:56.724+0000] {dagbag.py:540} INFO - Filling up the DagBag from /home/airflow/.local/lib/python3.12/site-packages/airflow/example_dags/example_skip_dag.py
[2024-04-18T12:56:56.735+0000] {processor.py:840} INFO - DAG(s) 'example_skip_dag' retrieved from /home/airflow/.local/lib/python3.12/site-packages/airflow/example_dags/example_skip_dag.py
[2024-04-18T12:56:56.771+0000] {logging_mixin.py:188} INFO - [2024-04-18T12:56:56.770+0000] {dag.py:3096} INFO - Sync 1 DAGs
[2024-04-18T12:56:56.810+0000] {logging_mixin.py:188} INFO - [2024-04-18T12:56:56.809+0000] {dag.py:3954} INFO - Setting next_dagrun for example_skip_dag to 2024-04-17 00:00:00+00:00, run_after=2024-04-18 00:00:00+00:00
[2024-04-18T12:56:56.850+0000] {processor.py:183} INFO - Processing /home/airflow/.local/lib/python3.12/site-packages/airflow/example_dags/example_skip_dag.py took 0.141 seconds
[2024-04-18T12:57:27.734+0000] {processor.py:161} INFO - Started process (PID=829) to work on /home/airflow/.local/lib/python3.12/site-packages/airflow/example_dags/example_skip_dag.py
[2024-04-18T12:57:27.798+0000] {processor.py:830} INFO - Processing file /home/airflow/.local/lib/python3.12/site-packages/airflow/example_dags/example_skip_dag.py for tasks to queue
[2024-04-18T12:57:27.801+0000] {logging_mixin.py:188} INFO - [2024-04-18T12:57:27.800+0000] {dagbag.py:540} INFO - Filling up the DagBag from /home/airflow/.local/lib/python3.12/site-packages/airflow/example_dags/example_skip_dag.py
[2024-04-18T12:57:27.810+0000] {processor.py:840} INFO - DAG(s) 'example_skip_dag' retrieved from /home/airflow/.local/lib/python3.12/site-packages/airflow/example_dags/example_skip_dag.py
[2024-04-18T12:57:27.843+0000] {logging_mixin.py:188} INFO - [2024-04-18T12:57:27.843+0000] {dag.py:3096} INFO - Sync 1 DAGs
[2024-04-18T12:57:27.881+0000] {logging_mixin.py:188} INFO - [2024-04-18T12:57:27.881+0000] {dag.py:3954} INFO - Setting next_dagrun for example_skip_dag to 2024-04-17 00:00:00+00:00, run_after=2024-04-18 00:00:00+00:00
[2024-04-18T12:57:28.135+0000] {processor.py:183} INFO - Processing /home/airflow/.local/lib/python3.12/site-packages/airflow/example_dags/example_skip_dag.py took 0.409 seconds
