[2024-04-18T12:50:37.832+0000] {processor.py:161} INFO - Started process (PID=50) to work on /home/airflow/.local/lib/python3.12/site-packages/airflow/example_dags/example_latest_only_with_trigger.py
[2024-04-18T12:50:37.833+0000] {processor.py:830} INFO - Processing file /home/airflow/.local/lib/python3.12/site-packages/airflow/example_dags/example_latest_only_with_trigger.py for tasks to queue
[2024-04-18T12:50:37.835+0000] {logging_mixin.py:188} INFO - [2024-04-18T12:50:37.835+0000] {dagbag.py:540} INFO - Filling up the DagBag from /home/airflow/.local/lib/python3.12/site-packages/airflow/example_dags/example_latest_only_with_trigger.py
[2024-04-18T12:50:37.849+0000] {processor.py:840} INFO - DAG(s) 'latest_only_with_trigger' retrieved from /home/airflow/.local/lib/python3.12/site-packages/airflow/example_dags/example_latest_only_with_trigger.py
[2024-04-18T12:50:38.059+0000] {logging_mixin.py:188} INFO - [2024-04-18T12:50:38.059+0000] {dag.py:3096} INFO - Sync 1 DAGs
[2024-04-18T12:50:38.096+0000] {logging_mixin.py:188} INFO - [2024-04-18T12:50:38.096+0000] {dag.py:3954} INFO - Setting next_dagrun for latest_only_with_trigger to 2024-04-18 08:00:00+00:00, run_after=2024-04-18 12:00:00+00:00
[2024-04-18T12:50:38.352+0000] {processor.py:183} INFO - Processing /home/airflow/.local/lib/python3.12/site-packages/airflow/example_dags/example_latest_only_with_trigger.py took 0.531 seconds
[2024-04-18T12:51:08.395+0000] {processor.py:161} INFO - Started process (PID=107) to work on /home/airflow/.local/lib/python3.12/site-packages/airflow/example_dags/example_latest_only_with_trigger.py
[2024-04-18T12:51:08.396+0000] {processor.py:830} INFO - Processing file /home/airflow/.local/lib/python3.12/site-packages/airflow/example_dags/example_latest_only_with_trigger.py for tasks to queue
[2024-04-18T12:51:08.399+0000] {logging_mixin.py:188} INFO - [2024-04-18T12:51:08.399+0000] {dagbag.py:540} INFO - Filling up the DagBag from /home/airflow/.local/lib/python3.12/site-packages/airflow/example_dags/example_latest_only_with_trigger.py
[2024-04-18T12:51:08.409+0000] {processor.py:840} INFO - DAG(s) 'latest_only_with_trigger' retrieved from /home/airflow/.local/lib/python3.12/site-packages/airflow/example_dags/example_latest_only_with_trigger.py
[2024-04-18T12:51:08.440+0000] {logging_mixin.py:188} INFO - [2024-04-18T12:51:08.439+0000] {dag.py:3096} INFO - Sync 1 DAGs
[2024-04-18T12:51:08.479+0000] {logging_mixin.py:188} INFO - [2024-04-18T12:51:08.479+0000] {dag.py:3954} INFO - Setting next_dagrun for latest_only_with_trigger to 2024-04-18 08:00:00+00:00, run_after=2024-04-18 12:00:00+00:00
[2024-04-18T12:51:08.518+0000] {processor.py:183} INFO - Processing /home/airflow/.local/lib/python3.12/site-packages/airflow/example_dags/example_latest_only_with_trigger.py took 0.134 seconds
[2024-04-18T12:51:39.564+0000] {processor.py:161} INFO - Started process (PID=166) to work on /home/airflow/.local/lib/python3.12/site-packages/airflow/example_dags/example_latest_only_with_trigger.py
[2024-04-18T12:51:39.565+0000] {processor.py:830} INFO - Processing file /home/airflow/.local/lib/python3.12/site-packages/airflow/example_dags/example_latest_only_with_trigger.py for tasks to queue
[2024-04-18T12:51:39.568+0000] {logging_mixin.py:188} INFO - [2024-04-18T12:51:39.567+0000] {dagbag.py:540} INFO - Filling up the DagBag from /home/airflow/.local/lib/python3.12/site-packages/airflow/example_dags/example_latest_only_with_trigger.py
[2024-04-18T12:51:39.577+0000] {processor.py:840} INFO - DAG(s) 'latest_only_with_trigger' retrieved from /home/airflow/.local/lib/python3.12/site-packages/airflow/example_dags/example_latest_only_with_trigger.py
[2024-04-18T12:51:39.594+0000] {logging_mixin.py:188} INFO - [2024-04-18T12:51:39.593+0000] {dag.py:3096} INFO - Sync 1 DAGs
[2024-04-18T12:51:39.632+0000] {logging_mixin.py:188} INFO - [2024-04-18T12:51:39.632+0000] {dag.py:3954} INFO - Setting next_dagrun for latest_only_with_trigger to 2024-04-18 08:00:00+00:00, run_after=2024-04-18 12:00:00+00:00
[2024-04-18T12:51:39.666+0000] {processor.py:183} INFO - Processing /home/airflow/.local/lib/python3.12/site-packages/airflow/example_dags/example_latest_only_with_trigger.py took 0.113 seconds
[2024-04-18T12:52:09.841+0000] {processor.py:161} INFO - Started process (PID=224) to work on /home/airflow/.local/lib/python3.12/site-packages/airflow/example_dags/example_latest_only_with_trigger.py
[2024-04-18T12:52:09.842+0000] {processor.py:830} INFO - Processing file /home/airflow/.local/lib/python3.12/site-packages/airflow/example_dags/example_latest_only_with_trigger.py for tasks to queue
[2024-04-18T12:52:09.845+0000] {logging_mixin.py:188} INFO - [2024-04-18T12:52:09.844+0000] {dagbag.py:540} INFO - Filling up the DagBag from /home/airflow/.local/lib/python3.12/site-packages/airflow/example_dags/example_latest_only_with_trigger.py
[2024-04-18T12:52:09.860+0000] {processor.py:840} INFO - DAG(s) 'latest_only_with_trigger' retrieved from /home/airflow/.local/lib/python3.12/site-packages/airflow/example_dags/example_latest_only_with_trigger.py
[2024-04-18T12:52:10.043+0000] {logging_mixin.py:188} INFO - [2024-04-18T12:52:10.042+0000] {dag.py:3096} INFO - Sync 1 DAGs
[2024-04-18T12:52:10.075+0000] {logging_mixin.py:188} INFO - [2024-04-18T12:52:10.075+0000] {dag.py:3954} INFO - Setting next_dagrun for latest_only_with_trigger to 2024-04-18 08:00:00+00:00, run_after=2024-04-18 12:00:00+00:00
[2024-04-18T12:52:10.112+0000] {processor.py:183} INFO - Processing /home/airflow/.local/lib/python3.12/site-packages/airflow/example_dags/example_latest_only_with_trigger.py took 0.282 seconds
[2024-04-18T12:52:40.183+0000] {processor.py:161} INFO - Started process (PID=281) to work on /home/airflow/.local/lib/python3.12/site-packages/airflow/example_dags/example_latest_only_with_trigger.py
[2024-04-18T12:52:40.185+0000] {processor.py:830} INFO - Processing file /home/airflow/.local/lib/python3.12/site-packages/airflow/example_dags/example_latest_only_with_trigger.py for tasks to queue
[2024-04-18T12:52:40.188+0000] {logging_mixin.py:188} INFO - [2024-04-18T12:52:40.187+0000] {dagbag.py:540} INFO - Filling up the DagBag from /home/airflow/.local/lib/python3.12/site-packages/airflow/example_dags/example_latest_only_with_trigger.py
[2024-04-18T12:52:40.197+0000] {processor.py:840} INFO - DAG(s) 'latest_only_with_trigger' retrieved from /home/airflow/.local/lib/python3.12/site-packages/airflow/example_dags/example_latest_only_with_trigger.py
[2024-04-18T12:52:40.229+0000] {logging_mixin.py:188} INFO - [2024-04-18T12:52:40.229+0000] {dag.py:3096} INFO - Sync 1 DAGs
[2024-04-18T12:52:40.266+0000] {logging_mixin.py:188} INFO - [2024-04-18T12:52:40.266+0000] {dag.py:3954} INFO - Setting next_dagrun for latest_only_with_trigger to 2024-04-18 08:00:00+00:00, run_after=2024-04-18 12:00:00+00:00
[2024-04-18T12:52:40.313+0000] {processor.py:183} INFO - Processing /home/airflow/.local/lib/python3.12/site-packages/airflow/example_dags/example_latest_only_with_trigger.py took 0.141 seconds
[2024-04-18T12:53:10.714+0000] {processor.py:161} INFO - Started process (PID=339) to work on /home/airflow/.local/lib/python3.12/site-packages/airflow/example_dags/example_latest_only_with_trigger.py
[2024-04-18T12:53:10.731+0000] {processor.py:830} INFO - Processing file /home/airflow/.local/lib/python3.12/site-packages/airflow/example_dags/example_latest_only_with_trigger.py for tasks to queue
[2024-04-18T12:53:10.734+0000] {logging_mixin.py:188} INFO - [2024-04-18T12:53:10.733+0000] {dagbag.py:540} INFO - Filling up the DagBag from /home/airflow/.local/lib/python3.12/site-packages/airflow/example_dags/example_latest_only_with_trigger.py
[2024-04-18T12:53:10.743+0000] {processor.py:840} INFO - DAG(s) 'latest_only_with_trigger' retrieved from /home/airflow/.local/lib/python3.12/site-packages/airflow/example_dags/example_latest_only_with_trigger.py
[2024-04-18T12:53:10.775+0000] {logging_mixin.py:188} INFO - [2024-04-18T12:53:10.774+0000] {dag.py:3096} INFO - Sync 1 DAGs
[2024-04-18T12:53:10.812+0000] {logging_mixin.py:188} INFO - [2024-04-18T12:53:10.812+0000] {dag.py:3954} INFO - Setting next_dagrun for latest_only_with_trigger to 2024-04-18 08:00:00+00:00, run_after=2024-04-18 12:00:00+00:00
[2024-04-18T12:53:10.861+0000] {processor.py:183} INFO - Processing /home/airflow/.local/lib/python3.12/site-packages/airflow/example_dags/example_latest_only_with_trigger.py took 0.158 seconds
[2024-04-18T12:53:41.565+0000] {processor.py:161} INFO - Started process (PID=396) to work on /home/airflow/.local/lib/python3.12/site-packages/airflow/example_dags/example_latest_only_with_trigger.py
[2024-04-18T12:53:41.566+0000] {processor.py:830} INFO - Processing file /home/airflow/.local/lib/python3.12/site-packages/airflow/example_dags/example_latest_only_with_trigger.py for tasks to queue
[2024-04-18T12:53:41.570+0000] {logging_mixin.py:188} INFO - [2024-04-18T12:53:41.569+0000] {dagbag.py:540} INFO - Filling up the DagBag from /home/airflow/.local/lib/python3.12/site-packages/airflow/example_dags/example_latest_only_with_trigger.py
[2024-04-18T12:53:41.578+0000] {processor.py:840} INFO - DAG(s) 'latest_only_with_trigger' retrieved from /home/airflow/.local/lib/python3.12/site-packages/airflow/example_dags/example_latest_only_with_trigger.py
[2024-04-18T12:53:41.622+0000] {logging_mixin.py:188} INFO - [2024-04-18T12:53:41.621+0000] {dag.py:3096} INFO - Sync 1 DAGs
[2024-04-18T12:53:41.661+0000] {logging_mixin.py:188} INFO - [2024-04-18T12:53:41.661+0000] {dag.py:3954} INFO - Setting next_dagrun for latest_only_with_trigger to 2024-04-18 08:00:00+00:00, run_after=2024-04-18 12:00:00+00:00
[2024-04-18T12:53:41.701+0000] {processor.py:183} INFO - Processing /home/airflow/.local/lib/python3.12/site-packages/airflow/example_dags/example_latest_only_with_trigger.py took 0.145 seconds
[2024-04-18T12:54:12.041+0000] {processor.py:161} INFO - Started process (PID=453) to work on /home/airflow/.local/lib/python3.12/site-packages/airflow/example_dags/example_latest_only_with_trigger.py
[2024-04-18T12:54:12.042+0000] {processor.py:830} INFO - Processing file /home/airflow/.local/lib/python3.12/site-packages/airflow/example_dags/example_latest_only_with_trigger.py for tasks to queue
[2024-04-18T12:54:12.045+0000] {logging_mixin.py:188} INFO - [2024-04-18T12:54:12.044+0000] {dagbag.py:540} INFO - Filling up the DagBag from /home/airflow/.local/lib/python3.12/site-packages/airflow/example_dags/example_latest_only_with_trigger.py
[2024-04-18T12:54:12.053+0000] {processor.py:840} INFO - DAG(s) 'latest_only_with_trigger' retrieved from /home/airflow/.local/lib/python3.12/site-packages/airflow/example_dags/example_latest_only_with_trigger.py
[2024-04-18T12:54:12.086+0000] {logging_mixin.py:188} INFO - [2024-04-18T12:54:12.086+0000] {dag.py:3096} INFO - Sync 1 DAGs
[2024-04-18T12:54:12.141+0000] {logging_mixin.py:188} INFO - [2024-04-18T12:54:12.140+0000] {dag.py:3954} INFO - Setting next_dagrun for latest_only_with_trigger to 2024-04-18 08:00:00+00:00, run_after=2024-04-18 12:00:00+00:00
[2024-04-18T12:54:12.319+0000] {processor.py:183} INFO - Processing /home/airflow/.local/lib/python3.12/site-packages/airflow/example_dags/example_latest_only_with_trigger.py took 0.287 seconds
[2024-04-18T12:54:43.031+0000] {processor.py:161} INFO - Started process (PID=511) to work on /home/airflow/.local/lib/python3.12/site-packages/airflow/example_dags/example_latest_only_with_trigger.py
[2024-04-18T12:54:43.093+0000] {processor.py:830} INFO - Processing file /home/airflow/.local/lib/python3.12/site-packages/airflow/example_dags/example_latest_only_with_trigger.py for tasks to queue
[2024-04-18T12:54:43.096+0000] {logging_mixin.py:188} INFO - [2024-04-18T12:54:43.096+0000] {dagbag.py:540} INFO - Filling up the DagBag from /home/airflow/.local/lib/python3.12/site-packages/airflow/example_dags/example_latest_only_with_trigger.py
[2024-04-18T12:54:43.104+0000] {processor.py:840} INFO - DAG(s) 'latest_only_with_trigger' retrieved from /home/airflow/.local/lib/python3.12/site-packages/airflow/example_dags/example_latest_only_with_trigger.py
[2024-04-18T12:54:43.136+0000] {logging_mixin.py:188} INFO - [2024-04-18T12:54:43.135+0000] {dag.py:3096} INFO - Sync 1 DAGs
[2024-04-18T12:54:43.180+0000] {logging_mixin.py:188} INFO - [2024-04-18T12:54:43.180+0000] {dag.py:3954} INFO - Setting next_dagrun for latest_only_with_trigger to 2024-04-18 08:00:00+00:00, run_after=2024-04-18 12:00:00+00:00
[2024-04-18T12:54:43.231+0000] {processor.py:183} INFO - Processing /home/airflow/.local/lib/python3.12/site-packages/airflow/example_dags/example_latest_only_with_trigger.py took 0.210 seconds
[2024-04-18T12:55:13.345+0000] {processor.py:161} INFO - Started process (PID=569) to work on /home/airflow/.local/lib/python3.12/site-packages/airflow/example_dags/example_latest_only_with_trigger.py
[2024-04-18T12:55:13.346+0000] {processor.py:830} INFO - Processing file /home/airflow/.local/lib/python3.12/site-packages/airflow/example_dags/example_latest_only_with_trigger.py for tasks to queue
[2024-04-18T12:55:13.348+0000] {logging_mixin.py:188} INFO - [2024-04-18T12:55:13.348+0000] {dagbag.py:540} INFO - Filling up the DagBag from /home/airflow/.local/lib/python3.12/site-packages/airflow/example_dags/example_latest_only_with_trigger.py
[2024-04-18T12:55:13.356+0000] {processor.py:840} INFO - DAG(s) 'latest_only_with_trigger' retrieved from /home/airflow/.local/lib/python3.12/site-packages/airflow/example_dags/example_latest_only_with_trigger.py
[2024-04-18T12:55:13.387+0000] {logging_mixin.py:188} INFO - [2024-04-18T12:55:13.387+0000] {dag.py:3096} INFO - Sync 1 DAGs
[2024-04-18T12:55:13.423+0000] {logging_mixin.py:188} INFO - [2024-04-18T12:55:13.423+0000] {dag.py:3954} INFO - Setting next_dagrun for latest_only_with_trigger to 2024-04-18 08:00:00+00:00, run_after=2024-04-18 12:00:00+00:00
[2024-04-18T12:55:13.511+0000] {processor.py:183} INFO - Processing /home/airflow/.local/lib/python3.12/site-packages/airflow/example_dags/example_latest_only_with_trigger.py took 0.175 seconds
[2024-04-18T12:55:43.814+0000] {processor.py:161} INFO - Started process (PID=626) to work on /home/airflow/.local/lib/python3.12/site-packages/airflow/example_dags/example_latest_only_with_trigger.py
[2024-04-18T12:55:43.815+0000] {processor.py:830} INFO - Processing file /home/airflow/.local/lib/python3.12/site-packages/airflow/example_dags/example_latest_only_with_trigger.py for tasks to queue
[2024-04-18T12:55:43.817+0000] {logging_mixin.py:188} INFO - [2024-04-18T12:55:43.817+0000] {dagbag.py:540} INFO - Filling up the DagBag from /home/airflow/.local/lib/python3.12/site-packages/airflow/example_dags/example_latest_only_with_trigger.py
[2024-04-18T12:55:43.825+0000] {processor.py:840} INFO - DAG(s) 'latest_only_with_trigger' retrieved from /home/airflow/.local/lib/python3.12/site-packages/airflow/example_dags/example_latest_only_with_trigger.py
[2024-04-18T12:55:43.857+0000] {logging_mixin.py:188} INFO - [2024-04-18T12:55:43.857+0000] {dag.py:3096} INFO - Sync 1 DAGs
[2024-04-18T12:55:43.895+0000] {logging_mixin.py:188} INFO - [2024-04-18T12:55:43.894+0000] {dag.py:3954} INFO - Setting next_dagrun for latest_only_with_trigger to 2024-04-18 08:00:00+00:00, run_after=2024-04-18 12:00:00+00:00
[2024-04-18T12:55:43.941+0000] {processor.py:183} INFO - Processing /home/airflow/.local/lib/python3.12/site-packages/airflow/example_dags/example_latest_only_with_trigger.py took 0.137 seconds
[2024-04-18T12:56:14.026+0000] {processor.py:161} INFO - Started process (PID=683) to work on /home/airflow/.local/lib/python3.12/site-packages/airflow/example_dags/example_latest_only_with_trigger.py
[2024-04-18T12:56:14.027+0000] {processor.py:830} INFO - Processing file /home/airflow/.local/lib/python3.12/site-packages/airflow/example_dags/example_latest_only_with_trigger.py for tasks to queue
[2024-04-18T12:56:14.030+0000] {logging_mixin.py:188} INFO - [2024-04-18T12:56:14.029+0000] {dagbag.py:540} INFO - Filling up the DagBag from /home/airflow/.local/lib/python3.12/site-packages/airflow/example_dags/example_latest_only_with_trigger.py
[2024-04-18T12:56:14.038+0000] {processor.py:840} INFO - DAG(s) 'latest_only_with_trigger' retrieved from /home/airflow/.local/lib/python3.12/site-packages/airflow/example_dags/example_latest_only_with_trigger.py
[2024-04-18T12:56:14.069+0000] {logging_mixin.py:188} INFO - [2024-04-18T12:56:14.068+0000] {dag.py:3096} INFO - Sync 1 DAGs
[2024-04-18T12:56:14.104+0000] {logging_mixin.py:188} INFO - [2024-04-18T12:56:14.104+0000] {dag.py:3954} INFO - Setting next_dagrun for latest_only_with_trigger to 2024-04-18 08:00:00+00:00, run_after=2024-04-18 12:00:00+00:00
[2024-04-18T12:56:14.138+0000] {processor.py:183} INFO - Processing /home/airflow/.local/lib/python3.12/site-packages/airflow/example_dags/example_latest_only_with_trigger.py took 0.123 seconds
[2024-04-18T12:56:44.524+0000] {processor.py:161} INFO - Started process (PID=741) to work on /home/airflow/.local/lib/python3.12/site-packages/airflow/example_dags/example_latest_only_with_trigger.py
[2024-04-18T12:56:44.532+0000] {processor.py:830} INFO - Processing file /home/airflow/.local/lib/python3.12/site-packages/airflow/example_dags/example_latest_only_with_trigger.py for tasks to queue
[2024-04-18T12:56:44.535+0000] {logging_mixin.py:188} INFO - [2024-04-18T12:56:44.534+0000] {dagbag.py:540} INFO - Filling up the DagBag from /home/airflow/.local/lib/python3.12/site-packages/airflow/example_dags/example_latest_only_with_trigger.py
[2024-04-18T12:56:44.544+0000] {processor.py:840} INFO - DAG(s) 'latest_only_with_trigger' retrieved from /home/airflow/.local/lib/python3.12/site-packages/airflow/example_dags/example_latest_only_with_trigger.py
[2024-04-18T12:56:44.579+0000] {logging_mixin.py:188} INFO - [2024-04-18T12:56:44.579+0000] {dag.py:3096} INFO - Sync 1 DAGs
[2024-04-18T12:56:44.615+0000] {logging_mixin.py:188} INFO - [2024-04-18T12:56:44.615+0000] {dag.py:3954} INFO - Setting next_dagrun for latest_only_with_trigger to 2024-04-18 08:00:00+00:00, run_after=2024-04-18 12:00:00+00:00
[2024-04-18T12:56:44.652+0000] {processor.py:183} INFO - Processing /home/airflow/.local/lib/python3.12/site-packages/airflow/example_dags/example_latest_only_with_trigger.py took 0.138 seconds
[2024-04-18T12:57:15.337+0000] {processor.py:161} INFO - Started process (PID=799) to work on /home/airflow/.local/lib/python3.12/site-packages/airflow/example_dags/example_latest_only_with_trigger.py
[2024-04-18T12:57:15.339+0000] {processor.py:830} INFO - Processing file /home/airflow/.local/lib/python3.12/site-packages/airflow/example_dags/example_latest_only_with_trigger.py for tasks to queue
[2024-04-18T12:57:15.341+0000] {logging_mixin.py:188} INFO - [2024-04-18T12:57:15.341+0000] {dagbag.py:540} INFO - Filling up the DagBag from /home/airflow/.local/lib/python3.12/site-packages/airflow/example_dags/example_latest_only_with_trigger.py
[2024-04-18T12:57:15.351+0000] {processor.py:840} INFO - DAG(s) 'latest_only_with_trigger' retrieved from /home/airflow/.local/lib/python3.12/site-packages/airflow/example_dags/example_latest_only_with_trigger.py
[2024-04-18T12:57:15.383+0000] {logging_mixin.py:188} INFO - [2024-04-18T12:57:15.383+0000] {dag.py:3096} INFO - Sync 1 DAGs
[2024-04-18T12:57:15.421+0000] {logging_mixin.py:188} INFO - [2024-04-18T12:57:15.421+0000] {dag.py:3954} INFO - Setting next_dagrun for latest_only_with_trigger to 2024-04-18 08:00:00+00:00, run_after=2024-04-18 12:00:00+00:00
[2024-04-18T12:57:15.450+0000] {processor.py:183} INFO - Processing /home/airflow/.local/lib/python3.12/site-packages/airflow/example_dags/example_latest_only_with_trigger.py took 0.123 seconds
