[2024-04-18T12:50:34.015+0000] {processor.py:161} INFO - Started process (PID=43) to work on /home/airflow/.local/lib/python3.12/site-packages/airflow/example_dags/example_external_task_marker_dag.py
[2024-04-18T12:50:34.016+0000] {processor.py:830} INFO - Processing file /home/airflow/.local/lib/python3.12/site-packages/airflow/example_dags/example_external_task_marker_dag.py for tasks to queue
[2024-04-18T12:50:34.019+0000] {logging_mixin.py:188} INFO - [2024-04-18T12:50:34.018+0000] {dagbag.py:540} INFO - Filling up the DagBag from /home/airflow/.local/lib/python3.12/site-packages/airflow/example_dags/example_external_task_marker_dag.py
[2024-04-18T12:50:34.034+0000] {processor.py:840} INFO - DAG(s) 'example_external_task_marker_child', 'example_external_task_marker_parent' retrieved from /home/airflow/.local/lib/python3.12/site-packages/airflow/example_dags/example_external_task_marker_dag.py
[2024-04-18T12:50:34.237+0000] {logging_mixin.py:188} INFO - [2024-04-18T12:50:34.237+0000] {dag.py:3096} INFO - Sync 2 DAGs
[2024-04-18T12:50:34.256+0000] {logging_mixin.py:188} INFO - [2024-04-18T12:50:34.256+0000] {dag.py:3954} INFO - Setting next_dagrun for example_external_task_marker_child to None, run_after=None
[2024-04-18T12:50:34.261+0000] {logging_mixin.py:188} INFO - [2024-04-18T12:50:34.261+0000] {dag.py:3954} INFO - Setting next_dagrun for example_external_task_marker_parent to None, run_after=None
[2024-04-18T12:50:34.817+0000] {processor.py:183} INFO - Processing /home/airflow/.local/lib/python3.12/site-packages/airflow/example_dags/example_external_task_marker_dag.py took 0.813 seconds
[2024-04-18T12:51:05.362+0000] {processor.py:161} INFO - Started process (PID=101) to work on /home/airflow/.local/lib/python3.12/site-packages/airflow/example_dags/example_external_task_marker_dag.py
[2024-04-18T12:51:05.363+0000] {processor.py:830} INFO - Processing file /home/airflow/.local/lib/python3.12/site-packages/airflow/example_dags/example_external_task_marker_dag.py for tasks to queue
[2024-04-18T12:51:05.366+0000] {logging_mixin.py:188} INFO - [2024-04-18T12:51:05.365+0000] {dagbag.py:540} INFO - Filling up the DagBag from /home/airflow/.local/lib/python3.12/site-packages/airflow/example_dags/example_external_task_marker_dag.py
[2024-04-18T12:51:05.377+0000] {processor.py:840} INFO - DAG(s) 'example_external_task_marker_parent', 'example_external_task_marker_child' retrieved from /home/airflow/.local/lib/python3.12/site-packages/airflow/example_dags/example_external_task_marker_dag.py
[2024-04-18T12:51:05.415+0000] {logging_mixin.py:188} INFO - [2024-04-18T12:51:05.415+0000] {dag.py:3096} INFO - Sync 2 DAGs
[2024-04-18T12:51:05.439+0000] {logging_mixin.py:188} INFO - [2024-04-18T12:51:05.438+0000] {dag.py:3954} INFO - Setting next_dagrun for example_external_task_marker_child to None, run_after=None
[2024-04-18T12:51:05.445+0000] {logging_mixin.py:188} INFO - [2024-04-18T12:51:05.445+0000] {dag.py:3954} INFO - Setting next_dagrun for example_external_task_marker_parent to None, run_after=None
[2024-04-18T12:51:05.476+0000] {processor.py:183} INFO - Processing /home/airflow/.local/lib/python3.12/site-packages/airflow/example_dags/example_external_task_marker_dag.py took 0.127 seconds
[2024-04-18T12:51:36.032+0000] {processor.py:161} INFO - Started process (PID=159) to work on /home/airflow/.local/lib/python3.12/site-packages/airflow/example_dags/example_external_task_marker_dag.py
[2024-04-18T12:51:36.043+0000] {processor.py:830} INFO - Processing file /home/airflow/.local/lib/python3.12/site-packages/airflow/example_dags/example_external_task_marker_dag.py for tasks to queue
[2024-04-18T12:51:36.046+0000] {logging_mixin.py:188} INFO - [2024-04-18T12:51:36.045+0000] {dagbag.py:540} INFO - Filling up the DagBag from /home/airflow/.local/lib/python3.12/site-packages/airflow/example_dags/example_external_task_marker_dag.py
[2024-04-18T12:51:36.055+0000] {processor.py:840} INFO - DAG(s) 'example_external_task_marker_parent', 'example_external_task_marker_child' retrieved from /home/airflow/.local/lib/python3.12/site-packages/airflow/example_dags/example_external_task_marker_dag.py
[2024-04-18T12:51:36.089+0000] {logging_mixin.py:188} INFO - [2024-04-18T12:51:36.089+0000] {dag.py:3096} INFO - Sync 2 DAGs
[2024-04-18T12:51:36.111+0000] {logging_mixin.py:188} INFO - [2024-04-18T12:51:36.110+0000] {dag.py:3954} INFO - Setting next_dagrun for example_external_task_marker_child to None, run_after=None
[2024-04-18T12:51:36.117+0000] {logging_mixin.py:188} INFO - [2024-04-18T12:51:36.117+0000] {dag.py:3954} INFO - Setting next_dagrun for example_external_task_marker_parent to None, run_after=None
[2024-04-18T12:51:36.149+0000] {processor.py:183} INFO - Processing /home/airflow/.local/lib/python3.12/site-packages/airflow/example_dags/example_external_task_marker_dag.py took 0.125 seconds
[2024-04-18T12:52:06.421+0000] {processor.py:161} INFO - Started process (PID=216) to work on /home/airflow/.local/lib/python3.12/site-packages/airflow/example_dags/example_external_task_marker_dag.py
[2024-04-18T12:52:06.428+0000] {processor.py:830} INFO - Processing file /home/airflow/.local/lib/python3.12/site-packages/airflow/example_dags/example_external_task_marker_dag.py for tasks to queue
[2024-04-18T12:52:06.431+0000] {logging_mixin.py:188} INFO - [2024-04-18T12:52:06.430+0000] {dagbag.py:540} INFO - Filling up the DagBag from /home/airflow/.local/lib/python3.12/site-packages/airflow/example_dags/example_external_task_marker_dag.py
[2024-04-18T12:52:06.440+0000] {processor.py:840} INFO - DAG(s) 'example_external_task_marker_parent', 'example_external_task_marker_child' retrieved from /home/airflow/.local/lib/python3.12/site-packages/airflow/example_dags/example_external_task_marker_dag.py
[2024-04-18T12:52:06.456+0000] {logging_mixin.py:188} INFO - [2024-04-18T12:52:06.456+0000] {dag.py:3096} INFO - Sync 2 DAGs
[2024-04-18T12:52:06.479+0000] {logging_mixin.py:188} INFO - [2024-04-18T12:52:06.479+0000] {dag.py:3954} INFO - Setting next_dagrun for example_external_task_marker_child to None, run_after=None
[2024-04-18T12:52:06.486+0000] {logging_mixin.py:188} INFO - [2024-04-18T12:52:06.486+0000] {dag.py:3954} INFO - Setting next_dagrun for example_external_task_marker_parent to None, run_after=None
[2024-04-18T12:52:06.521+0000] {processor.py:183} INFO - Processing /home/airflow/.local/lib/python3.12/site-packages/airflow/example_dags/example_external_task_marker_dag.py took 0.110 seconds
[2024-04-18T12:52:36.883+0000] {processor.py:161} INFO - Started process (PID=273) to work on /home/airflow/.local/lib/python3.12/site-packages/airflow/example_dags/example_external_task_marker_dag.py
[2024-04-18T12:52:36.892+0000] {processor.py:830} INFO - Processing file /home/airflow/.local/lib/python3.12/site-packages/airflow/example_dags/example_external_task_marker_dag.py for tasks to queue
[2024-04-18T12:52:36.895+0000] {logging_mixin.py:188} INFO - [2024-04-18T12:52:36.895+0000] {dagbag.py:540} INFO - Filling up the DagBag from /home/airflow/.local/lib/python3.12/site-packages/airflow/example_dags/example_external_task_marker_dag.py
[2024-04-18T12:52:36.904+0000] {processor.py:840} INFO - DAG(s) 'example_external_task_marker_parent', 'example_external_task_marker_child' retrieved from /home/airflow/.local/lib/python3.12/site-packages/airflow/example_dags/example_external_task_marker_dag.py
[2024-04-18T12:52:37.103+0000] {logging_mixin.py:188} INFO - [2024-04-18T12:52:37.102+0000] {dag.py:3096} INFO - Sync 2 DAGs
[2024-04-18T12:52:37.122+0000] {logging_mixin.py:188} INFO - [2024-04-18T12:52:37.122+0000] {dag.py:3954} INFO - Setting next_dagrun for example_external_task_marker_child to None, run_after=None
[2024-04-18T12:52:37.127+0000] {logging_mixin.py:188} INFO - [2024-04-18T12:52:37.127+0000] {dag.py:3954} INFO - Setting next_dagrun for example_external_task_marker_parent to None, run_after=None
[2024-04-18T12:52:37.178+0000] {processor.py:183} INFO - Processing /home/airflow/.local/lib/python3.12/site-packages/airflow/example_dags/example_external_task_marker_dag.py took 0.304 seconds
[2024-04-18T12:53:08.130+0000] {processor.py:161} INFO - Started process (PID=331) to work on /home/airflow/.local/lib/python3.12/site-packages/airflow/example_dags/example_external_task_marker_dag.py
[2024-04-18T12:53:08.206+0000] {processor.py:830} INFO - Processing file /home/airflow/.local/lib/python3.12/site-packages/airflow/example_dags/example_external_task_marker_dag.py for tasks to queue
[2024-04-18T12:53:08.209+0000] {logging_mixin.py:188} INFO - [2024-04-18T12:53:08.208+0000] {dagbag.py:540} INFO - Filling up the DagBag from /home/airflow/.local/lib/python3.12/site-packages/airflow/example_dags/example_external_task_marker_dag.py
[2024-04-18T12:53:08.218+0000] {processor.py:840} INFO - DAG(s) 'example_external_task_marker_child', 'example_external_task_marker_parent' retrieved from /home/airflow/.local/lib/python3.12/site-packages/airflow/example_dags/example_external_task_marker_dag.py
[2024-04-18T12:53:08.255+0000] {logging_mixin.py:188} INFO - [2024-04-18T12:53:08.254+0000] {dag.py:3096} INFO - Sync 2 DAGs
[2024-04-18T12:53:08.278+0000] {logging_mixin.py:188} INFO - [2024-04-18T12:53:08.278+0000] {dag.py:3954} INFO - Setting next_dagrun for example_external_task_marker_child to None, run_after=None
[2024-04-18T12:53:08.287+0000] {logging_mixin.py:188} INFO - [2024-04-18T12:53:08.286+0000] {dag.py:3954} INFO - Setting next_dagrun for example_external_task_marker_parent to None, run_after=None
[2024-04-18T12:53:08.428+0000] {processor.py:183} INFO - Processing /home/airflow/.local/lib/python3.12/site-packages/airflow/example_dags/example_external_task_marker_dag.py took 0.308 seconds
[2024-04-18T12:53:38.628+0000] {processor.py:161} INFO - Started process (PID=388) to work on /home/airflow/.local/lib/python3.12/site-packages/airflow/example_dags/example_external_task_marker_dag.py
[2024-04-18T12:53:38.679+0000] {processor.py:830} INFO - Processing file /home/airflow/.local/lib/python3.12/site-packages/airflow/example_dags/example_external_task_marker_dag.py for tasks to queue
[2024-04-18T12:53:38.682+0000] {logging_mixin.py:188} INFO - [2024-04-18T12:53:38.682+0000] {dagbag.py:540} INFO - Filling up the DagBag from /home/airflow/.local/lib/python3.12/site-packages/airflow/example_dags/example_external_task_marker_dag.py
[2024-04-18T12:53:38.692+0000] {processor.py:840} INFO - DAG(s) 'example_external_task_marker_parent', 'example_external_task_marker_child' retrieved from /home/airflow/.local/lib/python3.12/site-packages/airflow/example_dags/example_external_task_marker_dag.py
[2024-04-18T12:53:38.732+0000] {logging_mixin.py:188} INFO - [2024-04-18T12:53:38.731+0000] {dag.py:3096} INFO - Sync 2 DAGs
[2024-04-18T12:53:38.755+0000] {logging_mixin.py:188} INFO - [2024-04-18T12:53:38.755+0000] {dag.py:3954} INFO - Setting next_dagrun for example_external_task_marker_child to None, run_after=None
[2024-04-18T12:53:38.762+0000] {logging_mixin.py:188} INFO - [2024-04-18T12:53:38.761+0000] {dag.py:3954} INFO - Setting next_dagrun for example_external_task_marker_parent to None, run_after=None
[2024-04-18T12:53:38.794+0000] {processor.py:183} INFO - Processing /home/airflow/.local/lib/python3.12/site-packages/airflow/example_dags/example_external_task_marker_dag.py took 0.180 seconds
[2024-04-18T12:54:08.961+0000] {processor.py:161} INFO - Started process (PID=445) to work on /home/airflow/.local/lib/python3.12/site-packages/airflow/example_dags/example_external_task_marker_dag.py
[2024-04-18T12:54:08.962+0000] {processor.py:830} INFO - Processing file /home/airflow/.local/lib/python3.12/site-packages/airflow/example_dags/example_external_task_marker_dag.py for tasks to queue
[2024-04-18T12:54:08.964+0000] {logging_mixin.py:188} INFO - [2024-04-18T12:54:08.964+0000] {dagbag.py:540} INFO - Filling up the DagBag from /home/airflow/.local/lib/python3.12/site-packages/airflow/example_dags/example_external_task_marker_dag.py
[2024-04-18T12:54:08.974+0000] {processor.py:840} INFO - DAG(s) 'example_external_task_marker_parent', 'example_external_task_marker_child' retrieved from /home/airflow/.local/lib/python3.12/site-packages/airflow/example_dags/example_external_task_marker_dag.py
[2024-04-18T12:54:09.011+0000] {logging_mixin.py:188} INFO - [2024-04-18T12:54:09.011+0000] {dag.py:3096} INFO - Sync 2 DAGs
[2024-04-18T12:54:09.034+0000] {logging_mixin.py:188} INFO - [2024-04-18T12:54:09.033+0000] {dag.py:3954} INFO - Setting next_dagrun for example_external_task_marker_child to None, run_after=None
[2024-04-18T12:54:09.075+0000] {logging_mixin.py:188} INFO - [2024-04-18T12:54:09.075+0000] {dag.py:3954} INFO - Setting next_dagrun for example_external_task_marker_parent to None, run_after=None
[2024-04-18T12:54:09.115+0000] {processor.py:183} INFO - Processing /home/airflow/.local/lib/python3.12/site-packages/airflow/example_dags/example_external_task_marker_dag.py took 0.164 seconds
[2024-04-18T12:54:39.432+0000] {processor.py:161} INFO - Started process (PID=503) to work on /home/airflow/.local/lib/python3.12/site-packages/airflow/example_dags/example_external_task_marker_dag.py
[2024-04-18T12:54:39.471+0000] {processor.py:830} INFO - Processing file /home/airflow/.local/lib/python3.12/site-packages/airflow/example_dags/example_external_task_marker_dag.py for tasks to queue
[2024-04-18T12:54:39.473+0000] {logging_mixin.py:188} INFO - [2024-04-18T12:54:39.473+0000] {dagbag.py:540} INFO - Filling up the DagBag from /home/airflow/.local/lib/python3.12/site-packages/airflow/example_dags/example_external_task_marker_dag.py
[2024-04-18T12:54:39.483+0000] {processor.py:840} INFO - DAG(s) 'example_external_task_marker_parent', 'example_external_task_marker_child' retrieved from /home/airflow/.local/lib/python3.12/site-packages/airflow/example_dags/example_external_task_marker_dag.py
[2024-04-18T12:54:39.519+0000] {logging_mixin.py:188} INFO - [2024-04-18T12:54:39.519+0000] {dag.py:3096} INFO - Sync 2 DAGs
[2024-04-18T12:54:39.542+0000] {logging_mixin.py:188} INFO - [2024-04-18T12:54:39.542+0000] {dag.py:3954} INFO - Setting next_dagrun for example_external_task_marker_child to None, run_after=None
[2024-04-18T12:54:39.548+0000] {logging_mixin.py:188} INFO - [2024-04-18T12:54:39.548+0000] {dag.py:3954} INFO - Setting next_dagrun for example_external_task_marker_parent to None, run_after=None
[2024-04-18T12:54:39.593+0000] {processor.py:183} INFO - Processing /home/airflow/.local/lib/python3.12/site-packages/airflow/example_dags/example_external_task_marker_dag.py took 0.171 seconds
[2024-04-18T12:55:09.800+0000] {processor.py:161} INFO - Started process (PID=561) to work on /home/airflow/.local/lib/python3.12/site-packages/airflow/example_dags/example_external_task_marker_dag.py
[2024-04-18T12:55:09.818+0000] {processor.py:830} INFO - Processing file /home/airflow/.local/lib/python3.12/site-packages/airflow/example_dags/example_external_task_marker_dag.py for tasks to queue
[2024-04-18T12:55:09.821+0000] {logging_mixin.py:188} INFO - [2024-04-18T12:55:09.820+0000] {dagbag.py:540} INFO - Filling up the DagBag from /home/airflow/.local/lib/python3.12/site-packages/airflow/example_dags/example_external_task_marker_dag.py
[2024-04-18T12:55:09.830+0000] {processor.py:840} INFO - DAG(s) 'example_external_task_marker_child', 'example_external_task_marker_parent' retrieved from /home/airflow/.local/lib/python3.12/site-packages/airflow/example_dags/example_external_task_marker_dag.py
[2024-04-18T12:55:09.867+0000] {logging_mixin.py:188} INFO - [2024-04-18T12:55:09.866+0000] {dag.py:3096} INFO - Sync 2 DAGs
[2024-04-18T12:55:09.890+0000] {logging_mixin.py:188} INFO - [2024-04-18T12:55:09.890+0000] {dag.py:3954} INFO - Setting next_dagrun for example_external_task_marker_child to None, run_after=None
[2024-04-18T12:55:09.897+0000] {logging_mixin.py:188} INFO - [2024-04-18T12:55:09.896+0000] {dag.py:3954} INFO - Setting next_dagrun for example_external_task_marker_parent to None, run_after=None
[2024-04-18T12:55:09.986+0000] {processor.py:183} INFO - Processing /home/airflow/.local/lib/python3.12/site-packages/airflow/example_dags/example_external_task_marker_dag.py took 0.195 seconds
[2024-04-18T12:55:40.042+0000] {processor.py:161} INFO - Started process (PID=619) to work on /home/airflow/.local/lib/python3.12/site-packages/airflow/example_dags/example_external_task_marker_dag.py
[2024-04-18T12:55:40.043+0000] {processor.py:830} INFO - Processing file /home/airflow/.local/lib/python3.12/site-packages/airflow/example_dags/example_external_task_marker_dag.py for tasks to queue
[2024-04-18T12:55:40.046+0000] {logging_mixin.py:188} INFO - [2024-04-18T12:55:40.045+0000] {dagbag.py:540} INFO - Filling up the DagBag from /home/airflow/.local/lib/python3.12/site-packages/airflow/example_dags/example_external_task_marker_dag.py
[2024-04-18T12:55:40.055+0000] {processor.py:840} INFO - DAG(s) 'example_external_task_marker_child', 'example_external_task_marker_parent' retrieved from /home/airflow/.local/lib/python3.12/site-packages/airflow/example_dags/example_external_task_marker_dag.py
[2024-04-18T12:55:40.090+0000] {logging_mixin.py:188} INFO - [2024-04-18T12:55:40.090+0000] {dag.py:3096} INFO - Sync 2 DAGs
[2024-04-18T12:55:40.113+0000] {logging_mixin.py:188} INFO - [2024-04-18T12:55:40.113+0000] {dag.py:3954} INFO - Setting next_dagrun for example_external_task_marker_child to None, run_after=None
[2024-04-18T12:55:40.120+0000] {logging_mixin.py:188} INFO - [2024-04-18T12:55:40.119+0000] {dag.py:3954} INFO - Setting next_dagrun for example_external_task_marker_parent to None, run_after=None
[2024-04-18T12:55:40.158+0000] {processor.py:183} INFO - Processing /home/airflow/.local/lib/python3.12/site-packages/airflow/example_dags/example_external_task_marker_dag.py took 0.125 seconds
[2024-04-18T12:56:10.472+0000] {processor.py:161} INFO - Started process (PID=676) to work on /home/airflow/.local/lib/python3.12/site-packages/airflow/example_dags/example_external_task_marker_dag.py
[2024-04-18T12:56:10.473+0000] {processor.py:830} INFO - Processing file /home/airflow/.local/lib/python3.12/site-packages/airflow/example_dags/example_external_task_marker_dag.py for tasks to queue
[2024-04-18T12:56:10.475+0000] {logging_mixin.py:188} INFO - [2024-04-18T12:56:10.475+0000] {dagbag.py:540} INFO - Filling up the DagBag from /home/airflow/.local/lib/python3.12/site-packages/airflow/example_dags/example_external_task_marker_dag.py
[2024-04-18T12:56:10.484+0000] {processor.py:840} INFO - DAG(s) 'example_external_task_marker_parent', 'example_external_task_marker_child' retrieved from /home/airflow/.local/lib/python3.12/site-packages/airflow/example_dags/example_external_task_marker_dag.py
[2024-04-18T12:56:10.519+0000] {logging_mixin.py:188} INFO - [2024-04-18T12:56:10.519+0000] {dag.py:3096} INFO - Sync 2 DAGs
[2024-04-18T12:56:10.541+0000] {logging_mixin.py:188} INFO - [2024-04-18T12:56:10.541+0000] {dag.py:3954} INFO - Setting next_dagrun for example_external_task_marker_child to None, run_after=None
[2024-04-18T12:56:10.548+0000] {logging_mixin.py:188} INFO - [2024-04-18T12:56:10.547+0000] {dag.py:3954} INFO - Setting next_dagrun for example_external_task_marker_parent to None, run_after=None
[2024-04-18T12:56:10.588+0000] {processor.py:183} INFO - Processing /home/airflow/.local/lib/python3.12/site-packages/airflow/example_dags/example_external_task_marker_dag.py took 0.126 seconds
[2024-04-18T12:56:40.949+0000] {processor.py:161} INFO - Started process (PID=734) to work on /home/airflow/.local/lib/python3.12/site-packages/airflow/example_dags/example_external_task_marker_dag.py
[2024-04-18T12:56:40.951+0000] {processor.py:830} INFO - Processing file /home/airflow/.local/lib/python3.12/site-packages/airflow/example_dags/example_external_task_marker_dag.py for tasks to queue
[2024-04-18T12:56:40.953+0000] {logging_mixin.py:188} INFO - [2024-04-18T12:56:40.953+0000] {dagbag.py:540} INFO - Filling up the DagBag from /home/airflow/.local/lib/python3.12/site-packages/airflow/example_dags/example_external_task_marker_dag.py
[2024-04-18T12:56:40.962+0000] {processor.py:840} INFO - DAG(s) 'example_external_task_marker_child', 'example_external_task_marker_parent' retrieved from /home/airflow/.local/lib/python3.12/site-packages/airflow/example_dags/example_external_task_marker_dag.py
[2024-04-18T12:56:40.998+0000] {logging_mixin.py:188} INFO - [2024-04-18T12:56:40.997+0000] {dag.py:3096} INFO - Sync 2 DAGs
[2024-04-18T12:56:41.028+0000] {logging_mixin.py:188} INFO - [2024-04-18T12:56:41.028+0000] {dag.py:3954} INFO - Setting next_dagrun for example_external_task_marker_child to None, run_after=None
[2024-04-18T12:56:41.034+0000] {logging_mixin.py:188} INFO - [2024-04-18T12:56:41.034+0000] {dag.py:3954} INFO - Setting next_dagrun for example_external_task_marker_parent to None, run_after=None
[2024-04-18T12:56:41.069+0000] {processor.py:183} INFO - Processing /home/airflow/.local/lib/python3.12/site-packages/airflow/example_dags/example_external_task_marker_dag.py took 0.130 seconds
[2024-04-18T12:57:11.866+0000] {processor.py:161} INFO - Started process (PID=792) to work on /home/airflow/.local/lib/python3.12/site-packages/airflow/example_dags/example_external_task_marker_dag.py
[2024-04-18T12:57:11.887+0000] {processor.py:830} INFO - Processing file /home/airflow/.local/lib/python3.12/site-packages/airflow/example_dags/example_external_task_marker_dag.py for tasks to queue
[2024-04-18T12:57:11.889+0000] {logging_mixin.py:188} INFO - [2024-04-18T12:57:11.889+0000] {dagbag.py:540} INFO - Filling up the DagBag from /home/airflow/.local/lib/python3.12/site-packages/airflow/example_dags/example_external_task_marker_dag.py
[2024-04-18T12:57:11.898+0000] {processor.py:840} INFO - DAG(s) 'example_external_task_marker_parent', 'example_external_task_marker_child' retrieved from /home/airflow/.local/lib/python3.12/site-packages/airflow/example_dags/example_external_task_marker_dag.py
[2024-04-18T12:57:11.933+0000] {logging_mixin.py:188} INFO - [2024-04-18T12:57:11.932+0000] {dag.py:3096} INFO - Sync 2 DAGs
[2024-04-18T12:57:11.955+0000] {logging_mixin.py:188} INFO - [2024-04-18T12:57:11.955+0000] {dag.py:3954} INFO - Setting next_dagrun for example_external_task_marker_child to None, run_after=None
[2024-04-18T12:57:11.961+0000] {logging_mixin.py:188} INFO - [2024-04-18T12:57:11.961+0000] {dag.py:3954} INFO - Setting next_dagrun for example_external_task_marker_parent to None, run_after=None
[2024-04-18T12:57:12.028+0000] {processor.py:183} INFO - Processing /home/airflow/.local/lib/python3.12/site-packages/airflow/example_dags/example_external_task_marker_dag.py took 0.171 seconds
