[2024-04-18T12:50:46.190+0000] {processor.py:161} INFO - Started process (PID=70) to work on /home/airflow/.local/lib/python3.12/site-packages/airflow/example_dags/example_subdag_operator.py
[2024-04-18T12:50:46.191+0000] {processor.py:830} INFO - Processing file /home/airflow/.local/lib/python3.12/site-packages/airflow/example_dags/example_subdag_operator.py for tasks to queue
[2024-04-18T12:50:46.196+0000] {logging_mixin.py:188} INFO - [2024-04-18T12:50:46.195+0000] {dagbag.py:540} INFO - Filling up the DagBag from /home/airflow/.local/lib/python3.12/site-packages/airflow/example_dags/example_subdag_operator.py
[2024-04-18T12:50:46.231+0000] {processor.py:840} INFO - DAG(s) 'example_subdag_operator.section-1', 'example_subdag_operator.section-2', 'example_subdag_operator' retrieved from /home/airflow/.local/lib/python3.12/site-packages/airflow/example_dags/example_subdag_operator.py
[2024-04-18T12:50:46.430+0000] {logging_mixin.py:188} INFO - [2024-04-18T12:50:46.429+0000] {dag.py:3096} INFO - Sync 3 DAGs
[2024-04-18T12:50:46.465+0000] {logging_mixin.py:188} INFO - [2024-04-18T12:50:46.464+0000] {dag.py:3954} INFO - Setting next_dagrun for example_subdag_operator to 2022-01-01 00:00:00+00:00, run_after=2022-01-01 00:00:00+00:00
[2024-04-18T12:50:46.470+0000] {logging_mixin.py:188} INFO - [2024-04-18T12:50:46.470+0000] {dag.py:3954} INFO - Setting next_dagrun for example_subdag_operator.section-1 to None, run_after=None
[2024-04-18T12:50:46.472+0000] {logging_mixin.py:188} INFO - [2024-04-18T12:50:46.472+0000] {dag.py:3954} INFO - Setting next_dagrun for example_subdag_operator.section-2 to None, run_after=None
[2024-04-18T12:50:46.487+0000] {logging_mixin.py:188} INFO - [2024-04-18T12:50:46.487+0000] {dag.py:3096} INFO - Sync 2 DAGs
[2024-04-18T12:50:46.496+0000] {logging_mixin.py:188} INFO - [2024-04-18T12:50:46.496+0000] {dag.py:3954} INFO - Setting next_dagrun for example_subdag_operator.section-1 to None, run_after=None
[2024-04-18T12:50:46.497+0000] {logging_mixin.py:188} INFO - [2024-04-18T12:50:46.497+0000] {dag.py:3954} INFO - Setting next_dagrun for example_subdag_operator.section-2 to None, run_after=None
[2024-04-18T12:50:46.533+0000] {processor.py:183} INFO - Processing /home/airflow/.local/lib/python3.12/site-packages/airflow/example_dags/example_subdag_operator.py took 0.352 seconds
[2024-04-18T12:51:16.704+0000] {processor.py:161} INFO - Started process (PID=128) to work on /home/airflow/.local/lib/python3.12/site-packages/airflow/example_dags/example_subdag_operator.py
[2024-04-18T12:51:16.705+0000] {processor.py:830} INFO - Processing file /home/airflow/.local/lib/python3.12/site-packages/airflow/example_dags/example_subdag_operator.py for tasks to queue
[2024-04-18T12:51:16.708+0000] {logging_mixin.py:188} INFO - [2024-04-18T12:51:16.707+0000] {dagbag.py:540} INFO - Filling up the DagBag from /home/airflow/.local/lib/python3.12/site-packages/airflow/example_dags/example_subdag_operator.py
[2024-04-18T12:51:16.744+0000] {processor.py:840} INFO - DAG(s) 'example_subdag_operator.section-1', 'example_subdag_operator.section-2', 'example_subdag_operator' retrieved from /home/airflow/.local/lib/python3.12/site-packages/airflow/example_dags/example_subdag_operator.py
[2024-04-18T12:51:16.771+0000] {logging_mixin.py:188} INFO - [2024-04-18T12:51:16.771+0000] {dag.py:3096} INFO - Sync 3 DAGs
[2024-04-18T12:51:16.816+0000] {logging_mixin.py:188} INFO - [2024-04-18T12:51:16.815+0000] {dag.py:3954} INFO - Setting next_dagrun for example_subdag_operator to 2022-01-01 00:00:00+00:00, run_after=2022-01-01 00:00:00+00:00
[2024-04-18T12:51:16.822+0000] {logging_mixin.py:188} INFO - [2024-04-18T12:51:16.822+0000] {dag.py:3954} INFO - Setting next_dagrun for example_subdag_operator.section-1 to None, run_after=None
[2024-04-18T12:51:16.825+0000] {logging_mixin.py:188} INFO - [2024-04-18T12:51:16.824+0000] {dag.py:3954} INFO - Setting next_dagrun for example_subdag_operator.section-2 to None, run_after=None
[2024-04-18T12:51:16.836+0000] {logging_mixin.py:188} INFO - [2024-04-18T12:51:16.836+0000] {dag.py:3096} INFO - Sync 2 DAGs
[2024-04-18T12:51:16.844+0000] {logging_mixin.py:188} INFO - [2024-04-18T12:51:16.844+0000] {dag.py:3954} INFO - Setting next_dagrun for example_subdag_operator.section-1 to None, run_after=None
[2024-04-18T12:51:16.845+0000] {logging_mixin.py:188} INFO - [2024-04-18T12:51:16.845+0000] {dag.py:3954} INFO - Setting next_dagrun for example_subdag_operator.section-2 to None, run_after=None
[2024-04-18T12:51:16.901+0000] {processor.py:183} INFO - Processing /home/airflow/.local/lib/python3.12/site-packages/airflow/example_dags/example_subdag_operator.py took 0.206 seconds
[2024-04-18T12:51:47.541+0000] {processor.py:161} INFO - Started process (PID=186) to work on /home/airflow/.local/lib/python3.12/site-packages/airflow/example_dags/example_subdag_operator.py
[2024-04-18T12:51:47.578+0000] {processor.py:830} INFO - Processing file /home/airflow/.local/lib/python3.12/site-packages/airflow/example_dags/example_subdag_operator.py for tasks to queue
[2024-04-18T12:51:47.580+0000] {logging_mixin.py:188} INFO - [2024-04-18T12:51:47.580+0000] {dagbag.py:540} INFO - Filling up the DagBag from /home/airflow/.local/lib/python3.12/site-packages/airflow/example_dags/example_subdag_operator.py
[2024-04-18T12:51:47.621+0000] {processor.py:840} INFO - DAG(s) 'example_subdag_operator.section-1', 'example_subdag_operator.section-2', 'example_subdag_operator' retrieved from /home/airflow/.local/lib/python3.12/site-packages/airflow/example_dags/example_subdag_operator.py
[2024-04-18T12:51:47.627+0000] {logging_mixin.py:188} INFO - [2024-04-18T12:51:47.627+0000] {dag.py:3096} INFO - Sync 3 DAGs
[2024-04-18T12:51:47.671+0000] {logging_mixin.py:188} INFO - [2024-04-18T12:51:47.671+0000] {dag.py:3954} INFO - Setting next_dagrun for example_subdag_operator to 2022-01-01 00:00:00+00:00, run_after=2022-01-01 00:00:00+00:00
[2024-04-18T12:51:47.678+0000] {logging_mixin.py:188} INFO - [2024-04-18T12:51:47.678+0000] {dag.py:3954} INFO - Setting next_dagrun for example_subdag_operator.section-1 to None, run_after=None
[2024-04-18T12:51:47.680+0000] {logging_mixin.py:188} INFO - [2024-04-18T12:51:47.680+0000] {dag.py:3954} INFO - Setting next_dagrun for example_subdag_operator.section-2 to None, run_after=None
[2024-04-18T12:51:47.693+0000] {logging_mixin.py:188} INFO - [2024-04-18T12:51:47.692+0000] {dag.py:3096} INFO - Sync 2 DAGs
[2024-04-18T12:51:47.702+0000] {logging_mixin.py:188} INFO - [2024-04-18T12:51:47.701+0000] {dag.py:3954} INFO - Setting next_dagrun for example_subdag_operator.section-1 to None, run_after=None
[2024-04-18T12:51:47.703+0000] {logging_mixin.py:188} INFO - [2024-04-18T12:51:47.702+0000] {dag.py:3954} INFO - Setting next_dagrun for example_subdag_operator.section-2 to None, run_after=None
[2024-04-18T12:51:47.880+0000] {processor.py:183} INFO - Processing /home/airflow/.local/lib/python3.12/site-packages/airflow/example_dags/example_subdag_operator.py took 0.348 seconds
[2024-04-18T12:52:19.086+0000] {processor.py:161} INFO - Started process (PID=244) to work on /home/airflow/.local/lib/python3.12/site-packages/airflow/example_dags/example_subdag_operator.py
[2024-04-18T12:52:19.087+0000] {processor.py:830} INFO - Processing file /home/airflow/.local/lib/python3.12/site-packages/airflow/example_dags/example_subdag_operator.py for tasks to queue
[2024-04-18T12:52:19.090+0000] {logging_mixin.py:188} INFO - [2024-04-18T12:52:19.089+0000] {dagbag.py:540} INFO - Filling up the DagBag from /home/airflow/.local/lib/python3.12/site-packages/airflow/example_dags/example_subdag_operator.py
[2024-04-18T12:52:19.131+0000] {processor.py:840} INFO - DAG(s) 'example_subdag_operator.section-1', 'example_subdag_operator.section-2', 'example_subdag_operator' retrieved from /home/airflow/.local/lib/python3.12/site-packages/airflow/example_dags/example_subdag_operator.py
[2024-04-18T12:52:19.320+0000] {logging_mixin.py:188} INFO - [2024-04-18T12:52:19.319+0000] {dag.py:3096} INFO - Sync 3 DAGs
[2024-04-18T12:52:19.356+0000] {logging_mixin.py:188} INFO - [2024-04-18T12:52:19.356+0000] {dag.py:3954} INFO - Setting next_dagrun for example_subdag_operator to 2022-01-01 00:00:00+00:00, run_after=2022-01-01 00:00:00+00:00
[2024-04-18T12:52:19.362+0000] {logging_mixin.py:188} INFO - [2024-04-18T12:52:19.362+0000] {dag.py:3954} INFO - Setting next_dagrun for example_subdag_operator.section-1 to None, run_after=None
[2024-04-18T12:52:19.364+0000] {logging_mixin.py:188} INFO - [2024-04-18T12:52:19.363+0000] {dag.py:3954} INFO - Setting next_dagrun for example_subdag_operator.section-2 to None, run_after=None
[2024-04-18T12:52:19.379+0000] {logging_mixin.py:188} INFO - [2024-04-18T12:52:19.379+0000] {dag.py:3096} INFO - Sync 2 DAGs
[2024-04-18T12:52:19.388+0000] {logging_mixin.py:188} INFO - [2024-04-18T12:52:19.387+0000] {dag.py:3954} INFO - Setting next_dagrun for example_subdag_operator.section-1 to None, run_after=None
[2024-04-18T12:52:19.388+0000] {logging_mixin.py:188} INFO - [2024-04-18T12:52:19.388+0000] {dag.py:3954} INFO - Setting next_dagrun for example_subdag_operator.section-2 to None, run_after=None
[2024-04-18T12:52:19.418+0000] {processor.py:183} INFO - Processing /home/airflow/.local/lib/python3.12/site-packages/airflow/example_dags/example_subdag_operator.py took 0.341 seconds
[2024-04-18T12:52:49.921+0000] {processor.py:161} INFO - Started process (PID=301) to work on /home/airflow/.local/lib/python3.12/site-packages/airflow/example_dags/example_subdag_operator.py
[2024-04-18T12:52:49.922+0000] {processor.py:830} INFO - Processing file /home/airflow/.local/lib/python3.12/site-packages/airflow/example_dags/example_subdag_operator.py for tasks to queue
[2024-04-18T12:52:49.925+0000] {logging_mixin.py:188} INFO - [2024-04-18T12:52:49.924+0000] {dagbag.py:540} INFO - Filling up the DagBag from /home/airflow/.local/lib/python3.12/site-packages/airflow/example_dags/example_subdag_operator.py
[2024-04-18T12:52:49.962+0000] {processor.py:840} INFO - DAG(s) 'example_subdag_operator.section-1', 'example_subdag_operator.section-2', 'example_subdag_operator' retrieved from /home/airflow/.local/lib/python3.12/site-packages/airflow/example_dags/example_subdag_operator.py
[2024-04-18T12:52:49.994+0000] {logging_mixin.py:188} INFO - [2024-04-18T12:52:49.993+0000] {dag.py:3096} INFO - Sync 3 DAGs
[2024-04-18T12:52:50.030+0000] {logging_mixin.py:188} INFO - [2024-04-18T12:52:50.030+0000] {dag.py:3954} INFO - Setting next_dagrun for example_subdag_operator to 2022-01-01 00:00:00+00:00, run_after=2022-01-01 00:00:00+00:00
[2024-04-18T12:52:50.036+0000] {logging_mixin.py:188} INFO - [2024-04-18T12:52:50.036+0000] {dag.py:3954} INFO - Setting next_dagrun for example_subdag_operator.section-1 to None, run_after=None
[2024-04-18T12:52:50.038+0000] {logging_mixin.py:188} INFO - [2024-04-18T12:52:50.038+0000] {dag.py:3954} INFO - Setting next_dagrun for example_subdag_operator.section-2 to None, run_after=None
[2024-04-18T12:52:50.049+0000] {logging_mixin.py:188} INFO - [2024-04-18T12:52:50.049+0000] {dag.py:3096} INFO - Sync 2 DAGs
[2024-04-18T12:52:50.057+0000] {logging_mixin.py:188} INFO - [2024-04-18T12:52:50.057+0000] {dag.py:3954} INFO - Setting next_dagrun for example_subdag_operator.section-1 to None, run_after=None
[2024-04-18T12:52:50.058+0000] {logging_mixin.py:188} INFO - [2024-04-18T12:52:50.058+0000] {dag.py:3954} INFO - Setting next_dagrun for example_subdag_operator.section-2 to None, run_after=None
[2024-04-18T12:52:50.092+0000] {processor.py:183} INFO - Processing /home/airflow/.local/lib/python3.12/site-packages/airflow/example_dags/example_subdag_operator.py took 0.182 seconds
[2024-04-18T12:53:20.601+0000] {processor.py:161} INFO - Started process (PID=359) to work on /home/airflow/.local/lib/python3.12/site-packages/airflow/example_dags/example_subdag_operator.py
[2024-04-18T12:53:20.602+0000] {processor.py:830} INFO - Processing file /home/airflow/.local/lib/python3.12/site-packages/airflow/example_dags/example_subdag_operator.py for tasks to queue
[2024-04-18T12:53:20.605+0000] {logging_mixin.py:188} INFO - [2024-04-18T12:53:20.604+0000] {dagbag.py:540} INFO - Filling up the DagBag from /home/airflow/.local/lib/python3.12/site-packages/airflow/example_dags/example_subdag_operator.py
[2024-04-18T12:53:20.639+0000] {processor.py:840} INFO - DAG(s) 'example_subdag_operator.section-1', 'example_subdag_operator.section-2', 'example_subdag_operator' retrieved from /home/airflow/.local/lib/python3.12/site-packages/airflow/example_dags/example_subdag_operator.py
[2024-04-18T12:53:20.668+0000] {logging_mixin.py:188} INFO - [2024-04-18T12:53:20.668+0000] {dag.py:3096} INFO - Sync 3 DAGs
[2024-04-18T12:53:20.706+0000] {logging_mixin.py:188} INFO - [2024-04-18T12:53:20.706+0000] {dag.py:3954} INFO - Setting next_dagrun for example_subdag_operator to 2022-01-01 00:00:00+00:00, run_after=2022-01-01 00:00:00+00:00
[2024-04-18T12:53:20.713+0000] {logging_mixin.py:188} INFO - [2024-04-18T12:53:20.712+0000] {dag.py:3954} INFO - Setting next_dagrun for example_subdag_operator.section-1 to None, run_after=None
[2024-04-18T12:53:20.715+0000] {logging_mixin.py:188} INFO - [2024-04-18T12:53:20.714+0000] {dag.py:3954} INFO - Setting next_dagrun for example_subdag_operator.section-2 to None, run_after=None
[2024-04-18T12:53:20.726+0000] {logging_mixin.py:188} INFO - [2024-04-18T12:53:20.726+0000] {dag.py:3096} INFO - Sync 2 DAGs
[2024-04-18T12:53:20.735+0000] {logging_mixin.py:188} INFO - [2024-04-18T12:53:20.735+0000] {dag.py:3954} INFO - Setting next_dagrun for example_subdag_operator.section-1 to None, run_after=None
[2024-04-18T12:53:20.736+0000] {logging_mixin.py:188} INFO - [2024-04-18T12:53:20.735+0000] {dag.py:3954} INFO - Setting next_dagrun for example_subdag_operator.section-2 to None, run_after=None
[2024-04-18T12:53:20.758+0000] {processor.py:183} INFO - Processing /home/airflow/.local/lib/python3.12/site-packages/airflow/example_dags/example_subdag_operator.py took 0.166 seconds
[2024-04-18T12:53:50.944+0000] {processor.py:161} INFO - Started process (PID=416) to work on /home/airflow/.local/lib/python3.12/site-packages/airflow/example_dags/example_subdag_operator.py
[2024-04-18T12:53:51.007+0000] {processor.py:830} INFO - Processing file /home/airflow/.local/lib/python3.12/site-packages/airflow/example_dags/example_subdag_operator.py for tasks to queue
[2024-04-18T12:53:51.010+0000] {logging_mixin.py:188} INFO - [2024-04-18T12:53:51.010+0000] {dagbag.py:540} INFO - Filling up the DagBag from /home/airflow/.local/lib/python3.12/site-packages/airflow/example_dags/example_subdag_operator.py
[2024-04-18T12:53:51.049+0000] {processor.py:840} INFO - DAG(s) 'example_subdag_operator.section-1', 'example_subdag_operator.section-2', 'example_subdag_operator' retrieved from /home/airflow/.local/lib/python3.12/site-packages/airflow/example_dags/example_subdag_operator.py
[2024-04-18T12:53:51.076+0000] {logging_mixin.py:188} INFO - [2024-04-18T12:53:51.076+0000] {dag.py:3096} INFO - Sync 3 DAGs
[2024-04-18T12:53:51.113+0000] {logging_mixin.py:188} INFO - [2024-04-18T12:53:51.112+0000] {dag.py:3954} INFO - Setting next_dagrun for example_subdag_operator to 2022-01-01 00:00:00+00:00, run_after=2022-01-01 00:00:00+00:00
[2024-04-18T12:53:51.119+0000] {logging_mixin.py:188} INFO - [2024-04-18T12:53:51.119+0000] {dag.py:3954} INFO - Setting next_dagrun for example_subdag_operator.section-1 to None, run_after=None
[2024-04-18T12:53:51.121+0000] {logging_mixin.py:188} INFO - [2024-04-18T12:53:51.121+0000] {dag.py:3954} INFO - Setting next_dagrun for example_subdag_operator.section-2 to None, run_after=None
[2024-04-18T12:53:51.132+0000] {logging_mixin.py:188} INFO - [2024-04-18T12:53:51.132+0000] {dag.py:3096} INFO - Sync 2 DAGs
[2024-04-18T12:53:51.140+0000] {logging_mixin.py:188} INFO - [2024-04-18T12:53:51.140+0000] {dag.py:3954} INFO - Setting next_dagrun for example_subdag_operator.section-1 to None, run_after=None
[2024-04-18T12:53:51.141+0000] {logging_mixin.py:188} INFO - [2024-04-18T12:53:51.141+0000] {dag.py:3954} INFO - Setting next_dagrun for example_subdag_operator.section-2 to None, run_after=None
[2024-04-18T12:53:51.172+0000] {processor.py:183} INFO - Processing /home/airflow/.local/lib/python3.12/site-packages/airflow/example_dags/example_subdag_operator.py took 0.237 seconds
[2024-04-18T12:54:21.435+0000] {processor.py:161} INFO - Started process (PID=473) to work on /home/airflow/.local/lib/python3.12/site-packages/airflow/example_dags/example_subdag_operator.py
[2024-04-18T12:54:21.600+0000] {processor.py:830} INFO - Processing file /home/airflow/.local/lib/python3.12/site-packages/airflow/example_dags/example_subdag_operator.py for tasks to queue
[2024-04-18T12:54:21.603+0000] {logging_mixin.py:188} INFO - [2024-04-18T12:54:21.602+0000] {dagbag.py:540} INFO - Filling up the DagBag from /home/airflow/.local/lib/python3.12/site-packages/airflow/example_dags/example_subdag_operator.py
[2024-04-18T12:54:21.637+0000] {processor.py:840} INFO - DAG(s) 'example_subdag_operator.section-1', 'example_subdag_operator.section-2', 'example_subdag_operator' retrieved from /home/airflow/.local/lib/python3.12/site-packages/airflow/example_dags/example_subdag_operator.py
[2024-04-18T12:54:21.664+0000] {logging_mixin.py:188} INFO - [2024-04-18T12:54:21.664+0000] {dag.py:3096} INFO - Sync 3 DAGs
[2024-04-18T12:54:21.700+0000] {logging_mixin.py:188} INFO - [2024-04-18T12:54:21.700+0000] {dag.py:3954} INFO - Setting next_dagrun for example_subdag_operator to 2022-01-01 00:00:00+00:00, run_after=2022-01-01 00:00:00+00:00
[2024-04-18T12:54:21.707+0000] {logging_mixin.py:188} INFO - [2024-04-18T12:54:21.706+0000] {dag.py:3954} INFO - Setting next_dagrun for example_subdag_operator.section-1 to None, run_after=None
[2024-04-18T12:54:21.708+0000] {logging_mixin.py:188} INFO - [2024-04-18T12:54:21.708+0000] {dag.py:3954} INFO - Setting next_dagrun for example_subdag_operator.section-2 to None, run_after=None
[2024-04-18T12:54:21.721+0000] {logging_mixin.py:188} INFO - [2024-04-18T12:54:21.721+0000] {dag.py:3096} INFO - Sync 2 DAGs
[2024-04-18T12:54:21.730+0000] {logging_mixin.py:188} INFO - [2024-04-18T12:54:21.730+0000] {dag.py:3954} INFO - Setting next_dagrun for example_subdag_operator.section-1 to None, run_after=None
[2024-04-18T12:54:21.731+0000] {logging_mixin.py:188} INFO - [2024-04-18T12:54:21.731+0000] {dag.py:3954} INFO - Setting next_dagrun for example_subdag_operator.section-2 to None, run_after=None
[2024-04-18T12:54:21.928+0000] {processor.py:183} INFO - Processing /home/airflow/.local/lib/python3.12/site-packages/airflow/example_dags/example_subdag_operator.py took 0.513 seconds
[2024-04-18T12:54:52.103+0000] {processor.py:161} INFO - Started process (PID=531) to work on /home/airflow/.local/lib/python3.12/site-packages/airflow/example_dags/example_subdag_operator.py
[2024-04-18T12:54:52.104+0000] {processor.py:830} INFO - Processing file /home/airflow/.local/lib/python3.12/site-packages/airflow/example_dags/example_subdag_operator.py for tasks to queue
[2024-04-18T12:54:52.107+0000] {logging_mixin.py:188} INFO - [2024-04-18T12:54:52.106+0000] {dagbag.py:540} INFO - Filling up the DagBag from /home/airflow/.local/lib/python3.12/site-packages/airflow/example_dags/example_subdag_operator.py
[2024-04-18T12:54:52.142+0000] {processor.py:840} INFO - DAG(s) 'example_subdag_operator.section-1', 'example_subdag_operator.section-2', 'example_subdag_operator' retrieved from /home/airflow/.local/lib/python3.12/site-packages/airflow/example_dags/example_subdag_operator.py
[2024-04-18T12:54:52.171+0000] {logging_mixin.py:188} INFO - [2024-04-18T12:54:52.171+0000] {dag.py:3096} INFO - Sync 3 DAGs
[2024-04-18T12:54:52.211+0000] {logging_mixin.py:188} INFO - [2024-04-18T12:54:52.210+0000] {dag.py:3954} INFO - Setting next_dagrun for example_subdag_operator to 2022-01-01 00:00:00+00:00, run_after=2022-01-01 00:00:00+00:00
[2024-04-18T12:54:52.217+0000] {logging_mixin.py:188} INFO - [2024-04-18T12:54:52.217+0000] {dag.py:3954} INFO - Setting next_dagrun for example_subdag_operator.section-1 to None, run_after=None
[2024-04-18T12:54:52.220+0000] {logging_mixin.py:188} INFO - [2024-04-18T12:54:52.219+0000] {dag.py:3954} INFO - Setting next_dagrun for example_subdag_operator.section-2 to None, run_after=None
[2024-04-18T12:54:52.232+0000] {logging_mixin.py:188} INFO - [2024-04-18T12:54:52.232+0000] {dag.py:3096} INFO - Sync 2 DAGs
[2024-04-18T12:54:52.241+0000] {logging_mixin.py:188} INFO - [2024-04-18T12:54:52.241+0000] {dag.py:3954} INFO - Setting next_dagrun for example_subdag_operator.section-1 to None, run_after=None
[2024-04-18T12:54:52.242+0000] {logging_mixin.py:188} INFO - [2024-04-18T12:54:52.242+0000] {dag.py:3954} INFO - Setting next_dagrun for example_subdag_operator.section-2 to None, run_after=None
[2024-04-18T12:54:52.268+0000] {processor.py:183} INFO - Processing /home/airflow/.local/lib/python3.12/site-packages/airflow/example_dags/example_subdag_operator.py took 0.174 seconds
[2024-04-18T12:55:22.558+0000] {processor.py:161} INFO - Started process (PID=589) to work on /home/airflow/.local/lib/python3.12/site-packages/airflow/example_dags/example_subdag_operator.py
[2024-04-18T12:55:22.560+0000] {processor.py:830} INFO - Processing file /home/airflow/.local/lib/python3.12/site-packages/airflow/example_dags/example_subdag_operator.py for tasks to queue
[2024-04-18T12:55:22.563+0000] {logging_mixin.py:188} INFO - [2024-04-18T12:55:22.562+0000] {dagbag.py:540} INFO - Filling up the DagBag from /home/airflow/.local/lib/python3.12/site-packages/airflow/example_dags/example_subdag_operator.py
[2024-04-18T12:55:22.610+0000] {processor.py:840} INFO - DAG(s) 'example_subdag_operator.section-1', 'example_subdag_operator.section-2', 'example_subdag_operator' retrieved from /home/airflow/.local/lib/python3.12/site-packages/airflow/example_dags/example_subdag_operator.py
[2024-04-18T12:55:22.644+0000] {logging_mixin.py:188} INFO - [2024-04-18T12:55:22.643+0000] {dag.py:3096} INFO - Sync 3 DAGs
[2024-04-18T12:55:22.694+0000] {logging_mixin.py:188} INFO - [2024-04-18T12:55:22.694+0000] {dag.py:3954} INFO - Setting next_dagrun for example_subdag_operator to 2022-01-01 00:00:00+00:00, run_after=2022-01-01 00:00:00+00:00
[2024-04-18T12:55:22.702+0000] {logging_mixin.py:188} INFO - [2024-04-18T12:55:22.701+0000] {dag.py:3954} INFO - Setting next_dagrun for example_subdag_operator.section-1 to None, run_after=None
[2024-04-18T12:55:22.704+0000] {logging_mixin.py:188} INFO - [2024-04-18T12:55:22.703+0000] {dag.py:3954} INFO - Setting next_dagrun for example_subdag_operator.section-2 to None, run_after=None
[2024-04-18T12:55:22.716+0000] {logging_mixin.py:188} INFO - [2024-04-18T12:55:22.716+0000] {dag.py:3096} INFO - Sync 2 DAGs
[2024-04-18T12:55:22.728+0000] {logging_mixin.py:188} INFO - [2024-04-18T12:55:22.728+0000] {dag.py:3954} INFO - Setting next_dagrun for example_subdag_operator.section-1 to None, run_after=None
[2024-04-18T12:55:22.729+0000] {logging_mixin.py:188} INFO - [2024-04-18T12:55:22.729+0000] {dag.py:3954} INFO - Setting next_dagrun for example_subdag_operator.section-2 to None, run_after=None
[2024-04-18T12:55:22.749+0000] {processor.py:183} INFO - Processing /home/airflow/.local/lib/python3.12/site-packages/airflow/example_dags/example_subdag_operator.py took 0.202 seconds
[2024-04-18T12:55:52.856+0000] {processor.py:161} INFO - Started process (PID=647) to work on /home/airflow/.local/lib/python3.12/site-packages/airflow/example_dags/example_subdag_operator.py
[2024-04-18T12:55:52.857+0000] {processor.py:830} INFO - Processing file /home/airflow/.local/lib/python3.12/site-packages/airflow/example_dags/example_subdag_operator.py for tasks to queue
[2024-04-18T12:55:52.860+0000] {logging_mixin.py:188} INFO - [2024-04-18T12:55:52.859+0000] {dagbag.py:540} INFO - Filling up the DagBag from /home/airflow/.local/lib/python3.12/site-packages/airflow/example_dags/example_subdag_operator.py
[2024-04-18T12:55:52.894+0000] {processor.py:840} INFO - DAG(s) 'example_subdag_operator.section-1', 'example_subdag_operator.section-2', 'example_subdag_operator' retrieved from /home/airflow/.local/lib/python3.12/site-packages/airflow/example_dags/example_subdag_operator.py
[2024-04-18T12:55:52.920+0000] {logging_mixin.py:188} INFO - [2024-04-18T12:55:52.920+0000] {dag.py:3096} INFO - Sync 3 DAGs
[2024-04-18T12:55:52.958+0000] {logging_mixin.py:188} INFO - [2024-04-18T12:55:52.957+0000] {dag.py:3954} INFO - Setting next_dagrun for example_subdag_operator to 2022-01-01 00:00:00+00:00, run_after=2022-01-01 00:00:00+00:00
[2024-04-18T12:55:52.964+0000] {logging_mixin.py:188} INFO - [2024-04-18T12:55:52.964+0000] {dag.py:3954} INFO - Setting next_dagrun for example_subdag_operator.section-1 to None, run_after=None
[2024-04-18T12:55:52.966+0000] {logging_mixin.py:188} INFO - [2024-04-18T12:55:52.966+0000] {dag.py:3954} INFO - Setting next_dagrun for example_subdag_operator.section-2 to None, run_after=None
[2024-04-18T12:55:52.977+0000] {logging_mixin.py:188} INFO - [2024-04-18T12:55:52.977+0000] {dag.py:3096} INFO - Sync 2 DAGs
[2024-04-18T12:55:52.985+0000] {logging_mixin.py:188} INFO - [2024-04-18T12:55:52.985+0000] {dag.py:3954} INFO - Setting next_dagrun for example_subdag_operator.section-1 to None, run_after=None
[2024-04-18T12:55:52.986+0000] {logging_mixin.py:188} INFO - [2024-04-18T12:55:52.986+0000] {dag.py:3954} INFO - Setting next_dagrun for example_subdag_operator.section-2 to None, run_after=None
[2024-04-18T12:55:53.014+0000] {processor.py:183} INFO - Processing /home/airflow/.local/lib/python3.12/site-packages/airflow/example_dags/example_subdag_operator.py took 0.167 seconds
[2024-04-18T12:56:23.637+0000] {processor.py:161} INFO - Started process (PID=704) to work on /home/airflow/.local/lib/python3.12/site-packages/airflow/example_dags/example_subdag_operator.py
[2024-04-18T12:56:23.638+0000] {processor.py:830} INFO - Processing file /home/airflow/.local/lib/python3.12/site-packages/airflow/example_dags/example_subdag_operator.py for tasks to queue
[2024-04-18T12:56:23.640+0000] {logging_mixin.py:188} INFO - [2024-04-18T12:56:23.640+0000] {dagbag.py:540} INFO - Filling up the DagBag from /home/airflow/.local/lib/python3.12/site-packages/airflow/example_dags/example_subdag_operator.py
[2024-04-18T12:56:23.675+0000] {processor.py:840} INFO - DAG(s) 'example_subdag_operator.section-1', 'example_subdag_operator.section-2', 'example_subdag_operator' retrieved from /home/airflow/.local/lib/python3.12/site-packages/airflow/example_dags/example_subdag_operator.py
[2024-04-18T12:56:23.703+0000] {logging_mixin.py:188} INFO - [2024-04-18T12:56:23.702+0000] {dag.py:3096} INFO - Sync 3 DAGs
[2024-04-18T12:56:23.740+0000] {logging_mixin.py:188} INFO - [2024-04-18T12:56:23.740+0000] {dag.py:3954} INFO - Setting next_dagrun for example_subdag_operator to 2022-01-01 00:00:00+00:00, run_after=2022-01-01 00:00:00+00:00
[2024-04-18T12:56:23.747+0000] {logging_mixin.py:188} INFO - [2024-04-18T12:56:23.746+0000] {dag.py:3954} INFO - Setting next_dagrun for example_subdag_operator.section-1 to None, run_after=None
[2024-04-18T12:56:23.749+0000] {logging_mixin.py:188} INFO - [2024-04-18T12:56:23.748+0000] {dag.py:3954} INFO - Setting next_dagrun for example_subdag_operator.section-2 to None, run_after=None
[2024-04-18T12:56:23.760+0000] {logging_mixin.py:188} INFO - [2024-04-18T12:56:23.760+0000] {dag.py:3096} INFO - Sync 2 DAGs
[2024-04-18T12:56:23.768+0000] {logging_mixin.py:188} INFO - [2024-04-18T12:56:23.768+0000] {dag.py:3954} INFO - Setting next_dagrun for example_subdag_operator.section-1 to None, run_after=None
[2024-04-18T12:56:23.769+0000] {logging_mixin.py:188} INFO - [2024-04-18T12:56:23.769+0000] {dag.py:3954} INFO - Setting next_dagrun for example_subdag_operator.section-2 to None, run_after=None
[2024-04-18T12:56:23.785+0000] {processor.py:183} INFO - Processing /home/airflow/.local/lib/python3.12/site-packages/airflow/example_dags/example_subdag_operator.py took 0.157 seconds
[2024-04-18T12:56:54.552+0000] {processor.py:161} INFO - Started process (PID=762) to work on /home/airflow/.local/lib/python3.12/site-packages/airflow/example_dags/example_subdag_operator.py
[2024-04-18T12:56:54.553+0000] {processor.py:830} INFO - Processing file /home/airflow/.local/lib/python3.12/site-packages/airflow/example_dags/example_subdag_operator.py for tasks to queue
[2024-04-18T12:56:54.556+0000] {logging_mixin.py:188} INFO - [2024-04-18T12:56:54.555+0000] {dagbag.py:540} INFO - Filling up the DagBag from /home/airflow/.local/lib/python3.12/site-packages/airflow/example_dags/example_subdag_operator.py
[2024-04-18T12:56:54.590+0000] {processor.py:840} INFO - DAG(s) 'example_subdag_operator.section-1', 'example_subdag_operator.section-2', 'example_subdag_operator' retrieved from /home/airflow/.local/lib/python3.12/site-packages/airflow/example_dags/example_subdag_operator.py
[2024-04-18T12:56:54.617+0000] {logging_mixin.py:188} INFO - [2024-04-18T12:56:54.616+0000] {dag.py:3096} INFO - Sync 3 DAGs
[2024-04-18T12:56:54.655+0000] {logging_mixin.py:188} INFO - [2024-04-18T12:56:54.655+0000] {dag.py:3954} INFO - Setting next_dagrun for example_subdag_operator to 2022-01-01 00:00:00+00:00, run_after=2022-01-01 00:00:00+00:00
[2024-04-18T12:56:54.662+0000] {logging_mixin.py:188} INFO - [2024-04-18T12:56:54.661+0000] {dag.py:3954} INFO - Setting next_dagrun for example_subdag_operator.section-1 to None, run_after=None
[2024-04-18T12:56:54.664+0000] {logging_mixin.py:188} INFO - [2024-04-18T12:56:54.663+0000] {dag.py:3954} INFO - Setting next_dagrun for example_subdag_operator.section-2 to None, run_after=None
[2024-04-18T12:56:54.675+0000] {logging_mixin.py:188} INFO - [2024-04-18T12:56:54.675+0000] {dag.py:3096} INFO - Sync 2 DAGs
[2024-04-18T12:56:54.684+0000] {logging_mixin.py:188} INFO - [2024-04-18T12:56:54.684+0000] {dag.py:3954} INFO - Setting next_dagrun for example_subdag_operator.section-1 to None, run_after=None
[2024-04-18T12:56:54.685+0000] {logging_mixin.py:188} INFO - [2024-04-18T12:56:54.684+0000] {dag.py:3954} INFO - Setting next_dagrun for example_subdag_operator.section-2 to None, run_after=None
[2024-04-18T12:56:54.745+0000] {processor.py:183} INFO - Processing /home/airflow/.local/lib/python3.12/site-packages/airflow/example_dags/example_subdag_operator.py took 0.202 seconds
[2024-04-18T12:57:24.830+0000] {processor.py:161} INFO - Started process (PID=820) to work on /home/airflow/.local/lib/python3.12/site-packages/airflow/example_dags/example_subdag_operator.py
[2024-04-18T12:57:24.831+0000] {processor.py:830} INFO - Processing file /home/airflow/.local/lib/python3.12/site-packages/airflow/example_dags/example_subdag_operator.py for tasks to queue
[2024-04-18T12:57:24.834+0000] {logging_mixin.py:188} INFO - [2024-04-18T12:57:24.833+0000] {dagbag.py:540} INFO - Filling up the DagBag from /home/airflow/.local/lib/python3.12/site-packages/airflow/example_dags/example_subdag_operator.py
[2024-04-18T12:57:24.871+0000] {processor.py:840} INFO - DAG(s) 'example_subdag_operator.section-1', 'example_subdag_operator.section-2', 'example_subdag_operator' retrieved from /home/airflow/.local/lib/python3.12/site-packages/airflow/example_dags/example_subdag_operator.py
[2024-04-18T12:57:24.899+0000] {logging_mixin.py:188} INFO - [2024-04-18T12:57:24.898+0000] {dag.py:3096} INFO - Sync 3 DAGs
[2024-04-18T12:57:24.938+0000] {logging_mixin.py:188} INFO - [2024-04-18T12:57:24.937+0000] {dag.py:3954} INFO - Setting next_dagrun for example_subdag_operator to 2022-01-01 00:00:00+00:00, run_after=2022-01-01 00:00:00+00:00
[2024-04-18T12:57:24.944+0000] {logging_mixin.py:188} INFO - [2024-04-18T12:57:24.944+0000] {dag.py:3954} INFO - Setting next_dagrun for example_subdag_operator.section-1 to None, run_after=None
[2024-04-18T12:57:24.946+0000] {logging_mixin.py:188} INFO - [2024-04-18T12:57:24.946+0000] {dag.py:3954} INFO - Setting next_dagrun for example_subdag_operator.section-2 to None, run_after=None
[2024-04-18T12:57:24.959+0000] {logging_mixin.py:188} INFO - [2024-04-18T12:57:24.958+0000] {dag.py:3096} INFO - Sync 2 DAGs
[2024-04-18T12:57:24.967+0000] {logging_mixin.py:188} INFO - [2024-04-18T12:57:24.967+0000] {dag.py:3954} INFO - Setting next_dagrun for example_subdag_operator.section-1 to None, run_after=None
[2024-04-18T12:57:24.968+0000] {logging_mixin.py:188} INFO - [2024-04-18T12:57:24.968+0000] {dag.py:3954} INFO - Setting next_dagrun for example_subdag_operator.section-2 to None, run_after=None
[2024-04-18T12:57:24.989+0000] {processor.py:183} INFO - Processing /home/airflow/.local/lib/python3.12/site-packages/airflow/example_dags/example_subdag_operator.py took 0.170 seconds
