[2024-04-18T12:50:29.690+0000] {processor.py:161} INFO - Started process (PID=34) to work on /home/airflow/.local/lib/python3.12/site-packages/airflow/example_dags/example_branch_python_dop_operator_3.py
[2024-04-18T12:50:29.691+0000] {processor.py:830} INFO - Processing file /home/airflow/.local/lib/python3.12/site-packages/airflow/example_dags/example_branch_python_dop_operator_3.py for tasks to queue
[2024-04-18T12:50:29.694+0000] {logging_mixin.py:188} INFO - [2024-04-18T12:50:29.693+0000] {dagbag.py:540} INFO - Filling up the DagBag from /home/airflow/.local/lib/python3.12/site-packages/airflow/example_dags/example_branch_python_dop_operator_3.py
[2024-04-18T12:50:29.719+0000] {processor.py:840} INFO - DAG(s) 'example_branch_dop_operator_v3' retrieved from /home/airflow/.local/lib/python3.12/site-packages/airflow/example_dags/example_branch_python_dop_operator_3.py
[2024-04-18T12:50:30.737+0000] {logging_mixin.py:188} INFO - [2024-04-18T12:50:30.736+0000] {dag.py:3096} INFO - Sync 1 DAGs
[2024-04-18T12:50:30.787+0000] {logging_mixin.py:188} INFO - [2024-04-18T12:50:30.787+0000] {dag.py:3954} INFO - Setting next_dagrun for example_branch_dop_operator_v3 to 2024-04-18 12:49:00+00:00, run_after=2024-04-18 12:50:00+00:00
[2024-04-18T12:50:31.112+0000] {processor.py:183} INFO - Processing /home/airflow/.local/lib/python3.12/site-packages/airflow/example_dags/example_branch_python_dop_operator_3.py took 1.432 seconds
[2024-04-18T12:51:01.359+0000] {processor.py:161} INFO - Started process (PID=92) to work on /home/airflow/.local/lib/python3.12/site-packages/airflow/example_dags/example_branch_python_dop_operator_3.py
[2024-04-18T12:51:01.376+0000] {processor.py:830} INFO - Processing file /home/airflow/.local/lib/python3.12/site-packages/airflow/example_dags/example_branch_python_dop_operator_3.py for tasks to queue
[2024-04-18T12:51:01.379+0000] {logging_mixin.py:188} INFO - [2024-04-18T12:51:01.378+0000] {dagbag.py:540} INFO - Filling up the DagBag from /home/airflow/.local/lib/python3.12/site-packages/airflow/example_dags/example_branch_python_dop_operator_3.py
[2024-04-18T12:51:01.395+0000] {processor.py:840} INFO - DAG(s) 'example_branch_dop_operator_v3' retrieved from /home/airflow/.local/lib/python3.12/site-packages/airflow/example_dags/example_branch_python_dop_operator_3.py
[2024-04-18T12:51:01.424+0000] {logging_mixin.py:188} INFO - [2024-04-18T12:51:01.424+0000] {dag.py:3096} INFO - Sync 1 DAGs
[2024-04-18T12:51:01.468+0000] {logging_mixin.py:188} INFO - [2024-04-18T12:51:01.468+0000] {dag.py:3954} INFO - Setting next_dagrun for example_branch_dop_operator_v3 to 2024-04-18 12:50:00+00:00, run_after=2024-04-18 12:51:00+00:00
[2024-04-18T12:51:01.519+0000] {processor.py:183} INFO - Processing /home/airflow/.local/lib/python3.12/site-packages/airflow/example_dags/example_branch_python_dop_operator_3.py took 0.170 seconds
[2024-04-18T12:51:31.951+0000] {processor.py:161} INFO - Started process (PID=150) to work on /home/airflow/.local/lib/python3.12/site-packages/airflow/example_dags/example_branch_python_dop_operator_3.py
[2024-04-18T12:51:31.952+0000] {processor.py:830} INFO - Processing file /home/airflow/.local/lib/python3.12/site-packages/airflow/example_dags/example_branch_python_dop_operator_3.py for tasks to queue
[2024-04-18T12:51:31.955+0000] {logging_mixin.py:188} INFO - [2024-04-18T12:51:31.954+0000] {dagbag.py:540} INFO - Filling up the DagBag from /home/airflow/.local/lib/python3.12/site-packages/airflow/example_dags/example_branch_python_dop_operator_3.py
[2024-04-18T12:51:31.969+0000] {processor.py:840} INFO - DAG(s) 'example_branch_dop_operator_v3' retrieved from /home/airflow/.local/lib/python3.12/site-packages/airflow/example_dags/example_branch_python_dop_operator_3.py
[2024-04-18T12:51:32.000+0000] {logging_mixin.py:188} INFO - [2024-04-18T12:51:31.999+0000] {dag.py:3096} INFO - Sync 1 DAGs
[2024-04-18T12:51:32.043+0000] {logging_mixin.py:188} INFO - [2024-04-18T12:51:32.043+0000] {dag.py:3954} INFO - Setting next_dagrun for example_branch_dop_operator_v3 to 2024-04-18 12:50:00+00:00, run_after=2024-04-18 12:51:00+00:00
[2024-04-18T12:51:32.159+0000] {processor.py:183} INFO - Processing /home/airflow/.local/lib/python3.12/site-packages/airflow/example_dags/example_branch_python_dop_operator_3.py took 0.217 seconds
[2024-04-18T12:52:02.435+0000] {processor.py:161} INFO - Started process (PID=208) to work on /home/airflow/.local/lib/python3.12/site-packages/airflow/example_dags/example_branch_python_dop_operator_3.py
[2024-04-18T12:52:02.446+0000] {processor.py:830} INFO - Processing file /home/airflow/.local/lib/python3.12/site-packages/airflow/example_dags/example_branch_python_dop_operator_3.py for tasks to queue
[2024-04-18T12:52:02.450+0000] {logging_mixin.py:188} INFO - [2024-04-18T12:52:02.449+0000] {dagbag.py:540} INFO - Filling up the DagBag from /home/airflow/.local/lib/python3.12/site-packages/airflow/example_dags/example_branch_python_dop_operator_3.py
[2024-04-18T12:52:02.465+0000] {processor.py:840} INFO - DAG(s) 'example_branch_dop_operator_v3' retrieved from /home/airflow/.local/lib/python3.12/site-packages/airflow/example_dags/example_branch_python_dop_operator_3.py
[2024-04-18T12:52:02.484+0000] {logging_mixin.py:188} INFO - [2024-04-18T12:52:02.483+0000] {dag.py:3096} INFO - Sync 1 DAGs
[2024-04-18T12:52:02.529+0000] {logging_mixin.py:188} INFO - [2024-04-18T12:52:02.529+0000] {dag.py:3954} INFO - Setting next_dagrun for example_branch_dop_operator_v3 to 2024-04-18 12:51:00+00:00, run_after=2024-04-18 12:52:00+00:00
[2024-04-18T12:52:02.564+0000] {processor.py:183} INFO - Processing /home/airflow/.local/lib/python3.12/site-packages/airflow/example_dags/example_branch_python_dop_operator_3.py took 0.140 seconds
[2024-04-18T12:52:33.275+0000] {processor.py:161} INFO - Started process (PID=265) to work on /home/airflow/.local/lib/python3.12/site-packages/airflow/example_dags/example_branch_python_dop_operator_3.py
[2024-04-18T12:52:33.285+0000] {processor.py:830} INFO - Processing file /home/airflow/.local/lib/python3.12/site-packages/airflow/example_dags/example_branch_python_dop_operator_3.py for tasks to queue
[2024-04-18T12:52:33.288+0000] {logging_mixin.py:188} INFO - [2024-04-18T12:52:33.288+0000] {dagbag.py:540} INFO - Filling up the DagBag from /home/airflow/.local/lib/python3.12/site-packages/airflow/example_dags/example_branch_python_dop_operator_3.py
[2024-04-18T12:52:33.302+0000] {processor.py:840} INFO - DAG(s) 'example_branch_dop_operator_v3' retrieved from /home/airflow/.local/lib/python3.12/site-packages/airflow/example_dags/example_branch_python_dop_operator_3.py
[2024-04-18T12:52:33.480+0000] {logging_mixin.py:188} INFO - [2024-04-18T12:52:33.479+0000] {dag.py:3096} INFO - Sync 1 DAGs
[2024-04-18T12:52:33.523+0000] {logging_mixin.py:188} INFO - [2024-04-18T12:52:33.522+0000] {dag.py:3954} INFO - Setting next_dagrun for example_branch_dop_operator_v3 to 2024-04-18 12:51:00+00:00, run_after=2024-04-18 12:52:00+00:00
[2024-04-18T12:52:33.613+0000] {processor.py:183} INFO - Processing /home/airflow/.local/lib/python3.12/site-packages/airflow/example_dags/example_branch_python_dop_operator_3.py took 0.348 seconds
[2024-04-18T12:53:04.402+0000] {processor.py:161} INFO - Started process (PID=323) to work on /home/airflow/.local/lib/python3.12/site-packages/airflow/example_dags/example_branch_python_dop_operator_3.py
[2024-04-18T12:53:04.407+0000] {processor.py:830} INFO - Processing file /home/airflow/.local/lib/python3.12/site-packages/airflow/example_dags/example_branch_python_dop_operator_3.py for tasks to queue
[2024-04-18T12:53:04.411+0000] {logging_mixin.py:188} INFO - [2024-04-18T12:53:04.410+0000] {dagbag.py:540} INFO - Filling up the DagBag from /home/airflow/.local/lib/python3.12/site-packages/airflow/example_dags/example_branch_python_dop_operator_3.py
[2024-04-18T12:53:04.424+0000] {processor.py:840} INFO - DAG(s) 'example_branch_dop_operator_v3' retrieved from /home/airflow/.local/lib/python3.12/site-packages/airflow/example_dags/example_branch_python_dop_operator_3.py
[2024-04-18T12:53:04.454+0000] {logging_mixin.py:188} INFO - [2024-04-18T12:53:04.454+0000] {dag.py:3096} INFO - Sync 1 DAGs
[2024-04-18T12:53:04.500+0000] {logging_mixin.py:188} INFO - [2024-04-18T12:53:04.499+0000] {dag.py:3954} INFO - Setting next_dagrun for example_branch_dop_operator_v3 to 2024-04-18 12:52:00+00:00, run_after=2024-04-18 12:53:00+00:00
[2024-04-18T12:53:04.538+0000] {processor.py:183} INFO - Processing /home/airflow/.local/lib/python3.12/site-packages/airflow/example_dags/example_branch_python_dop_operator_3.py took 0.147 seconds
[2024-04-18T12:53:34.735+0000] {processor.py:161} INFO - Started process (PID=380) to work on /home/airflow/.local/lib/python3.12/site-packages/airflow/example_dags/example_branch_python_dop_operator_3.py
[2024-04-18T12:53:34.796+0000] {processor.py:830} INFO - Processing file /home/airflow/.local/lib/python3.12/site-packages/airflow/example_dags/example_branch_python_dop_operator_3.py for tasks to queue
[2024-04-18T12:53:34.799+0000] {logging_mixin.py:188} INFO - [2024-04-18T12:53:34.799+0000] {dagbag.py:540} INFO - Filling up the DagBag from /home/airflow/.local/lib/python3.12/site-packages/airflow/example_dags/example_branch_python_dop_operator_3.py
[2024-04-18T12:53:34.816+0000] {processor.py:840} INFO - DAG(s) 'example_branch_dop_operator_v3' retrieved from /home/airflow/.local/lib/python3.12/site-packages/airflow/example_dags/example_branch_python_dop_operator_3.py
[2024-04-18T12:53:34.848+0000] {logging_mixin.py:188} INFO - [2024-04-18T12:53:34.847+0000] {dag.py:3096} INFO - Sync 1 DAGs
[2024-04-18T12:53:34.891+0000] {logging_mixin.py:188} INFO - [2024-04-18T12:53:34.891+0000] {dag.py:3954} INFO - Setting next_dagrun for example_branch_dop_operator_v3 to 2024-04-18 12:52:00+00:00, run_after=2024-04-18 12:53:00+00:00
[2024-04-18T12:53:34.983+0000] {processor.py:183} INFO - Processing /home/airflow/.local/lib/python3.12/site-packages/airflow/example_dags/example_branch_python_dop_operator_3.py took 0.259 seconds
[2024-04-18T12:54:05.188+0000] {processor.py:161} INFO - Started process (PID=437) to work on /home/airflow/.local/lib/python3.12/site-packages/airflow/example_dags/example_branch_python_dop_operator_3.py
[2024-04-18T12:54:05.202+0000] {processor.py:830} INFO - Processing file /home/airflow/.local/lib/python3.12/site-packages/airflow/example_dags/example_branch_python_dop_operator_3.py for tasks to queue
[2024-04-18T12:54:05.204+0000] {logging_mixin.py:188} INFO - [2024-04-18T12:54:05.204+0000] {dagbag.py:540} INFO - Filling up the DagBag from /home/airflow/.local/lib/python3.12/site-packages/airflow/example_dags/example_branch_python_dop_operator_3.py
[2024-04-18T12:54:05.218+0000] {processor.py:840} INFO - DAG(s) 'example_branch_dop_operator_v3' retrieved from /home/airflow/.local/lib/python3.12/site-packages/airflow/example_dags/example_branch_python_dop_operator_3.py
[2024-04-18T12:54:05.249+0000] {logging_mixin.py:188} INFO - [2024-04-18T12:54:05.248+0000] {dag.py:3096} INFO - Sync 1 DAGs
[2024-04-18T12:54:05.292+0000] {logging_mixin.py:188} INFO - [2024-04-18T12:54:05.291+0000] {dag.py:3954} INFO - Setting next_dagrun for example_branch_dop_operator_v3 to 2024-04-18 12:53:00+00:00, run_after=2024-04-18 12:54:00+00:00
[2024-04-18T12:54:05.331+0000] {processor.py:183} INFO - Processing /home/airflow/.local/lib/python3.12/site-packages/airflow/example_dags/example_branch_python_dop_operator_3.py took 0.152 seconds
[2024-04-18T12:54:35.705+0000] {processor.py:161} INFO - Started process (PID=495) to work on /home/airflow/.local/lib/python3.12/site-packages/airflow/example_dags/example_branch_python_dop_operator_3.py
[2024-04-18T12:54:35.724+0000] {processor.py:830} INFO - Processing file /home/airflow/.local/lib/python3.12/site-packages/airflow/example_dags/example_branch_python_dop_operator_3.py for tasks to queue
[2024-04-18T12:54:35.727+0000] {logging_mixin.py:188} INFO - [2024-04-18T12:54:35.727+0000] {dagbag.py:540} INFO - Filling up the DagBag from /home/airflow/.local/lib/python3.12/site-packages/airflow/example_dags/example_branch_python_dop_operator_3.py
[2024-04-18T12:54:35.743+0000] {processor.py:840} INFO - DAG(s) 'example_branch_dop_operator_v3' retrieved from /home/airflow/.local/lib/python3.12/site-packages/airflow/example_dags/example_branch_python_dop_operator_3.py
[2024-04-18T12:54:35.773+0000] {logging_mixin.py:188} INFO - [2024-04-18T12:54:35.772+0000] {dag.py:3096} INFO - Sync 1 DAGs
[2024-04-18T12:54:35.817+0000] {logging_mixin.py:188} INFO - [2024-04-18T12:54:35.816+0000] {dag.py:3954} INFO - Setting next_dagrun for example_branch_dop_operator_v3 to 2024-04-18 12:53:00+00:00, run_after=2024-04-18 12:54:00+00:00
[2024-04-18T12:54:35.914+0000] {processor.py:183} INFO - Processing /home/airflow/.local/lib/python3.12/site-packages/airflow/example_dags/example_branch_python_dop_operator_3.py took 0.220 seconds
[2024-04-18T12:55:06.064+0000] {processor.py:161} INFO - Started process (PID=553) to work on /home/airflow/.local/lib/python3.12/site-packages/airflow/example_dags/example_branch_python_dop_operator_3.py
[2024-04-18T12:55:06.065+0000] {processor.py:830} INFO - Processing file /home/airflow/.local/lib/python3.12/site-packages/airflow/example_dags/example_branch_python_dop_operator_3.py for tasks to queue
[2024-04-18T12:55:06.068+0000] {logging_mixin.py:188} INFO - [2024-04-18T12:55:06.067+0000] {dagbag.py:540} INFO - Filling up the DagBag from /home/airflow/.local/lib/python3.12/site-packages/airflow/example_dags/example_branch_python_dop_operator_3.py
[2024-04-18T12:55:06.082+0000] {processor.py:840} INFO - DAG(s) 'example_branch_dop_operator_v3' retrieved from /home/airflow/.local/lib/python3.12/site-packages/airflow/example_dags/example_branch_python_dop_operator_3.py
[2024-04-18T12:55:06.112+0000] {logging_mixin.py:188} INFO - [2024-04-18T12:55:06.112+0000] {dag.py:3096} INFO - Sync 1 DAGs
[2024-04-18T12:55:06.156+0000] {logging_mixin.py:188} INFO - [2024-04-18T12:55:06.156+0000] {dag.py:3954} INFO - Setting next_dagrun for example_branch_dop_operator_v3 to 2024-04-18 12:54:00+00:00, run_after=2024-04-18 12:55:00+00:00
[2024-04-18T12:55:06.202+0000] {processor.py:183} INFO - Processing /home/airflow/.local/lib/python3.12/site-packages/airflow/example_dags/example_branch_python_dop_operator_3.py took 0.147 seconds
[2024-04-18T12:55:36.337+0000] {processor.py:161} INFO - Started process (PID=611) to work on /home/airflow/.local/lib/python3.12/site-packages/airflow/example_dags/example_branch_python_dop_operator_3.py
[2024-04-18T12:55:36.338+0000] {processor.py:830} INFO - Processing file /home/airflow/.local/lib/python3.12/site-packages/airflow/example_dags/example_branch_python_dop_operator_3.py for tasks to queue
[2024-04-18T12:55:36.341+0000] {logging_mixin.py:188} INFO - [2024-04-18T12:55:36.340+0000] {dagbag.py:540} INFO - Filling up the DagBag from /home/airflow/.local/lib/python3.12/site-packages/airflow/example_dags/example_branch_python_dop_operator_3.py
[2024-04-18T12:55:36.356+0000] {processor.py:840} INFO - DAG(s) 'example_branch_dop_operator_v3' retrieved from /home/airflow/.local/lib/python3.12/site-packages/airflow/example_dags/example_branch_python_dop_operator_3.py
[2024-04-18T12:55:36.387+0000] {logging_mixin.py:188} INFO - [2024-04-18T12:55:36.387+0000] {dag.py:3096} INFO - Sync 1 DAGs
[2024-04-18T12:55:36.431+0000] {logging_mixin.py:188} INFO - [2024-04-18T12:55:36.431+0000] {dag.py:3954} INFO - Setting next_dagrun for example_branch_dop_operator_v3 to 2024-04-18 12:54:00+00:00, run_after=2024-04-18 12:55:00+00:00
[2024-04-18T12:55:36.475+0000] {processor.py:183} INFO - Processing /home/airflow/.local/lib/python3.12/site-packages/airflow/example_dags/example_branch_python_dop_operator_3.py took 0.150 seconds
[2024-04-18T12:56:06.758+0000] {processor.py:161} INFO - Started process (PID=668) to work on /home/airflow/.local/lib/python3.12/site-packages/airflow/example_dags/example_branch_python_dop_operator_3.py
[2024-04-18T12:56:06.759+0000] {processor.py:830} INFO - Processing file /home/airflow/.local/lib/python3.12/site-packages/airflow/example_dags/example_branch_python_dop_operator_3.py for tasks to queue
[2024-04-18T12:56:06.761+0000] {logging_mixin.py:188} INFO - [2024-04-18T12:56:06.761+0000] {dagbag.py:540} INFO - Filling up the DagBag from /home/airflow/.local/lib/python3.12/site-packages/airflow/example_dags/example_branch_python_dop_operator_3.py
[2024-04-18T12:56:06.777+0000] {processor.py:840} INFO - DAG(s) 'example_branch_dop_operator_v3' retrieved from /home/airflow/.local/lib/python3.12/site-packages/airflow/example_dags/example_branch_python_dop_operator_3.py
[2024-04-18T12:56:06.810+0000] {logging_mixin.py:188} INFO - [2024-04-18T12:56:06.809+0000] {dag.py:3096} INFO - Sync 1 DAGs
[2024-04-18T12:56:06.856+0000] {logging_mixin.py:188} INFO - [2024-04-18T12:56:06.856+0000] {dag.py:3954} INFO - Setting next_dagrun for example_branch_dop_operator_v3 to 2024-04-18 12:55:00+00:00, run_after=2024-04-18 12:56:00+00:00
[2024-04-18T12:56:06.897+0000] {processor.py:183} INFO - Processing /home/airflow/.local/lib/python3.12/site-packages/airflow/example_dags/example_branch_python_dop_operator_3.py took 0.149 seconds
[2024-04-18T12:56:37.001+0000] {processor.py:161} INFO - Started process (PID=726) to work on /home/airflow/.local/lib/python3.12/site-packages/airflow/example_dags/example_branch_python_dop_operator_3.py
[2024-04-18T12:56:37.110+0000] {processor.py:830} INFO - Processing file /home/airflow/.local/lib/python3.12/site-packages/airflow/example_dags/example_branch_python_dop_operator_3.py for tasks to queue
[2024-04-18T12:56:37.113+0000] {logging_mixin.py:188} INFO - [2024-04-18T12:56:37.112+0000] {dagbag.py:540} INFO - Filling up the DagBag from /home/airflow/.local/lib/python3.12/site-packages/airflow/example_dags/example_branch_python_dop_operator_3.py
[2024-04-18T12:56:37.127+0000] {processor.py:840} INFO - DAG(s) 'example_branch_dop_operator_v3' retrieved from /home/airflow/.local/lib/python3.12/site-packages/airflow/example_dags/example_branch_python_dop_operator_3.py
[2024-04-18T12:56:37.156+0000] {logging_mixin.py:188} INFO - [2024-04-18T12:56:37.156+0000] {dag.py:3096} INFO - Sync 1 DAGs
[2024-04-18T12:56:37.200+0000] {logging_mixin.py:188} INFO - [2024-04-18T12:56:37.199+0000] {dag.py:3954} INFO - Setting next_dagrun for example_branch_dop_operator_v3 to 2024-04-18 12:55:00+00:00, run_after=2024-04-18 12:56:00+00:00
[2024-04-18T12:56:37.328+0000] {processor.py:183} INFO - Processing /home/airflow/.local/lib/python3.12/site-packages/airflow/example_dags/example_branch_python_dop_operator_3.py took 0.336 seconds
[2024-04-18T12:57:07.857+0000] {processor.py:161} INFO - Started process (PID=784) to work on /home/airflow/.local/lib/python3.12/site-packages/airflow/example_dags/example_branch_python_dop_operator_3.py
[2024-04-18T12:57:07.872+0000] {processor.py:830} INFO - Processing file /home/airflow/.local/lib/python3.12/site-packages/airflow/example_dags/example_branch_python_dop_operator_3.py for tasks to queue
[2024-04-18T12:57:07.875+0000] {logging_mixin.py:188} INFO - [2024-04-18T12:57:07.874+0000] {dagbag.py:540} INFO - Filling up the DagBag from /home/airflow/.local/lib/python3.12/site-packages/airflow/example_dags/example_branch_python_dop_operator_3.py
[2024-04-18T12:57:07.891+0000] {processor.py:840} INFO - DAG(s) 'example_branch_dop_operator_v3' retrieved from /home/airflow/.local/lib/python3.12/site-packages/airflow/example_dags/example_branch_python_dop_operator_3.py
[2024-04-18T12:57:07.921+0000] {logging_mixin.py:188} INFO - [2024-04-18T12:57:07.921+0000] {dag.py:3096} INFO - Sync 1 DAGs
[2024-04-18T12:57:07.966+0000] {logging_mixin.py:188} INFO - [2024-04-18T12:57:07.966+0000] {dag.py:3954} INFO - Setting next_dagrun for example_branch_dop_operator_v3 to 2024-04-18 12:56:00+00:00, run_after=2024-04-18 12:57:00+00:00
[2024-04-18T12:57:08.090+0000] {processor.py:183} INFO - Processing /home/airflow/.local/lib/python3.12/site-packages/airflow/example_dags/example_branch_python_dop_operator_3.py took 0.242 seconds
