[2024-04-18T12:50:40.411+0000] {processor.py:161} INFO - Started process (PID=54) to work on /home/airflow/.local/lib/python3.12/site-packages/airflow/example_dags/example_nested_branch_dag.py
[2024-04-18T12:50:40.412+0000] {processor.py:830} INFO - Processing file /home/airflow/.local/lib/python3.12/site-packages/airflow/example_dags/example_nested_branch_dag.py for tasks to queue
[2024-04-18T12:50:40.415+0000] {logging_mixin.py:188} INFO - [2024-04-18T12:50:40.414+0000] {dagbag.py:540} INFO - Filling up the DagBag from /home/airflow/.local/lib/python3.12/site-packages/airflow/example_dags/example_nested_branch_dag.py
[2024-04-18T12:50:40.435+0000] {processor.py:840} INFO - DAG(s) 'example_nested_branch_dag' retrieved from /home/airflow/.local/lib/python3.12/site-packages/airflow/example_dags/example_nested_branch_dag.py
[2024-04-18T12:50:40.619+0000] {logging_mixin.py:188} INFO - [2024-04-18T12:50:40.619+0000] {dag.py:3096} INFO - Sync 1 DAGs
[2024-04-18T12:50:40.654+0000] {logging_mixin.py:188} INFO - [2024-04-18T12:50:40.654+0000] {dag.py:3954} INFO - Setting next_dagrun for example_nested_branch_dag to 2024-04-17 00:00:00+00:00, run_after=2024-04-18 00:00:00+00:00
[2024-04-18T12:50:41.163+0000] {processor.py:183} INFO - Processing /home/airflow/.local/lib/python3.12/site-packages/airflow/example_dags/example_nested_branch_dag.py took 0.761 seconds
[2024-04-18T12:51:11.218+0000] {processor.py:161} INFO - Started process (PID=112) to work on /home/airflow/.local/lib/python3.12/site-packages/airflow/example_dags/example_nested_branch_dag.py
[2024-04-18T12:51:11.219+0000] {processor.py:830} INFO - Processing file /home/airflow/.local/lib/python3.12/site-packages/airflow/example_dags/example_nested_branch_dag.py for tasks to queue
[2024-04-18T12:51:11.221+0000] {logging_mixin.py:188} INFO - [2024-04-18T12:51:11.221+0000] {dagbag.py:540} INFO - Filling up the DagBag from /home/airflow/.local/lib/python3.12/site-packages/airflow/example_dags/example_nested_branch_dag.py
[2024-04-18T12:51:11.238+0000] {processor.py:840} INFO - DAG(s) 'example_nested_branch_dag' retrieved from /home/airflow/.local/lib/python3.12/site-packages/airflow/example_dags/example_nested_branch_dag.py
[2024-04-18T12:51:11.272+0000] {logging_mixin.py:188} INFO - [2024-04-18T12:51:11.271+0000] {dag.py:3096} INFO - Sync 1 DAGs
[2024-04-18T12:51:11.314+0000] {logging_mixin.py:188} INFO - [2024-04-18T12:51:11.314+0000] {dag.py:3954} INFO - Setting next_dagrun for example_nested_branch_dag to 2024-04-17 00:00:00+00:00, run_after=2024-04-18 00:00:00+00:00
[2024-04-18T12:51:11.410+0000] {processor.py:183} INFO - Processing /home/airflow/.local/lib/python3.12/site-packages/airflow/example_dags/example_nested_branch_dag.py took 0.202 seconds
[2024-04-18T12:51:41.804+0000] {processor.py:161} INFO - Started process (PID=170) to work on /home/airflow/.local/lib/python3.12/site-packages/airflow/example_dags/example_nested_branch_dag.py
[2024-04-18T12:51:41.808+0000] {processor.py:830} INFO - Processing file /home/airflow/.local/lib/python3.12/site-packages/airflow/example_dags/example_nested_branch_dag.py for tasks to queue
[2024-04-18T12:51:41.810+0000] {logging_mixin.py:188} INFO - [2024-04-18T12:51:41.810+0000] {dagbag.py:540} INFO - Filling up the DagBag from /home/airflow/.local/lib/python3.12/site-packages/airflow/example_dags/example_nested_branch_dag.py
[2024-04-18T12:51:41.828+0000] {processor.py:840} INFO - DAG(s) 'example_nested_branch_dag' retrieved from /home/airflow/.local/lib/python3.12/site-packages/airflow/example_dags/example_nested_branch_dag.py
[2024-04-18T12:51:41.846+0000] {logging_mixin.py:188} INFO - [2024-04-18T12:51:41.845+0000] {dag.py:3096} INFO - Sync 1 DAGs
[2024-04-18T12:51:41.887+0000] {logging_mixin.py:188} INFO - [2024-04-18T12:51:41.887+0000] {dag.py:3954} INFO - Setting next_dagrun for example_nested_branch_dag to 2024-04-17 00:00:00+00:00, run_after=2024-04-18 00:00:00+00:00
[2024-04-18T12:51:41.931+0000] {processor.py:183} INFO - Processing /home/airflow/.local/lib/python3.12/site-packages/airflow/example_dags/example_nested_branch_dag.py took 0.148 seconds
[2024-04-18T12:52:12.516+0000] {processor.py:161} INFO - Started process (PID=228) to work on /home/airflow/.local/lib/python3.12/site-packages/airflow/example_dags/example_nested_branch_dag.py
[2024-04-18T12:52:12.517+0000] {processor.py:830} INFO - Processing file /home/airflow/.local/lib/python3.12/site-packages/airflow/example_dags/example_nested_branch_dag.py for tasks to queue
[2024-04-18T12:52:12.520+0000] {logging_mixin.py:188} INFO - [2024-04-18T12:52:12.519+0000] {dagbag.py:540} INFO - Filling up the DagBag from /home/airflow/.local/lib/python3.12/site-packages/airflow/example_dags/example_nested_branch_dag.py
[2024-04-18T12:52:12.535+0000] {processor.py:840} INFO - DAG(s) 'example_nested_branch_dag' retrieved from /home/airflow/.local/lib/python3.12/site-packages/airflow/example_dags/example_nested_branch_dag.py
[2024-04-18T12:52:12.729+0000] {logging_mixin.py:188} INFO - [2024-04-18T12:52:12.729+0000] {dag.py:3096} INFO - Sync 1 DAGs
[2024-04-18T12:52:12.766+0000] {logging_mixin.py:188} INFO - [2024-04-18T12:52:12.765+0000] {dag.py:3954} INFO - Setting next_dagrun for example_nested_branch_dag to 2024-04-17 00:00:00+00:00, run_after=2024-04-18 00:00:00+00:00
[2024-04-18T12:52:12.880+0000] {processor.py:183} INFO - Processing /home/airflow/.local/lib/python3.12/site-packages/airflow/example_dags/example_nested_branch_dag.py took 0.373 seconds
[2024-04-18T12:52:43.446+0000] {processor.py:161} INFO - Started process (PID=285) to work on /home/airflow/.local/lib/python3.12/site-packages/airflow/example_dags/example_nested_branch_dag.py
[2024-04-18T12:52:43.458+0000] {processor.py:830} INFO - Processing file /home/airflow/.local/lib/python3.12/site-packages/airflow/example_dags/example_nested_branch_dag.py for tasks to queue
[2024-04-18T12:52:43.461+0000] {logging_mixin.py:188} INFO - [2024-04-18T12:52:43.460+0000] {dagbag.py:540} INFO - Filling up the DagBag from /home/airflow/.local/lib/python3.12/site-packages/airflow/example_dags/example_nested_branch_dag.py
[2024-04-18T12:52:43.477+0000] {processor.py:840} INFO - DAG(s) 'example_nested_branch_dag' retrieved from /home/airflow/.local/lib/python3.12/site-packages/airflow/example_dags/example_nested_branch_dag.py
[2024-04-18T12:52:43.510+0000] {logging_mixin.py:188} INFO - [2024-04-18T12:52:43.510+0000] {dag.py:3096} INFO - Sync 1 DAGs
[2024-04-18T12:52:43.550+0000] {logging_mixin.py:188} INFO - [2024-04-18T12:52:43.550+0000] {dag.py:3954} INFO - Setting next_dagrun for example_nested_branch_dag to 2024-04-17 00:00:00+00:00, run_after=2024-04-18 00:00:00+00:00
[2024-04-18T12:52:43.620+0000] {processor.py:183} INFO - Processing /home/airflow/.local/lib/python3.12/site-packages/airflow/example_dags/example_nested_branch_dag.py took 0.184 seconds
[2024-04-18T12:53:14.185+0000] {processor.py:161} INFO - Started process (PID=343) to work on /home/airflow/.local/lib/python3.12/site-packages/airflow/example_dags/example_nested_branch_dag.py
[2024-04-18T12:53:14.214+0000] {processor.py:830} INFO - Processing file /home/airflow/.local/lib/python3.12/site-packages/airflow/example_dags/example_nested_branch_dag.py for tasks to queue
[2024-04-18T12:53:14.217+0000] {logging_mixin.py:188} INFO - [2024-04-18T12:53:14.216+0000] {dagbag.py:540} INFO - Filling up the DagBag from /home/airflow/.local/lib/python3.12/site-packages/airflow/example_dags/example_nested_branch_dag.py
[2024-04-18T12:53:14.233+0000] {processor.py:840} INFO - DAG(s) 'example_nested_branch_dag' retrieved from /home/airflow/.local/lib/python3.12/site-packages/airflow/example_dags/example_nested_branch_dag.py
[2024-04-18T12:53:14.268+0000] {logging_mixin.py:188} INFO - [2024-04-18T12:53:14.267+0000] {dag.py:3096} INFO - Sync 1 DAGs
[2024-04-18T12:53:14.306+0000] {logging_mixin.py:188} INFO - [2024-04-18T12:53:14.306+0000] {dag.py:3954} INFO - Setting next_dagrun for example_nested_branch_dag to 2024-04-17 00:00:00+00:00, run_after=2024-04-18 00:00:00+00:00
[2024-04-18T12:53:14.344+0000] {processor.py:183} INFO - Processing /home/airflow/.local/lib/python3.12/site-packages/airflow/example_dags/example_nested_branch_dag.py took 0.168 seconds
[2024-04-18T12:53:45.200+0000] {processor.py:161} INFO - Started process (PID=400) to work on /home/airflow/.local/lib/python3.12/site-packages/airflow/example_dags/example_nested_branch_dag.py
[2024-04-18T12:53:45.299+0000] {processor.py:830} INFO - Processing file /home/airflow/.local/lib/python3.12/site-packages/airflow/example_dags/example_nested_branch_dag.py for tasks to queue
[2024-04-18T12:53:45.303+0000] {logging_mixin.py:188} INFO - [2024-04-18T12:53:45.302+0000] {dagbag.py:540} INFO - Filling up the DagBag from /home/airflow/.local/lib/python3.12/site-packages/airflow/example_dags/example_nested_branch_dag.py
[2024-04-18T12:53:45.322+0000] {processor.py:840} INFO - DAG(s) 'example_nested_branch_dag' retrieved from /home/airflow/.local/lib/python3.12/site-packages/airflow/example_dags/example_nested_branch_dag.py
[2024-04-18T12:53:45.428+0000] {logging_mixin.py:188} INFO - [2024-04-18T12:53:45.427+0000] {dag.py:3096} INFO - Sync 1 DAGs
[2024-04-18T12:53:45.468+0000] {logging_mixin.py:188} INFO - [2024-04-18T12:53:45.468+0000] {dag.py:3954} INFO - Setting next_dagrun for example_nested_branch_dag to 2024-04-17 00:00:00+00:00, run_after=2024-04-18 00:00:00+00:00
[2024-04-18T12:53:45.760+0000] {processor.py:183} INFO - Processing /home/airflow/.local/lib/python3.12/site-packages/airflow/example_dags/example_nested_branch_dag.py took 0.569 seconds
[2024-04-18T12:54:16.575+0000] {processor.py:161} INFO - Started process (PID=457) to work on /home/airflow/.local/lib/python3.12/site-packages/airflow/example_dags/example_nested_branch_dag.py
[2024-04-18T12:54:16.577+0000] {processor.py:830} INFO - Processing file /home/airflow/.local/lib/python3.12/site-packages/airflow/example_dags/example_nested_branch_dag.py for tasks to queue
[2024-04-18T12:54:16.580+0000] {logging_mixin.py:188} INFO - [2024-04-18T12:54:16.579+0000] {dagbag.py:540} INFO - Filling up the DagBag from /home/airflow/.local/lib/python3.12/site-packages/airflow/example_dags/example_nested_branch_dag.py
[2024-04-18T12:54:16.598+0000] {processor.py:840} INFO - DAG(s) 'example_nested_branch_dag' retrieved from /home/airflow/.local/lib/python3.12/site-packages/airflow/example_dags/example_nested_branch_dag.py
[2024-04-18T12:54:16.633+0000] {logging_mixin.py:188} INFO - [2024-04-18T12:54:16.632+0000] {dag.py:3096} INFO - Sync 1 DAGs
[2024-04-18T12:54:16.671+0000] {logging_mixin.py:188} INFO - [2024-04-18T12:54:16.671+0000] {dag.py:3954} INFO - Setting next_dagrun for example_nested_branch_dag to 2024-04-17 00:00:00+00:00, run_after=2024-04-18 00:00:00+00:00
[2024-04-18T12:54:16.732+0000] {processor.py:183} INFO - Processing /home/airflow/.local/lib/python3.12/site-packages/airflow/example_dags/example_nested_branch_dag.py took 0.168 seconds
[2024-04-18T12:54:47.334+0000] {processor.py:161} INFO - Started process (PID=515) to work on /home/airflow/.local/lib/python3.12/site-packages/airflow/example_dags/example_nested_branch_dag.py
[2024-04-18T12:54:47.336+0000] {processor.py:830} INFO - Processing file /home/airflow/.local/lib/python3.12/site-packages/airflow/example_dags/example_nested_branch_dag.py for tasks to queue
[2024-04-18T12:54:47.338+0000] {logging_mixin.py:188} INFO - [2024-04-18T12:54:47.338+0000] {dagbag.py:540} INFO - Filling up the DagBag from /home/airflow/.local/lib/python3.12/site-packages/airflow/example_dags/example_nested_branch_dag.py
[2024-04-18T12:54:47.355+0000] {processor.py:840} INFO - DAG(s) 'example_nested_branch_dag' retrieved from /home/airflow/.local/lib/python3.12/site-packages/airflow/example_dags/example_nested_branch_dag.py
[2024-04-18T12:54:47.391+0000] {logging_mixin.py:188} INFO - [2024-04-18T12:54:47.391+0000] {dag.py:3096} INFO - Sync 1 DAGs
[2024-04-18T12:54:47.450+0000] {logging_mixin.py:188} INFO - [2024-04-18T12:54:47.450+0000] {dag.py:3954} INFO - Setting next_dagrun for example_nested_branch_dag to 2024-04-17 00:00:00+00:00, run_after=2024-04-18 00:00:00+00:00
[2024-04-18T12:54:47.491+0000] {processor.py:183} INFO - Processing /home/airflow/.local/lib/python3.12/site-packages/airflow/example_dags/example_nested_branch_dag.py took 0.166 seconds
[2024-04-18T12:55:17.763+0000] {processor.py:161} INFO - Started process (PID=573) to work on /home/airflow/.local/lib/python3.12/site-packages/airflow/example_dags/example_nested_branch_dag.py
[2024-04-18T12:55:17.764+0000] {processor.py:830} INFO - Processing file /home/airflow/.local/lib/python3.12/site-packages/airflow/example_dags/example_nested_branch_dag.py for tasks to queue
[2024-04-18T12:55:17.767+0000] {logging_mixin.py:188} INFO - [2024-04-18T12:55:17.766+0000] {dagbag.py:540} INFO - Filling up the DagBag from /home/airflow/.local/lib/python3.12/site-packages/airflow/example_dags/example_nested_branch_dag.py
[2024-04-18T12:55:17.785+0000] {processor.py:840} INFO - DAG(s) 'example_nested_branch_dag' retrieved from /home/airflow/.local/lib/python3.12/site-packages/airflow/example_dags/example_nested_branch_dag.py
[2024-04-18T12:55:17.819+0000] {logging_mixin.py:188} INFO - [2024-04-18T12:55:17.819+0000] {dag.py:3096} INFO - Sync 1 DAGs
[2024-04-18T12:55:17.859+0000] {logging_mixin.py:188} INFO - [2024-04-18T12:55:17.858+0000] {dag.py:3954} INFO - Setting next_dagrun for example_nested_branch_dag to 2024-04-17 00:00:00+00:00, run_after=2024-04-18 00:00:00+00:00
[2024-04-18T12:55:17.901+0000] {processor.py:183} INFO - Processing /home/airflow/.local/lib/python3.12/site-packages/airflow/example_dags/example_nested_branch_dag.py took 0.149 seconds
[2024-04-18T12:55:48.251+0000] {processor.py:161} INFO - Started process (PID=631) to work on /home/airflow/.local/lib/python3.12/site-packages/airflow/example_dags/example_nested_branch_dag.py
[2024-04-18T12:55:48.325+0000] {processor.py:830} INFO - Processing file /home/airflow/.local/lib/python3.12/site-packages/airflow/example_dags/example_nested_branch_dag.py for tasks to queue
[2024-04-18T12:55:48.328+0000] {logging_mixin.py:188} INFO - [2024-04-18T12:55:48.327+0000] {dagbag.py:540} INFO - Filling up the DagBag from /home/airflow/.local/lib/python3.12/site-packages/airflow/example_dags/example_nested_branch_dag.py
[2024-04-18T12:55:48.346+0000] {processor.py:840} INFO - DAG(s) 'example_nested_branch_dag' retrieved from /home/airflow/.local/lib/python3.12/site-packages/airflow/example_dags/example_nested_branch_dag.py
[2024-04-18T12:55:48.382+0000] {logging_mixin.py:188} INFO - [2024-04-18T12:55:48.381+0000] {dag.py:3096} INFO - Sync 1 DAGs
[2024-04-18T12:55:48.421+0000] {logging_mixin.py:188} INFO - [2024-04-18T12:55:48.421+0000] {dag.py:3954} INFO - Setting next_dagrun for example_nested_branch_dag to 2024-04-17 00:00:00+00:00, run_after=2024-04-18 00:00:00+00:00
[2024-04-18T12:55:48.456+0000] {processor.py:183} INFO - Processing /home/airflow/.local/lib/python3.12/site-packages/airflow/example_dags/example_nested_branch_dag.py took 0.214 seconds
[2024-04-18T12:56:18.957+0000] {processor.py:161} INFO - Started process (PID=688) to work on /home/airflow/.local/lib/python3.12/site-packages/airflow/example_dags/example_nested_branch_dag.py
[2024-04-18T12:56:18.958+0000] {processor.py:830} INFO - Processing file /home/airflow/.local/lib/python3.12/site-packages/airflow/example_dags/example_nested_branch_dag.py for tasks to queue
[2024-04-18T12:56:18.961+0000] {logging_mixin.py:188} INFO - [2024-04-18T12:56:18.960+0000] {dagbag.py:540} INFO - Filling up the DagBag from /home/airflow/.local/lib/python3.12/site-packages/airflow/example_dags/example_nested_branch_dag.py
[2024-04-18T12:56:18.977+0000] {processor.py:840} INFO - DAG(s) 'example_nested_branch_dag' retrieved from /home/airflow/.local/lib/python3.12/site-packages/airflow/example_dags/example_nested_branch_dag.py
[2024-04-18T12:56:19.012+0000] {logging_mixin.py:188} INFO - [2024-04-18T12:56:19.011+0000] {dag.py:3096} INFO - Sync 1 DAGs
[2024-04-18T12:56:19.051+0000] {logging_mixin.py:188} INFO - [2024-04-18T12:56:19.050+0000] {dag.py:3954} INFO - Setting next_dagrun for example_nested_branch_dag to 2024-04-17 00:00:00+00:00, run_after=2024-04-18 00:00:00+00:00
[2024-04-18T12:56:19.098+0000] {processor.py:183} INFO - Processing /home/airflow/.local/lib/python3.12/site-packages/airflow/example_dags/example_nested_branch_dag.py took 0.151 seconds
[2024-04-18T12:56:49.480+0000] {processor.py:161} INFO - Started process (PID=746) to work on /home/airflow/.local/lib/python3.12/site-packages/airflow/example_dags/example_nested_branch_dag.py
[2024-04-18T12:56:49.482+0000] {processor.py:830} INFO - Processing file /home/airflow/.local/lib/python3.12/site-packages/airflow/example_dags/example_nested_branch_dag.py for tasks to queue
[2024-04-18T12:56:49.485+0000] {logging_mixin.py:188} INFO - [2024-04-18T12:56:49.484+0000] {dagbag.py:540} INFO - Filling up the DagBag from /home/airflow/.local/lib/python3.12/site-packages/airflow/example_dags/example_nested_branch_dag.py
[2024-04-18T12:56:49.504+0000] {processor.py:840} INFO - DAG(s) 'example_nested_branch_dag' retrieved from /home/airflow/.local/lib/python3.12/site-packages/airflow/example_dags/example_nested_branch_dag.py
[2024-04-18T12:56:49.542+0000] {logging_mixin.py:188} INFO - [2024-04-18T12:56:49.542+0000] {dag.py:3096} INFO - Sync 1 DAGs
[2024-04-18T12:56:49.581+0000] {logging_mixin.py:188} INFO - [2024-04-18T12:56:49.581+0000] {dag.py:3954} INFO - Setting next_dagrun for example_nested_branch_dag to 2024-04-17 00:00:00+00:00, run_after=2024-04-18 00:00:00+00:00
[2024-04-18T12:56:49.619+0000] {processor.py:183} INFO - Processing /home/airflow/.local/lib/python3.12/site-packages/airflow/example_dags/example_nested_branch_dag.py took 0.151 seconds
[2024-04-18T12:57:20.205+0000] {processor.py:161} INFO - Started process (PID=804) to work on /home/airflow/.local/lib/python3.12/site-packages/airflow/example_dags/example_nested_branch_dag.py
[2024-04-18T12:57:20.223+0000] {processor.py:830} INFO - Processing file /home/airflow/.local/lib/python3.12/site-packages/airflow/example_dags/example_nested_branch_dag.py for tasks to queue
[2024-04-18T12:57:20.225+0000] {logging_mixin.py:188} INFO - [2024-04-18T12:57:20.225+0000] {dagbag.py:540} INFO - Filling up the DagBag from /home/airflow/.local/lib/python3.12/site-packages/airflow/example_dags/example_nested_branch_dag.py
[2024-04-18T12:57:20.241+0000] {processor.py:840} INFO - DAG(s) 'example_nested_branch_dag' retrieved from /home/airflow/.local/lib/python3.12/site-packages/airflow/example_dags/example_nested_branch_dag.py
[2024-04-18T12:57:20.276+0000] {logging_mixin.py:188} INFO - [2024-04-18T12:57:20.275+0000] {dag.py:3096} INFO - Sync 1 DAGs
[2024-04-18T12:57:20.313+0000] {logging_mixin.py:188} INFO - [2024-04-18T12:57:20.313+0000] {dag.py:3954} INFO - Setting next_dagrun for example_nested_branch_dag to 2024-04-17 00:00:00+00:00, run_after=2024-04-18 00:00:00+00:00
[2024-04-18T12:57:20.408+0000] {processor.py:183} INFO - Processing /home/airflow/.local/lib/python3.12/site-packages/airflow/example_dags/example_nested_branch_dag.py took 0.212 seconds
