[2024-04-18T12:50:47.202+0000] {processor.py:161} INFO - Started process (PID=75) to work on /home/airflow/.local/lib/python3.12/site-packages/airflow/example_dags/example_task_group.py
[2024-04-18T12:50:47.203+0000] {processor.py:830} INFO - Processing file /home/airflow/.local/lib/python3.12/site-packages/airflow/example_dags/example_task_group.py for tasks to queue
[2024-04-18T12:50:47.206+0000] {logging_mixin.py:188} INFO - [2024-04-18T12:50:47.205+0000] {dagbag.py:540} INFO - Filling up the DagBag from /home/airflow/.local/lib/python3.12/site-packages/airflow/example_dags/example_task_group.py
[2024-04-18T12:50:47.218+0000] {processor.py:840} INFO - DAG(s) 'example_task_group' retrieved from /home/airflow/.local/lib/python3.12/site-packages/airflow/example_dags/example_task_group.py
[2024-04-18T12:50:47.410+0000] {logging_mixin.py:188} INFO - [2024-04-18T12:50:47.410+0000] {dag.py:3096} INFO - Sync 1 DAGs
[2024-04-18T12:50:47.445+0000] {logging_mixin.py:188} INFO - [2024-04-18T12:50:47.445+0000] {dag.py:3954} INFO - Setting next_dagrun for example_task_group to 2024-04-17 00:00:00+00:00, run_after=2024-04-18 00:00:00+00:00
[2024-04-18T12:50:47.476+0000] {processor.py:183} INFO - Processing /home/airflow/.local/lib/python3.12/site-packages/airflow/example_dags/example_task_group.py took 0.283 seconds
[2024-04-18T12:51:18.020+0000] {processor.py:161} INFO - Started process (PID=133) to work on /home/airflow/.local/lib/python3.12/site-packages/airflow/example_dags/example_task_group.py
[2024-04-18T12:51:18.080+0000] {processor.py:830} INFO - Processing file /home/airflow/.local/lib/python3.12/site-packages/airflow/example_dags/example_task_group.py for tasks to queue
[2024-04-18T12:51:18.084+0000] {logging_mixin.py:188} INFO - [2024-04-18T12:51:18.083+0000] {dagbag.py:540} INFO - Filling up the DagBag from /home/airflow/.local/lib/python3.12/site-packages/airflow/example_dags/example_task_group.py
[2024-04-18T12:51:18.097+0000] {processor.py:840} INFO - DAG(s) 'example_task_group' retrieved from /home/airflow/.local/lib/python3.12/site-packages/airflow/example_dags/example_task_group.py
[2024-04-18T12:51:18.134+0000] {logging_mixin.py:188} INFO - [2024-04-18T12:51:18.134+0000] {dag.py:3096} INFO - Sync 1 DAGs
[2024-04-18T12:51:18.175+0000] {logging_mixin.py:188} INFO - [2024-04-18T12:51:18.174+0000] {dag.py:3954} INFO - Setting next_dagrun for example_task_group to 2024-04-17 00:00:00+00:00, run_after=2024-04-18 00:00:00+00:00
[2024-04-18T12:51:18.367+0000] {processor.py:183} INFO - Processing /home/airflow/.local/lib/python3.12/site-packages/airflow/example_dags/example_task_group.py took 0.358 seconds
[2024-04-18T12:51:49.146+0000] {processor.py:161} INFO - Started process (PID=191) to work on /home/airflow/.local/lib/python3.12/site-packages/airflow/example_dags/example_task_group.py
[2024-04-18T12:51:49.163+0000] {processor.py:830} INFO - Processing file /home/airflow/.local/lib/python3.12/site-packages/airflow/example_dags/example_task_group.py for tasks to queue
[2024-04-18T12:51:49.165+0000] {logging_mixin.py:188} INFO - [2024-04-18T12:51:49.165+0000] {dagbag.py:540} INFO - Filling up the DagBag from /home/airflow/.local/lib/python3.12/site-packages/airflow/example_dags/example_task_group.py
[2024-04-18T12:51:49.179+0000] {processor.py:840} INFO - DAG(s) 'example_task_group' retrieved from /home/airflow/.local/lib/python3.12/site-packages/airflow/example_dags/example_task_group.py
[2024-04-18T12:51:49.197+0000] {logging_mixin.py:188} INFO - [2024-04-18T12:51:49.196+0000] {dag.py:3096} INFO - Sync 1 DAGs
[2024-04-18T12:51:49.244+0000] {logging_mixin.py:188} INFO - [2024-04-18T12:51:49.244+0000] {dag.py:3954} INFO - Setting next_dagrun for example_task_group to 2024-04-17 00:00:00+00:00, run_after=2024-04-18 00:00:00+00:00
[2024-04-18T12:51:49.317+0000] {processor.py:183} INFO - Processing /home/airflow/.local/lib/python3.12/site-packages/airflow/example_dags/example_task_group.py took 0.181 seconds
[2024-04-18T12:52:20.045+0000] {processor.py:161} INFO - Started process (PID=249) to work on /home/airflow/.local/lib/python3.12/site-packages/airflow/example_dags/example_task_group.py
[2024-04-18T12:52:20.046+0000] {processor.py:830} INFO - Processing file /home/airflow/.local/lib/python3.12/site-packages/airflow/example_dags/example_task_group.py for tasks to queue
[2024-04-18T12:52:20.049+0000] {logging_mixin.py:188} INFO - [2024-04-18T12:52:20.048+0000] {dagbag.py:540} INFO - Filling up the DagBag from /home/airflow/.local/lib/python3.12/site-packages/airflow/example_dags/example_task_group.py
[2024-04-18T12:52:20.062+0000] {processor.py:840} INFO - DAG(s) 'example_task_group' retrieved from /home/airflow/.local/lib/python3.12/site-packages/airflow/example_dags/example_task_group.py
[2024-04-18T12:52:20.304+0000] {logging_mixin.py:188} INFO - [2024-04-18T12:52:20.304+0000] {dag.py:3096} INFO - Sync 1 DAGs
[2024-04-18T12:52:20.350+0000] {logging_mixin.py:188} INFO - [2024-04-18T12:52:20.349+0000] {dag.py:3954} INFO - Setting next_dagrun for example_task_group to 2024-04-17 00:00:00+00:00, run_after=2024-04-18 00:00:00+00:00
[2024-04-18T12:52:20.397+0000] {processor.py:183} INFO - Processing /home/airflow/.local/lib/python3.12/site-packages/airflow/example_dags/example_task_group.py took 0.362 seconds
[2024-04-18T12:52:50.447+0000] {processor.py:161} INFO - Started process (PID=306) to work on /home/airflow/.local/lib/python3.12/site-packages/airflow/example_dags/example_task_group.py
[2024-04-18T12:52:50.448+0000] {processor.py:830} INFO - Processing file /home/airflow/.local/lib/python3.12/site-packages/airflow/example_dags/example_task_group.py for tasks to queue
[2024-04-18T12:52:50.451+0000] {logging_mixin.py:188} INFO - [2024-04-18T12:52:50.450+0000] {dagbag.py:540} INFO - Filling up the DagBag from /home/airflow/.local/lib/python3.12/site-packages/airflow/example_dags/example_task_group.py
[2024-04-18T12:52:50.466+0000] {processor.py:840} INFO - DAG(s) 'example_task_group' retrieved from /home/airflow/.local/lib/python3.12/site-packages/airflow/example_dags/example_task_group.py
[2024-04-18T12:52:50.501+0000] {logging_mixin.py:188} INFO - [2024-04-18T12:52:50.501+0000] {dag.py:3096} INFO - Sync 1 DAGs
[2024-04-18T12:52:50.546+0000] {logging_mixin.py:188} INFO - [2024-04-18T12:52:50.546+0000] {dag.py:3954} INFO - Setting next_dagrun for example_task_group to 2024-04-17 00:00:00+00:00, run_after=2024-04-18 00:00:00+00:00
[2024-04-18T12:52:50.644+0000] {processor.py:183} INFO - Processing /home/airflow/.local/lib/python3.12/site-packages/airflow/example_dags/example_task_group.py took 0.208 seconds
[2024-04-18T12:53:21.085+0000] {processor.py:161} INFO - Started process (PID=364) to work on /home/airflow/.local/lib/python3.12/site-packages/airflow/example_dags/example_task_group.py
[2024-04-18T12:53:21.086+0000] {processor.py:830} INFO - Processing file /home/airflow/.local/lib/python3.12/site-packages/airflow/example_dags/example_task_group.py for tasks to queue
[2024-04-18T12:53:21.090+0000] {logging_mixin.py:188} INFO - [2024-04-18T12:53:21.089+0000] {dagbag.py:540} INFO - Filling up the DagBag from /home/airflow/.local/lib/python3.12/site-packages/airflow/example_dags/example_task_group.py
[2024-04-18T12:53:21.100+0000] {processor.py:840} INFO - DAG(s) 'example_task_group' retrieved from /home/airflow/.local/lib/python3.12/site-packages/airflow/example_dags/example_task_group.py
[2024-04-18T12:53:21.132+0000] {logging_mixin.py:188} INFO - [2024-04-18T12:53:21.132+0000] {dag.py:3096} INFO - Sync 1 DAGs
[2024-04-18T12:53:21.169+0000] {logging_mixin.py:188} INFO - [2024-04-18T12:53:21.168+0000] {dag.py:3954} INFO - Setting next_dagrun for example_task_group to 2024-04-17 00:00:00+00:00, run_after=2024-04-18 00:00:00+00:00
[2024-04-18T12:53:21.277+0000] {processor.py:183} INFO - Processing /home/airflow/.local/lib/python3.12/site-packages/airflow/example_dags/example_task_group.py took 0.201 seconds
[2024-04-18T12:53:51.537+0000] {processor.py:161} INFO - Started process (PID=421) to work on /home/airflow/.local/lib/python3.12/site-packages/airflow/example_dags/example_task_group.py
[2024-04-18T12:53:51.539+0000] {processor.py:830} INFO - Processing file /home/airflow/.local/lib/python3.12/site-packages/airflow/example_dags/example_task_group.py for tasks to queue
[2024-04-18T12:53:51.541+0000] {logging_mixin.py:188} INFO - [2024-04-18T12:53:51.541+0000] {dagbag.py:540} INFO - Filling up the DagBag from /home/airflow/.local/lib/python3.12/site-packages/airflow/example_dags/example_task_group.py
[2024-04-18T12:53:51.554+0000] {processor.py:840} INFO - DAG(s) 'example_task_group' retrieved from /home/airflow/.local/lib/python3.12/site-packages/airflow/example_dags/example_task_group.py
[2024-04-18T12:53:51.589+0000] {logging_mixin.py:188} INFO - [2024-04-18T12:53:51.589+0000] {dag.py:3096} INFO - Sync 1 DAGs
[2024-04-18T12:53:51.627+0000] {logging_mixin.py:188} INFO - [2024-04-18T12:53:51.627+0000] {dag.py:3954} INFO - Setting next_dagrun for example_task_group to 2024-04-17 00:00:00+00:00, run_after=2024-04-18 00:00:00+00:00
[2024-04-18T12:53:51.657+0000] {processor.py:183} INFO - Processing /home/airflow/.local/lib/python3.12/site-packages/airflow/example_dags/example_task_group.py took 0.130 seconds
[2024-04-18T12:54:22.144+0000] {processor.py:161} INFO - Started process (PID=478) to work on /home/airflow/.local/lib/python3.12/site-packages/airflow/example_dags/example_task_group.py
[2024-04-18T12:54:22.145+0000] {processor.py:830} INFO - Processing file /home/airflow/.local/lib/python3.12/site-packages/airflow/example_dags/example_task_group.py for tasks to queue
[2024-04-18T12:54:22.147+0000] {logging_mixin.py:188} INFO - [2024-04-18T12:54:22.147+0000] {dagbag.py:540} INFO - Filling up the DagBag from /home/airflow/.local/lib/python3.12/site-packages/airflow/example_dags/example_task_group.py
[2024-04-18T12:54:22.159+0000] {processor.py:840} INFO - DAG(s) 'example_task_group' retrieved from /home/airflow/.local/lib/python3.12/site-packages/airflow/example_dags/example_task_group.py
[2024-04-18T12:54:22.193+0000] {logging_mixin.py:188} INFO - [2024-04-18T12:54:22.193+0000] {dag.py:3096} INFO - Sync 1 DAGs
[2024-04-18T12:54:22.230+0000] {logging_mixin.py:188} INFO - [2024-04-18T12:54:22.229+0000] {dag.py:3954} INFO - Setting next_dagrun for example_task_group to 2024-04-17 00:00:00+00:00, run_after=2024-04-18 00:00:00+00:00
[2024-04-18T12:54:22.263+0000] {processor.py:183} INFO - Processing /home/airflow/.local/lib/python3.12/site-packages/airflow/example_dags/example_task_group.py took 0.129 seconds
[2024-04-18T12:54:52.644+0000] {processor.py:161} INFO - Started process (PID=536) to work on /home/airflow/.local/lib/python3.12/site-packages/airflow/example_dags/example_task_group.py
[2024-04-18T12:54:52.657+0000] {processor.py:830} INFO - Processing file /home/airflow/.local/lib/python3.12/site-packages/airflow/example_dags/example_task_group.py for tasks to queue
[2024-04-18T12:54:52.659+0000] {logging_mixin.py:188} INFO - [2024-04-18T12:54:52.659+0000] {dagbag.py:540} INFO - Filling up the DagBag from /home/airflow/.local/lib/python3.12/site-packages/airflow/example_dags/example_task_group.py
[2024-04-18T12:54:52.670+0000] {processor.py:840} INFO - DAG(s) 'example_task_group' retrieved from /home/airflow/.local/lib/python3.12/site-packages/airflow/example_dags/example_task_group.py
[2024-04-18T12:54:52.704+0000] {logging_mixin.py:188} INFO - [2024-04-18T12:54:52.704+0000] {dag.py:3096} INFO - Sync 1 DAGs
[2024-04-18T12:54:52.741+0000] {logging_mixin.py:188} INFO - [2024-04-18T12:54:52.741+0000] {dag.py:3954} INFO - Setting next_dagrun for example_task_group to 2024-04-17 00:00:00+00:00, run_after=2024-04-18 00:00:00+00:00
[2024-04-18T12:54:52.786+0000] {processor.py:183} INFO - Processing /home/airflow/.local/lib/python3.12/site-packages/airflow/example_dags/example_task_group.py took 0.151 seconds
[2024-04-18T12:55:23.109+0000] {processor.py:161} INFO - Started process (PID=594) to work on /home/airflow/.local/lib/python3.12/site-packages/airflow/example_dags/example_task_group.py
[2024-04-18T12:55:23.110+0000] {processor.py:830} INFO - Processing file /home/airflow/.local/lib/python3.12/site-packages/airflow/example_dags/example_task_group.py for tasks to queue
[2024-04-18T12:55:23.113+0000] {logging_mixin.py:188} INFO - [2024-04-18T12:55:23.113+0000] {dagbag.py:540} INFO - Filling up the DagBag from /home/airflow/.local/lib/python3.12/site-packages/airflow/example_dags/example_task_group.py
[2024-04-18T12:55:23.139+0000] {processor.py:840} INFO - DAG(s) 'example_task_group' retrieved from /home/airflow/.local/lib/python3.12/site-packages/airflow/example_dags/example_task_group.py
[2024-04-18T12:55:23.177+0000] {logging_mixin.py:188} INFO - [2024-04-18T12:55:23.177+0000] {dag.py:3096} INFO - Sync 1 DAGs
[2024-04-18T12:55:23.215+0000] {logging_mixin.py:188} INFO - [2024-04-18T12:55:23.215+0000] {dag.py:3954} INFO - Setting next_dagrun for example_task_group to 2024-04-17 00:00:00+00:00, run_after=2024-04-18 00:00:00+00:00
[2024-04-18T12:55:23.341+0000] {processor.py:183} INFO - Processing /home/airflow/.local/lib/python3.12/site-packages/airflow/example_dags/example_task_group.py took 0.243 seconds
[2024-04-18T12:55:53.674+0000] {processor.py:161} INFO - Started process (PID=652) to work on /home/airflow/.local/lib/python3.12/site-packages/airflow/example_dags/example_task_group.py
[2024-04-18T12:55:53.690+0000] {processor.py:830} INFO - Processing file /home/airflow/.local/lib/python3.12/site-packages/airflow/example_dags/example_task_group.py for tasks to queue
[2024-04-18T12:55:53.695+0000] {logging_mixin.py:188} INFO - [2024-04-18T12:55:53.694+0000] {dagbag.py:540} INFO - Filling up the DagBag from /home/airflow/.local/lib/python3.12/site-packages/airflow/example_dags/example_task_group.py
[2024-04-18T12:55:53.707+0000] {processor.py:840} INFO - DAG(s) 'example_task_group' retrieved from /home/airflow/.local/lib/python3.12/site-packages/airflow/example_dags/example_task_group.py
[2024-04-18T12:55:53.742+0000] {logging_mixin.py:188} INFO - [2024-04-18T12:55:53.741+0000] {dag.py:3096} INFO - Sync 1 DAGs
[2024-04-18T12:55:53.783+0000] {logging_mixin.py:188} INFO - [2024-04-18T12:55:53.783+0000] {dag.py:3954} INFO - Setting next_dagrun for example_task_group to 2024-04-17 00:00:00+00:00, run_after=2024-04-18 00:00:00+00:00
[2024-04-18T12:55:53.882+0000] {processor.py:183} INFO - Processing /home/airflow/.local/lib/python3.12/site-packages/airflow/example_dags/example_task_group.py took 0.217 seconds
[2024-04-18T12:56:24.149+0000] {processor.py:161} INFO - Started process (PID=709) to work on /home/airflow/.local/lib/python3.12/site-packages/airflow/example_dags/example_task_group.py
[2024-04-18T12:56:24.162+0000] {processor.py:830} INFO - Processing file /home/airflow/.local/lib/python3.12/site-packages/airflow/example_dags/example_task_group.py for tasks to queue
[2024-04-18T12:56:24.166+0000] {logging_mixin.py:188} INFO - [2024-04-18T12:56:24.166+0000] {dagbag.py:540} INFO - Filling up the DagBag from /home/airflow/.local/lib/python3.12/site-packages/airflow/example_dags/example_task_group.py
[2024-04-18T12:56:24.179+0000] {processor.py:840} INFO - DAG(s) 'example_task_group' retrieved from /home/airflow/.local/lib/python3.12/site-packages/airflow/example_dags/example_task_group.py
[2024-04-18T12:56:24.212+0000] {logging_mixin.py:188} INFO - [2024-04-18T12:56:24.212+0000] {dag.py:3096} INFO - Sync 1 DAGs
[2024-04-18T12:56:24.249+0000] {logging_mixin.py:188} INFO - [2024-04-18T12:56:24.249+0000] {dag.py:3954} INFO - Setting next_dagrun for example_task_group to 2024-04-17 00:00:00+00:00, run_after=2024-04-18 00:00:00+00:00
[2024-04-18T12:56:24.366+0000] {processor.py:183} INFO - Processing /home/airflow/.local/lib/python3.12/site-packages/airflow/example_dags/example_task_group.py took 0.229 seconds
[2024-04-18T12:56:55.179+0000] {processor.py:161} INFO - Started process (PID=767) to work on /home/airflow/.local/lib/python3.12/site-packages/airflow/example_dags/example_task_group.py
[2024-04-18T12:56:55.193+0000] {processor.py:830} INFO - Processing file /home/airflow/.local/lib/python3.12/site-packages/airflow/example_dags/example_task_group.py for tasks to queue
[2024-04-18T12:56:55.197+0000] {logging_mixin.py:188} INFO - [2024-04-18T12:56:55.196+0000] {dagbag.py:540} INFO - Filling up the DagBag from /home/airflow/.local/lib/python3.12/site-packages/airflow/example_dags/example_task_group.py
[2024-04-18T12:56:55.208+0000] {processor.py:840} INFO - DAG(s) 'example_task_group' retrieved from /home/airflow/.local/lib/python3.12/site-packages/airflow/example_dags/example_task_group.py
[2024-04-18T12:56:55.241+0000] {logging_mixin.py:188} INFO - [2024-04-18T12:56:55.240+0000] {dag.py:3096} INFO - Sync 1 DAGs
[2024-04-18T12:56:55.278+0000] {logging_mixin.py:188} INFO - [2024-04-18T12:56:55.278+0000] {dag.py:3954} INFO - Setting next_dagrun for example_task_group to 2024-04-17 00:00:00+00:00, run_after=2024-04-18 00:00:00+00:00
[2024-04-18T12:56:55.310+0000] {processor.py:183} INFO - Processing /home/airflow/.local/lib/python3.12/site-packages/airflow/example_dags/example_task_group.py took 0.140 seconds
[2024-04-18T12:57:25.987+0000] {processor.py:161} INFO - Started process (PID=825) to work on /home/airflow/.local/lib/python3.12/site-packages/airflow/example_dags/example_task_group.py
[2024-04-18T12:57:25.988+0000] {processor.py:830} INFO - Processing file /home/airflow/.local/lib/python3.12/site-packages/airflow/example_dags/example_task_group.py for tasks to queue
[2024-04-18T12:57:25.991+0000] {logging_mixin.py:188} INFO - [2024-04-18T12:57:25.991+0000] {dagbag.py:540} INFO - Filling up the DagBag from /home/airflow/.local/lib/python3.12/site-packages/airflow/example_dags/example_task_group.py
[2024-04-18T12:57:26.003+0000] {processor.py:840} INFO - DAG(s) 'example_task_group' retrieved from /home/airflow/.local/lib/python3.12/site-packages/airflow/example_dags/example_task_group.py
[2024-04-18T12:57:26.036+0000] {logging_mixin.py:188} INFO - [2024-04-18T12:57:26.035+0000] {dag.py:3096} INFO - Sync 1 DAGs
[2024-04-18T12:57:26.072+0000] {logging_mixin.py:188} INFO - [2024-04-18T12:57:26.072+0000] {dag.py:3954} INFO - Setting next_dagrun for example_task_group to 2024-04-17 00:00:00+00:00, run_after=2024-04-18 00:00:00+00:00
[2024-04-18T12:57:26.288+0000] {processor.py:183} INFO - Processing /home/airflow/.local/lib/python3.12/site-packages/airflow/example_dags/example_task_group.py took 0.311 seconds
