[2024-04-18T12:50:43.230+0000] {processor.py:161} INFO - Started process (PID=61) to work on /home/airflow/.local/lib/python3.12/site-packages/airflow/example_dags/example_setup_teardown.py
[2024-04-18T12:50:43.231+0000] {processor.py:830} INFO - Processing file /home/airflow/.local/lib/python3.12/site-packages/airflow/example_dags/example_setup_teardown.py for tasks to queue
[2024-04-18T12:50:43.234+0000] {logging_mixin.py:188} INFO - [2024-04-18T12:50:43.233+0000] {dagbag.py:540} INFO - Filling up the DagBag from /home/airflow/.local/lib/python3.12/site-packages/airflow/example_dags/example_setup_teardown.py
[2024-04-18T12:50:43.251+0000] {processor.py:840} INFO - DAG(s) 'example_setup_teardown' retrieved from /home/airflow/.local/lib/python3.12/site-packages/airflow/example_dags/example_setup_teardown.py
[2024-04-18T12:50:43.434+0000] {logging_mixin.py:188} INFO - [2024-04-18T12:50:43.433+0000] {dag.py:3096} INFO - Sync 1 DAGs
[2024-04-18T12:50:43.471+0000] {logging_mixin.py:188} INFO - [2024-04-18T12:50:43.471+0000] {dag.py:3954} INFO - Setting next_dagrun for example_setup_teardown to 2024-04-17 00:00:00+00:00, run_after=2024-04-18 00:00:00+00:00
[2024-04-18T12:50:43.774+0000] {processor.py:183} INFO - Processing /home/airflow/.local/lib/python3.12/site-packages/airflow/example_dags/example_setup_teardown.py took 0.555 seconds
[2024-04-18T12:51:13.968+0000] {processor.py:161} INFO - Started process (PID=119) to work on /home/airflow/.local/lib/python3.12/site-packages/airflow/example_dags/example_setup_teardown.py
[2024-04-18T12:51:13.969+0000] {processor.py:830} INFO - Processing file /home/airflow/.local/lib/python3.12/site-packages/airflow/example_dags/example_setup_teardown.py for tasks to queue
[2024-04-18T12:51:13.972+0000] {logging_mixin.py:188} INFO - [2024-04-18T12:51:13.971+0000] {dagbag.py:540} INFO - Filling up the DagBag from /home/airflow/.local/lib/python3.12/site-packages/airflow/example_dags/example_setup_teardown.py
[2024-04-18T12:51:13.983+0000] {processor.py:840} INFO - DAG(s) 'example_setup_teardown' retrieved from /home/airflow/.local/lib/python3.12/site-packages/airflow/example_dags/example_setup_teardown.py
[2024-04-18T12:51:14.037+0000] {logging_mixin.py:188} INFO - [2024-04-18T12:51:14.037+0000] {dag.py:3096} INFO - Sync 1 DAGs
[2024-04-18T12:51:14.077+0000] {logging_mixin.py:188} INFO - [2024-04-18T12:51:14.076+0000] {dag.py:3954} INFO - Setting next_dagrun for example_setup_teardown to 2024-04-17 00:00:00+00:00, run_after=2024-04-18 00:00:00+00:00
[2024-04-18T12:51:14.649+0000] {processor.py:183} INFO - Processing /home/airflow/.local/lib/python3.12/site-packages/airflow/example_dags/example_setup_teardown.py took 0.693 seconds
[2024-04-18T12:51:45.492+0000] {processor.py:161} INFO - Started process (PID=177) to work on /home/airflow/.local/lib/python3.12/site-packages/airflow/example_dags/example_setup_teardown.py
[2024-04-18T12:51:45.511+0000] {processor.py:830} INFO - Processing file /home/airflow/.local/lib/python3.12/site-packages/airflow/example_dags/example_setup_teardown.py for tasks to queue
[2024-04-18T12:51:45.513+0000] {logging_mixin.py:188} INFO - [2024-04-18T12:51:45.513+0000] {dagbag.py:540} INFO - Filling up the DagBag from /home/airflow/.local/lib/python3.12/site-packages/airflow/example_dags/example_setup_teardown.py
[2024-04-18T12:51:45.531+0000] {processor.py:840} INFO - DAG(s) 'example_setup_teardown' retrieved from /home/airflow/.local/lib/python3.12/site-packages/airflow/example_dags/example_setup_teardown.py
[2024-04-18T12:51:45.551+0000] {logging_mixin.py:188} INFO - [2024-04-18T12:51:45.550+0000] {dag.py:3096} INFO - Sync 1 DAGs
[2024-04-18T12:51:45.599+0000] {logging_mixin.py:188} INFO - [2024-04-18T12:51:45.598+0000] {dag.py:3954} INFO - Setting next_dagrun for example_setup_teardown to 2024-04-17 00:00:00+00:00, run_after=2024-04-18 00:00:00+00:00
[2024-04-18T12:51:45.650+0000] {processor.py:183} INFO - Processing /home/airflow/.local/lib/python3.12/site-packages/airflow/example_dags/example_setup_teardown.py took 0.180 seconds
[2024-04-18T12:52:16.172+0000] {processor.py:161} INFO - Started process (PID=235) to work on /home/airflow/.local/lib/python3.12/site-packages/airflow/example_dags/example_setup_teardown.py
[2024-04-18T12:52:16.173+0000] {processor.py:830} INFO - Processing file /home/airflow/.local/lib/python3.12/site-packages/airflow/example_dags/example_setup_teardown.py for tasks to queue
[2024-04-18T12:52:16.175+0000] {logging_mixin.py:188} INFO - [2024-04-18T12:52:16.175+0000] {dagbag.py:540} INFO - Filling up the DagBag from /home/airflow/.local/lib/python3.12/site-packages/airflow/example_dags/example_setup_teardown.py
[2024-04-18T12:52:16.185+0000] {processor.py:840} INFO - DAG(s) 'example_setup_teardown' retrieved from /home/airflow/.local/lib/python3.12/site-packages/airflow/example_dags/example_setup_teardown.py
[2024-04-18T12:52:16.364+0000] {logging_mixin.py:188} INFO - [2024-04-18T12:52:16.364+0000] {dag.py:3096} INFO - Sync 1 DAGs
[2024-04-18T12:52:16.400+0000] {logging_mixin.py:188} INFO - [2024-04-18T12:52:16.399+0000] {dag.py:3954} INFO - Setting next_dagrun for example_setup_teardown to 2024-04-17 00:00:00+00:00, run_after=2024-04-18 00:00:00+00:00
[2024-04-18T12:52:16.437+0000] {processor.py:183} INFO - Processing /home/airflow/.local/lib/python3.12/site-packages/airflow/example_dags/example_setup_teardown.py took 0.274 seconds
[2024-04-18T12:52:47.264+0000] {processor.py:161} INFO - Started process (PID=292) to work on /home/airflow/.local/lib/python3.12/site-packages/airflow/example_dags/example_setup_teardown.py
[2024-04-18T12:52:47.265+0000] {processor.py:830} INFO - Processing file /home/airflow/.local/lib/python3.12/site-packages/airflow/example_dags/example_setup_teardown.py for tasks to queue
[2024-04-18T12:52:47.268+0000] {logging_mixin.py:188} INFO - [2024-04-18T12:52:47.267+0000] {dagbag.py:540} INFO - Filling up the DagBag from /home/airflow/.local/lib/python3.12/site-packages/airflow/example_dags/example_setup_teardown.py
[2024-04-18T12:52:47.280+0000] {processor.py:840} INFO - DAG(s) 'example_setup_teardown' retrieved from /home/airflow/.local/lib/python3.12/site-packages/airflow/example_dags/example_setup_teardown.py
[2024-04-18T12:52:47.316+0000] {logging_mixin.py:188} INFO - [2024-04-18T12:52:47.315+0000] {dag.py:3096} INFO - Sync 1 DAGs
[2024-04-18T12:52:47.358+0000] {logging_mixin.py:188} INFO - [2024-04-18T12:52:47.358+0000] {dag.py:3954} INFO - Setting next_dagrun for example_setup_teardown to 2024-04-17 00:00:00+00:00, run_after=2024-04-18 00:00:00+00:00
[2024-04-18T12:52:47.408+0000] {processor.py:183} INFO - Processing /home/airflow/.local/lib/python3.12/site-packages/airflow/example_dags/example_setup_teardown.py took 0.153 seconds
[2024-04-18T12:53:17.707+0000] {processor.py:161} INFO - Started process (PID=350) to work on /home/airflow/.local/lib/python3.12/site-packages/airflow/example_dags/example_setup_teardown.py
[2024-04-18T12:53:17.709+0000] {processor.py:830} INFO - Processing file /home/airflow/.local/lib/python3.12/site-packages/airflow/example_dags/example_setup_teardown.py for tasks to queue
[2024-04-18T12:53:17.712+0000] {logging_mixin.py:188} INFO - [2024-04-18T12:53:17.711+0000] {dagbag.py:540} INFO - Filling up the DagBag from /home/airflow/.local/lib/python3.12/site-packages/airflow/example_dags/example_setup_teardown.py
[2024-04-18T12:53:17.724+0000] {processor.py:840} INFO - DAG(s) 'example_setup_teardown' retrieved from /home/airflow/.local/lib/python3.12/site-packages/airflow/example_dags/example_setup_teardown.py
[2024-04-18T12:53:17.755+0000] {logging_mixin.py:188} INFO - [2024-04-18T12:53:17.754+0000] {dag.py:3096} INFO - Sync 1 DAGs
[2024-04-18T12:53:17.792+0000] {logging_mixin.py:188} INFO - [2024-04-18T12:53:17.792+0000] {dag.py:3954} INFO - Setting next_dagrun for example_setup_teardown to 2024-04-17 00:00:00+00:00, run_after=2024-04-18 00:00:00+00:00
[2024-04-18T12:53:17.835+0000] {processor.py:183} INFO - Processing /home/airflow/.local/lib/python3.12/site-packages/airflow/example_dags/example_setup_teardown.py took 0.139 seconds
[2024-04-18T12:53:48.266+0000] {processor.py:161} INFO - Started process (PID=407) to work on /home/airflow/.local/lib/python3.12/site-packages/airflow/example_dags/example_setup_teardown.py
[2024-04-18T12:53:48.267+0000] {processor.py:830} INFO - Processing file /home/airflow/.local/lib/python3.12/site-packages/airflow/example_dags/example_setup_teardown.py for tasks to queue
[2024-04-18T12:53:48.270+0000] {logging_mixin.py:188} INFO - [2024-04-18T12:53:48.270+0000] {dagbag.py:540} INFO - Filling up the DagBag from /home/airflow/.local/lib/python3.12/site-packages/airflow/example_dags/example_setup_teardown.py
[2024-04-18T12:53:48.283+0000] {processor.py:840} INFO - DAG(s) 'example_setup_teardown' retrieved from /home/airflow/.local/lib/python3.12/site-packages/airflow/example_dags/example_setup_teardown.py
[2024-04-18T12:53:48.317+0000] {logging_mixin.py:188} INFO - [2024-04-18T12:53:48.317+0000] {dag.py:3096} INFO - Sync 1 DAGs
[2024-04-18T12:53:48.354+0000] {logging_mixin.py:188} INFO - [2024-04-18T12:53:48.353+0000] {dag.py:3954} INFO - Setting next_dagrun for example_setup_teardown to 2024-04-17 00:00:00+00:00, run_after=2024-04-18 00:00:00+00:00
[2024-04-18T12:53:48.400+0000] {processor.py:183} INFO - Processing /home/airflow/.local/lib/python3.12/site-packages/airflow/example_dags/example_setup_teardown.py took 0.146 seconds
[2024-04-18T12:54:19.234+0000] {processor.py:161} INFO - Started process (PID=464) to work on /home/airflow/.local/lib/python3.12/site-packages/airflow/example_dags/example_setup_teardown.py
[2024-04-18T12:54:19.268+0000] {processor.py:830} INFO - Processing file /home/airflow/.local/lib/python3.12/site-packages/airflow/example_dags/example_setup_teardown.py for tasks to queue
[2024-04-18T12:54:19.271+0000] {logging_mixin.py:188} INFO - [2024-04-18T12:54:19.270+0000] {dagbag.py:540} INFO - Filling up the DagBag from /home/airflow/.local/lib/python3.12/site-packages/airflow/example_dags/example_setup_teardown.py
[2024-04-18T12:54:19.281+0000] {processor.py:840} INFO - DAG(s) 'example_setup_teardown' retrieved from /home/airflow/.local/lib/python3.12/site-packages/airflow/example_dags/example_setup_teardown.py
[2024-04-18T12:54:19.313+0000] {logging_mixin.py:188} INFO - [2024-04-18T12:54:19.313+0000] {dag.py:3096} INFO - Sync 1 DAGs
[2024-04-18T12:54:19.351+0000] {logging_mixin.py:188} INFO - [2024-04-18T12:54:19.351+0000] {dag.py:3954} INFO - Setting next_dagrun for example_setup_teardown to 2024-04-17 00:00:00+00:00, run_after=2024-04-18 00:00:00+00:00
[2024-04-18T12:54:19.398+0000] {processor.py:183} INFO - Processing /home/airflow/.local/lib/python3.12/site-packages/airflow/example_dags/example_setup_teardown.py took 0.173 seconds
[2024-04-18T12:54:50.271+0000] {processor.py:161} INFO - Started process (PID=522) to work on /home/airflow/.local/lib/python3.12/site-packages/airflow/example_dags/example_setup_teardown.py
[2024-04-18T12:54:50.272+0000] {processor.py:830} INFO - Processing file /home/airflow/.local/lib/python3.12/site-packages/airflow/example_dags/example_setup_teardown.py for tasks to queue
[2024-04-18T12:54:50.275+0000] {logging_mixin.py:188} INFO - [2024-04-18T12:54:50.274+0000] {dagbag.py:540} INFO - Filling up the DagBag from /home/airflow/.local/lib/python3.12/site-packages/airflow/example_dags/example_setup_teardown.py
[2024-04-18T12:54:50.285+0000] {processor.py:840} INFO - DAG(s) 'example_setup_teardown' retrieved from /home/airflow/.local/lib/python3.12/site-packages/airflow/example_dags/example_setup_teardown.py
[2024-04-18T12:54:50.331+0000] {logging_mixin.py:188} INFO - [2024-04-18T12:54:50.331+0000] {dag.py:3096} INFO - Sync 1 DAGs
[2024-04-18T12:54:50.379+0000] {logging_mixin.py:188} INFO - [2024-04-18T12:54:50.378+0000] {dag.py:3954} INFO - Setting next_dagrun for example_setup_teardown to 2024-04-17 00:00:00+00:00, run_after=2024-04-18 00:00:00+00:00
[2024-04-18T12:54:50.420+0000] {processor.py:183} INFO - Processing /home/airflow/.local/lib/python3.12/site-packages/airflow/example_dags/example_setup_teardown.py took 0.159 seconds
[2024-04-18T12:55:20.533+0000] {processor.py:161} INFO - Started process (PID=580) to work on /home/airflow/.local/lib/python3.12/site-packages/airflow/example_dags/example_setup_teardown.py
[2024-04-18T12:55:20.534+0000] {processor.py:830} INFO - Processing file /home/airflow/.local/lib/python3.12/site-packages/airflow/example_dags/example_setup_teardown.py for tasks to queue
[2024-04-18T12:55:20.537+0000] {logging_mixin.py:188} INFO - [2024-04-18T12:55:20.536+0000] {dagbag.py:540} INFO - Filling up the DagBag from /home/airflow/.local/lib/python3.12/site-packages/airflow/example_dags/example_setup_teardown.py
[2024-04-18T12:55:20.547+0000] {processor.py:840} INFO - DAG(s) 'example_setup_teardown' retrieved from /home/airflow/.local/lib/python3.12/site-packages/airflow/example_dags/example_setup_teardown.py
[2024-04-18T12:55:20.579+0000] {logging_mixin.py:188} INFO - [2024-04-18T12:55:20.578+0000] {dag.py:3096} INFO - Sync 1 DAGs
[2024-04-18T12:55:20.616+0000] {logging_mixin.py:188} INFO - [2024-04-18T12:55:20.616+0000] {dag.py:3954} INFO - Setting next_dagrun for example_setup_teardown to 2024-04-17 00:00:00+00:00, run_after=2024-04-18 00:00:00+00:00
[2024-04-18T12:55:20.675+0000] {processor.py:183} INFO - Processing /home/airflow/.local/lib/python3.12/site-packages/airflow/example_dags/example_setup_teardown.py took 0.152 seconds
[2024-04-18T12:55:50.976+0000] {processor.py:161} INFO - Started process (PID=638) to work on /home/airflow/.local/lib/python3.12/site-packages/airflow/example_dags/example_setup_teardown.py
[2024-04-18T12:55:50.977+0000] {processor.py:830} INFO - Processing file /home/airflow/.local/lib/python3.12/site-packages/airflow/example_dags/example_setup_teardown.py for tasks to queue
[2024-04-18T12:55:50.980+0000] {logging_mixin.py:188} INFO - [2024-04-18T12:55:50.979+0000] {dagbag.py:540} INFO - Filling up the DagBag from /home/airflow/.local/lib/python3.12/site-packages/airflow/example_dags/example_setup_teardown.py
[2024-04-18T12:55:50.991+0000] {processor.py:840} INFO - DAG(s) 'example_setup_teardown' retrieved from /home/airflow/.local/lib/python3.12/site-packages/airflow/example_dags/example_setup_teardown.py
[2024-04-18T12:55:51.023+0000] {logging_mixin.py:188} INFO - [2024-04-18T12:55:51.023+0000] {dag.py:3096} INFO - Sync 1 DAGs
[2024-04-18T12:55:51.060+0000] {logging_mixin.py:188} INFO - [2024-04-18T12:55:51.060+0000] {dag.py:3954} INFO - Setting next_dagrun for example_setup_teardown to 2024-04-17 00:00:00+00:00, run_after=2024-04-18 00:00:00+00:00
[2024-04-18T12:55:51.106+0000] {processor.py:183} INFO - Processing /home/airflow/.local/lib/python3.12/site-packages/airflow/example_dags/example_setup_teardown.py took 0.142 seconds
[2024-04-18T12:56:21.808+0000] {processor.py:161} INFO - Started process (PID=695) to work on /home/airflow/.local/lib/python3.12/site-packages/airflow/example_dags/example_setup_teardown.py
[2024-04-18T12:56:21.809+0000] {processor.py:830} INFO - Processing file /home/airflow/.local/lib/python3.12/site-packages/airflow/example_dags/example_setup_teardown.py for tasks to queue
[2024-04-18T12:56:21.812+0000] {logging_mixin.py:188} INFO - [2024-04-18T12:56:21.811+0000] {dagbag.py:540} INFO - Filling up the DagBag from /home/airflow/.local/lib/python3.12/site-packages/airflow/example_dags/example_setup_teardown.py
[2024-04-18T12:56:21.822+0000] {processor.py:840} INFO - DAG(s) 'example_setup_teardown' retrieved from /home/airflow/.local/lib/python3.12/site-packages/airflow/example_dags/example_setup_teardown.py
[2024-04-18T12:56:21.854+0000] {logging_mixin.py:188} INFO - [2024-04-18T12:56:21.853+0000] {dag.py:3096} INFO - Sync 1 DAGs
[2024-04-18T12:56:21.891+0000] {logging_mixin.py:188} INFO - [2024-04-18T12:56:21.891+0000] {dag.py:3954} INFO - Setting next_dagrun for example_setup_teardown to 2024-04-17 00:00:00+00:00, run_after=2024-04-18 00:00:00+00:00
[2024-04-18T12:56:21.937+0000] {processor.py:183} INFO - Processing /home/airflow/.local/lib/python3.12/site-packages/airflow/example_dags/example_setup_teardown.py took 0.140 seconds
[2024-04-18T12:56:52.294+0000] {processor.py:161} INFO - Started process (PID=753) to work on /home/airflow/.local/lib/python3.12/site-packages/airflow/example_dags/example_setup_teardown.py
[2024-04-18T12:56:52.296+0000] {processor.py:830} INFO - Processing file /home/airflow/.local/lib/python3.12/site-packages/airflow/example_dags/example_setup_teardown.py for tasks to queue
[2024-04-18T12:56:52.299+0000] {logging_mixin.py:188} INFO - [2024-04-18T12:56:52.298+0000] {dagbag.py:540} INFO - Filling up the DagBag from /home/airflow/.local/lib/python3.12/site-packages/airflow/example_dags/example_setup_teardown.py
[2024-04-18T12:56:52.311+0000] {processor.py:840} INFO - DAG(s) 'example_setup_teardown' retrieved from /home/airflow/.local/lib/python3.12/site-packages/airflow/example_dags/example_setup_teardown.py
[2024-04-18T12:56:52.348+0000] {logging_mixin.py:188} INFO - [2024-04-18T12:56:52.347+0000] {dag.py:3096} INFO - Sync 1 DAGs
[2024-04-18T12:56:52.385+0000] {logging_mixin.py:188} INFO - [2024-04-18T12:56:52.385+0000] {dag.py:3954} INFO - Setting next_dagrun for example_setup_teardown to 2024-04-17 00:00:00+00:00, run_after=2024-04-18 00:00:00+00:00
[2024-04-18T12:56:52.684+0000] {processor.py:183} INFO - Processing /home/airflow/.local/lib/python3.12/site-packages/airflow/example_dags/example_setup_teardown.py took 0.402 seconds
[2024-04-18T12:57:23.004+0000] {processor.py:161} INFO - Started process (PID=811) to work on /home/airflow/.local/lib/python3.12/site-packages/airflow/example_dags/example_setup_teardown.py
[2024-04-18T12:57:23.005+0000] {processor.py:830} INFO - Processing file /home/airflow/.local/lib/python3.12/site-packages/airflow/example_dags/example_setup_teardown.py for tasks to queue
[2024-04-18T12:57:23.008+0000] {logging_mixin.py:188} INFO - [2024-04-18T12:57:23.008+0000] {dagbag.py:540} INFO - Filling up the DagBag from /home/airflow/.local/lib/python3.12/site-packages/airflow/example_dags/example_setup_teardown.py
[2024-04-18T12:57:23.021+0000] {processor.py:840} INFO - DAG(s) 'example_setup_teardown' retrieved from /home/airflow/.local/lib/python3.12/site-packages/airflow/example_dags/example_setup_teardown.py
[2024-04-18T12:57:23.058+0000] {logging_mixin.py:188} INFO - [2024-04-18T12:57:23.057+0000] {dag.py:3096} INFO - Sync 1 DAGs
[2024-04-18T12:57:23.098+0000] {logging_mixin.py:188} INFO - [2024-04-18T12:57:23.098+0000] {dag.py:3954} INFO - Setting next_dagrun for example_setup_teardown to 2024-04-17 00:00:00+00:00, run_after=2024-04-18 00:00:00+00:00
[2024-04-18T12:57:23.151+0000] {processor.py:183} INFO - Processing /home/airflow/.local/lib/python3.12/site-packages/airflow/example_dags/example_setup_teardown.py took 0.160 seconds
