[2024-04-18T12:50:41.204+0000] {processor.py:161} INFO - Started process (PID=56) to work on /home/airflow/.local/lib/python3.12/site-packages/airflow/example_dags/example_python_operator.py
[2024-04-18T12:50:41.205+0000] {processor.py:830} INFO - Processing file /home/airflow/.local/lib/python3.12/site-packages/airflow/example_dags/example_python_operator.py for tasks to queue
[2024-04-18T12:50:41.208+0000] {logging_mixin.py:188} INFO - [2024-04-18T12:50:41.207+0000] {dagbag.py:540} INFO - Filling up the DagBag from /home/airflow/.local/lib/python3.12/site-packages/airflow/example_dags/example_python_operator.py
[2024-04-18T12:50:41.229+0000] {processor.py:840} INFO - DAG(s) 'example_python_operator' retrieved from /home/airflow/.local/lib/python3.12/site-packages/airflow/example_dags/example_python_operator.py
[2024-04-18T12:50:41.418+0000] {logging_mixin.py:188} INFO - [2024-04-18T12:50:41.418+0000] {dag.py:3096} INFO - Sync 1 DAGs
[2024-04-18T12:50:41.437+0000] {logging_mixin.py:188} INFO - [2024-04-18T12:50:41.437+0000] {dag.py:3954} INFO - Setting next_dagrun for example_python_operator to None, run_after=None
[2024-04-18T12:50:41.638+0000] {processor.py:183} INFO - Processing /home/airflow/.local/lib/python3.12/site-packages/airflow/example_dags/example_python_operator.py took 0.443 seconds
[2024-04-18T12:51:12.276+0000] {processor.py:161} INFO - Started process (PID=114) to work on /home/airflow/.local/lib/python3.12/site-packages/airflow/example_dags/example_python_operator.py
[2024-04-18T12:51:12.277+0000] {processor.py:830} INFO - Processing file /home/airflow/.local/lib/python3.12/site-packages/airflow/example_dags/example_python_operator.py for tasks to queue
[2024-04-18T12:51:12.280+0000] {logging_mixin.py:188} INFO - [2024-04-18T12:51:12.280+0000] {dagbag.py:540} INFO - Filling up the DagBag from /home/airflow/.local/lib/python3.12/site-packages/airflow/example_dags/example_python_operator.py
[2024-04-18T12:51:12.301+0000] {processor.py:840} INFO - DAG(s) 'example_python_operator' retrieved from /home/airflow/.local/lib/python3.12/site-packages/airflow/example_dags/example_python_operator.py
[2024-04-18T12:51:12.338+0000] {logging_mixin.py:188} INFO - [2024-04-18T12:51:12.338+0000] {dag.py:3096} INFO - Sync 1 DAGs
[2024-04-18T12:51:12.361+0000] {logging_mixin.py:188} INFO - [2024-04-18T12:51:12.361+0000] {dag.py:3954} INFO - Setting next_dagrun for example_python_operator to None, run_after=None
[2024-04-18T12:51:12.493+0000] {processor.py:183} INFO - Processing /home/airflow/.local/lib/python3.12/site-packages/airflow/example_dags/example_python_operator.py took 0.228 seconds
[2024-04-18T12:51:42.917+0000] {processor.py:161} INFO - Started process (PID=172) to work on /home/airflow/.local/lib/python3.12/site-packages/airflow/example_dags/example_python_operator.py
[2024-04-18T12:51:42.918+0000] {processor.py:830} INFO - Processing file /home/airflow/.local/lib/python3.12/site-packages/airflow/example_dags/example_python_operator.py for tasks to queue
[2024-04-18T12:51:42.920+0000] {logging_mixin.py:188} INFO - [2024-04-18T12:51:42.920+0000] {dagbag.py:540} INFO - Filling up the DagBag from /home/airflow/.local/lib/python3.12/site-packages/airflow/example_dags/example_python_operator.py
[2024-04-18T12:51:42.937+0000] {processor.py:840} INFO - DAG(s) 'example_python_operator' retrieved from /home/airflow/.local/lib/python3.12/site-packages/airflow/example_dags/example_python_operator.py
[2024-04-18T12:51:42.952+0000] {logging_mixin.py:188} INFO - [2024-04-18T12:51:42.952+0000] {dag.py:3096} INFO - Sync 1 DAGs
[2024-04-18T12:51:42.974+0000] {logging_mixin.py:188} INFO - [2024-04-18T12:51:42.974+0000] {dag.py:3954} INFO - Setting next_dagrun for example_python_operator to None, run_after=None
[2024-04-18T12:51:43.259+0000] {processor.py:183} INFO - Processing /home/airflow/.local/lib/python3.12/site-packages/airflow/example_dags/example_python_operator.py took 0.351 seconds
[2024-04-18T12:52:13.872+0000] {processor.py:161} INFO - Started process (PID=230) to work on /home/airflow/.local/lib/python3.12/site-packages/airflow/example_dags/example_python_operator.py
[2024-04-18T12:52:14.014+0000] {processor.py:830} INFO - Processing file /home/airflow/.local/lib/python3.12/site-packages/airflow/example_dags/example_python_operator.py for tasks to queue
[2024-04-18T12:52:14.016+0000] {logging_mixin.py:188} INFO - [2024-04-18T12:52:14.016+0000] {dagbag.py:540} INFO - Filling up the DagBag from /home/airflow/.local/lib/python3.12/site-packages/airflow/example_dags/example_python_operator.py
[2024-04-18T12:52:14.034+0000] {processor.py:840} INFO - DAG(s) 'example_python_operator' retrieved from /home/airflow/.local/lib/python3.12/site-packages/airflow/example_dags/example_python_operator.py
[2024-04-18T12:52:14.259+0000] {logging_mixin.py:188} INFO - [2024-04-18T12:52:14.258+0000] {dag.py:3096} INFO - Sync 1 DAGs
[2024-04-18T12:52:14.290+0000] {logging_mixin.py:188} INFO - [2024-04-18T12:52:14.290+0000] {dag.py:3954} INFO - Setting next_dagrun for example_python_operator to None, run_after=None
[2024-04-18T12:52:14.395+0000] {processor.py:183} INFO - Processing /home/airflow/.local/lib/python3.12/site-packages/airflow/example_dags/example_python_operator.py took 0.534 seconds
[2024-04-18T12:52:44.655+0000] {processor.py:161} INFO - Started process (PID=287) to work on /home/airflow/.local/lib/python3.12/site-packages/airflow/example_dags/example_python_operator.py
[2024-04-18T12:52:44.656+0000] {processor.py:830} INFO - Processing file /home/airflow/.local/lib/python3.12/site-packages/airflow/example_dags/example_python_operator.py for tasks to queue
[2024-04-18T12:52:44.659+0000] {logging_mixin.py:188} INFO - [2024-04-18T12:52:44.658+0000] {dagbag.py:540} INFO - Filling up the DagBag from /home/airflow/.local/lib/python3.12/site-packages/airflow/example_dags/example_python_operator.py
[2024-04-18T12:52:44.676+0000] {processor.py:840} INFO - DAG(s) 'example_python_operator' retrieved from /home/airflow/.local/lib/python3.12/site-packages/airflow/example_dags/example_python_operator.py
[2024-04-18T12:52:44.710+0000] {logging_mixin.py:188} INFO - [2024-04-18T12:52:44.710+0000] {dag.py:3096} INFO - Sync 1 DAGs
[2024-04-18T12:52:44.731+0000] {logging_mixin.py:188} INFO - [2024-04-18T12:52:44.731+0000] {dag.py:3954} INFO - Setting next_dagrun for example_python_operator to None, run_after=None
[2024-04-18T12:52:44.781+0000] {processor.py:183} INFO - Processing /home/airflow/.local/lib/python3.12/site-packages/airflow/example_dags/example_python_operator.py took 0.135 seconds
[2024-04-18T12:53:15.209+0000] {processor.py:161} INFO - Started process (PID=345) to work on /home/airflow/.local/lib/python3.12/site-packages/airflow/example_dags/example_python_operator.py
[2024-04-18T12:53:15.245+0000] {processor.py:830} INFO - Processing file /home/airflow/.local/lib/python3.12/site-packages/airflow/example_dags/example_python_operator.py for tasks to queue
[2024-04-18T12:53:15.247+0000] {logging_mixin.py:188} INFO - [2024-04-18T12:53:15.247+0000] {dagbag.py:540} INFO - Filling up the DagBag from /home/airflow/.local/lib/python3.12/site-packages/airflow/example_dags/example_python_operator.py
[2024-04-18T12:53:15.264+0000] {processor.py:840} INFO - DAG(s) 'example_python_operator' retrieved from /home/airflow/.local/lib/python3.12/site-packages/airflow/example_dags/example_python_operator.py
[2024-04-18T12:53:15.299+0000] {logging_mixin.py:188} INFO - [2024-04-18T12:53:15.299+0000] {dag.py:3096} INFO - Sync 1 DAGs
[2024-04-18T12:53:15.320+0000] {logging_mixin.py:188} INFO - [2024-04-18T12:53:15.320+0000] {dag.py:3954} INFO - Setting next_dagrun for example_python_operator to None, run_after=None
[2024-04-18T12:53:15.402+0000] {processor.py:183} INFO - Processing /home/airflow/.local/lib/python3.12/site-packages/airflow/example_dags/example_python_operator.py took 0.202 seconds
[2024-04-18T12:53:45.445+0000] {processor.py:161} INFO - Started process (PID=401) to work on /home/airflow/.local/lib/python3.12/site-packages/airflow/example_dags/example_python_operator.py
[2024-04-18T12:53:45.484+0000] {processor.py:830} INFO - Processing file /home/airflow/.local/lib/python3.12/site-packages/airflow/example_dags/example_python_operator.py for tasks to queue
[2024-04-18T12:53:45.486+0000] {logging_mixin.py:188} INFO - [2024-04-18T12:53:45.486+0000] {dagbag.py:540} INFO - Filling up the DagBag from /home/airflow/.local/lib/python3.12/site-packages/airflow/example_dags/example_python_operator.py
[2024-04-18T12:53:45.503+0000] {processor.py:840} INFO - DAG(s) 'example_python_operator' retrieved from /home/airflow/.local/lib/python3.12/site-packages/airflow/example_dags/example_python_operator.py
[2024-04-18T12:53:45.556+0000] {logging_mixin.py:188} INFO - [2024-04-18T12:53:45.556+0000] {dag.py:3096} INFO - Sync 1 DAGs
[2024-04-18T12:53:45.772+0000] {logging_mixin.py:188} INFO - [2024-04-18T12:53:45.772+0000] {dag.py:3954} INFO - Setting next_dagrun for example_python_operator to None, run_after=None
[2024-04-18T12:53:45.897+0000] {processor.py:183} INFO - Processing /home/airflow/.local/lib/python3.12/site-packages/airflow/example_dags/example_python_operator.py took 0.462 seconds
[2024-04-18T12:54:16.770+0000] {processor.py:161} INFO - Started process (PID=459) to work on /home/airflow/.local/lib/python3.12/site-packages/airflow/example_dags/example_python_operator.py
[2024-04-18T12:54:16.776+0000] {processor.py:830} INFO - Processing file /home/airflow/.local/lib/python3.12/site-packages/airflow/example_dags/example_python_operator.py for tasks to queue
[2024-04-18T12:54:16.779+0000] {logging_mixin.py:188} INFO - [2024-04-18T12:54:16.779+0000] {dagbag.py:540} INFO - Filling up the DagBag from /home/airflow/.local/lib/python3.12/site-packages/airflow/example_dags/example_python_operator.py
[2024-04-18T12:54:16.797+0000] {processor.py:840} INFO - DAG(s) 'example_python_operator' retrieved from /home/airflow/.local/lib/python3.12/site-packages/airflow/example_dags/example_python_operator.py
[2024-04-18T12:54:16.838+0000] {logging_mixin.py:188} INFO - [2024-04-18T12:54:16.834+0000] {dag.py:3096} INFO - Sync 1 DAGs
[2024-04-18T12:54:16.861+0000] {logging_mixin.py:188} INFO - [2024-04-18T12:54:16.860+0000] {dag.py:3954} INFO - Setting next_dagrun for example_python_operator to None, run_after=None
[2024-04-18T12:54:16.947+0000] {processor.py:183} INFO - Processing /home/airflow/.local/lib/python3.12/site-packages/airflow/example_dags/example_python_operator.py took 0.186 seconds
[2024-04-18T12:54:47.554+0000] {processor.py:161} INFO - Started process (PID=517) to work on /home/airflow/.local/lib/python3.12/site-packages/airflow/example_dags/example_python_operator.py
[2024-04-18T12:54:47.759+0000] {processor.py:830} INFO - Processing file /home/airflow/.local/lib/python3.12/site-packages/airflow/example_dags/example_python_operator.py for tasks to queue
[2024-04-18T12:54:47.761+0000] {logging_mixin.py:188} INFO - [2024-04-18T12:54:47.761+0000] {dagbag.py:540} INFO - Filling up the DagBag from /home/airflow/.local/lib/python3.12/site-packages/airflow/example_dags/example_python_operator.py
[2024-04-18T12:54:47.782+0000] {processor.py:840} INFO - DAG(s) 'example_python_operator' retrieved from /home/airflow/.local/lib/python3.12/site-packages/airflow/example_dags/example_python_operator.py
[2024-04-18T12:54:47.854+0000] {logging_mixin.py:188} INFO - [2024-04-18T12:54:47.854+0000] {dag.py:3096} INFO - Sync 1 DAGs
[2024-04-18T12:54:47.877+0000] {logging_mixin.py:188} INFO - [2024-04-18T12:54:47.876+0000] {dag.py:3954} INFO - Setting next_dagrun for example_python_operator to None, run_after=None
[2024-04-18T12:54:47.922+0000] {processor.py:183} INFO - Processing /home/airflow/.local/lib/python3.12/site-packages/airflow/example_dags/example_python_operator.py took 0.411 seconds
[2024-04-18T12:55:18.934+0000] {processor.py:161} INFO - Started process (PID=575) to work on /home/airflow/.local/lib/python3.12/site-packages/airflow/example_dags/example_python_operator.py
[2024-04-18T12:55:18.935+0000] {processor.py:830} INFO - Processing file /home/airflow/.local/lib/python3.12/site-packages/airflow/example_dags/example_python_operator.py for tasks to queue
[2024-04-18T12:55:18.937+0000] {logging_mixin.py:188} INFO - [2024-04-18T12:55:18.937+0000] {dagbag.py:540} INFO - Filling up the DagBag from /home/airflow/.local/lib/python3.12/site-packages/airflow/example_dags/example_python_operator.py
[2024-04-18T12:55:18.954+0000] {processor.py:840} INFO - DAG(s) 'example_python_operator' retrieved from /home/airflow/.local/lib/python3.12/site-packages/airflow/example_dags/example_python_operator.py
[2024-04-18T12:55:18.998+0000] {logging_mixin.py:188} INFO - [2024-04-18T12:55:18.998+0000] {dag.py:3096} INFO - Sync 1 DAGs
[2024-04-18T12:55:19.020+0000] {logging_mixin.py:188} INFO - [2024-04-18T12:55:19.020+0000] {dag.py:3954} INFO - Setting next_dagrun for example_python_operator to None, run_after=None
[2024-04-18T12:55:19.119+0000] {processor.py:183} INFO - Processing /home/airflow/.local/lib/python3.12/site-packages/airflow/example_dags/example_python_operator.py took 0.194 seconds
[2024-04-18T12:55:49.490+0000] {processor.py:161} INFO - Started process (PID=633) to work on /home/airflow/.local/lib/python3.12/site-packages/airflow/example_dags/example_python_operator.py
[2024-04-18T12:55:49.519+0000] {processor.py:830} INFO - Processing file /home/airflow/.local/lib/python3.12/site-packages/airflow/example_dags/example_python_operator.py for tasks to queue
[2024-04-18T12:55:49.522+0000] {logging_mixin.py:188} INFO - [2024-04-18T12:55:49.521+0000] {dagbag.py:540} INFO - Filling up the DagBag from /home/airflow/.local/lib/python3.12/site-packages/airflow/example_dags/example_python_operator.py
[2024-04-18T12:55:49.538+0000] {processor.py:840} INFO - DAG(s) 'example_python_operator' retrieved from /home/airflow/.local/lib/python3.12/site-packages/airflow/example_dags/example_python_operator.py
[2024-04-18T12:55:49.574+0000] {logging_mixin.py:188} INFO - [2024-04-18T12:55:49.573+0000] {dag.py:3096} INFO - Sync 1 DAGs
[2024-04-18T12:55:49.595+0000] {logging_mixin.py:188} INFO - [2024-04-18T12:55:49.595+0000] {dag.py:3954} INFO - Setting next_dagrun for example_python_operator to None, run_after=None
[2024-04-18T12:55:49.640+0000] {processor.py:183} INFO - Processing /home/airflow/.local/lib/python3.12/site-packages/airflow/example_dags/example_python_operator.py took 0.159 seconds
[2024-04-18T12:56:20.140+0000] {processor.py:161} INFO - Started process (PID=690) to work on /home/airflow/.local/lib/python3.12/site-packages/airflow/example_dags/example_python_operator.py
[2024-04-18T12:56:20.158+0000] {processor.py:830} INFO - Processing file /home/airflow/.local/lib/python3.12/site-packages/airflow/example_dags/example_python_operator.py for tasks to queue
[2024-04-18T12:56:20.161+0000] {logging_mixin.py:188} INFO - [2024-04-18T12:56:20.160+0000] {dagbag.py:540} INFO - Filling up the DagBag from /home/airflow/.local/lib/python3.12/site-packages/airflow/example_dags/example_python_operator.py
[2024-04-18T12:56:20.176+0000] {processor.py:840} INFO - DAG(s) 'example_python_operator' retrieved from /home/airflow/.local/lib/python3.12/site-packages/airflow/example_dags/example_python_operator.py
[2024-04-18T12:56:20.214+0000] {logging_mixin.py:188} INFO - [2024-04-18T12:56:20.213+0000] {dag.py:3096} INFO - Sync 1 DAGs
[2024-04-18T12:56:20.235+0000] {logging_mixin.py:188} INFO - [2024-04-18T12:56:20.234+0000] {dag.py:3954} INFO - Setting next_dagrun for example_python_operator to None, run_after=None
[2024-04-18T12:56:20.331+0000] {processor.py:183} INFO - Processing /home/airflow/.local/lib/python3.12/site-packages/airflow/example_dags/example_python_operator.py took 0.200 seconds
[2024-04-18T12:56:50.665+0000] {processor.py:161} INFO - Started process (PID=748) to work on /home/airflow/.local/lib/python3.12/site-packages/airflow/example_dags/example_python_operator.py
[2024-04-18T12:56:50.670+0000] {processor.py:830} INFO - Processing file /home/airflow/.local/lib/python3.12/site-packages/airflow/example_dags/example_python_operator.py for tasks to queue
[2024-04-18T12:56:50.673+0000] {logging_mixin.py:188} INFO - [2024-04-18T12:56:50.672+0000] {dagbag.py:540} INFO - Filling up the DagBag from /home/airflow/.local/lib/python3.12/site-packages/airflow/example_dags/example_python_operator.py
[2024-04-18T12:56:50.689+0000] {processor.py:840} INFO - DAG(s) 'example_python_operator' retrieved from /home/airflow/.local/lib/python3.12/site-packages/airflow/example_dags/example_python_operator.py
[2024-04-18T12:56:50.726+0000] {logging_mixin.py:188} INFO - [2024-04-18T12:56:50.725+0000] {dag.py:3096} INFO - Sync 1 DAGs
[2024-04-18T12:56:50.747+0000] {logging_mixin.py:188} INFO - [2024-04-18T12:56:50.747+0000] {dag.py:3954} INFO - Setting next_dagrun for example_python_operator to None, run_after=None
[2024-04-18T12:56:50.795+0000] {processor.py:183} INFO - Processing /home/airflow/.local/lib/python3.12/site-packages/airflow/example_dags/example_python_operator.py took 0.138 seconds
[2024-04-18T12:57:21.392+0000] {processor.py:161} INFO - Started process (PID=806) to work on /home/airflow/.local/lib/python3.12/site-packages/airflow/example_dags/example_python_operator.py
[2024-04-18T12:57:21.395+0000] {processor.py:830} INFO - Processing file /home/airflow/.local/lib/python3.12/site-packages/airflow/example_dags/example_python_operator.py for tasks to queue
[2024-04-18T12:57:21.398+0000] {logging_mixin.py:188} INFO - [2024-04-18T12:57:21.398+0000] {dagbag.py:540} INFO - Filling up the DagBag from /home/airflow/.local/lib/python3.12/site-packages/airflow/example_dags/example_python_operator.py
[2024-04-18T12:57:21.415+0000] {processor.py:840} INFO - DAG(s) 'example_python_operator' retrieved from /home/airflow/.local/lib/python3.12/site-packages/airflow/example_dags/example_python_operator.py
[2024-04-18T12:57:21.452+0000] {logging_mixin.py:188} INFO - [2024-04-18T12:57:21.451+0000] {dag.py:3096} INFO - Sync 1 DAGs
[2024-04-18T12:57:21.473+0000] {logging_mixin.py:188} INFO - [2024-04-18T12:57:21.472+0000] {dag.py:3954} INFO - Setting next_dagrun for example_python_operator to None, run_after=None
[2024-04-18T12:57:21.594+0000] {processor.py:183} INFO - Processing /home/airflow/.local/lib/python3.12/site-packages/airflow/example_dags/example_python_operator.py took 0.212 seconds
