[2024-04-18T12:50:43.491+0000] {processor.py:161} INFO - Started process (PID=62) to work on /home/airflow/.local/lib/python3.12/site-packages/airflow/example_dags/example_latest_only.py
[2024-04-18T12:50:43.492+0000] {processor.py:830} INFO - Processing file /home/airflow/.local/lib/python3.12/site-packages/airflow/example_dags/example_latest_only.py for tasks to queue
[2024-04-18T12:50:43.496+0000] {logging_mixin.py:188} INFO - [2024-04-18T12:50:43.495+0000] {dagbag.py:540} INFO - Filling up the DagBag from /home/airflow/.local/lib/python3.12/site-packages/airflow/example_dags/example_latest_only.py
[2024-04-18T12:50:43.511+0000] {processor.py:840} INFO - DAG(s) 'latest_only' retrieved from /home/airflow/.local/lib/python3.12/site-packages/airflow/example_dags/example_latest_only.py
[2024-04-18T12:50:43.689+0000] {logging_mixin.py:188} INFO - [2024-04-18T12:50:43.689+0000] {dag.py:3096} INFO - Sync 1 DAGs
[2024-04-18T12:50:43.796+0000] {logging_mixin.py:188} INFO - [2024-04-18T12:50:43.796+0000] {dag.py:3954} INFO - Setting next_dagrun for latest_only to 2024-04-18 08:00:00+00:00, run_after=2024-04-18 12:00:00+00:00
[2024-04-18T12:50:43.973+0000] {processor.py:183} INFO - Processing /home/airflow/.local/lib/python3.12/site-packages/airflow/example_dags/example_latest_only.py took 0.494 seconds
[2024-04-18T12:51:14.480+0000] {processor.py:161} INFO - Started process (PID=120) to work on /home/airflow/.local/lib/python3.12/site-packages/airflow/example_dags/example_latest_only.py
[2024-04-18T12:51:14.481+0000] {processor.py:830} INFO - Processing file /home/airflow/.local/lib/python3.12/site-packages/airflow/example_dags/example_latest_only.py for tasks to queue
[2024-04-18T12:51:14.484+0000] {logging_mixin.py:188} INFO - [2024-04-18T12:51:14.484+0000] {dagbag.py:540} INFO - Filling up the DagBag from /home/airflow/.local/lib/python3.12/site-packages/airflow/example_dags/example_latest_only.py
[2024-04-18T12:51:14.493+0000] {processor.py:840} INFO - DAG(s) 'latest_only' retrieved from /home/airflow/.local/lib/python3.12/site-packages/airflow/example_dags/example_latest_only.py
[2024-04-18T12:51:14.528+0000] {logging_mixin.py:188} INFO - [2024-04-18T12:51:14.527+0000] {dag.py:3096} INFO - Sync 1 DAGs
[2024-04-18T12:51:14.570+0000] {logging_mixin.py:188} INFO - [2024-04-18T12:51:14.569+0000] {dag.py:3954} INFO - Setting next_dagrun for latest_only to 2024-04-18 08:00:00+00:00, run_after=2024-04-18 12:00:00+00:00
[2024-04-18T12:51:14.721+0000] {processor.py:183} INFO - Processing /home/airflow/.local/lib/python3.12/site-packages/airflow/example_dags/example_latest_only.py took 0.252 seconds
[2024-04-18T12:51:45.493+0000] {processor.py:161} INFO - Started process (PID=178) to work on /home/airflow/.local/lib/python3.12/site-packages/airflow/example_dags/example_latest_only.py
[2024-04-18T12:51:45.508+0000] {processor.py:830} INFO - Processing file /home/airflow/.local/lib/python3.12/site-packages/airflow/example_dags/example_latest_only.py for tasks to queue
[2024-04-18T12:51:45.510+0000] {logging_mixin.py:188} INFO - [2024-04-18T12:51:45.510+0000] {dagbag.py:540} INFO - Filling up the DagBag from /home/airflow/.local/lib/python3.12/site-packages/airflow/example_dags/example_latest_only.py
[2024-04-18T12:51:45.518+0000] {processor.py:840} INFO - DAG(s) 'latest_only' retrieved from /home/airflow/.local/lib/python3.12/site-packages/airflow/example_dags/example_latest_only.py
[2024-04-18T12:51:45.535+0000] {logging_mixin.py:188} INFO - [2024-04-18T12:51:45.535+0000] {dag.py:3096} INFO - Sync 1 DAGs
[2024-04-18T12:51:45.576+0000] {logging_mixin.py:188} INFO - [2024-04-18T12:51:45.576+0000] {dag.py:3954} INFO - Setting next_dagrun for latest_only to 2024-04-18 08:00:00+00:00, run_after=2024-04-18 12:00:00+00:00
[2024-04-18T12:51:45.620+0000] {processor.py:183} INFO - Processing /home/airflow/.local/lib/python3.12/site-packages/airflow/example_dags/example_latest_only.py took 0.142 seconds
[2024-04-18T12:52:16.171+0000] {processor.py:161} INFO - Started process (PID=236) to work on /home/airflow/.local/lib/python3.12/site-packages/airflow/example_dags/example_latest_only.py
[2024-04-18T12:52:16.172+0000] {processor.py:830} INFO - Processing file /home/airflow/.local/lib/python3.12/site-packages/airflow/example_dags/example_latest_only.py for tasks to queue
[2024-04-18T12:52:16.175+0000] {logging_mixin.py:188} INFO - [2024-04-18T12:52:16.174+0000] {dagbag.py:540} INFO - Filling up the DagBag from /home/airflow/.local/lib/python3.12/site-packages/airflow/example_dags/example_latest_only.py
[2024-04-18T12:52:16.182+0000] {processor.py:840} INFO - DAG(s) 'latest_only' retrieved from /home/airflow/.local/lib/python3.12/site-packages/airflow/example_dags/example_latest_only.py
[2024-04-18T12:52:16.365+0000] {logging_mixin.py:188} INFO - [2024-04-18T12:52:16.365+0000] {dag.py:3096} INFO - Sync 1 DAGs
[2024-04-18T12:52:16.401+0000] {logging_mixin.py:188} INFO - [2024-04-18T12:52:16.401+0000] {dag.py:3954} INFO - Setting next_dagrun for latest_only to 2024-04-18 08:00:00+00:00, run_after=2024-04-18 12:00:00+00:00
[2024-04-18T12:52:16.448+0000] {processor.py:183} INFO - Processing /home/airflow/.local/lib/python3.12/site-packages/airflow/example_dags/example_latest_only.py took 0.285 seconds
[2024-04-18T12:52:47.272+0000] {processor.py:161} INFO - Started process (PID=293) to work on /home/airflow/.local/lib/python3.12/site-packages/airflow/example_dags/example_latest_only.py
[2024-04-18T12:52:47.273+0000] {processor.py:830} INFO - Processing file /home/airflow/.local/lib/python3.12/site-packages/airflow/example_dags/example_latest_only.py for tasks to queue
[2024-04-18T12:52:47.276+0000] {logging_mixin.py:188} INFO - [2024-04-18T12:52:47.275+0000] {dagbag.py:540} INFO - Filling up the DagBag from /home/airflow/.local/lib/python3.12/site-packages/airflow/example_dags/example_latest_only.py
[2024-04-18T12:52:47.288+0000] {processor.py:840} INFO - DAG(s) 'latest_only' retrieved from /home/airflow/.local/lib/python3.12/site-packages/airflow/example_dags/example_latest_only.py
[2024-04-18T12:52:47.320+0000] {logging_mixin.py:188} INFO - [2024-04-18T12:52:47.319+0000] {dag.py:3096} INFO - Sync 1 DAGs
[2024-04-18T12:52:47.367+0000] {logging_mixin.py:188} INFO - [2024-04-18T12:52:47.367+0000] {dag.py:3954} INFO - Setting next_dagrun for latest_only to 2024-04-18 08:00:00+00:00, run_after=2024-04-18 12:00:00+00:00
[2024-04-18T12:52:47.412+0000] {processor.py:183} INFO - Processing /home/airflow/.local/lib/python3.12/site-packages/airflow/example_dags/example_latest_only.py took 0.150 seconds
[2024-04-18T12:53:17.712+0000] {processor.py:161} INFO - Started process (PID=351) to work on /home/airflow/.local/lib/python3.12/site-packages/airflow/example_dags/example_latest_only.py
[2024-04-18T12:53:17.713+0000] {processor.py:830} INFO - Processing file /home/airflow/.local/lib/python3.12/site-packages/airflow/example_dags/example_latest_only.py for tasks to queue
[2024-04-18T12:53:17.715+0000] {logging_mixin.py:188} INFO - [2024-04-18T12:53:17.715+0000] {dagbag.py:540} INFO - Filling up the DagBag from /home/airflow/.local/lib/python3.12/site-packages/airflow/example_dags/example_latest_only.py
[2024-04-18T12:53:17.722+0000] {processor.py:840} INFO - DAG(s) 'latest_only' retrieved from /home/airflow/.local/lib/python3.12/site-packages/airflow/example_dags/example_latest_only.py
[2024-04-18T12:53:17.752+0000] {logging_mixin.py:188} INFO - [2024-04-18T12:53:17.752+0000] {dag.py:3096} INFO - Sync 1 DAGs
[2024-04-18T12:53:17.793+0000] {logging_mixin.py:188} INFO - [2024-04-18T12:53:17.793+0000] {dag.py:3954} INFO - Setting next_dagrun for latest_only to 2024-04-18 08:00:00+00:00, run_after=2024-04-18 12:00:00+00:00
[2024-04-18T12:53:17.827+0000] {processor.py:183} INFO - Processing /home/airflow/.local/lib/python3.12/site-packages/airflow/example_dags/example_latest_only.py took 0.125 seconds
[2024-04-18T12:53:48.275+0000] {processor.py:161} INFO - Started process (PID=408) to work on /home/airflow/.local/lib/python3.12/site-packages/airflow/example_dags/example_latest_only.py
[2024-04-18T12:53:48.277+0000] {processor.py:830} INFO - Processing file /home/airflow/.local/lib/python3.12/site-packages/airflow/example_dags/example_latest_only.py for tasks to queue
[2024-04-18T12:53:48.280+0000] {logging_mixin.py:188} INFO - [2024-04-18T12:53:48.279+0000] {dagbag.py:540} INFO - Filling up the DagBag from /home/airflow/.local/lib/python3.12/site-packages/airflow/example_dags/example_latest_only.py
[2024-04-18T12:53:48.288+0000] {processor.py:840} INFO - DAG(s) 'latest_only' retrieved from /home/airflow/.local/lib/python3.12/site-packages/airflow/example_dags/example_latest_only.py
[2024-04-18T12:53:48.318+0000] {logging_mixin.py:188} INFO - [2024-04-18T12:53:48.318+0000] {dag.py:3096} INFO - Sync 1 DAGs
[2024-04-18T12:53:48.355+0000] {logging_mixin.py:188} INFO - [2024-04-18T12:53:48.354+0000] {dag.py:3954} INFO - Setting next_dagrun for latest_only to 2024-04-18 08:00:00+00:00, run_after=2024-04-18 12:00:00+00:00
[2024-04-18T12:53:48.407+0000] {processor.py:183} INFO - Processing /home/airflow/.local/lib/python3.12/site-packages/airflow/example_dags/example_latest_only.py took 0.144 seconds
[2024-04-18T12:54:19.245+0000] {processor.py:161} INFO - Started process (PID=465) to work on /home/airflow/.local/lib/python3.12/site-packages/airflow/example_dags/example_latest_only.py
[2024-04-18T12:54:19.268+0000] {processor.py:830} INFO - Processing file /home/airflow/.local/lib/python3.12/site-packages/airflow/example_dags/example_latest_only.py for tasks to queue
[2024-04-18T12:54:19.271+0000] {logging_mixin.py:188} INFO - [2024-04-18T12:54:19.270+0000] {dagbag.py:540} INFO - Filling up the DagBag from /home/airflow/.local/lib/python3.12/site-packages/airflow/example_dags/example_latest_only.py
[2024-04-18T12:54:19.278+0000] {processor.py:840} INFO - DAG(s) 'latest_only' retrieved from /home/airflow/.local/lib/python3.12/site-packages/airflow/example_dags/example_latest_only.py
[2024-04-18T12:54:19.307+0000] {logging_mixin.py:188} INFO - [2024-04-18T12:54:19.307+0000] {dag.py:3096} INFO - Sync 1 DAGs
[2024-04-18T12:54:19.344+0000] {logging_mixin.py:188} INFO - [2024-04-18T12:54:19.344+0000] {dag.py:3954} INFO - Setting next_dagrun for latest_only to 2024-04-18 08:00:00+00:00, run_after=2024-04-18 12:00:00+00:00
[2024-04-18T12:54:19.389+0000] {processor.py:183} INFO - Processing /home/airflow/.local/lib/python3.12/site-packages/airflow/example_dags/example_latest_only.py took 0.155 seconds
[2024-04-18T12:54:50.291+0000] {processor.py:161} INFO - Started process (PID=523) to work on /home/airflow/.local/lib/python3.12/site-packages/airflow/example_dags/example_latest_only.py
[2024-04-18T12:54:50.293+0000] {processor.py:830} INFO - Processing file /home/airflow/.local/lib/python3.12/site-packages/airflow/example_dags/example_latest_only.py for tasks to queue
[2024-04-18T12:54:50.295+0000] {logging_mixin.py:188} INFO - [2024-04-18T12:54:50.295+0000] {dagbag.py:540} INFO - Filling up the DagBag from /home/airflow/.local/lib/python3.12/site-packages/airflow/example_dags/example_latest_only.py
[2024-04-18T12:54:50.302+0000] {processor.py:840} INFO - DAG(s) 'latest_only' retrieved from /home/airflow/.local/lib/python3.12/site-packages/airflow/example_dags/example_latest_only.py
[2024-04-18T12:54:50.333+0000] {logging_mixin.py:188} INFO - [2024-04-18T12:54:50.332+0000] {dag.py:3096} INFO - Sync 1 DAGs
[2024-04-18T12:54:50.401+0000] {logging_mixin.py:188} INFO - [2024-04-18T12:54:50.400+0000] {dag.py:3954} INFO - Setting next_dagrun for latest_only to 2024-04-18 08:00:00+00:00, run_after=2024-04-18 12:00:00+00:00
[2024-04-18T12:54:50.438+0000] {processor.py:183} INFO - Processing /home/airflow/.local/lib/python3.12/site-packages/airflow/example_dags/example_latest_only.py took 0.169 seconds
[2024-04-18T12:55:20.542+0000] {processor.py:161} INFO - Started process (PID=581) to work on /home/airflow/.local/lib/python3.12/site-packages/airflow/example_dags/example_latest_only.py
[2024-04-18T12:55:20.543+0000] {processor.py:830} INFO - Processing file /home/airflow/.local/lib/python3.12/site-packages/airflow/example_dags/example_latest_only.py for tasks to queue
[2024-04-18T12:55:20.546+0000] {logging_mixin.py:188} INFO - [2024-04-18T12:55:20.546+0000] {dagbag.py:540} INFO - Filling up the DagBag from /home/airflow/.local/lib/python3.12/site-packages/airflow/example_dags/example_latest_only.py
[2024-04-18T12:55:20.555+0000] {processor.py:840} INFO - DAG(s) 'latest_only' retrieved from /home/airflow/.local/lib/python3.12/site-packages/airflow/example_dags/example_latest_only.py
[2024-04-18T12:55:20.594+0000] {logging_mixin.py:188} INFO - [2024-04-18T12:55:20.594+0000] {dag.py:3096} INFO - Sync 1 DAGs
[2024-04-18T12:55:20.636+0000] {logging_mixin.py:188} INFO - [2024-04-18T12:55:20.635+0000] {dag.py:3954} INFO - Setting next_dagrun for latest_only to 2024-04-18 08:00:00+00:00, run_after=2024-04-18 12:00:00+00:00
[2024-04-18T12:55:20.667+0000] {processor.py:183} INFO - Processing /home/airflow/.local/lib/python3.12/site-packages/airflow/example_dags/example_latest_only.py took 0.134 seconds
[2024-04-18T12:55:50.983+0000] {processor.py:161} INFO - Started process (PID=639) to work on /home/airflow/.local/lib/python3.12/site-packages/airflow/example_dags/example_latest_only.py
[2024-04-18T12:55:50.984+0000] {processor.py:830} INFO - Processing file /home/airflow/.local/lib/python3.12/site-packages/airflow/example_dags/example_latest_only.py for tasks to queue
[2024-04-18T12:55:50.986+0000] {logging_mixin.py:188} INFO - [2024-04-18T12:55:50.986+0000] {dagbag.py:540} INFO - Filling up the DagBag from /home/airflow/.local/lib/python3.12/site-packages/airflow/example_dags/example_latest_only.py
[2024-04-18T12:55:50.993+0000] {processor.py:840} INFO - DAG(s) 'latest_only' retrieved from /home/airflow/.local/lib/python3.12/site-packages/airflow/example_dags/example_latest_only.py
[2024-04-18T12:55:51.021+0000] {logging_mixin.py:188} INFO - [2024-04-18T12:55:51.020+0000] {dag.py:3096} INFO - Sync 1 DAGs
[2024-04-18T12:55:51.059+0000] {logging_mixin.py:188} INFO - [2024-04-18T12:55:51.058+0000] {dag.py:3954} INFO - Setting next_dagrun for latest_only to 2024-04-18 08:00:00+00:00, run_after=2024-04-18 12:00:00+00:00
[2024-04-18T12:55:51.098+0000] {processor.py:183} INFO - Processing /home/airflow/.local/lib/python3.12/site-packages/airflow/example_dags/example_latest_only.py took 0.124 seconds
[2024-04-18T12:56:21.815+0000] {processor.py:161} INFO - Started process (PID=696) to work on /home/airflow/.local/lib/python3.12/site-packages/airflow/example_dags/example_latest_only.py
[2024-04-18T12:56:21.816+0000] {processor.py:830} INFO - Processing file /home/airflow/.local/lib/python3.12/site-packages/airflow/example_dags/example_latest_only.py for tasks to queue
[2024-04-18T12:56:21.819+0000] {logging_mixin.py:188} INFO - [2024-04-18T12:56:21.819+0000] {dagbag.py:540} INFO - Filling up the DagBag from /home/airflow/.local/lib/python3.12/site-packages/airflow/example_dags/example_latest_only.py
[2024-04-18T12:56:21.827+0000] {processor.py:840} INFO - DAG(s) 'latest_only' retrieved from /home/airflow/.local/lib/python3.12/site-packages/airflow/example_dags/example_latest_only.py
[2024-04-18T12:56:21.855+0000] {logging_mixin.py:188} INFO - [2024-04-18T12:56:21.854+0000] {dag.py:3096} INFO - Sync 1 DAGs
[2024-04-18T12:56:21.891+0000] {logging_mixin.py:188} INFO - [2024-04-18T12:56:21.891+0000] {dag.py:3954} INFO - Setting next_dagrun for latest_only to 2024-04-18 08:00:00+00:00, run_after=2024-04-18 12:00:00+00:00
[2024-04-18T12:56:21.929+0000] {processor.py:183} INFO - Processing /home/airflow/.local/lib/python3.12/site-packages/airflow/example_dags/example_latest_only.py took 0.125 seconds
[2024-04-18T12:56:52.303+0000] {processor.py:161} INFO - Started process (PID=754) to work on /home/airflow/.local/lib/python3.12/site-packages/airflow/example_dags/example_latest_only.py
[2024-04-18T12:56:52.305+0000] {processor.py:830} INFO - Processing file /home/airflow/.local/lib/python3.12/site-packages/airflow/example_dags/example_latest_only.py for tasks to queue
[2024-04-18T12:56:52.308+0000] {logging_mixin.py:188} INFO - [2024-04-18T12:56:52.307+0000] {dagbag.py:540} INFO - Filling up the DagBag from /home/airflow/.local/lib/python3.12/site-packages/airflow/example_dags/example_latest_only.py
[2024-04-18T12:56:52.316+0000] {processor.py:840} INFO - DAG(s) 'latest_only' retrieved from /home/airflow/.local/lib/python3.12/site-packages/airflow/example_dags/example_latest_only.py
[2024-04-18T12:56:52.349+0000] {logging_mixin.py:188} INFO - [2024-04-18T12:56:52.349+0000] {dag.py:3096} INFO - Sync 1 DAGs
[2024-04-18T12:56:52.389+0000] {logging_mixin.py:188} INFO - [2024-04-18T12:56:52.389+0000] {dag.py:3954} INFO - Setting next_dagrun for latest_only to 2024-04-18 08:00:00+00:00, run_after=2024-04-18 12:00:00+00:00
[2024-04-18T12:56:52.694+0000] {processor.py:183} INFO - Processing /home/airflow/.local/lib/python3.12/site-packages/airflow/example_dags/example_latest_only.py took 0.403 seconds
[2024-04-18T12:57:23.011+0000] {processor.py:161} INFO - Started process (PID=812) to work on /home/airflow/.local/lib/python3.12/site-packages/airflow/example_dags/example_latest_only.py
[2024-04-18T12:57:23.013+0000] {processor.py:830} INFO - Processing file /home/airflow/.local/lib/python3.12/site-packages/airflow/example_dags/example_latest_only.py for tasks to queue
[2024-04-18T12:57:23.016+0000] {logging_mixin.py:188} INFO - [2024-04-18T12:57:23.015+0000] {dagbag.py:540} INFO - Filling up the DagBag from /home/airflow/.local/lib/python3.12/site-packages/airflow/example_dags/example_latest_only.py
[2024-04-18T12:57:23.024+0000] {processor.py:840} INFO - DAG(s) 'latest_only' retrieved from /home/airflow/.local/lib/python3.12/site-packages/airflow/example_dags/example_latest_only.py
[2024-04-18T12:57:23.058+0000] {logging_mixin.py:188} INFO - [2024-04-18T12:57:23.057+0000] {dag.py:3096} INFO - Sync 1 DAGs
[2024-04-18T12:57:23.098+0000] {logging_mixin.py:188} INFO - [2024-04-18T12:57:23.098+0000] {dag.py:3954} INFO - Setting next_dagrun for latest_only to 2024-04-18 08:00:00+00:00, run_after=2024-04-18 12:00:00+00:00
[2024-04-18T12:57:23.144+0000] {processor.py:183} INFO - Processing /home/airflow/.local/lib/python3.12/site-packages/airflow/example_dags/example_latest_only.py took 0.145 seconds
