[2024-04-18T12:50:45.518+0000] {processor.py:161} INFO - Started process (PID=66) to work on /home/airflow/.local/lib/python3.12/site-packages/airflow/example_dags/tutorial.py
[2024-04-18T12:50:45.519+0000] {processor.py:830} INFO - Processing file /home/airflow/.local/lib/python3.12/site-packages/airflow/example_dags/tutorial.py for tasks to queue
[2024-04-18T12:50:45.522+0000] {logging_mixin.py:188} INFO - [2024-04-18T12:50:45.522+0000] {dagbag.py:540} INFO - Filling up the DagBag from /home/airflow/.local/lib/python3.12/site-packages/airflow/example_dags/tutorial.py
[2024-04-18T12:50:45.537+0000] {processor.py:840} INFO - DAG(s) 'tutorial' retrieved from /home/airflow/.local/lib/python3.12/site-packages/airflow/example_dags/tutorial.py
[2024-04-18T12:50:45.736+0000] {logging_mixin.py:188} INFO - [2024-04-18T12:50:45.735+0000] {dag.py:3096} INFO - Sync 1 DAGs
[2024-04-18T12:50:45.773+0000] {logging_mixin.py:188} INFO - [2024-04-18T12:50:45.773+0000] {dag.py:3954} INFO - Setting next_dagrun for tutorial to 2024-04-17 00:00:00+00:00, run_after=2024-04-18 00:00:00+00:00
[2024-04-18T12:50:45.834+0000] {processor.py:183} INFO - Processing /home/airflow/.local/lib/python3.12/site-packages/airflow/example_dags/tutorial.py took 0.325 seconds
[2024-04-18T12:51:15.965+0000] {processor.py:161} INFO - Started process (PID=124) to work on /home/airflow/.local/lib/python3.12/site-packages/airflow/example_dags/tutorial.py
[2024-04-18T12:51:15.966+0000] {processor.py:830} INFO - Processing file /home/airflow/.local/lib/python3.12/site-packages/airflow/example_dags/tutorial.py for tasks to queue
[2024-04-18T12:51:15.968+0000] {logging_mixin.py:188} INFO - [2024-04-18T12:51:15.968+0000] {dagbag.py:540} INFO - Filling up the DagBag from /home/airflow/.local/lib/python3.12/site-packages/airflow/example_dags/tutorial.py
[2024-04-18T12:51:15.977+0000] {processor.py:840} INFO - DAG(s) 'tutorial' retrieved from /home/airflow/.local/lib/python3.12/site-packages/airflow/example_dags/tutorial.py
[2024-04-18T12:51:16.008+0000] {logging_mixin.py:188} INFO - [2024-04-18T12:51:16.007+0000] {dag.py:3096} INFO - Sync 1 DAGs
[2024-04-18T12:51:16.045+0000] {logging_mixin.py:188} INFO - [2024-04-18T12:51:16.045+0000] {dag.py:3954} INFO - Setting next_dagrun for tutorial to 2024-04-17 00:00:00+00:00, run_after=2024-04-18 00:00:00+00:00
[2024-04-18T12:51:16.425+0000] {processor.py:183} INFO - Processing /home/airflow/.local/lib/python3.12/site-packages/airflow/example_dags/tutorial.py took 0.469 seconds
[2024-04-18T12:51:46.958+0000] {processor.py:161} INFO - Started process (PID=182) to work on /home/airflow/.local/lib/python3.12/site-packages/airflow/example_dags/tutorial.py
[2024-04-18T12:51:46.969+0000] {processor.py:830} INFO - Processing file /home/airflow/.local/lib/python3.12/site-packages/airflow/example_dags/tutorial.py for tasks to queue
[2024-04-18T12:51:46.974+0000] {logging_mixin.py:188} INFO - [2024-04-18T12:51:46.973+0000] {dagbag.py:540} INFO - Filling up the DagBag from /home/airflow/.local/lib/python3.12/site-packages/airflow/example_dags/tutorial.py
[2024-04-18T12:51:46.992+0000] {processor.py:840} INFO - DAG(s) 'tutorial' retrieved from /home/airflow/.local/lib/python3.12/site-packages/airflow/example_dags/tutorial.py
[2024-04-18T12:51:47.035+0000] {logging_mixin.py:188} INFO - [2024-04-18T12:51:47.035+0000] {dag.py:3096} INFO - Sync 1 DAGs
[2024-04-18T12:51:47.087+0000] {logging_mixin.py:188} INFO - [2024-04-18T12:51:47.087+0000] {dag.py:3954} INFO - Setting next_dagrun for tutorial to 2024-04-17 00:00:00+00:00, run_after=2024-04-18 00:00:00+00:00
[2024-04-18T12:51:47.137+0000] {processor.py:183} INFO - Processing /home/airflow/.local/lib/python3.12/site-packages/airflow/example_dags/tutorial.py took 0.189 seconds
[2024-04-18T12:52:18.304+0000] {processor.py:161} INFO - Started process (PID=240) to work on /home/airflow/.local/lib/python3.12/site-packages/airflow/example_dags/tutorial.py
[2024-04-18T12:52:18.305+0000] {processor.py:830} INFO - Processing file /home/airflow/.local/lib/python3.12/site-packages/airflow/example_dags/tutorial.py for tasks to queue
[2024-04-18T12:52:18.308+0000] {logging_mixin.py:188} INFO - [2024-04-18T12:52:18.308+0000] {dagbag.py:540} INFO - Filling up the DagBag from /home/airflow/.local/lib/python3.12/site-packages/airflow/example_dags/tutorial.py
[2024-04-18T12:52:18.318+0000] {processor.py:840} INFO - DAG(s) 'tutorial' retrieved from /home/airflow/.local/lib/python3.12/site-packages/airflow/example_dags/tutorial.py
[2024-04-18T12:52:18.501+0000] {logging_mixin.py:188} INFO - [2024-04-18T12:52:18.501+0000] {dag.py:3096} INFO - Sync 1 DAGs
[2024-04-18T12:52:18.538+0000] {logging_mixin.py:188} INFO - [2024-04-18T12:52:18.538+0000] {dag.py:3954} INFO - Setting next_dagrun for tutorial to 2024-04-17 00:00:00+00:00, run_after=2024-04-18 00:00:00+00:00
[2024-04-18T12:52:18.599+0000] {processor.py:183} INFO - Processing /home/airflow/.local/lib/python3.12/site-packages/airflow/example_dags/tutorial.py took 0.304 seconds
[2024-04-18T12:52:48.712+0000] {processor.py:161} INFO - Started process (PID=297) to work on /home/airflow/.local/lib/python3.12/site-packages/airflow/example_dags/tutorial.py
[2024-04-18T12:52:48.713+0000] {processor.py:830} INFO - Processing file /home/airflow/.local/lib/python3.12/site-packages/airflow/example_dags/tutorial.py for tasks to queue
[2024-04-18T12:52:48.716+0000] {logging_mixin.py:188} INFO - [2024-04-18T12:52:48.715+0000] {dagbag.py:540} INFO - Filling up the DagBag from /home/airflow/.local/lib/python3.12/site-packages/airflow/example_dags/tutorial.py
[2024-04-18T12:52:48.725+0000] {processor.py:840} INFO - DAG(s) 'tutorial' retrieved from /home/airflow/.local/lib/python3.12/site-packages/airflow/example_dags/tutorial.py
[2024-04-18T12:52:48.763+0000] {logging_mixin.py:188} INFO - [2024-04-18T12:52:48.763+0000] {dag.py:3096} INFO - Sync 1 DAGs
[2024-04-18T12:52:48.811+0000] {logging_mixin.py:188} INFO - [2024-04-18T12:52:48.811+0000] {dag.py:3954} INFO - Setting next_dagrun for tutorial to 2024-04-17 00:00:00+00:00, run_after=2024-04-18 00:00:00+00:00
[2024-04-18T12:52:48.853+0000] {processor.py:183} INFO - Processing /home/airflow/.local/lib/python3.12/site-packages/airflow/example_dags/tutorial.py took 0.151 seconds
[2024-04-18T12:53:19.030+0000] {processor.py:161} INFO - Started process (PID=355) to work on /home/airflow/.local/lib/python3.12/site-packages/airflow/example_dags/tutorial.py
[2024-04-18T12:53:19.031+0000] {processor.py:830} INFO - Processing file /home/airflow/.local/lib/python3.12/site-packages/airflow/example_dags/tutorial.py for tasks to queue
[2024-04-18T12:53:19.034+0000] {logging_mixin.py:188} INFO - [2024-04-18T12:53:19.033+0000] {dagbag.py:540} INFO - Filling up the DagBag from /home/airflow/.local/lib/python3.12/site-packages/airflow/example_dags/tutorial.py
[2024-04-18T12:53:19.043+0000] {processor.py:840} INFO - DAG(s) 'tutorial' retrieved from /home/airflow/.local/lib/python3.12/site-packages/airflow/example_dags/tutorial.py
[2024-04-18T12:53:19.073+0000] {logging_mixin.py:188} INFO - [2024-04-18T12:53:19.073+0000] {dag.py:3096} INFO - Sync 1 DAGs
[2024-04-18T12:53:19.111+0000] {logging_mixin.py:188} INFO - [2024-04-18T12:53:19.111+0000] {dag.py:3954} INFO - Setting next_dagrun for tutorial to 2024-04-17 00:00:00+00:00, run_after=2024-04-18 00:00:00+00:00
[2024-04-18T12:53:19.343+0000] {processor.py:183} INFO - Processing /home/airflow/.local/lib/python3.12/site-packages/airflow/example_dags/tutorial.py took 0.322 seconds
[2024-04-18T12:53:49.625+0000] {processor.py:161} INFO - Started process (PID=412) to work on /home/airflow/.local/lib/python3.12/site-packages/airflow/example_dags/tutorial.py
[2024-04-18T12:53:49.627+0000] {processor.py:830} INFO - Processing file /home/airflow/.local/lib/python3.12/site-packages/airflow/example_dags/tutorial.py for tasks to queue
[2024-04-18T12:53:49.629+0000] {logging_mixin.py:188} INFO - [2024-04-18T12:53:49.629+0000] {dagbag.py:540} INFO - Filling up the DagBag from /home/airflow/.local/lib/python3.12/site-packages/airflow/example_dags/tutorial.py
[2024-04-18T12:53:49.640+0000] {processor.py:840} INFO - DAG(s) 'tutorial' retrieved from /home/airflow/.local/lib/python3.12/site-packages/airflow/example_dags/tutorial.py
[2024-04-18T12:53:49.672+0000] {logging_mixin.py:188} INFO - [2024-04-18T12:53:49.671+0000] {dag.py:3096} INFO - Sync 1 DAGs
[2024-04-18T12:53:49.710+0000] {logging_mixin.py:188} INFO - [2024-04-18T12:53:49.709+0000] {dag.py:3954} INFO - Setting next_dagrun for tutorial to 2024-04-17 00:00:00+00:00, run_after=2024-04-18 00:00:00+00:00
[2024-04-18T12:53:49.741+0000] {processor.py:183} INFO - Processing /home/airflow/.local/lib/python3.12/site-packages/airflow/example_dags/tutorial.py took 0.128 seconds
[2024-04-18T12:54:20.726+0000] {processor.py:161} INFO - Started process (PID=469) to work on /home/airflow/.local/lib/python3.12/site-packages/airflow/example_dags/tutorial.py
[2024-04-18T12:54:20.754+0000] {processor.py:830} INFO - Processing file /home/airflow/.local/lib/python3.12/site-packages/airflow/example_dags/tutorial.py for tasks to queue
[2024-04-18T12:54:20.757+0000] {logging_mixin.py:188} INFO - [2024-04-18T12:54:20.756+0000] {dagbag.py:540} INFO - Filling up the DagBag from /home/airflow/.local/lib/python3.12/site-packages/airflow/example_dags/tutorial.py
[2024-04-18T12:54:20.767+0000] {processor.py:840} INFO - DAG(s) 'tutorial' retrieved from /home/airflow/.local/lib/python3.12/site-packages/airflow/example_dags/tutorial.py
[2024-04-18T12:54:20.796+0000] {logging_mixin.py:188} INFO - [2024-04-18T12:54:20.796+0000] {dag.py:3096} INFO - Sync 1 DAGs
[2024-04-18T12:54:20.834+0000] {logging_mixin.py:188} INFO - [2024-04-18T12:54:20.834+0000] {dag.py:3954} INFO - Setting next_dagrun for tutorial to 2024-04-17 00:00:00+00:00, run_after=2024-04-18 00:00:00+00:00
[2024-04-18T12:54:20.880+0000] {processor.py:183} INFO - Processing /home/airflow/.local/lib/python3.12/site-packages/airflow/example_dags/tutorial.py took 0.164 seconds
[2024-04-18T12:54:51.764+0000] {processor.py:161} INFO - Started process (PID=527) to work on /home/airflow/.local/lib/python3.12/site-packages/airflow/example_dags/tutorial.py
[2024-04-18T12:54:51.765+0000] {processor.py:830} INFO - Processing file /home/airflow/.local/lib/python3.12/site-packages/airflow/example_dags/tutorial.py for tasks to queue
[2024-04-18T12:54:51.767+0000] {logging_mixin.py:188} INFO - [2024-04-18T12:54:51.767+0000] {dagbag.py:540} INFO - Filling up the DagBag from /home/airflow/.local/lib/python3.12/site-packages/airflow/example_dags/tutorial.py
[2024-04-18T12:54:51.776+0000] {processor.py:840} INFO - DAG(s) 'tutorial' retrieved from /home/airflow/.local/lib/python3.12/site-packages/airflow/example_dags/tutorial.py
[2024-04-18T12:54:51.807+0000] {logging_mixin.py:188} INFO - [2024-04-18T12:54:51.807+0000] {dag.py:3096} INFO - Sync 1 DAGs
[2024-04-18T12:54:51.846+0000] {logging_mixin.py:188} INFO - [2024-04-18T12:54:51.846+0000] {dag.py:3954} INFO - Setting next_dagrun for tutorial to 2024-04-17 00:00:00+00:00, run_after=2024-04-18 00:00:00+00:00
[2024-04-18T12:54:51.895+0000] {processor.py:183} INFO - Processing /home/airflow/.local/lib/python3.12/site-packages/airflow/example_dags/tutorial.py took 0.141 seconds
[2024-04-18T12:55:22.054+0000] {processor.py:161} INFO - Started process (PID=585) to work on /home/airflow/.local/lib/python3.12/site-packages/airflow/example_dags/tutorial.py
[2024-04-18T12:55:22.055+0000] {processor.py:830} INFO - Processing file /home/airflow/.local/lib/python3.12/site-packages/airflow/example_dags/tutorial.py for tasks to queue
[2024-04-18T12:55:22.060+0000] {logging_mixin.py:188} INFO - [2024-04-18T12:55:22.060+0000] {dagbag.py:540} INFO - Filling up the DagBag from /home/airflow/.local/lib/python3.12/site-packages/airflow/example_dags/tutorial.py
[2024-04-18T12:55:22.080+0000] {processor.py:840} INFO - DAG(s) 'tutorial' retrieved from /home/airflow/.local/lib/python3.12/site-packages/airflow/example_dags/tutorial.py
[2024-04-18T12:55:22.121+0000] {logging_mixin.py:188} INFO - [2024-04-18T12:55:22.121+0000] {dag.py:3096} INFO - Sync 1 DAGs
[2024-04-18T12:55:22.159+0000] {logging_mixin.py:188} INFO - [2024-04-18T12:55:22.158+0000] {dag.py:3954} INFO - Setting next_dagrun for tutorial to 2024-04-17 00:00:00+00:00, run_after=2024-04-18 00:00:00+00:00
[2024-04-18T12:55:22.318+0000] {processor.py:183} INFO - Processing /home/airflow/.local/lib/python3.12/site-packages/airflow/example_dags/tutorial.py took 0.289 seconds
[2024-04-18T12:55:52.513+0000] {processor.py:161} INFO - Started process (PID=643) to work on /home/airflow/.local/lib/python3.12/site-packages/airflow/example_dags/tutorial.py
[2024-04-18T12:55:52.532+0000] {processor.py:830} INFO - Processing file /home/airflow/.local/lib/python3.12/site-packages/airflow/example_dags/tutorial.py for tasks to queue
[2024-04-18T12:55:52.535+0000] {logging_mixin.py:188} INFO - [2024-04-18T12:55:52.534+0000] {dagbag.py:540} INFO - Filling up the DagBag from /home/airflow/.local/lib/python3.12/site-packages/airflow/example_dags/tutorial.py
[2024-04-18T12:55:52.543+0000] {processor.py:840} INFO - DAG(s) 'tutorial' retrieved from /home/airflow/.local/lib/python3.12/site-packages/airflow/example_dags/tutorial.py
[2024-04-18T12:55:52.574+0000] {logging_mixin.py:188} INFO - [2024-04-18T12:55:52.574+0000] {dag.py:3096} INFO - Sync 1 DAGs
[2024-04-18T12:55:52.613+0000] {logging_mixin.py:188} INFO - [2024-04-18T12:55:52.613+0000] {dag.py:3954} INFO - Setting next_dagrun for tutorial to 2024-04-17 00:00:00+00:00, run_after=2024-04-18 00:00:00+00:00
[2024-04-18T12:55:52.681+0000] {processor.py:183} INFO - Processing /home/airflow/.local/lib/python3.12/site-packages/airflow/example_dags/tutorial.py took 0.177 seconds
[2024-04-18T12:56:23.184+0000] {processor.py:161} INFO - Started process (PID=700) to work on /home/airflow/.local/lib/python3.12/site-packages/airflow/example_dags/tutorial.py
[2024-04-18T12:56:23.185+0000] {processor.py:830} INFO - Processing file /home/airflow/.local/lib/python3.12/site-packages/airflow/example_dags/tutorial.py for tasks to queue
[2024-04-18T12:56:23.188+0000] {logging_mixin.py:188} INFO - [2024-04-18T12:56:23.187+0000] {dagbag.py:540} INFO - Filling up the DagBag from /home/airflow/.local/lib/python3.12/site-packages/airflow/example_dags/tutorial.py
[2024-04-18T12:56:23.196+0000] {processor.py:840} INFO - DAG(s) 'tutorial' retrieved from /home/airflow/.local/lib/python3.12/site-packages/airflow/example_dags/tutorial.py
[2024-04-18T12:56:23.225+0000] {logging_mixin.py:188} INFO - [2024-04-18T12:56:23.224+0000] {dag.py:3096} INFO - Sync 1 DAGs
[2024-04-18T12:56:23.262+0000] {logging_mixin.py:188} INFO - [2024-04-18T12:56:23.261+0000] {dag.py:3954} INFO - Setting next_dagrun for tutorial to 2024-04-17 00:00:00+00:00, run_after=2024-04-18 00:00:00+00:00
[2024-04-18T12:56:23.295+0000] {processor.py:183} INFO - Processing /home/airflow/.local/lib/python3.12/site-packages/airflow/example_dags/tutorial.py took 0.120 seconds
[2024-04-18T12:56:54.195+0000] {processor.py:161} INFO - Started process (PID=758) to work on /home/airflow/.local/lib/python3.12/site-packages/airflow/example_dags/tutorial.py
[2024-04-18T12:56:54.196+0000] {processor.py:830} INFO - Processing file /home/airflow/.local/lib/python3.12/site-packages/airflow/example_dags/tutorial.py for tasks to queue
[2024-04-18T12:56:54.199+0000] {logging_mixin.py:188} INFO - [2024-04-18T12:56:54.199+0000] {dagbag.py:540} INFO - Filling up the DagBag from /home/airflow/.local/lib/python3.12/site-packages/airflow/example_dags/tutorial.py
[2024-04-18T12:56:54.209+0000] {processor.py:840} INFO - DAG(s) 'tutorial' retrieved from /home/airflow/.local/lib/python3.12/site-packages/airflow/example_dags/tutorial.py
[2024-04-18T12:56:54.241+0000] {logging_mixin.py:188} INFO - [2024-04-18T12:56:54.240+0000] {dag.py:3096} INFO - Sync 1 DAGs
[2024-04-18T12:56:54.282+0000] {logging_mixin.py:188} INFO - [2024-04-18T12:56:54.281+0000] {dag.py:3954} INFO - Setting next_dagrun for tutorial to 2024-04-17 00:00:00+00:00, run_after=2024-04-18 00:00:00+00:00
[2024-04-18T12:56:54.329+0000] {processor.py:183} INFO - Processing /home/airflow/.local/lib/python3.12/site-packages/airflow/example_dags/tutorial.py took 0.146 seconds
[2024-04-18T12:57:24.414+0000] {processor.py:161} INFO - Started process (PID=816) to work on /home/airflow/.local/lib/python3.12/site-packages/airflow/example_dags/tutorial.py
[2024-04-18T12:57:24.415+0000] {processor.py:830} INFO - Processing file /home/airflow/.local/lib/python3.12/site-packages/airflow/example_dags/tutorial.py for tasks to queue
[2024-04-18T12:57:24.418+0000] {logging_mixin.py:188} INFO - [2024-04-18T12:57:24.418+0000] {dagbag.py:540} INFO - Filling up the DagBag from /home/airflow/.local/lib/python3.12/site-packages/airflow/example_dags/tutorial.py
[2024-04-18T12:57:24.427+0000] {processor.py:840} INFO - DAG(s) 'tutorial' retrieved from /home/airflow/.local/lib/python3.12/site-packages/airflow/example_dags/tutorial.py
[2024-04-18T12:57:24.458+0000] {logging_mixin.py:188} INFO - [2024-04-18T12:57:24.457+0000] {dag.py:3096} INFO - Sync 1 DAGs
[2024-04-18T12:57:24.496+0000] {logging_mixin.py:188} INFO - [2024-04-18T12:57:24.495+0000] {dag.py:3954} INFO - Setting next_dagrun for tutorial to 2024-04-17 00:00:00+00:00, run_after=2024-04-18 00:00:00+00:00
[2024-04-18T12:57:24.541+0000] {processor.py:183} INFO - Processing /home/airflow/.local/lib/python3.12/site-packages/airflow/example_dags/tutorial.py took 0.136 seconds
